[2024-01-15 07:55:00,550][train.py][line:150][INFO] cuda memory allocated: 453247488
[2024-01-15 07:55:00,554][train.py][line:165][INFO] > n_trainable_params: 113025858, n_nontrainable_params: 0
[2024-01-15 07:55:00,554][train.py][line:166][INFO] > training arguments:
[2024-01-15 07:55:00,554][train.py][line:168][INFO] >>> model_name: bert_fol_graph
[2024-01-15 07:55:00,554][train.py][line:168][INFO] >>> dataset: dt-
[2024-01-15 07:55:00,554][train.py][line:168][INFO] >>> optimizer: <class 'transformers.optimization.AdamW'>
[2024-01-15 07:55:00,554][train.py][line:168][INFO] >>> initializer: <function xavier_uniform_ at 0x7f67caa244c0>
[2024-01-15 07:55:00,554][train.py][line:168][INFO] >>> lr: 0.001
[2024-01-15 07:55:00,554][train.py][line:168][INFO] >>> bert_lr: 5e-06
[2024-01-15 07:55:00,554][train.py][line:168][INFO] >>> dropout: 0.2
[2024-01-15 07:55:00,554][train.py][line:168][INFO] >>> num_epoch: 20
[2024-01-15 07:55:00,554][train.py][line:168][INFO] >>> batch_size: 16
[2024-01-15 07:55:00,555][train.py][line:168][INFO] >>> log_step: -1
[2024-01-15 07:55:00,555][train.py][line:168][INFO] >>> pretrained_model_name: bert-base-uncased
[2024-01-15 07:55:00,555][train.py][line:168][INFO] >>> max_seq_len: 60
[2024-01-15 07:55:00,555][train.py][line:168][INFO] >>> polarities_dim: 3
[2024-01-15 07:55:00,555][train.py][line:168][INFO] >>> patience: 5
[2024-01-15 07:55:00,555][train.py][line:168][INFO] >>> device: cuda:0
[2024-01-15 07:55:00,555][train.py][line:168][INFO] >>> save_model: False
[2024-01-15 07:55:00,555][train.py][line:168][INFO] >>> seed: 0
[2024-01-15 07:55:00,555][train.py][line:168][INFO] >>> valset_ratio: 0.0
[2024-01-15 07:55:00,555][train.py][line:168][INFO] >>> embed_dim: 300
[2024-01-15 07:55:00,555][train.py][line:168][INFO] >>> hidden_dim: 300
[2024-01-15 07:55:00,555][train.py][line:168][INFO] >>> pid: 1
[2024-01-15 07:55:00,555][train.py][line:168][INFO] >>> tid: 1
[2024-01-15 07:55:00,555][train.py][line:168][INFO] >>> lid: 0
[2024-01-15 07:55:00,555][train.py][line:168][INFO] >>> llambda: 0.5
[2024-01-15 07:55:00,555][train.py][line:168][INFO] >>> use_prompt: True
[2024-01-15 07:55:00,555][train.py][line:168][INFO] >>> with_text: False
[2024-01-15 07:55:00,555][train.py][line:168][INFO] >>> model_class: <class 'models.bert_fol_text_graph.BERT_FOL_G'>
[2024-01-15 07:55:00,555][train.py][line:168][INFO] >>> dataset_file: {'train': ['/home/dingdaijun/data_list/dingdaijun/LTN_merge/datasets/merge/la/la.csv', '/home/dingdaijun/data_list/dingdaijun/LTN_merge/datasets/merge/fm/fm.csv', '/home/dingdaijun/data_list/dingdaijun/LTN_merge/datasets/merge/hc/hc.csv'], 'test': '/home/dingdaijun/data_list/dingdaijun/LTN_merge/datasets/merge/dt/dt.csv'}
[2024-01-15 07:55:00,555][train.py][line:168][INFO] >>> inputs_cols: ['bert_fol_inputs', 'bert_fol_type', 'bert_fol_mask', 'bert_text_inputs', 'bert_text_type', 'bert_text_mask', 'mlm_labels', 'graph_matrix', 'graph_text']
[2024-01-15 07:55:00,560][train.py][line:204][INFO] epoch: 0
[2024-01-15 07:56:09,739][train.py][line:150][INFO] cuda memory allocated: 453247488
[2024-01-15 07:56:09,743][train.py][line:165][INFO] > n_trainable_params: 113025858, n_nontrainable_params: 0
[2024-01-15 07:56:09,743][train.py][line:166][INFO] > training arguments:
[2024-01-15 07:56:09,743][train.py][line:168][INFO] >>> model_name: bert_fol_graph
[2024-01-15 07:56:09,743][train.py][line:168][INFO] >>> dataset: dt-
[2024-01-15 07:56:09,743][train.py][line:168][INFO] >>> optimizer: <class 'transformers.optimization.AdamW'>
[2024-01-15 07:56:09,743][train.py][line:168][INFO] >>> initializer: <function xavier_uniform_ at 0x7f5b7336b4c0>
[2024-01-15 07:56:09,743][train.py][line:168][INFO] >>> lr: 0.001
[2024-01-15 07:56:09,743][train.py][line:168][INFO] >>> bert_lr: 5e-06
[2024-01-15 07:56:09,743][train.py][line:168][INFO] >>> dropout: 0.2
[2024-01-15 07:56:09,743][train.py][line:168][INFO] >>> num_epoch: 20
[2024-01-15 07:56:09,743][train.py][line:168][INFO] >>> batch_size: 16
[2024-01-15 07:56:09,743][train.py][line:168][INFO] >>> log_step: -1
[2024-01-15 07:56:09,744][train.py][line:168][INFO] >>> pretrained_model_name: bert-base-uncased
[2024-01-15 07:56:09,744][train.py][line:168][INFO] >>> max_seq_len: 60
[2024-01-15 07:56:09,744][train.py][line:168][INFO] >>> polarities_dim: 3
[2024-01-15 07:56:09,744][train.py][line:168][INFO] >>> patience: 5
[2024-01-15 07:56:09,744][train.py][line:168][INFO] >>> device: cuda:0
[2024-01-15 07:56:09,744][train.py][line:168][INFO] >>> save_model: False
[2024-01-15 07:56:09,744][train.py][line:168][INFO] >>> seed: 1
[2024-01-15 07:56:09,744][train.py][line:168][INFO] >>> valset_ratio: 0.0
[2024-01-15 07:56:09,744][train.py][line:168][INFO] >>> embed_dim: 300
[2024-01-15 07:56:09,744][train.py][line:168][INFO] >>> hidden_dim: 300
[2024-01-15 07:56:09,744][train.py][line:168][INFO] >>> pid: 1
[2024-01-15 07:56:09,744][train.py][line:168][INFO] >>> tid: 1
[2024-01-15 07:56:09,744][train.py][line:168][INFO] >>> lid: 0
[2024-01-15 07:56:09,744][train.py][line:168][INFO] >>> llambda: 0.5
[2024-01-15 07:56:09,744][train.py][line:168][INFO] >>> use_prompt: True
[2024-01-15 07:56:09,744][train.py][line:168][INFO] >>> with_text: False
[2024-01-15 07:56:09,744][train.py][line:168][INFO] >>> model_class: <class 'models.bert_fol_text_graph.BERT_FOL_G'>
[2024-01-15 07:56:09,744][train.py][line:168][INFO] >>> dataset_file: {'train': ['/home/dingdaijun/data_list/dingdaijun/LTN_merge/datasets/merge/la/la.csv', '/home/dingdaijun/data_list/dingdaijun/LTN_merge/datasets/merge/fm/fm.csv', '/home/dingdaijun/data_list/dingdaijun/LTN_merge/datasets/merge/hc/hc.csv'], 'test': '/home/dingdaijun/data_list/dingdaijun/LTN_merge/datasets/merge/dt/dt.csv'}
[2024-01-15 07:56:09,744][train.py][line:168][INFO] >>> inputs_cols: ['bert_fol_inputs', 'bert_fol_type', 'bert_fol_mask', 'bert_text_inputs', 'bert_text_type', 'bert_text_mask', 'mlm_labels', 'graph_matrix', 'graph_text']
[2024-01-15 07:56:09,749][train.py][line:204][INFO] epoch: 0
[2024-01-15 07:57:18,385][train.py][line:150][INFO] cuda memory allocated: 453247488
[2024-01-15 07:57:18,389][train.py][line:165][INFO] > n_trainable_params: 113025858, n_nontrainable_params: 0
[2024-01-15 07:57:18,389][train.py][line:166][INFO] > training arguments:
[2024-01-15 07:57:18,389][train.py][line:168][INFO] >>> model_name: bert_fol_graph
[2024-01-15 07:57:18,389][train.py][line:168][INFO] >>> dataset: dt-
[2024-01-15 07:57:18,389][train.py][line:168][INFO] >>> optimizer: <class 'transformers.optimization.AdamW'>
[2024-01-15 07:57:18,389][train.py][line:168][INFO] >>> initializer: <function xavier_uniform_ at 0x7f3ae07834c0>
[2024-01-15 07:57:18,389][train.py][line:168][INFO] >>> lr: 0.001
[2024-01-15 07:57:18,389][train.py][line:168][INFO] >>> bert_lr: 5e-06
[2024-01-15 07:57:18,389][train.py][line:168][INFO] >>> dropout: 0.2
[2024-01-15 07:57:18,389][train.py][line:168][INFO] >>> num_epoch: 20
[2024-01-15 07:57:18,389][train.py][line:168][INFO] >>> batch_size: 16
[2024-01-15 07:57:18,389][train.py][line:168][INFO] >>> log_step: -1
[2024-01-15 07:57:18,389][train.py][line:168][INFO] >>> pretrained_model_name: bert-base-uncased
[2024-01-15 07:57:18,389][train.py][line:168][INFO] >>> max_seq_len: 60
[2024-01-15 07:57:18,389][train.py][line:168][INFO] >>> polarities_dim: 3
[2024-01-15 07:57:18,389][train.py][line:168][INFO] >>> patience: 5
[2024-01-15 07:57:18,390][train.py][line:168][INFO] >>> device: cuda:0
[2024-01-15 07:57:18,390][train.py][line:168][INFO] >>> save_model: False
[2024-01-15 07:57:18,390][train.py][line:168][INFO] >>> seed: 2
[2024-01-15 07:57:18,390][train.py][line:168][INFO] >>> valset_ratio: 0.0
[2024-01-15 07:57:18,390][train.py][line:168][INFO] >>> embed_dim: 300
[2024-01-15 07:57:18,390][train.py][line:168][INFO] >>> hidden_dim: 300
[2024-01-15 07:57:18,390][train.py][line:168][INFO] >>> pid: 1
[2024-01-15 07:57:18,390][train.py][line:168][INFO] >>> tid: 1
[2024-01-15 07:57:18,390][train.py][line:168][INFO] >>> lid: 0
[2024-01-15 07:57:18,390][train.py][line:168][INFO] >>> llambda: 0.5
[2024-01-15 07:57:18,390][train.py][line:168][INFO] >>> use_prompt: True
[2024-01-15 07:57:18,390][train.py][line:168][INFO] >>> with_text: False
[2024-01-15 07:57:18,390][train.py][line:168][INFO] >>> model_class: <class 'models.bert_fol_text_graph.BERT_FOL_G'>
[2024-01-15 07:57:18,390][train.py][line:168][INFO] >>> dataset_file: {'train': ['/home/dingdaijun/data_list/dingdaijun/LTN_merge/datasets/merge/la/la.csv', '/home/dingdaijun/data_list/dingdaijun/LTN_merge/datasets/merge/fm/fm.csv', '/home/dingdaijun/data_list/dingdaijun/LTN_merge/datasets/merge/hc/hc.csv'], 'test': '/home/dingdaijun/data_list/dingdaijun/LTN_merge/datasets/merge/dt/dt.csv'}
[2024-01-15 07:57:18,390][train.py][line:168][INFO] >>> inputs_cols: ['bert_fol_inputs', 'bert_fol_type', 'bert_fol_mask', 'bert_text_inputs', 'bert_text_type', 'bert_text_mask', 'mlm_labels', 'graph_matrix', 'graph_text']
[2024-01-15 07:57:18,394][train.py][line:204][INFO] epoch: 0
[2024-01-16 21:31:30,521][train.py][line:150][INFO] cuda memory allocated: 453247488
[2024-01-16 21:31:30,525][train.py][line:165][INFO] > n_trainable_params: 113025858, n_nontrainable_params: 0
[2024-01-16 21:31:30,525][train.py][line:166][INFO] > training arguments:
[2024-01-16 21:31:30,525][train.py][line:168][INFO] >>> model_name: bert_fol_graph
[2024-01-16 21:31:30,525][train.py][line:168][INFO] >>> dataset: dt-
[2024-01-16 21:31:30,525][train.py][line:168][INFO] >>> optimizer: <class 'transformers.optimization.AdamW'>
[2024-01-16 21:31:30,525][train.py][line:168][INFO] >>> initializer: <function xavier_uniform_ at 0x7fcb49b094c0>
[2024-01-16 21:31:30,525][train.py][line:168][INFO] >>> lr: 0.001
[2024-01-16 21:31:30,525][train.py][line:168][INFO] >>> bert_lr: 5e-06
[2024-01-16 21:31:30,525][train.py][line:168][INFO] >>> dropout: 0.2
[2024-01-16 21:31:30,525][train.py][line:168][INFO] >>> num_epoch: 20
[2024-01-16 21:31:30,525][train.py][line:168][INFO] >>> batch_size: 16
[2024-01-16 21:31:30,525][train.py][line:168][INFO] >>> log_step: -1
[2024-01-16 21:31:30,525][train.py][line:168][INFO] >>> pretrained_model_name: bert-base-uncased
[2024-01-16 21:31:30,525][train.py][line:168][INFO] >>> max_seq_len: 60
[2024-01-16 21:31:30,525][train.py][line:168][INFO] >>> polarities_dim: 3
[2024-01-16 21:31:30,525][train.py][line:168][INFO] >>> patience: 5
[2024-01-16 21:31:30,525][train.py][line:168][INFO] >>> device: cuda:0
[2024-01-16 21:31:30,525][train.py][line:168][INFO] >>> save_model: False
[2024-01-16 21:31:30,525][train.py][line:168][INFO] >>> seed: 0
[2024-01-16 21:31:30,525][train.py][line:168][INFO] >>> valset_ratio: 0.0
[2024-01-16 21:31:30,525][train.py][line:168][INFO] >>> embed_dim: 300
[2024-01-16 21:31:30,525][train.py][line:168][INFO] >>> hidden_dim: 300
[2024-01-16 21:31:30,525][train.py][line:168][INFO] >>> pid: 1
[2024-01-16 21:31:30,526][train.py][line:168][INFO] >>> tid: 1
[2024-01-16 21:31:30,526][train.py][line:168][INFO] >>> lid: 0
[2024-01-16 21:31:30,526][train.py][line:168][INFO] >>> llambda: 0.5
[2024-01-16 21:31:30,526][train.py][line:168][INFO] >>> use_prompt: True
[2024-01-16 21:31:30,526][train.py][line:168][INFO] >>> with_text: False
[2024-01-16 21:31:30,526][train.py][line:168][INFO] >>> model_class: <class 'models.bert_fol_text_graph.BERT_FOL_G'>
[2024-01-16 21:31:30,526][train.py][line:168][INFO] >>> dataset_file: {'train': ['/home/dingdaijun/data_list/dingdaijun/LTN_merge/datasets/merge/la/la.csv', '/home/dingdaijun/data_list/dingdaijun/LTN_merge/datasets/merge/fm/fm.csv', '/home/dingdaijun/data_list/dingdaijun/LTN_merge/datasets/merge/hc/hc.csv'], 'test': '/home/dingdaijun/data_list/dingdaijun/LTN_merge/datasets/merge/dt/dt.csv'}
[2024-01-16 21:31:30,526][train.py][line:168][INFO] >>> inputs_cols: ['bert_fol_inputs', 'bert_fol_type', 'bert_fol_mask', 'bert_text_inputs', 'bert_text_type', 'bert_text_mask', 'mlm_labels', 'graph_matrix', 'graph_text']
[2024-01-16 21:31:30,531][train.py][line:204][INFO] epoch: 0
[2024-01-16 21:32:40,011][train.py][line:150][INFO] cuda memory allocated: 453247488
[2024-01-16 21:32:40,015][train.py][line:165][INFO] > n_trainable_params: 113025858, n_nontrainable_params: 0
[2024-01-16 21:32:40,015][train.py][line:166][INFO] > training arguments:
[2024-01-16 21:32:40,015][train.py][line:168][INFO] >>> model_name: bert_fol_graph
[2024-01-16 21:32:40,015][train.py][line:168][INFO] >>> dataset: dt-
[2024-01-16 21:32:40,015][train.py][line:168][INFO] >>> optimizer: <class 'transformers.optimization.AdamW'>
[2024-01-16 21:32:40,015][train.py][line:168][INFO] >>> initializer: <function xavier_uniform_ at 0x7fae987eb4c0>
[2024-01-16 21:32:40,016][train.py][line:168][INFO] >>> lr: 0.001
[2024-01-16 21:32:40,016][train.py][line:168][INFO] >>> bert_lr: 5e-06
[2024-01-16 21:32:40,016][train.py][line:168][INFO] >>> dropout: 0.2
[2024-01-16 21:32:40,016][train.py][line:168][INFO] >>> num_epoch: 20
[2024-01-16 21:32:40,016][train.py][line:168][INFO] >>> batch_size: 16
[2024-01-16 21:32:40,016][train.py][line:168][INFO] >>> log_step: -1
[2024-01-16 21:32:40,016][train.py][line:168][INFO] >>> pretrained_model_name: bert-base-uncased
[2024-01-16 21:32:40,016][train.py][line:168][INFO] >>> max_seq_len: 60
[2024-01-16 21:32:40,016][train.py][line:168][INFO] >>> polarities_dim: 3
[2024-01-16 21:32:40,016][train.py][line:168][INFO] >>> patience: 5
[2024-01-16 21:32:40,016][train.py][line:168][INFO] >>> device: cuda:0
[2024-01-16 21:32:40,016][train.py][line:168][INFO] >>> save_model: False
[2024-01-16 21:32:40,016][train.py][line:168][INFO] >>> seed: 1
[2024-01-16 21:32:40,016][train.py][line:168][INFO] >>> valset_ratio: 0.0
[2024-01-16 21:32:40,016][train.py][line:168][INFO] >>> embed_dim: 300
[2024-01-16 21:32:40,016][train.py][line:168][INFO] >>> hidden_dim: 300
[2024-01-16 21:32:40,016][train.py][line:168][INFO] >>> pid: 1
[2024-01-16 21:32:40,016][train.py][line:168][INFO] >>> tid: 1
[2024-01-16 21:32:40,016][train.py][line:168][INFO] >>> lid: 0
[2024-01-16 21:32:40,016][train.py][line:168][INFO] >>> llambda: 0.5
[2024-01-16 21:32:40,016][train.py][line:168][INFO] >>> use_prompt: True
[2024-01-16 21:32:40,016][train.py][line:168][INFO] >>> with_text: False
[2024-01-16 21:32:40,016][train.py][line:168][INFO] >>> model_class: <class 'models.bert_fol_text_graph.BERT_FOL_G'>
[2024-01-16 21:32:40,016][train.py][line:168][INFO] >>> dataset_file: {'train': ['/home/dingdaijun/data_list/dingdaijun/LTN_merge/datasets/merge/la/la.csv', '/home/dingdaijun/data_list/dingdaijun/LTN_merge/datasets/merge/fm/fm.csv', '/home/dingdaijun/data_list/dingdaijun/LTN_merge/datasets/merge/hc/hc.csv'], 'test': '/home/dingdaijun/data_list/dingdaijun/LTN_merge/datasets/merge/dt/dt.csv'}
[2024-01-16 21:32:40,016][train.py][line:168][INFO] >>> inputs_cols: ['bert_fol_inputs', 'bert_fol_type', 'bert_fol_mask', 'bert_text_inputs', 'bert_text_type', 'bert_text_mask', 'mlm_labels', 'graph_matrix', 'graph_text']
[2024-01-16 21:32:40,022][train.py][line:204][INFO] epoch: 0
[2024-01-16 21:34:41,137][train.py][line:150][INFO] cuda memory allocated: 457956352
[2024-01-16 21:34:41,141][train.py][line:165][INFO] > n_trainable_params: 114203199, n_nontrainable_params: 0
[2024-01-16 21:34:41,141][train.py][line:166][INFO] > training arguments:
[2024-01-16 21:34:41,141][train.py][line:168][INFO] >>> model_name: bert_fol_graph
[2024-01-16 21:34:41,141][train.py][line:168][INFO] >>> dataset: dt-
[2024-01-16 21:34:41,141][train.py][line:168][INFO] >>> optimizer: <class 'transformers.optimization.AdamW'>
[2024-01-16 21:34:41,141][train.py][line:168][INFO] >>> initializer: <function xavier_uniform_ at 0x7fabecd744c0>
[2024-01-16 21:34:41,141][train.py][line:168][INFO] >>> lr: 0.001
[2024-01-16 21:34:41,141][train.py][line:168][INFO] >>> bert_lr: 5e-06
[2024-01-16 21:34:41,141][train.py][line:168][INFO] >>> dropout: 0.2
[2024-01-16 21:34:41,141][train.py][line:168][INFO] >>> num_epoch: 20
[2024-01-16 21:34:41,141][train.py][line:168][INFO] >>> batch_size: 16
[2024-01-16 21:34:41,141][train.py][line:168][INFO] >>> log_step: -1
[2024-01-16 21:34:41,141][train.py][line:168][INFO] >>> pretrained_model_name: bert-base-uncased
[2024-01-16 21:34:41,141][train.py][line:168][INFO] >>> max_seq_len: 60
[2024-01-16 21:34:41,141][train.py][line:168][INFO] >>> polarities_dim: 3
[2024-01-16 21:34:41,142][train.py][line:168][INFO] >>> patience: 5
[2024-01-16 21:34:41,142][train.py][line:168][INFO] >>> device: cuda:0
[2024-01-16 21:34:41,142][train.py][line:168][INFO] >>> save_model: False
[2024-01-16 21:34:41,142][train.py][line:168][INFO] >>> seed: 0
[2024-01-16 21:34:41,142][train.py][line:168][INFO] >>> valset_ratio: 0.0
[2024-01-16 21:34:41,142][train.py][line:168][INFO] >>> embed_dim: 300
[2024-01-16 21:34:41,142][train.py][line:168][INFO] >>> hidden_dim: 300
[2024-01-16 21:34:41,142][train.py][line:168][INFO] >>> pid: 1
[2024-01-16 21:34:41,142][train.py][line:168][INFO] >>> tid: 1
[2024-01-16 21:34:41,142][train.py][line:168][INFO] >>> lid: 0
[2024-01-16 21:34:41,142][train.py][line:168][INFO] >>> llambda: 0.5
[2024-01-16 21:34:41,142][train.py][line:168][INFO] >>> use_prompt: True
[2024-01-16 21:34:41,142][train.py][line:168][INFO] >>> with_text: False
[2024-01-16 21:34:41,142][train.py][line:168][INFO] >>> model_class: <class 'models.bert_fol_text_graph.BERT_FOL_G'>
[2024-01-16 21:34:41,142][train.py][line:168][INFO] >>> dataset_file: {'train': ['/home/dingdaijun/data_list/dingdaijun/LTN_merge/datasets/merge/la/la.csv', '/home/dingdaijun/data_list/dingdaijun/LTN_merge/datasets/merge/fm/fm.csv', '/home/dingdaijun/data_list/dingdaijun/LTN_merge/datasets/merge/hc/hc.csv'], 'test': '/home/dingdaijun/data_list/dingdaijun/LTN_merge/datasets/merge/dt/dt.csv'}
[2024-01-16 21:34:41,142][train.py][line:168][INFO] >>> inputs_cols: ['bert_fol_inputs', 'bert_fol_type', 'bert_fol_mask', 'bert_text_inputs', 'bert_text_type', 'bert_text_mask', 'mlm_labels', 'graph_matrix', 'graph_text']
[2024-01-16 21:34:41,147][train.py][line:204][INFO] epoch: 0
[2024-01-16 21:34:45,052][train.py][line:242][INFO] 34/179	train_loss: 4.327279783998217	train_acc: 48.04
[2024-01-16 21:34:46,117][train.py][line:245][INFO] Val: ma_f1: 20.22	acc: 47.38	avg_f1: 25.38	ma_all_f1: 33.52	mi_all_f1: 47.38	favor_f1: 0.0	against_f1: 40.43	none_f1: 60.12
[2024-01-16 21:34:47,178][train.py][line:252][INFO] Test: ma_f1: 20.22	acc: 47.38	avg_f1: 25.38	ma_all_f1: 33.52	mi_all_f1: 47.38	favor_f1: 0.0	against_f1: 40.43	none_f1: 60.12
[2024-01-16 21:34:49,956][train.py][line:242][INFO] 69/179	train_loss: 3.0961746735232216	train_acc: 51.25
[2024-01-16 21:34:51,020][train.py][line:245][INFO] Val: ma_f1: 45.33	acc: 60.82	avg_f1: 48.83	ma_all_f1: 54.38	mi_all_f1: 60.82	favor_f1: 31.37	against_f1: 59.28	none_f1: 72.48
[2024-01-16 21:34:52,080][train.py][line:252][INFO] Test: ma_f1: 45.33	acc: 60.82	avg_f1: 48.83	ma_all_f1: 54.38	mi_all_f1: 60.82	favor_f1: 31.37	against_f1: 59.28	none_f1: 72.48
[2024-01-16 21:34:54,902][train.py][line:242][INFO] 104/179	train_loss: 2.5029967679863883	train_acc: 54.82
[2024-01-16 21:34:55,972][train.py][line:245][INFO] Val: ma_f1: 53.55	acc: 58.27	avg_f1: 53.39	ma_all_f1: 58.05	mi_all_f1: 58.27	favor_f1: 58.57	against_f1: 48.54	none_f1: 67.05
[2024-01-16 21:34:57,055][train.py][line:252][INFO] Test: ma_f1: 53.55	acc: 58.27	avg_f1: 53.39	ma_all_f1: 58.05	mi_all_f1: 58.27	favor_f1: 58.57	against_f1: 48.54	none_f1: 67.05
[2024-01-16 21:34:59,899][train.py][line:242][INFO] 139/179	train_loss: 2.1623767329113823	train_acc: 56.38
[2024-01-16 21:35:00,960][train.py][line:245][INFO] Val: ma_f1: 60.23	acc: 64.07	avg_f1: 60.07	ma_all_f1: 63.93	mi_all_f1: 64.07	favor_f1: 61.8	against_f1: 58.67	none_f1: 71.32
[2024-01-16 21:35:02,020][train.py][line:252][INFO] Test: ma_f1: 60.23	acc: 64.07	avg_f1: 60.07	ma_all_f1: 63.93	mi_all_f1: 64.07	favor_f1: 61.8	against_f1: 58.67	none_f1: 71.32
[2024-01-16 21:35:04,793][train.py][line:242][INFO] 174/179	train_loss: 1.9667879559312549	train_acc: 57.21
[2024-01-16 21:35:05,856][train.py][line:245][INFO] Val: ma_f1: 57.42	acc: 61.53	avg_f1: 58.78	ma_all_f1: 59.77	mi_all_f1: 61.53	favor_f1: 51.82	against_f1: 63.03	none_f1: 64.46
[2024-01-16 21:35:06,175][train.py][line:204][INFO] epoch: 1
[2024-01-16 21:35:08,949][train.py][line:242][INFO] 34/179	train_loss: 1.274288762467248	train_acc: 63.39
[2024-01-16 21:35:10,009][train.py][line:245][INFO] Val: ma_f1: 45.78	acc: 58.84	avg_f1: 49.34	ma_all_f1: 53.36	mi_all_f1: 58.84	favor_f1: 32.51	against_f1: 59.05	none_f1: 68.53
[2024-01-16 21:35:12,789][train.py][line:242][INFO] 69/179	train_loss: 1.1236787510769708	train_acc: 65.09
[2024-01-16 21:35:13,849][train.py][line:245][INFO] Val: ma_f1: 64.59	acc: 63.65	avg_f1: 64.22	ma_all_f1: 64.14	mi_all_f1: 63.65	favor_f1: 67.43	against_f1: 61.74	none_f1: 63.25
[2024-01-16 21:35:14,909][train.py][line:252][INFO] Test: ma_f1: 64.59	acc: 63.65	avg_f1: 64.22	ma_all_f1: 64.14	mi_all_f1: 63.65	favor_f1: 67.43	against_f1: 61.74	none_f1: 63.25
[2024-01-16 21:35:17,682][train.py][line:242][INFO] 104/179	train_loss: 1.027638374765714	train_acc: 66.25
[2024-01-16 21:35:18,742][train.py][line:245][INFO] Val: ma_f1: 64.56	acc: 66.9	avg_f1: 64.32	ma_all_f1: 66.99	mi_all_f1: 66.9	favor_f1: 65.99	against_f1: 63.14	none_f1: 71.84
[2024-01-16 21:35:21,516][train.py][line:242][INFO] 139/179	train_loss: 1.0124364168516227	train_acc: 66.29
[2024-01-16 21:35:22,575][train.py][line:245][INFO] Val: ma_f1: 31.73	acc: 56.01	avg_f1: 41.42	ma_all_f1: 42.69	mi_all_f1: 56.01	favor_f1: 2.67	against_f1: 60.8	none_f1: 64.59
[2024-01-16 21:35:25,343][train.py][line:242][INFO] 174/179	train_loss: 1.0304622029406685	train_acc: 65.75
[2024-01-16 21:35:26,405][train.py][line:245][INFO] Val: ma_f1: 43.17	acc: 54.46	avg_f1: 42.34	ma_all_f1: 50.4	mi_all_f1: 54.46	favor_f1: 68.47	against_f1: 17.86	none_f1: 64.88
[2024-01-16 21:35:26,738][train.py][line:204][INFO] epoch: 2
[2024-01-16 21:35:29,539][train.py][line:242][INFO] 34/179	train_loss: 0.880916799392019	train_acc: 71.07
[2024-01-16 21:35:30,600][train.py][line:245][INFO] Val: ma_f1: 55.31	acc: 66.62	avg_f1: 57.1	ma_all_f1: 62.85	mi_all_f1: 66.62	favor_f1: 47.93	against_f1: 62.7	none_f1: 77.91
[2024-01-16 21:35:33,376][train.py][line:242][INFO] 69/179	train_loss: 0.9309461770313127	train_acc: 68.84
[2024-01-16 21:35:34,470][train.py][line:245][INFO] Val: ma_f1: 63.76	acc: 65.35	avg_f1: 63.14	ma_all_f1: 65.94	mi_all_f1: 65.35	favor_f1: 70.65	against_f1: 56.87	none_f1: 70.29
[2024-01-16 21:35:37,256][train.py][line:242][INFO] 104/179	train_loss: 0.8942271875483649	train_acc: 69.4
[2024-01-16 21:35:38,318][train.py][line:245][INFO] Val: ma_f1: 64.06	acc: 56.01	avg_f1: 63.54	ma_all_f1: 53.85	mi_all_f1: 56.01	favor_f1: 66.18	against_f1: 61.94	none_f1: 33.43
[2024-01-16 21:35:41,079][train.py][line:242][INFO] 139/179	train_loss: 0.8497979695243495	train_acc: 70.13
[2024-01-16 21:35:42,140][train.py][line:245][INFO] Val: ma_f1: 59.14	acc: 65.06	avg_f1: 58.88	ma_all_f1: 64.38	mi_all_f1: 65.06	favor_f1: 67.5	against_f1: 50.77	none_f1: 74.87
[2024-01-16 21:35:44,909][train.py][line:242][INFO] 174/179	train_loss: 0.8575164180994034	train_acc: 69.61
[2024-01-16 21:35:45,971][train.py][line:245][INFO] Val: ma_f1: 61.52	acc: 56.72	avg_f1: 60.65	ma_all_f1: 57.72	mi_all_f1: 56.72	favor_f1: 67.99	against_f1: 55.05	none_f1: 50.11
[2024-01-16 21:35:46,294][train.py][line:204][INFO] epoch: 3
[2024-01-16 21:35:49,071][train.py][line:242][INFO] 34/179	train_loss: 0.8237212521689279	train_acc: 70.18
[2024-01-16 21:35:50,134][train.py][line:245][INFO] Val: ma_f1: 64.99	acc: 61.24	avg_f1: 64.25	ma_all_f1: 61.94	mi_all_f1: 61.24	favor_f1: 69.46	against_f1: 60.51	none_f1: 55.85
[2024-01-16 21:35:51,194][train.py][line:252][INFO] Test: ma_f1: 64.99	acc: 61.24	avg_f1: 64.25	ma_all_f1: 61.94	mi_all_f1: 61.24	favor_f1: 69.46	against_f1: 60.51	none_f1: 55.85
[2024-01-16 21:35:53,962][train.py][line:242][INFO] 69/179	train_loss: 0.7740797753844942	train_acc: 72.05
[2024-01-16 21:35:55,022][train.py][line:245][INFO] Val: ma_f1: 66.12	acc: 66.9	avg_f1: 65.42	ma_all_f1: 67.63	mi_all_f1: 66.9	favor_f1: 73.33	against_f1: 58.91	none_f1: 70.63
[2024-01-16 21:35:56,082][train.py][line:252][INFO] Test: ma_f1: 66.12	acc: 66.9	avg_f1: 65.42	ma_all_f1: 67.63	mi_all_f1: 66.9	favor_f1: 73.33	against_f1: 58.91	none_f1: 70.63
[2024-01-16 21:35:58,868][train.py][line:242][INFO] 104/179	train_loss: 0.805222145148686	train_acc: 71.43
[2024-01-16 21:35:59,927][train.py][line:245][INFO] Val: ma_f1: 66.55	acc: 68.6	avg_f1: 65.68	ma_all_f1: 69.01	mi_all_f1: 68.6	favor_f1: 72.73	against_f1: 60.38	none_f1: 73.94
[2024-01-16 21:36:00,994][train.py][line:252][INFO] Test: ma_f1: 66.55	acc: 68.6	avg_f1: 65.68	ma_all_f1: 69.01	mi_all_f1: 68.6	favor_f1: 72.73	against_f1: 60.38	none_f1: 73.94
[2024-01-16 21:36:03,809][train.py][line:242][INFO] 139/179	train_loss: 0.7985037578003747	train_acc: 71.21
[2024-01-16 21:36:04,869][train.py][line:245][INFO] Val: ma_f1: 66.09	acc: 56.44	avg_f1: 64.81	ma_all_f1: 55.77	mi_all_f1: 56.44	favor_f1: 71.86	against_f1: 60.31	none_f1: 35.13
[2024-01-16 21:36:07,642][train.py][line:242][INFO] 174/179	train_loss: 0.7950445657117026	train_acc: 71.5
[2024-01-16 21:36:08,703][train.py][line:245][INFO] Val: ma_f1: 57.22	acc: 64.92	avg_f1: 58.13	ma_all_f1: 62.8	mi_all_f1: 64.92	favor_f1: 53.22	against_f1: 61.22	none_f1: 73.97
[2024-01-16 21:36:09,027][train.py][line:204][INFO] epoch: 4
[2024-01-16 21:36:11,829][train.py][line:242][INFO] 34/179	train_loss: 0.8960508338042668	train_acc: 68.75
[2024-01-16 21:36:12,894][train.py][line:245][INFO] Val: ma_f1: 65.58	acc: 59.12	avg_f1: 64.89	ma_all_f1: 58.86	mi_all_f1: 59.12	favor_f1: 68.57	against_f1: 62.58	none_f1: 45.43
[2024-01-16 21:36:15,656][train.py][line:242][INFO] 69/179	train_loss: 0.8850385331681796	train_acc: 69.91
[2024-01-16 21:36:16,716][train.py][line:245][INFO] Val: ma_f1: 63.93	acc: 63.08	avg_f1: 63.24	ma_all_f1: 63.96	mi_all_f1: 63.08	favor_f1: 67.61	against_f1: 60.26	none_f1: 64.03
[2024-01-16 21:36:19,484][train.py][line:242][INFO] 104/179	train_loss: 0.8418606234448297	train_acc: 70.54
[2024-01-16 21:36:20,544][train.py][line:245][INFO] Val: ma_f1: 60.25	acc: 56.58	avg_f1: 59.76	ma_all_f1: 56.79	mi_all_f1: 56.58	favor_f1: 62.75	against_f1: 57.75	none_f1: 49.88
[2024-01-16 21:36:23,299][train.py][line:242][INFO] 139/179	train_loss: 0.8071881317666598	train_acc: 70.89
[2024-01-16 21:36:24,359][train.py][line:245][INFO] Val: ma_f1: 59.62	acc: 65.35	avg_f1: 60.57	ma_all_f1: 63.63	mi_all_f1: 65.35	favor_f1: 55.56	against_f1: 63.68	none_f1: 71.67
[2024-01-16 21:36:27,128][train.py][line:242][INFO] 174/179	train_loss: 0.7872179482664381	train_acc: 71.04
[2024-01-16 21:36:28,192][train.py][line:245][INFO] Val: ma_f1: 65.5	acc: 58.42	avg_f1: 64.32	ma_all_f1: 59.01	mi_all_f1: 58.42	favor_f1: 73.09	against_f1: 57.91	none_f1: 46.04
[2024-01-16 21:36:28,512][train.py][line:204][INFO] epoch: 5
[2024-01-16 21:36:31,278][train.py][line:242][INFO] 34/179	train_loss: 0.8430927348988396	train_acc: 73.21
[2024-01-16 21:36:32,339][train.py][line:245][INFO] Val: ma_f1: 60.3	acc: 51.34	avg_f1: 59.81	ma_all_f1: 48.03	mi_all_f1: 51.34	favor_f1: 62.46	against_f1: 58.15	none_f1: 23.49
[2024-01-16 21:36:35,104][train.py][line:242][INFO] 69/179	train_loss: 0.8478331567985671	train_acc: 72.59
[2024-01-16 21:36:36,164][train.py][line:245][INFO] Val: ma_f1: 63.83	acc: 67.33	avg_f1: 63.49	ma_all_f1: 67.24	mi_all_f1: 67.33	favor_f1: 66.01	against_f1: 61.65	none_f1: 74.07
[2024-01-16 21:36:38,941][train.py][line:242][INFO] 104/179	train_loss: 0.8349375751756486	train_acc: 71.43
[2024-01-16 21:36:40,001][train.py][line:245][INFO] Val: ma_f1: 64.57	acc: 63.51	avg_f1: 63.65	ma_all_f1: 64.69	mi_all_f1: 63.51	favor_f1: 71.6	against_f1: 57.54	none_f1: 64.93
[2024-01-16 21:36:42,777][train.py][line:242][INFO] 139/179	train_loss: 0.8140890341784273	train_acc: 72.28
[2024-01-16 21:36:43,842][train.py][line:245][INFO] Val: ma_f1: 51.02	acc: 58.7	avg_f1: 53.55	ma_all_f1: 55.05	mi_all_f1: 58.7	favor_f1: 41.55	against_f1: 60.5	none_f1: 63.12
[2024-01-16 21:36:46,620][train.py][line:242][INFO] 174/179	train_loss: 0.794183766756739	train_acc: 72.11
[2024-01-16 21:36:47,681][train.py][line:245][INFO] Val: ma_f1: 64.88	acc: 65.91	avg_f1: 64.35	ma_all_f1: 66.5	mi_all_f1: 65.91	favor_f1: 67.99	against_f1: 61.76	none_f1: 69.74
[2024-01-16 21:36:47,999][train.py][line:204][INFO] epoch: 6
[2024-01-16 21:36:50,793][train.py][line:242][INFO] 34/179	train_loss: 0.5629455379077366	train_acc: 79.29
[2024-01-16 21:36:51,853][train.py][line:245][INFO] Val: ma_f1: 63.43	acc: 53.32	avg_f1: 62.57	ma_all_f1: 50.19	mi_all_f1: 53.32	favor_f1: 68.02	against_f1: 58.84	none_f1: 23.72
[2024-01-16 21:36:54,604][train.py][line:242][INFO] 69/179	train_loss: 0.6700890992368971	train_acc: 75.45
[2024-01-16 21:36:55,663][train.py][line:245][INFO] Val: ma_f1: 43.11	acc: 48.09	avg_f1: 48.94	ma_all_f1: 36.99	mi_all_f1: 48.09	favor_f1: 25.84	against_f1: 60.37	none_f1: 24.76
[2024-01-16 21:36:58,437][train.py][line:242][INFO] 104/179	train_loss: 0.6954104437714531	train_acc: 74.64
[2024-01-16 21:36:59,496][train.py][line:245][INFO] Val: ma_f1: 66.21	acc: 63.08	avg_f1: 65.52	ma_all_f1: 63.88	mi_all_f1: 63.08	favor_f1: 69.8	against_f1: 62.63	none_f1: 59.23
[2024-01-16 21:37:02,288][train.py][line:242][INFO] 139/179	train_loss: 0.6965285002120903	train_acc: 74.6
[2024-01-16 21:37:03,347][train.py][line:245][INFO] Val: ma_f1: 62.35	acc: 66.9	avg_f1: 62.54	ma_all_f1: 66.17	mi_all_f1: 66.9	favor_f1: 61.36	against_f1: 63.33	none_f1: 73.82
[2024-01-16 21:37:06,107][train.py][line:242][INFO] 174/179	train_loss: 0.6815343927485602	train_acc: 75.07
[2024-01-16 21:37:07,167][train.py][line:245][INFO] Val: ma_f1: 64.39	acc: 63.79	avg_f1: 63.64	ma_all_f1: 64.75	mi_all_f1: 63.79	favor_f1: 70.99	against_f1: 57.8	none_f1: 65.45
[2024-01-16 21:37:07,491][train.py][line:204][INFO] epoch: 7
[2024-01-16 21:37:10,248][train.py][line:242][INFO] 34/179	train_loss: 0.4555971899202892	train_acc: 80.89
[2024-01-16 21:37:11,307][train.py][line:245][INFO] Val: ma_f1: 68.1	acc: 70.72	avg_f1: 67.34	ma_all_f1: 71.05	mi_all_f1: 70.72	favor_f1: 74.92	against_f1: 61.27	none_f1: 76.95
[2024-01-16 21:37:12,366][train.py][line:252][INFO] Test: ma_f1: 68.1	acc: 70.72	avg_f1: 67.34	ma_all_f1: 71.05	mi_all_f1: 70.72	favor_f1: 74.92	against_f1: 61.27	none_f1: 76.95
[2024-01-16 21:37:15,133][train.py][line:242][INFO] 69/179	train_loss: 0.5887272304722241	train_acc: 77.77
[2024-01-16 21:37:16,192][train.py][line:245][INFO] Val: ma_f1: 51.1	acc: 61.67	avg_f1: 53.7	ma_all_f1: 57.03	mi_all_f1: 61.67	favor_f1: 40.8	against_f1: 61.41	none_f1: 68.87
[2024-01-16 21:37:18,955][train.py][line:242][INFO] 104/179	train_loss: 0.6580514259281612	train_acc: 75.48
[2024-01-16 21:37:20,015][train.py][line:245][INFO] Val: ma_f1: 63.55	acc: 61.53	avg_f1: 63.04	ma_all_f1: 62.14	mi_all_f1: 61.53	favor_f1: 66.23	against_f1: 60.87	none_f1: 59.33
[2024-01-16 21:37:22,788][train.py][line:242][INFO] 139/179	train_loss: 0.6743472097175461	train_acc: 75.36
[2024-01-16 21:37:23,847][train.py][line:245][INFO] Val: ma_f1: 67.32	acc: 70.58	avg_f1: 66.8	ma_all_f1: 70.54	mi_all_f1: 70.58	favor_f1: 73.5	against_f1: 61.13	none_f1: 76.98
[2024-01-16 21:37:26,628][train.py][line:242][INFO] 174/179	train_loss: 0.6773907516683851	train_acc: 75.18
[2024-01-16 21:37:27,692][train.py][line:245][INFO] Val: ma_f1: 45.26	acc: 60.4	avg_f1: 49.63	ma_all_f1: 54.04	mi_all_f1: 60.4	favor_f1: 29.9	against_f1: 60.62	none_f1: 71.6
[2024-01-16 21:37:28,013][train.py][line:204][INFO] epoch: 8
[2024-01-16 21:37:30,797][train.py][line:242][INFO] 34/179	train_loss: 0.6214701609952109	train_acc: 77.5
[2024-01-16 21:37:31,859][train.py][line:245][INFO] Val: ma_f1: 55.83	acc: 58.27	avg_f1: 57.18	ma_all_f1: 56.44	mi_all_f1: 58.27	favor_f1: 50.41	against_f1: 61.25	none_f1: 57.67
[2024-01-16 21:37:34,628][train.py][line:242][INFO] 69/179	train_loss: 0.5299541369080544	train_acc: 80.71
[2024-01-16 21:37:35,688][train.py][line:245][INFO] Val: ma_f1: 57.73	acc: 60.25	avg_f1: 58.91	ma_all_f1: 58.7	mi_all_f1: 60.25	favor_f1: 53.22	against_f1: 62.25	none_f1: 60.63
[2024-01-16 21:37:38,464][train.py][line:242][INFO] 104/179	train_loss: 0.5537453287414142	train_acc: 79.46
[2024-01-16 21:37:39,524][train.py][line:245][INFO] Val: ma_f1: 63.61	acc: 64.5	avg_f1: 62.78	ma_all_f1: 65.18	mi_all_f1: 64.5	favor_f1: 68.75	against_f1: 58.47	none_f1: 68.32
[2024-01-16 21:37:42,291][train.py][line:242][INFO] 139/179	train_loss: 0.5625436965376138	train_acc: 78.84
[2024-01-16 21:37:43,351][train.py][line:245][INFO] Val: ma_f1: 46.65	acc: 55.3	avg_f1: 51.09	ma_all_f1: 49.35	mi_all_f1: 55.3	favor_f1: 32.12	against_f1: 61.17	none_f1: 54.76
[2024-01-16 21:37:46,100][train.py][line:242][INFO] 174/179	train_loss: 0.5901816258685929	train_acc: 78.0
[2024-01-16 21:37:47,159][train.py][line:245][INFO] Val: ma_f1: 49.74	acc: 59.26	avg_f1: 49.43	ma_all_f1: 56.64	mi_all_f1: 59.26	favor_f1: 66.67	against_f1: 32.81	none_f1: 70.43
[2024-01-16 21:37:47,479][train.py][line:204][INFO] epoch: 9
[2024-01-16 21:37:50,250][train.py][line:242][INFO] 34/179	train_loss: 0.70329992047378	train_acc: 75.89
[2024-01-16 21:37:51,309][train.py][line:245][INFO] Val: ma_f1: 61.76	acc: 63.79	avg_f1: 61.99	ma_all_f1: 63.44	mi_all_f1: 63.79	favor_f1: 60.7	against_f1: 62.81	none_f1: 66.8
[2024-01-16 21:37:54,078][train.py][line:242][INFO] 69/179	train_loss: 0.6853994552578245	train_acc: 75.98
[2024-01-16 21:37:55,139][train.py][line:245][INFO] Val: ma_f1: 64.67	acc: 62.09	avg_f1: 64.26	ma_all_f1: 62.43	mi_all_f1: 62.09	favor_f1: 66.88	against_f1: 62.46	none_f1: 57.96
[2024-01-16 21:37:57,894][train.py][line:242][INFO] 104/179	train_loss: 0.6543234825134278	train_acc: 76.43
[2024-01-16 21:37:58,955][train.py][line:245][INFO] Val: ma_f1: 66.45	acc: 62.23	avg_f1: 65.61	ma_all_f1: 63.08	mi_all_f1: 62.23	favor_f1: 70.82	against_f1: 62.08	none_f1: 56.34
[2024-01-16 21:38:01,744][train.py][line:242][INFO] 139/179	train_loss: 0.62102450403784	train_acc: 77.28
[2024-01-16 21:38:02,807][train.py][line:245][INFO] Val: ma_f1: 61.11	acc: 62.66	avg_f1: 61.08	ma_all_f1: 62.61	mi_all_f1: 62.66	favor_f1: 61.25	against_f1: 60.96	none_f1: 65.6
[2024-01-16 21:38:05,612][train.py][line:242][INFO] 174/179	train_loss: 0.6105848058206694	train_acc: 77.54
[2024-01-16 21:38:06,672][train.py][line:245][INFO] Val: ma_f1: 66.58	acc: 63.08	avg_f1: 65.62	ma_all_f1: 64.32	mi_all_f1: 63.08	favor_f1: 72.33	against_f1: 60.84	none_f1: 59.78
[2024-01-16 21:38:06,995][train.py][line:204][INFO] epoch: 10
[2024-01-16 21:38:09,756][train.py][line:242][INFO] 34/179	train_loss: 0.630413592500346	train_acc: 74.64
[2024-01-16 21:38:10,815][train.py][line:245][INFO] Val: ma_f1: 65.95	acc: 67.33	avg_f1: 65.41	ma_all_f1: 67.8	mi_all_f1: 67.33	favor_f1: 69.15	against_f1: 62.75	none_f1: 71.51
[2024-01-16 21:38:13,599][train.py][line:242][INFO] 69/179	train_loss: 0.5706472187169961	train_acc: 76.7
[2024-01-16 21:38:14,658][train.py][line:245][INFO] Val: ma_f1: 62.88	acc: 65.21	avg_f1: 62.42	ma_all_f1: 65.35	mi_all_f1: 65.21	favor_f1: 65.48	against_f1: 60.27	none_f1: 70.31
[2024-01-16 21:38:17,430][train.py][line:242][INFO] 104/179	train_loss: 0.539497085625217	train_acc: 78.75
[2024-01-16 21:38:18,490][train.py][line:245][INFO] Val: ma_f1: 65.67	acc: 62.23	avg_f1: 64.83	ma_all_f1: 63.26	mi_all_f1: 62.23	favor_f1: 70.03	against_f1: 61.31	none_f1: 58.43
[2024-01-16 21:38:21,267][train.py][line:242][INFO] 139/179	train_loss: 0.528781806198614	train_acc: 79.6
[2024-01-16 21:38:22,327][train.py][line:245][INFO] Val: ma_f1: 64.44	acc: 67.04	avg_f1: 64.08	ma_all_f1: 67.03	mi_all_f1: 67.04	favor_f1: 66.67	against_f1: 62.21	none_f1: 72.2
[2024-01-16 21:38:25,089][train.py][line:242][INFO] 174/179	train_loss: 0.5356184939827238	train_acc: 79.86
[2024-01-16 21:38:26,150][train.py][line:245][INFO] Val: ma_f1: 56.38	acc: 53.04	avg_f1: 57.52	ma_all_f1: 49.59	mi_all_f1: 53.04	favor_f1: 52.36	against_f1: 60.41	none_f1: 36.0
[2024-01-16 21:38:26,470][train.py][line:204][INFO] epoch: 11
[2024-01-16 21:38:29,240][train.py][line:242][INFO] 34/179	train_loss: 0.6055915019341878	train_acc: 80.71
[2024-01-16 21:38:30,300][train.py][line:245][INFO] Val: ma_f1: 63.71	acc: 62.94	avg_f1: 63.19	ma_all_f1: 63.64	mi_all_f1: 62.94	favor_f1: 68.13	against_f1: 59.28	none_f1: 63.5
[2024-01-16 21:38:33,090][train.py][line:242][INFO] 69/179	train_loss: 0.6146204220397132	train_acc: 78.75
[2024-01-16 21:38:34,151][train.py][line:245][INFO] Val: ma_f1: 56.11	acc: 61.1	avg_f1: 56.91	ma_all_f1: 59.76	mi_all_f1: 61.1	favor_f1: 52.77	against_f1: 59.46	none_f1: 67.06
[2024-01-16 21:38:36,920][train.py][line:242][INFO] 104/179	train_loss: 0.6017908651913916	train_acc: 78.15
[2024-01-16 21:38:37,980][train.py][line:245][INFO] Val: ma_f1: 64.41	acc: 64.21	avg_f1: 63.74	ma_all_f1: 65.07	mi_all_f1: 64.21	favor_f1: 69.09	against_f1: 59.73	none_f1: 66.39
[2024-01-16 21:38:40,746][train.py][line:242][INFO] 139/179	train_loss: 0.6023789968341589	train_acc: 77.9
[2024-01-16 21:38:41,817][train.py][line:245][INFO] Val: ma_f1: 66.11	acc: 66.9	avg_f1: 65.42	ma_all_f1: 67.61	mi_all_f1: 66.9	favor_f1: 71.52	against_f1: 60.71	none_f1: 70.61
[2024-01-16 21:38:44,588][train.py][line:242][INFO] 174/179	train_loss: 0.5678130810601371	train_acc: 78.64
[2024-01-16 21:38:45,647][train.py][line:245][INFO] Val: ma_f1: 59.18	acc: 55.45	avg_f1: 59.2	ma_all_f1: 54.68	mi_all_f1: 55.45	favor_f1: 59.09	against_f1: 59.26	none_f1: 45.69
[2024-01-16 21:38:45,961][train.py][line:204][INFO] epoch: 12
[2024-01-16 21:38:48,736][train.py][line:242][INFO] 34/179	train_loss: 0.3756815473948206	train_acc: 86.96
[2024-01-16 21:38:49,796][train.py][line:245][INFO] Val: ma_f1: 64.33	acc: 61.95	avg_f1: 63.69	ma_all_f1: 62.79	mi_all_f1: 61.95	favor_f1: 67.79	against_f1: 60.88	none_f1: 59.69
[2024-01-16 21:38:52,565][train.py][line:242][INFO] 69/179	train_loss: 0.4247341998985836	train_acc: 84.55
[2024-01-16 21:38:53,624][train.py][line:245][INFO] Val: ma_f1: 62.53	acc: 57.28	avg_f1: 61.42	ma_all_f1: 58.84	mi_all_f1: 57.28	favor_f1: 68.69	against_f1: 56.38	none_f1: 51.45
[2024-01-16 21:38:56,387][train.py][line:242][INFO] 104/179	train_loss: 0.4386702715995766	train_acc: 84.35
[2024-01-16 21:38:57,447][train.py][line:245][INFO] Val: ma_f1: 62.88	acc: 57.85	avg_f1: 62.37	ma_all_f1: 57.79	mi_all_f1: 57.85	favor_f1: 65.63	against_f1: 60.12	none_f1: 47.62
[2024-01-16 21:39:00,216][train.py][line:242][INFO] 139/179	train_loss: 0.4521647025165813	train_acc: 83.26
[2024-01-16 21:39:01,278][train.py][line:245][INFO] Val: ma_f1: 61.85	acc: 63.08	avg_f1: 61.37	ma_all_f1: 63.46	mi_all_f1: 63.08	favor_f1: 64.54	against_f1: 59.16	none_f1: 66.67
[2024-01-16 21:39:04,034][train.py][line:242][INFO] 174/179	train_loss: 0.4469895148064409	train_acc: 83.21
[2024-01-16 21:39:05,094][train.py][line:245][INFO] Val: ma_f1: 63.32	acc: 58.27	avg_f1: 62.93	ma_all_f1: 57.73	mi_all_f1: 58.27	favor_f1: 65.05	against_f1: 61.58	none_f1: 46.56
[2024-01-16 21:39:05,408][train.py][line:261][INFO] Best_test: epoch:7	ma_f1: 68.1	acc: 70.72	avg_f1: 67.34	ma_all_f1: 71.05	mi_all_f1: 70.72	favor_f1: 74.92	against_f1: 61.27	none_f1: 76.95
[2024-01-16 21:39:05,409][train.py][line:263][INFO] Best_val: epoch:7	ma_f1: 68.1	acc: 70.72	avg_f1: 67.34	ma_all_f1: 71.05	mi_all_f1: 70.72	favor_f1: 74.92	against_f1: 61.27	none_f1: 76.95
[2024-01-16 21:40:13,548][train.py][line:150][INFO] cuda memory allocated: 457956352
[2024-01-16 21:40:13,552][train.py][line:165][INFO] > n_trainable_params: 114203199, n_nontrainable_params: 0
[2024-01-16 21:40:13,552][train.py][line:166][INFO] > training arguments:
[2024-01-16 21:40:13,552][train.py][line:168][INFO] >>> model_name: bert_fol_graph
[2024-01-16 21:40:13,552][train.py][line:168][INFO] >>> dataset: dt-
[2024-01-16 21:40:13,552][train.py][line:168][INFO] >>> optimizer: <class 'transformers.optimization.AdamW'>
[2024-01-16 21:40:13,552][train.py][line:168][INFO] >>> initializer: <function xavier_uniform_ at 0x7fa39dfc74c0>
[2024-01-16 21:40:13,552][train.py][line:168][INFO] >>> lr: 0.001
[2024-01-16 21:40:13,553][train.py][line:168][INFO] >>> bert_lr: 5e-06
[2024-01-16 21:40:13,553][train.py][line:168][INFO] >>> dropout: 0.2
[2024-01-16 21:40:13,553][train.py][line:168][INFO] >>> num_epoch: 20
[2024-01-16 21:40:13,553][train.py][line:168][INFO] >>> batch_size: 16
[2024-01-16 21:40:13,553][train.py][line:168][INFO] >>> log_step: -1
[2024-01-16 21:40:13,553][train.py][line:168][INFO] >>> pretrained_model_name: bert-base-uncased
[2024-01-16 21:40:13,553][train.py][line:168][INFO] >>> max_seq_len: 60
[2024-01-16 21:40:13,553][train.py][line:168][INFO] >>> polarities_dim: 3
[2024-01-16 21:40:13,553][train.py][line:168][INFO] >>> patience: 5
[2024-01-16 21:40:13,553][train.py][line:168][INFO] >>> device: cuda:0
[2024-01-16 21:40:13,553][train.py][line:168][INFO] >>> save_model: False
[2024-01-16 21:40:13,553][train.py][line:168][INFO] >>> seed: 1
[2024-01-16 21:40:13,553][train.py][line:168][INFO] >>> valset_ratio: 0.0
[2024-01-16 21:40:13,553][train.py][line:168][INFO] >>> embed_dim: 300
[2024-01-16 21:40:13,553][train.py][line:168][INFO] >>> hidden_dim: 300
[2024-01-16 21:40:13,553][train.py][line:168][INFO] >>> pid: 1
[2024-01-16 21:40:13,553][train.py][line:168][INFO] >>> tid: 1
[2024-01-16 21:40:13,553][train.py][line:168][INFO] >>> lid: 0
[2024-01-16 21:40:13,553][train.py][line:168][INFO] >>> llambda: 0.5
[2024-01-16 21:40:13,553][train.py][line:168][INFO] >>> use_prompt: True
[2024-01-16 21:40:13,553][train.py][line:168][INFO] >>> with_text: False
[2024-01-16 21:40:13,553][train.py][line:168][INFO] >>> model_class: <class 'models.bert_fol_text_graph.BERT_FOL_G'>
[2024-01-16 21:40:13,553][train.py][line:168][INFO] >>> dataset_file: {'train': ['/home/dingdaijun/data_list/dingdaijun/LTN_merge/datasets/merge/la/la.csv', '/home/dingdaijun/data_list/dingdaijun/LTN_merge/datasets/merge/fm/fm.csv', '/home/dingdaijun/data_list/dingdaijun/LTN_merge/datasets/merge/hc/hc.csv'], 'test': '/home/dingdaijun/data_list/dingdaijun/LTN_merge/datasets/merge/dt/dt.csv'}
[2024-01-16 21:40:13,553][train.py][line:168][INFO] >>> inputs_cols: ['bert_fol_inputs', 'bert_fol_type', 'bert_fol_mask', 'bert_text_inputs', 'bert_text_type', 'bert_text_mask', 'mlm_labels', 'graph_matrix', 'graph_text']
[2024-01-16 21:40:13,559][train.py][line:204][INFO] epoch: 0
[2024-01-16 21:40:17,945][train.py][line:242][INFO] 34/179	train_loss: 3.2541283488273622	train_acc: 49.64
[2024-01-16 21:40:19,010][train.py][line:245][INFO] Val: ma_f1: 45.3	acc: 42.57	avg_f1: 48.73	ma_all_f1: 30.2	mi_all_f1: 42.57	favor_f1: 33.61	against_f1: 56.99	none_f1: 0.0
[2024-01-16 21:40:20,075][train.py][line:252][INFO] Test: ma_f1: 45.3	acc: 42.57	avg_f1: 48.73	ma_all_f1: 30.2	mi_all_f1: 42.57	favor_f1: 33.61	against_f1: 56.99	none_f1: 0.0
[2024-01-16 21:40:22,842][train.py][line:242][INFO] 69/179	train_loss: 2.5553325976644246	train_acc: 51.61
[2024-01-16 21:40:23,910][train.py][line:245][INFO] Val: ma_f1: 44.74	acc: 47.67	avg_f1: 44.82	ma_all_f1: 47.87	mi_all_f1: 47.67	favor_f1: 53.68	against_f1: 35.8	none_f1: 54.12
[2024-01-16 21:40:26,689][train.py][line:242][INFO] 104/179	train_loss: 2.2021288773133643	train_acc: 55.06
[2024-01-16 21:40:27,749][train.py][line:245][INFO] Val: ma_f1: 53.48	acc: 58.7	avg_f1: 53.84	ma_all_f1: 56.86	mi_all_f1: 58.7	favor_f1: 51.48	against_f1: 55.49	none_f1: 63.61
[2024-01-16 21:40:28,811][train.py][line:252][INFO] Test: ma_f1: 53.48	acc: 58.7	avg_f1: 53.84	ma_all_f1: 56.86	mi_all_f1: 58.7	favor_f1: 51.48	against_f1: 55.49	none_f1: 63.61
[2024-01-16 21:40:31,604][train.py][line:242][INFO] 139/179	train_loss: 2.019291318580508	train_acc: 56.47
[2024-01-16 21:40:32,683][train.py][line:245][INFO] Val: ma_f1: 66.45	acc: 69.73	avg_f1: 65.93	ma_all_f1: 69.67	mi_all_f1: 69.73	favor_f1: 70.36	against_f1: 62.55	none_f1: 76.09
[2024-01-16 21:40:33,750][train.py][line:252][INFO] Test: ma_f1: 66.45	acc: 69.73	avg_f1: 65.93	ma_all_f1: 69.67	mi_all_f1: 69.73	favor_f1: 70.36	against_f1: 62.55	none_f1: 76.09
[2024-01-16 21:40:36,513][train.py][line:242][INFO] 174/179	train_loss: 1.8913198994312967	train_acc: 58.93
[2024-01-16 21:40:37,575][train.py][line:245][INFO] Val: ma_f1: 63.1	acc: 64.36	avg_f1: 62.64	ma_all_f1: 64.56	mi_all_f1: 64.36	favor_f1: 65.95	against_f1: 60.25	none_f1: 67.47
[2024-01-16 21:40:37,900][train.py][line:204][INFO] epoch: 1
[2024-01-16 21:40:40,664][train.py][line:242][INFO] 34/179	train_loss: 2.2021509681429183	train_acc: 59.46
[2024-01-16 21:40:41,725][train.py][line:245][INFO] Val: ma_f1: 52.01	acc: 58.98	avg_f1: 50.76	ma_all_f1: 57.5	mi_all_f1: 58.98	favor_f1: 66.44	against_f1: 37.59	none_f1: 68.46
[2024-01-16 21:40:44,494][train.py][line:242][INFO] 69/179	train_loss: 1.7975567677191326	train_acc: 63.3
[2024-01-16 21:40:45,552][train.py][line:245][INFO] Val: ma_f1: 55.35	acc: 47.95	avg_f1: 56.76	ma_all_f1: 38.39	mi_all_f1: 47.95	favor_f1: 50.66	against_f1: 60.04	none_f1: 4.46
[2024-01-16 21:40:48,322][train.py][line:242][INFO] 104/179	train_loss: 1.73201193071547	train_acc: 63.39
[2024-01-16 21:40:49,382][train.py][line:245][INFO] Val: ma_f1: 51.94	acc: 59.83	avg_f1: 53.77	ma_all_f1: 56.2	mi_all_f1: 59.83	favor_f1: 43.05	against_f1: 60.82	none_f1: 64.73
[2024-01-16 21:40:52,138][train.py][line:242][INFO] 139/179	train_loss: 1.5353541838803462	train_acc: 65.27
[2024-01-16 21:40:53,197][train.py][line:245][INFO] Val: ma_f1: 58.83	acc: 62.94	avg_f1: 59.17	ma_all_f1: 62.17	mi_all_f1: 62.94	favor_f1: 57.25	against_f1: 60.41	none_f1: 68.85
[2024-01-16 21:40:55,953][train.py][line:242][INFO] 174/179	train_loss: 1.4328473772747177	train_acc: 64.86
[2024-01-16 21:40:57,013][train.py][line:245][INFO] Val: ma_f1: 54.58	acc: 61.39	avg_f1: 56.0	ma_all_f1: 59.23	mi_all_f1: 61.39	favor_f1: 48.72	against_f1: 60.44	none_f1: 68.51
[2024-01-16 21:40:57,328][train.py][line:204][INFO] epoch: 2
[2024-01-16 21:41:00,094][train.py][line:242][INFO] 34/179	train_loss: 1.0912989914417266	train_acc: 63.93
[2024-01-16 21:41:01,157][train.py][line:245][INFO] Val: ma_f1: 59.58	acc: 53.32	avg_f1: 59.39	ma_all_f1: 51.38	mi_all_f1: 53.32	favor_f1: 60.89	against_f1: 58.26	none_f1: 34.99
[2024-01-16 21:41:03,917][train.py][line:242][INFO] 69/179	train_loss: 1.1751572085278374	train_acc: 62.86
[2024-01-16 21:41:04,978][train.py][line:245][INFO] Val: ma_f1: 64.32	acc: 63.79	avg_f1: 63.84	ma_all_f1: 64.43	mi_all_f1: 63.79	favor_f1: 69.74	against_f1: 58.89	none_f1: 64.67
[2024-01-16 21:41:07,749][train.py][line:242][INFO] 104/179	train_loss: 1.0721457651683262	train_acc: 65.36
[2024-01-16 21:41:08,811][train.py][line:245][INFO] Val: ma_f1: 61.22	acc: 67.04	avg_f1: 61.48	ma_all_f1: 65.84	mi_all_f1: 67.04	favor_f1: 59.92	against_f1: 62.52	none_f1: 75.09
[2024-01-16 21:41:11,618][train.py][line:242][INFO] 139/179	train_loss: 1.0178977257439068	train_acc: 66.25
[2024-01-16 21:41:12,679][train.py][line:245][INFO] Val: ma_f1: 55.88	acc: 47.38	avg_f1: 55.95	ma_all_f1: 43.12	mi_all_f1: 47.38	favor_f1: 55.6	against_f1: 56.15	none_f1: 17.61
[2024-01-16 21:41:15,442][train.py][line:242][INFO] 174/179	train_loss: 0.974204340321677	train_acc: 67.14
[2024-01-16 21:41:16,502][train.py][line:245][INFO] Val: ma_f1: 66.57	acc: 62.38	avg_f1: 66.06	ma_all_f1: 62.56	mi_all_f1: 62.38	favor_f1: 70.59	against_f1: 62.56	none_f1: 54.55
[2024-01-16 21:41:17,562][train.py][line:252][INFO] Test: ma_f1: 66.57	acc: 62.38	avg_f1: 66.06	ma_all_f1: 62.56	mi_all_f1: 62.38	favor_f1: 70.59	against_f1: 62.56	none_f1: 54.55
[2024-01-16 21:41:17,881][train.py][line:204][INFO] epoch: 3
[2024-01-16 21:41:20,652][train.py][line:242][INFO] 34/179	train_loss: 0.7839056296007973	train_acc: 73.04
[2024-01-16 21:41:21,712][train.py][line:245][INFO] Val: ma_f1: 64.37	acc: 53.89	avg_f1: 63.3	ma_all_f1: 51.3	mi_all_f1: 53.89	favor_f1: 69.57	against_f1: 59.17	none_f1: 25.16
[2024-01-16 21:41:24,485][train.py][line:242][INFO] 69/179	train_loss: 0.7719124666282109	train_acc: 71.88
[2024-01-16 21:41:25,544][train.py][line:245][INFO] Val: ma_f1: 49.29	acc: 61.24	avg_f1: 52.58	ma_all_f1: 56.43	mi_all_f1: 61.24	favor_f1: 37.25	against_f1: 61.32	none_f1: 70.7
[2024-01-16 21:41:28,311][train.py][line:242][INFO] 104/179	train_loss: 0.7539122808547247	train_acc: 71.9
[2024-01-16 21:41:29,371][train.py][line:245][INFO] Val: ma_f1: 66.3	acc: 61.81	avg_f1: 65.44	ma_all_f1: 62.61	mi_all_f1: 61.81	favor_f1: 70.93	against_f1: 61.67	none_f1: 55.24
[2024-01-16 21:41:32,138][train.py][line:242][INFO] 139/179	train_loss: 0.727878512442112	train_acc: 73.04
[2024-01-16 21:41:33,198][train.py][line:245][INFO] Val: ma_f1: 37.04	acc: 57.85	avg_f1: 44.36	ma_all_f1: 47.2	mi_all_f1: 57.85	favor_f1: 13.25	against_f1: 60.83	none_f1: 67.51
[2024-01-16 21:41:35,977][train.py][line:242][INFO] 174/179	train_loss: 0.7404898583889008	train_acc: 72.46
[2024-01-16 21:41:37,036][train.py][line:245][INFO] Val: ma_f1: 62.14	acc: 57.99	avg_f1: 62.09	ma_all_f1: 57.03	mi_all_f1: 57.99	favor_f1: 62.37	against_f1: 61.91	none_f1: 46.81
[2024-01-16 21:41:37,365][train.py][line:204][INFO] epoch: 4
[2024-01-16 21:41:40,126][train.py][line:242][INFO] 34/179	train_loss: 0.6862521375928606	train_acc: 73.75
[2024-01-16 21:41:41,186][train.py][line:245][INFO] Val: ma_f1: 62.8	acc: 59.69	avg_f1: 62.29	ma_all_f1: 60.16	mi_all_f1: 59.69	favor_f1: 66.29	against_f1: 59.31	none_f1: 54.88
[2024-01-16 21:41:43,955][train.py][line:242][INFO] 69/179	train_loss: 0.7149732687643596	train_acc: 72.59
[2024-01-16 21:41:45,018][train.py][line:245][INFO] Val: ma_f1: 61.0	acc: 66.9	avg_f1: 60.82	ma_all_f1: 65.93	mi_all_f1: 66.9	favor_f1: 62.19	against_f1: 59.82	none_f1: 75.77
[2024-01-16 21:41:47,862][train.py][line:242][INFO] 104/179	train_loss: 0.7256327288491385	train_acc: 72.26
[2024-01-16 21:41:48,925][train.py][line:245][INFO] Val: ma_f1: 68.02	acc: 62.52	avg_f1: 67.21	ma_all_f1: 62.86	mi_all_f1: 62.52	favor_f1: 72.45	against_f1: 63.6	none_f1: 52.53
[2024-01-16 21:41:49,984][train.py][line:252][INFO] Test: ma_f1: 68.02	acc: 62.52	avg_f1: 67.21	ma_all_f1: 62.86	mi_all_f1: 62.52	favor_f1: 72.45	against_f1: 63.6	none_f1: 52.53
[2024-01-16 21:41:52,772][train.py][line:242][INFO] 139/179	train_loss: 0.7312311431126935	train_acc: 72.28
[2024-01-16 21:41:53,851][train.py][line:245][INFO] Val: ma_f1: 60.01	acc: 63.79	avg_f1: 60.31	ma_all_f1: 63.14	mi_all_f1: 63.79	favor_f1: 58.59	against_f1: 61.42	none_f1: 69.41
[2024-01-16 21:41:56,657][train.py][line:242][INFO] 174/179	train_loss: 0.7168706545659475	train_acc: 72.54
[2024-01-16 21:41:57,718][train.py][line:245][INFO] Val: ma_f1: 64.88	acc: 65.63	avg_f1: 64.39	ma_all_f1: 66.19	mi_all_f1: 65.63	favor_f1: 67.95	against_f1: 61.82	none_f1: 68.81
[2024-01-16 21:41:58,039][train.py][line:204][INFO] epoch: 5
[2024-01-16 21:42:00,823][train.py][line:242][INFO] 34/179	train_loss: 0.7608944858823504	train_acc: 71.96
[2024-01-16 21:42:01,893][train.py][line:245][INFO] Val: ma_f1: 64.74	acc: 66.76	avg_f1: 64.64	ma_all_f1: 66.74	mi_all_f1: 66.76	favor_f1: 65.29	against_f1: 64.18	none_f1: 70.75
[2024-01-16 21:42:04,711][train.py][line:242][INFO] 69/179	train_loss: 0.7384600473301751	train_acc: 72.14
[2024-01-16 21:42:05,772][train.py][line:245][INFO] Val: ma_f1: 52.21	acc: 61.1	avg_f1: 54.58	ma_all_f1: 57.69	mi_all_f1: 61.1	favor_f1: 43.12	against_f1: 61.29	none_f1: 68.66
[2024-01-16 21:42:08,608][train.py][line:242][INFO] 104/179	train_loss: 0.7030491054058075	train_acc: 73.99
[2024-01-16 21:42:09,668][train.py][line:245][INFO] Val: ma_f1: 57.15	acc: 60.82	avg_f1: 57.36	ma_all_f1: 60.41	mi_all_f1: 60.82	favor_f1: 55.73	against_f1: 58.57	none_f1: 66.94
[2024-01-16 21:42:12,472][train.py][line:242][INFO] 139/179	train_loss: 0.6984381428786687	train_acc: 74.11
[2024-01-16 21:42:13,531][train.py][line:245][INFO] Val: ma_f1: 62.99	acc: 62.09	avg_f1: 62.46	ma_all_f1: 62.81	mi_all_f1: 62.09	favor_f1: 66.02	against_f1: 59.97	none_f1: 62.45
[2024-01-16 21:42:16,328][train.py][line:242][INFO] 174/179	train_loss: 0.684248178601265	train_acc: 74.11
[2024-01-16 21:42:17,390][train.py][line:245][INFO] Val: ma_f1: 49.58	acc: 59.83	avg_f1: 52.74	ma_all_f1: 55.45	mi_all_f1: 59.83	favor_f1: 38.24	against_f1: 60.92	none_f1: 67.21
[2024-01-16 21:42:17,709][train.py][line:204][INFO] epoch: 6
[2024-01-16 21:42:20,503][train.py][line:242][INFO] 34/179	train_loss: 0.6122453336204802	train_acc: 76.25
[2024-01-16 21:42:21,563][train.py][line:245][INFO] Val: ma_f1: 64.29	acc: 60.25	avg_f1: 63.94	ma_all_f1: 60.08	mi_all_f1: 60.25	favor_f1: 66.0	against_f1: 62.59	none_f1: 51.65
[2024-01-16 21:42:24,393][train.py][line:242][INFO] 69/179	train_loss: 0.584746065735817	train_acc: 76.52
[2024-01-16 21:42:25,459][train.py][line:245][INFO] Val: ma_f1: 64.38	acc: 60.68	avg_f1: 63.64	ma_all_f1: 61.59	mi_all_f1: 60.68	favor_f1: 68.24	against_f1: 60.51	none_f1: 56.02
[2024-01-16 21:42:28,266][train.py][line:242][INFO] 104/179	train_loss: 0.6140501896540324	train_acc: 76.19
[2024-01-16 21:42:29,329][train.py][line:245][INFO] Val: ma_f1: 55.49	acc: 52.9	avg_f1: 56.29	ma_all_f1: 50.88	mi_all_f1: 52.9	favor_f1: 52.42	against_f1: 58.57	none_f1: 41.67
[2024-01-16 21:42:32,178][train.py][line:242][INFO] 139/179	train_loss: 0.626304056601865	train_acc: 75.85
[2024-01-16 21:42:33,236][train.py][line:245][INFO] Val: ma_f1: 65.4	acc: 65.49	avg_f1: 64.84	ma_all_f1: 66.18	mi_all_f1: 65.49	favor_f1: 68.67	against_f1: 62.14	none_f1: 67.74
[2024-01-16 21:42:36,021][train.py][line:242][INFO] 174/179	train_loss: 0.6176534790652138	train_acc: 75.96
[2024-01-16 21:42:37,080][train.py][line:245][INFO] Val: ma_f1: 59.71	acc: 60.82	avg_f1: 60.05	ma_all_f1: 60.39	mi_all_f1: 60.82	favor_f1: 58.04	against_f1: 61.38	none_f1: 61.74
[2024-01-16 21:42:37,405][train.py][line:204][INFO] epoch: 7
[2024-01-16 21:42:40,173][train.py][line:242][INFO] 34/179	train_loss: 0.6412258646317891	train_acc: 73.39
[2024-01-16 21:42:41,233][train.py][line:245][INFO] Val: ma_f1: 59.93	acc: 62.66	avg_f1: 60.0	ma_all_f1: 62.3	mi_all_f1: 62.66	favor_f1: 59.56	against_f1: 60.29	none_f1: 67.05
[2024-01-16 21:42:44,000][train.py][line:242][INFO] 69/179	train_loss: 0.6071792438626289	train_acc: 74.91
[2024-01-16 21:42:45,062][train.py][line:245][INFO] Val: ma_f1: 62.3	acc: 62.94	avg_f1: 61.74	ma_all_f1: 63.5	mi_all_f1: 62.94	favor_f1: 65.79	against_f1: 58.8	none_f1: 65.9
[2024-01-16 21:42:47,830][train.py][line:242][INFO] 104/179	train_loss: 0.5622795517955508	train_acc: 77.26
[2024-01-16 21:42:48,889][train.py][line:245][INFO] Val: ma_f1: 67.18	acc: 70.3	avg_f1: 66.73	ma_all_f1: 70.32	mi_all_f1: 70.3	favor_f1: 71.39	against_f1: 62.98	none_f1: 76.59
[2024-01-16 21:42:51,678][train.py][line:242][INFO] 139/179	train_loss: 0.5546646183755781	train_acc: 78.08
[2024-01-16 21:42:52,739][train.py][line:245][INFO] Val: ma_f1: 62.69	acc: 62.09	avg_f1: 63.03	ma_all_f1: 61.47	mi_all_f1: 62.09	favor_f1: 61.24	against_f1: 64.13	none_f1: 59.05
[2024-01-16 21:42:55,506][train.py][line:242][INFO] 174/179	train_loss: 0.5769862808180707	train_acc: 77.0
[2024-01-16 21:42:56,565][train.py][line:245][INFO] Val: ma_f1: 62.76	acc: 66.34	avg_f1: 62.59	ma_all_f1: 65.82	mi_all_f1: 66.34	favor_f1: 63.77	against_f1: 61.76	none_f1: 71.94
[2024-01-16 21:42:56,887][train.py][line:204][INFO] epoch: 8
[2024-01-16 21:42:59,675][train.py][line:242][INFO] 34/179	train_loss: 0.5794575772115163	train_acc: 78.21
[2024-01-16 21:43:00,735][train.py][line:245][INFO] Val: ma_f1: 68.3	acc: 70.01	avg_f1: 67.83	ma_all_f1: 70.26	mi_all_f1: 70.01	favor_f1: 72.46	against_f1: 64.15	none_f1: 74.18
[2024-01-16 21:43:01,819][train.py][line:252][INFO] Test: ma_f1: 68.3	acc: 70.01	avg_f1: 67.83	ma_all_f1: 70.26	mi_all_f1: 70.01	favor_f1: 72.46	against_f1: 64.15	none_f1: 74.18
[2024-01-16 21:43:04,610][train.py][line:242][INFO] 69/179	train_loss: 0.5679445011275155	train_acc: 78.21
[2024-01-16 21:43:05,670][train.py][line:245][INFO] Val: ma_f1: 62.56	acc: 59.55	avg_f1: 62.35	ma_all_f1: 59.47	mi_all_f1: 59.55	favor_f1: 63.5	against_f1: 61.62	none_f1: 53.27
[2024-01-16 21:43:08,445][train.py][line:242][INFO] 104/179	train_loss: 0.551768528279804	train_acc: 77.5
[2024-01-16 21:43:09,504][train.py][line:245][INFO] Val: ma_f1: 64.22	acc: 55.02	avg_f1: 63.47	ma_all_f1: 52.71	mi_all_f1: 55.02	favor_f1: 67.73	against_f1: 60.7	none_f1: 29.7
[2024-01-16 21:43:12,306][train.py][line:242][INFO] 139/179	train_loss: 0.54911997142647	train_acc: 78.04
[2024-01-16 21:43:13,367][train.py][line:245][INFO] Val: ma_f1: 68.28	acc: 68.74	avg_f1: 67.8	ma_all_f1: 69.29	mi_all_f1: 68.74	favor_f1: 71.73	against_f1: 64.84	none_f1: 71.31
[2024-01-16 21:43:16,142][train.py][line:242][INFO] 174/179	train_loss: 0.5557526991622789	train_acc: 77.96
[2024-01-16 21:43:17,203][train.py][line:245][INFO] Val: ma_f1: 65.34	acc: 64.21	avg_f1: 64.5	ma_all_f1: 65.3	mi_all_f1: 64.21	favor_f1: 70.89	against_f1: 59.8	none_f1: 65.22
[2024-01-16 21:43:17,528][train.py][line:204][INFO] epoch: 9
[2024-01-16 21:43:20,305][train.py][line:242][INFO] 34/179	train_loss: 0.42236646243504117	train_acc: 82.68
[2024-01-16 21:43:21,366][train.py][line:245][INFO] Val: ma_f1: 58.67	acc: 62.8	avg_f1: 59.34	ma_all_f1: 61.79	mi_all_f1: 62.8	favor_f1: 55.69	against_f1: 61.65	none_f1: 68.02
[2024-01-16 21:43:24,165][train.py][line:242][INFO] 69/179	train_loss: 0.4168064835880484	train_acc: 83.66
[2024-01-16 21:43:25,226][train.py][line:245][INFO] Val: ma_f1: 64.21	acc: 55.87	avg_f1: 63.68	ma_all_f1: 53.48	mi_all_f1: 55.87	favor_f1: 66.43	against_f1: 61.98	none_f1: 32.02
[2024-01-16 21:43:27,999][train.py][line:242][INFO] 104/179	train_loss: 0.44229581022546405	train_acc: 82.38
[2024-01-16 21:43:29,060][train.py][line:245][INFO] Val: ma_f1: 65.51	acc: 61.24	avg_f1: 64.89	ma_all_f1: 61.6	mi_all_f1: 61.24	favor_f1: 69.39	against_f1: 61.63	none_f1: 53.79
[2024-01-16 21:43:31,860][train.py][line:242][INFO] 139/179	train_loss: 0.4326100205204317	train_acc: 82.72
[2024-01-16 21:43:32,920][train.py][line:245][INFO] Val: ma_f1: 66.74	acc: 61.53	avg_f1: 65.97	ma_all_f1: 62.01	mi_all_f1: 61.53	favor_f1: 70.89	against_f1: 62.59	none_f1: 52.55
[2024-01-16 21:43:35,690][train.py][line:242][INFO] 174/179	train_loss: 0.45441650616271156	train_acc: 82.14
[2024-01-16 21:43:36,751][train.py][line:245][INFO] Val: ma_f1: 65.48	acc: 64.36	avg_f1: 64.72	ma_all_f1: 65.36	mi_all_f1: 64.36	favor_f1: 70.06	against_f1: 60.9	none_f1: 65.13
[2024-01-16 21:43:37,074][train.py][line:204][INFO] epoch: 10
[2024-01-16 21:43:39,888][train.py][line:242][INFO] 34/179	train_loss: 0.4725724505526679	train_acc: 81.96
[2024-01-16 21:43:40,949][train.py][line:245][INFO] Val: ma_f1: 64.23	acc: 56.58	avg_f1: 63.73	ma_all_f1: 54.89	mi_all_f1: 56.58	favor_f1: 66.44	against_f1: 62.03	none_f1: 36.21
[2024-01-16 21:43:43,699][train.py][line:242][INFO] 69/179	train_loss: 0.45474949585539953	train_acc: 81.61
[2024-01-16 21:43:44,760][train.py][line:245][INFO] Val: ma_f1: 64.17	acc: 63.65	avg_f1: 63.67	ma_all_f1: 64.31	mi_all_f1: 63.65	favor_f1: 67.3	against_f1: 61.04	none_f1: 64.58
[2024-01-16 21:43:47,514][train.py][line:242][INFO] 104/179	train_loss: 0.45634718728916984	train_acc: 82.14
[2024-01-16 21:43:48,575][train.py][line:245][INFO] Val: ma_f1: 61.6	acc: 61.1	avg_f1: 61.36	ma_all_f1: 61.42	mi_all_f1: 61.1	favor_f1: 62.88	against_f1: 60.33	none_f1: 61.06
[2024-01-16 21:43:51,334][train.py][line:242][INFO] 139/179	train_loss: 0.4671741366918598	train_acc: 81.83
[2024-01-16 21:43:52,394][train.py][line:245][INFO] Val: ma_f1: 63.79	acc: 66.05	avg_f1: 63.45	ma_all_f1: 66.26	mi_all_f1: 66.05	favor_f1: 66.47	against_f1: 61.1	none_f1: 71.21
[2024-01-16 21:43:55,201][train.py][line:242][INFO] 174/179	train_loss: 0.45873965088810237	train_acc: 82.29
[2024-01-16 21:43:56,263][train.py][line:245][INFO] Val: ma_f1: 63.46	acc: 59.69	avg_f1: 62.72	ma_all_f1: 60.47	mi_all_f1: 59.69	favor_f1: 67.12	against_f1: 59.8	none_f1: 54.5
[2024-01-16 21:43:56,583][train.py][line:204][INFO] epoch: 11
[2024-01-16 21:43:59,350][train.py][line:242][INFO] 34/179	train_loss: 0.4863146790436336	train_acc: 80.71
[2024-01-16 21:44:00,410][train.py][line:245][INFO] Val: ma_f1: 58.52	acc: 52.05	avg_f1: 58.46	ma_all_f1: 50.31	mi_all_f1: 52.05	favor_f1: 58.78	against_f1: 58.27	none_f1: 33.88
[2024-01-16 21:44:03,173][train.py][line:242][INFO] 69/179	train_loss: 0.4597279776419912	train_acc: 81.16
[2024-01-16 21:44:04,234][train.py][line:245][INFO] Val: ma_f1: 59.65	acc: 54.6	avg_f1: 59.85	ma_all_f1: 52.33	mi_all_f1: 54.6	favor_f1: 58.82	against_f1: 60.48	none_f1: 37.68
[2024-01-16 21:44:07,007][train.py][line:242][INFO] 104/179	train_loss: 0.43983711827368965	train_acc: 81.96
[2024-01-16 21:44:08,065][train.py][line:245][INFO] Val: ma_f1: 62.48	acc: 60.4	avg_f1: 62.14	ma_all_f1: 60.74	mi_all_f1: 60.4	favor_f1: 64.24	against_f1: 60.71	none_f1: 57.27
[2024-01-16 21:44:10,839][train.py][line:242][INFO] 139/179	train_loss: 0.42584334430950027	train_acc: 82.54
[2024-01-16 21:44:11,897][train.py][line:245][INFO] Val: ma_f1: 52.71	acc: 55.59	avg_f1: 55.37	ma_all_f1: 51.5	mi_all_f1: 55.59	favor_f1: 43.52	against_f1: 61.9	none_f1: 49.1
[2024-01-16 21:44:14,675][train.py][line:242][INFO] 174/179	train_loss: 0.4294358974269458	train_acc: 82.75
[2024-01-16 21:44:15,736][train.py][line:245][INFO] Val: ma_f1: 63.53	acc: 63.51	avg_f1: 63.16	ma_all_f1: 63.98	mi_all_f1: 63.51	favor_f1: 65.54	against_f1: 61.51	none_f1: 64.88
[2024-01-16 21:44:16,076][train.py][line:204][INFO] epoch: 12
[2024-01-16 21:44:18,874][train.py][line:242][INFO] 34/179	train_loss: 0.3685902907380036	train_acc: 86.25
[2024-01-16 21:44:19,935][train.py][line:245][INFO] Val: ma_f1: 65.41	acc: 60.96	avg_f1: 64.52	ma_all_f1: 61.87	mi_all_f1: 60.96	favor_f1: 70.29	against_f1: 60.53	none_f1: 54.8
[2024-01-16 21:44:22,713][train.py][line:242][INFO] 69/179	train_loss: 0.37514468490013053	train_acc: 86.34
[2024-01-16 21:44:23,771][train.py][line:245][INFO] Val: ma_f1: 65.15	acc: 63.37	avg_f1: 64.63	ma_all_f1: 64.01	mi_all_f1: 63.37	favor_f1: 68.79	against_f1: 61.51	none_f1: 61.74
[2024-01-16 21:44:26,538][train.py][line:242][INFO] 104/179	train_loss: 0.3789629098560129	train_acc: 86.07
[2024-01-16 21:44:27,598][train.py][line:245][INFO] Val: ma_f1: 60.98	acc: 59.83	avg_f1: 60.98	ma_all_f1: 59.72	mi_all_f1: 59.83	favor_f1: 60.99	against_f1: 60.97	none_f1: 57.21
[2024-01-16 21:44:30,355][train.py][line:242][INFO] 139/179	train_loss: 0.37873532359621354	train_acc: 85.94
[2024-01-16 21:44:31,413][train.py][line:245][INFO] Val: ma_f1: 51.85	acc: 57.0	avg_f1: 54.22	ma_all_f1: 53.88	mi_all_f1: 57.0	favor_f1: 42.98	against_f1: 60.72	none_f1: 57.93
[2024-01-16 21:44:34,186][train.py][line:242][INFO] 174/179	train_loss: 0.381359428103481	train_acc: 85.79
[2024-01-16 21:44:35,247][train.py][line:245][INFO] Val: ma_f1: 62.38	acc: 58.27	avg_f1: 62.27	ma_all_f1: 57.24	mi_all_f1: 58.27	favor_f1: 62.93	against_f1: 61.83	none_f1: 46.96
[2024-01-16 21:44:35,566][train.py][line:204][INFO] epoch: 13
[2024-01-16 21:44:38,346][train.py][line:242][INFO] 34/179	train_loss: 0.33575690197093144	train_acc: 87.32
[2024-01-16 21:44:39,406][train.py][line:245][INFO] Val: ma_f1: 63.1	acc: 57.28	avg_f1: 62.61	ma_all_f1: 56.88	mi_all_f1: 57.28	favor_f1: 65.2	against_f1: 61.01	none_f1: 44.44
[2024-01-16 21:44:42,162][train.py][line:242][INFO] 69/179	train_loss: 0.3573546233720013	train_acc: 87.14
[2024-01-16 21:44:43,220][train.py][line:245][INFO] Val: ma_f1: 64.23	acc: 63.65	avg_f1: 64.14	ma_all_f1: 63.74	mi_all_f1: 63.65	favor_f1: 64.71	against_f1: 63.75	none_f1: 62.78
[2024-01-16 21:44:45,983][train.py][line:242][INFO] 104/179	train_loss: 0.37022857387505825	train_acc: 85.54
[2024-01-16 21:44:47,041][train.py][line:245][INFO] Val: ma_f1: 65.34	acc: 66.48	avg_f1: 64.66	ma_all_f1: 67.05	mi_all_f1: 66.48	favor_f1: 69.77	against_f1: 60.92	none_f1: 70.46
[2024-01-16 21:44:49,805][train.py][line:242][INFO] 139/179	train_loss: 0.37939563504021084	train_acc: 85.0
[2024-01-16 21:44:50,863][train.py][line:245][INFO] Val: ma_f1: 58.44	acc: 61.81	avg_f1: 59.43	ma_all_f1: 60.48	mi_all_f1: 61.81	favor_f1: 54.32	against_f1: 62.55	none_f1: 64.56
[2024-01-16 21:44:53,663][train.py][line:242][INFO] 174/179	train_loss: 0.3812305876506226	train_acc: 84.86
[2024-01-16 21:44:54,726][train.py][line:245][INFO] Val: ma_f1: 61.45	acc: 62.94	avg_f1: 61.03	ma_all_f1: 63.36	mi_all_f1: 62.94	favor_f1: 64.13	against_f1: 58.76	none_f1: 67.2
[2024-01-16 21:44:55,051][train.py][line:261][INFO] Best_test: epoch:8	ma_f1: 68.3	acc: 70.01	avg_f1: 67.83	ma_all_f1: 70.26	mi_all_f1: 70.01	favor_f1: 72.46	against_f1: 64.15	none_f1: 74.18
[2024-01-16 21:44:55,052][train.py][line:263][INFO] Best_val: epoch:8	ma_f1: 68.3	acc: 70.01	avg_f1: 67.83	ma_all_f1: 70.26	mi_all_f1: 70.01	favor_f1: 72.46	against_f1: 64.15	none_f1: 74.18
[2024-01-16 21:46:02,494][train.py][line:150][INFO] cuda memory allocated: 457956352
[2024-01-16 21:46:02,498][train.py][line:165][INFO] > n_trainable_params: 114203199, n_nontrainable_params: 0
[2024-01-16 21:46:02,498][train.py][line:166][INFO] > training arguments:
[2024-01-16 21:46:02,498][train.py][line:168][INFO] >>> model_name: bert_fol_graph
[2024-01-16 21:46:02,498][train.py][line:168][INFO] >>> dataset: dt-
[2024-01-16 21:46:02,498][train.py][line:168][INFO] >>> optimizer: <class 'transformers.optimization.AdamW'>
[2024-01-16 21:46:02,498][train.py][line:168][INFO] >>> initializer: <function xavier_uniform_ at 0x7f99f38fa4c0>
[2024-01-16 21:46:02,498][train.py][line:168][INFO] >>> lr: 0.001
[2024-01-16 21:46:02,498][train.py][line:168][INFO] >>> bert_lr: 5e-06
[2024-01-16 21:46:02,498][train.py][line:168][INFO] >>> dropout: 0.2
[2024-01-16 21:46:02,498][train.py][line:168][INFO] >>> num_epoch: 20
[2024-01-16 21:46:02,498][train.py][line:168][INFO] >>> batch_size: 16
[2024-01-16 21:46:02,498][train.py][line:168][INFO] >>> log_step: -1
[2024-01-16 21:46:02,498][train.py][line:168][INFO] >>> pretrained_model_name: bert-base-uncased
[2024-01-16 21:46:02,498][train.py][line:168][INFO] >>> max_seq_len: 60
[2024-01-16 21:46:02,498][train.py][line:168][INFO] >>> polarities_dim: 3
[2024-01-16 21:46:02,498][train.py][line:168][INFO] >>> patience: 5
[2024-01-16 21:46:02,498][train.py][line:168][INFO] >>> device: cuda:0
[2024-01-16 21:46:02,499][train.py][line:168][INFO] >>> save_model: False
[2024-01-16 21:46:02,499][train.py][line:168][INFO] >>> seed: 2
[2024-01-16 21:46:02,499][train.py][line:168][INFO] >>> valset_ratio: 0.0
[2024-01-16 21:46:02,499][train.py][line:168][INFO] >>> embed_dim: 300
[2024-01-16 21:46:02,499][train.py][line:168][INFO] >>> hidden_dim: 300
[2024-01-16 21:46:02,499][train.py][line:168][INFO] >>> pid: 1
[2024-01-16 21:46:02,499][train.py][line:168][INFO] >>> tid: 1
[2024-01-16 21:46:02,499][train.py][line:168][INFO] >>> lid: 0
[2024-01-16 21:46:02,499][train.py][line:168][INFO] >>> llambda: 0.5
[2024-01-16 21:46:02,499][train.py][line:168][INFO] >>> use_prompt: True
[2024-01-16 21:46:02,499][train.py][line:168][INFO] >>> with_text: False
[2024-01-16 21:46:02,499][train.py][line:168][INFO] >>> model_class: <class 'models.bert_fol_text_graph.BERT_FOL_G'>
[2024-01-16 21:46:02,499][train.py][line:168][INFO] >>> dataset_file: {'train': ['/home/dingdaijun/data_list/dingdaijun/LTN_merge/datasets/merge/la/la.csv', '/home/dingdaijun/data_list/dingdaijun/LTN_merge/datasets/merge/fm/fm.csv', '/home/dingdaijun/data_list/dingdaijun/LTN_merge/datasets/merge/hc/hc.csv'], 'test': '/home/dingdaijun/data_list/dingdaijun/LTN_merge/datasets/merge/dt/dt.csv'}
[2024-01-16 21:46:02,499][train.py][line:168][INFO] >>> inputs_cols: ['bert_fol_inputs', 'bert_fol_type', 'bert_fol_mask', 'bert_text_inputs', 'bert_text_type', 'bert_text_mask', 'mlm_labels', 'graph_matrix', 'graph_text']
[2024-01-16 21:46:02,504][train.py][line:204][INFO] epoch: 0
[2024-01-16 21:46:06,449][train.py][line:242][INFO] 34/179	train_loss: 1.9707180329731533	train_acc: 54.46
[2024-01-16 21:46:07,540][train.py][line:245][INFO] Val: ma_f1: 41.86	acc: 60.96	avg_f1: 46.7	ma_all_f1: 52.79	mi_all_f1: 60.96	favor_f1: 23.96	against_f1: 59.75	none_f1: 74.65
[2024-01-16 21:46:08,598][train.py][line:252][INFO] Test: ma_f1: 41.86	acc: 60.96	avg_f1: 46.7	ma_all_f1: 52.79	mi_all_f1: 60.96	favor_f1: 23.96	against_f1: 59.75	none_f1: 74.65
[2024-01-16 21:46:11,318][train.py][line:242][INFO] 69/179	train_loss: 1.7411287546157836	train_acc: 56.25
[2024-01-16 21:46:12,373][train.py][line:245][INFO] Val: ma_f1: 46.62	acc: 59.41	avg_f1: 48.97	ma_all_f1: 54.35	mi_all_f1: 59.41	favor_f1: 36.45	against_f1: 56.8	none_f1: 69.79
[2024-01-16 21:46:13,430][train.py][line:252][INFO] Test: ma_f1: 46.62	acc: 59.41	avg_f1: 48.97	ma_all_f1: 54.35	mi_all_f1: 59.41	favor_f1: 36.45	against_f1: 56.8	none_f1: 69.79
[2024-01-16 21:46:16,151][train.py][line:242][INFO] 104/179	train_loss: 1.641302522023519	train_acc: 55.89
[2024-01-16 21:46:17,207][train.py][line:245][INFO] Val: ma_f1: 38.72	acc: 43.28	avg_f1: 45.84	ma_all_f1: 26.07	mi_all_f1: 43.28	favor_f1: 18.29	against_f1: 59.16	none_f1: 0.76
[2024-01-16 21:46:19,926][train.py][line:242][INFO] 139/179	train_loss: 1.4800589448639325	train_acc: 58.08
[2024-01-16 21:46:20,982][train.py][line:245][INFO] Val: ma_f1: 61.12	acc: 56.58	avg_f1: 60.33	ma_all_f1: 57.03	mi_all_f1: 56.58	favor_f1: 66.85	against_f1: 55.38	none_f1: 48.85
[2024-01-16 21:46:22,039][train.py][line:252][INFO] Test: ma_f1: 61.12	acc: 56.58	avg_f1: 60.33	ma_all_f1: 57.03	mi_all_f1: 56.58	favor_f1: 66.85	against_f1: 55.38	none_f1: 48.85
[2024-01-16 21:46:24,759][train.py][line:242][INFO] 174/179	train_loss: 1.3867923392568315	train_acc: 59.29
[2024-01-16 21:46:25,813][train.py][line:245][INFO] Val: ma_f1: 52.85	acc: 64.36	avg_f1: 54.93	ma_all_f1: 60.44	mi_all_f1: 64.36	favor_f1: 44.44	against_f1: 61.25	none_f1: 75.63
[2024-01-16 21:46:26,122][train.py][line:204][INFO] epoch: 1
[2024-01-16 21:46:28,842][train.py][line:242][INFO] 34/179	train_loss: 1.1894426362855093	train_acc: 64.82
[2024-01-16 21:46:29,899][train.py][line:245][INFO] Val: ma_f1: 42.56	acc: 56.86	avg_f1: 47.93	ma_all_f1: 49.78	mi_all_f1: 56.86	favor_f1: 24.12	against_f1: 61.01	none_f1: 64.21
[2024-01-16 21:46:32,634][train.py][line:242][INFO] 69/179	train_loss: 1.176439361487116	train_acc: 64.82
[2024-01-16 21:46:33,690][train.py][line:245][INFO] Val: ma_f1: 64.46	acc: 67.19	avg_f1: 64.11	ma_all_f1: 67.2	mi_all_f1: 67.19	favor_f1: 66.15	against_f1: 62.76	none_f1: 72.69
[2024-01-16 21:46:34,745][train.py][line:252][INFO] Test: ma_f1: 64.46	acc: 67.19	avg_f1: 64.11	ma_all_f1: 67.2	mi_all_f1: 67.19	favor_f1: 66.15	against_f1: 62.76	none_f1: 72.69
[2024-01-16 21:46:37,485][train.py][line:242][INFO] 104/179	train_loss: 1.135917420898165	train_acc: 65.71
[2024-01-16 21:46:38,542][train.py][line:245][INFO] Val: ma_f1: 51.63	acc: 48.09	avg_f1: 54.05	ma_all_f1: 39.84	mi_all_f1: 48.09	favor_f1: 43.64	against_f1: 59.62	none_f1: 16.27
[2024-01-16 21:46:41,275][train.py][line:242][INFO] 139/179	train_loss: 1.1205736728651183	train_acc: 66.47
[2024-01-16 21:46:42,331][train.py][line:245][INFO] Val: ma_f1: 48.45	acc: 59.69	avg_f1: 50.55	ma_all_f1: 55.0	mi_all_f1: 59.69	favor_f1: 38.39	against_f1: 58.5	none_f1: 68.12
[2024-01-16 21:46:45,108][train.py][line:242][INFO] 174/179	train_loss: 1.0886196648223059	train_acc: 66.61
[2024-01-16 21:46:46,165][train.py][line:245][INFO] Val: ma_f1: 57.25	acc: 56.44	avg_f1: 58.34	ma_all_f1: 54.26	mi_all_f1: 56.44	favor_f1: 53.01	against_f1: 61.48	none_f1: 48.29
[2024-01-16 21:46:46,474][train.py][line:204][INFO] epoch: 2
[2024-01-16 21:46:49,203][train.py][line:242][INFO] 34/179	train_loss: 0.790729249375207	train_acc: 71.25
[2024-01-16 21:46:50,259][train.py][line:245][INFO] Val: ma_f1: 63.72	acc: 66.34	avg_f1: 63.16	ma_all_f1: 66.59	mi_all_f1: 66.34	favor_f1: 67.12	against_f1: 60.31	none_f1: 72.32
[2024-01-16 21:46:52,984][train.py][line:242][INFO] 69/179	train_loss: 0.8536963633128575	train_acc: 69.46
[2024-01-16 21:46:54,038][train.py][line:245][INFO] Val: ma_f1: 35.04	acc: 49.22	avg_f1: 42.77	ma_all_f1: 38.69	mi_all_f1: 49.22	favor_f1: 12.27	against_f1: 57.81	none_f1: 46.0
[2024-01-16 21:46:56,765][train.py][line:242][INFO] 104/179	train_loss: 0.8500465946538108	train_acc: 69.05
[2024-01-16 21:46:57,821][train.py][line:245][INFO] Val: ma_f1: 56.82	acc: 61.81	avg_f1: 57.43	ma_all_f1: 60.66	mi_all_f1: 61.81	favor_f1: 54.24	against_f1: 59.39	none_f1: 68.34
[2024-01-16 21:47:00,555][train.py][line:242][INFO] 139/179	train_loss: 0.8518990693347794	train_acc: 68.57
[2024-01-16 21:47:01,609][train.py][line:245][INFO] Val: ma_f1: 63.68	acc: 59.83	avg_f1: 63.09	ma_all_f1: 60.3	mi_all_f1: 59.83	favor_f1: 66.67	against_f1: 60.69	none_f1: 53.55
[2024-01-16 21:47:04,345][train.py][line:242][INFO] 174/179	train_loss: 0.8275517458575112	train_acc: 69.64
[2024-01-16 21:47:05,400][train.py][line:245][INFO] Val: ma_f1: 65.89	acc: 66.48	avg_f1: 64.87	ma_all_f1: 67.33	mi_all_f1: 66.48	favor_f1: 72.97	against_f1: 58.8	none_f1: 70.21
[2024-01-16 21:47:06,455][train.py][line:252][INFO] Test: ma_f1: 65.89	acc: 66.48	avg_f1: 64.87	ma_all_f1: 67.33	mi_all_f1: 66.48	favor_f1: 72.97	against_f1: 58.8	none_f1: 70.21
[2024-01-16 21:47:06,768][train.py][line:204][INFO] epoch: 3
[2024-01-16 21:47:09,492][train.py][line:242][INFO] 34/179	train_loss: 0.7362333016736167	train_acc: 71.43
[2024-01-16 21:47:10,548][train.py][line:245][INFO] Val: ma_f1: 61.92	acc: 65.06	avg_f1: 61.23	ma_all_f1: 65.3	mi_all_f1: 65.06	favor_f1: 70.72	against_f1: 53.12	none_f1: 72.07
[2024-01-16 21:47:13,277][train.py][line:242][INFO] 69/179	train_loss: 0.7358297684362957	train_acc: 70.36
[2024-01-16 21:47:14,336][train.py][line:245][INFO] Val: ma_f1: 59.55	acc: 57.71	avg_f1: 60.07	ma_all_f1: 56.45	mi_all_f1: 57.71	favor_f1: 57.48	against_f1: 61.62	none_f1: 50.25
[2024-01-16 21:47:17,098][train.py][line:242][INFO] 104/179	train_loss: 0.7120223848592667	train_acc: 71.85
[2024-01-16 21:47:18,152][train.py][line:245][INFO] Val: ma_f1: 60.23	acc: 64.5	avg_f1: 60.45	ma_all_f1: 63.81	mi_all_f1: 64.5	favor_f1: 59.2	against_f1: 61.25	none_f1: 70.99
[2024-01-16 21:47:20,900][train.py][line:242][INFO] 139/179	train_loss: 0.7059687520776476	train_acc: 72.46
[2024-01-16 21:47:21,961][train.py][line:245][INFO] Val: ma_f1: 66.49	acc: 67.61	avg_f1: 65.72	ma_all_f1: 68.21	mi_all_f1: 67.61	favor_f1: 74.27	against_f1: 58.71	none_f1: 71.66
[2024-01-16 21:47:23,017][train.py][line:252][INFO] Test: ma_f1: 66.49	acc: 67.61	avg_f1: 65.72	ma_all_f1: 68.21	mi_all_f1: 67.61	favor_f1: 74.27	against_f1: 58.71	none_f1: 71.66
[2024-01-16 21:47:25,752][train.py][line:242][INFO] 174/179	train_loss: 0.7145131475584847	train_acc: 72.25
[2024-01-16 21:47:26,806][train.py][line:245][INFO] Val: ma_f1: 57.04	acc: 60.25	avg_f1: 57.92	ma_all_f1: 58.81	mi_all_f1: 60.25	favor_f1: 52.94	against_f1: 61.13	none_f1: 62.37
[2024-01-16 21:47:27,120][train.py][line:204][INFO] epoch: 4
[2024-01-16 21:47:29,836][train.py][line:242][INFO] 34/179	train_loss: 0.7526936318193164	train_acc: 70.71
[2024-01-16 21:47:30,890][train.py][line:245][INFO] Val: ma_f1: 51.69	acc: 47.24	avg_f1: 53.85	ma_all_f1: 39.01	mi_all_f1: 47.24	favor_f1: 44.44	against_f1: 58.93	none_f1: 13.65
[2024-01-16 21:47:33,625][train.py][line:242][INFO] 69/179	train_loss: 0.6841131623302187	train_acc: 72.14
[2024-01-16 21:47:34,682][train.py][line:245][INFO] Val: ma_f1: 64.2	acc: 61.53	avg_f1: 63.81	ma_all_f1: 61.87	mi_all_f1: 61.53	favor_f1: 65.91	against_f1: 62.5	none_f1: 57.21
[2024-01-16 21:47:37,411][train.py][line:242][INFO] 104/179	train_loss: 0.6848667510918208	train_acc: 72.14
[2024-01-16 21:47:38,466][train.py][line:245][INFO] Val: ma_f1: 65.15	acc: 65.06	avg_f1: 64.46	ma_all_f1: 65.92	mi_all_f1: 65.06	favor_f1: 69.28	against_f1: 61.01	none_f1: 67.47
[2024-01-16 21:47:41,194][train.py][line:242][INFO] 139/179	train_loss: 0.6568853278245245	train_acc: 73.53
[2024-01-16 21:47:42,250][train.py][line:245][INFO] Val: ma_f1: 67.48	acc: 66.76	avg_f1: 66.56	ma_all_f1: 67.92	mi_all_f1: 66.76	favor_f1: 75.0	against_f1: 59.96	none_f1: 68.79
[2024-01-16 21:47:43,305][train.py][line:252][INFO] Test: ma_f1: 67.48	acc: 66.76	avg_f1: 66.56	ma_all_f1: 67.92	mi_all_f1: 66.76	favor_f1: 75.0	against_f1: 59.96	none_f1: 68.79
[2024-01-16 21:47:46,032][train.py][line:242][INFO] 174/179	train_loss: 0.6620121877534049	train_acc: 73.68
[2024-01-16 21:47:47,089][train.py][line:245][INFO] Val: ma_f1: 67.84	acc: 67.19	avg_f1: 66.88	ma_all_f1: 68.35	mi_all_f1: 67.19	favor_f1: 76.3	against_f1: 59.38	none_f1: 69.36
[2024-01-16 21:47:48,144][train.py][line:252][INFO] Test: ma_f1: 67.84	acc: 67.19	avg_f1: 66.88	ma_all_f1: 68.35	mi_all_f1: 67.19	favor_f1: 76.3	against_f1: 59.38	none_f1: 69.36
[2024-01-16 21:47:48,460][train.py][line:204][INFO] epoch: 5
[2024-01-16 21:47:51,187][train.py][line:242][INFO] 34/179	train_loss: 0.5549390064818519	train_acc: 78.21
[2024-01-16 21:47:52,240][train.py][line:245][INFO] Val: ma_f1: 65.91	acc: 67.19	avg_f1: 65.04	ma_all_f1: 67.99	mi_all_f1: 67.19	favor_f1: 72.62	against_f1: 59.21	none_f1: 72.15
[2024-01-16 21:47:54,967][train.py][line:242][INFO] 69/179	train_loss: 0.5664571448096207	train_acc: 77.41
[2024-01-16 21:47:56,021][train.py][line:245][INFO] Val: ma_f1: 66.92	acc: 67.75	avg_f1: 65.9	ma_all_f1: 68.68	mi_all_f1: 67.75	favor_f1: 74.36	against_f1: 59.49	none_f1: 72.2
[2024-01-16 21:47:58,764][train.py][line:242][INFO] 104/179	train_loss: 0.5660864690230006	train_acc: 77.68
[2024-01-16 21:47:59,819][train.py][line:245][INFO] Val: ma_f1: 61.9	acc: 56.86	avg_f1: 61.67	ma_all_f1: 56.29	mi_all_f1: 56.86	favor_f1: 62.98	against_f1: 60.82	none_f1: 45.06
[2024-01-16 21:48:02,551][train.py][line:242][INFO] 139/179	train_loss: 0.5723193586404834	train_acc: 77.32
[2024-01-16 21:48:03,605][train.py][line:245][INFO] Val: ma_f1: 66.7	acc: 64.5	avg_f1: 65.76	ma_all_f1: 65.74	mi_all_f1: 64.5	favor_f1: 72.78	against_f1: 60.62	none_f1: 63.83
[2024-01-16 21:48:06,329][train.py][line:242][INFO] 174/179	train_loss: 0.6097472935489245	train_acc: 75.5
[2024-01-16 21:48:07,384][train.py][line:245][INFO] Val: ma_f1: 63.81	acc: 58.27	avg_f1: 62.8	ma_all_f1: 59.04	mi_all_f1: 58.27	favor_f1: 69.21	against_f1: 58.42	none_f1: 49.5
[2024-01-16 21:48:07,700][train.py][line:204][INFO] epoch: 6
[2024-01-16 21:48:10,422][train.py][line:242][INFO] 34/179	train_loss: 0.5084983131715229	train_acc: 79.11
[2024-01-16 21:48:11,477][train.py][line:245][INFO] Val: ma_f1: 66.42	acc: 63.51	avg_f1: 65.6	ma_all_f1: 64.57	mi_all_f1: 63.51	favor_f1: 71.01	against_f1: 61.82	none_f1: 60.87
[2024-01-16 21:48:14,215][train.py][line:242][INFO] 69/179	train_loss: 0.5075451513486249	train_acc: 79.2
[2024-01-16 21:48:15,271][train.py][line:245][INFO] Val: ma_f1: 63.74	acc: 62.09	avg_f1: 63.21	ma_all_f1: 62.78	mi_all_f1: 62.09	favor_f1: 66.17	against_f1: 61.31	none_f1: 60.87
[2024-01-16 21:48:18,000][train.py][line:242][INFO] 104/179	train_loss: 0.5319476067310288	train_acc: 78.33
[2024-01-16 21:48:19,057][train.py][line:245][INFO] Val: ma_f1: 64.53	acc: 64.78	avg_f1: 64.01	ma_all_f1: 65.42	mi_all_f1: 64.78	favor_f1: 67.35	against_f1: 61.71	none_f1: 67.21
[2024-01-16 21:48:21,804][train.py][line:242][INFO] 139/179	train_loss: 0.5425732971834285	train_acc: 77.9
[2024-01-16 21:48:22,859][train.py][line:245][INFO] Val: ma_f1: 60.69	acc: 62.94	avg_f1: 60.79	ma_all_f1: 62.73	mi_all_f1: 62.94	favor_f1: 60.23	against_f1: 61.14	none_f1: 66.8
[2024-01-16 21:48:25,594][train.py][line:242][INFO] 174/179	train_loss: 0.540452849992684	train_acc: 77.71
[2024-01-16 21:48:26,650][train.py][line:245][INFO] Val: ma_f1: 66.5	acc: 66.05	avg_f1: 65.67	ma_all_f1: 67.09	mi_all_f1: 66.05	favor_f1: 71.33	against_f1: 61.66	none_f1: 68.26
[2024-01-16 21:48:26,960][train.py][line:204][INFO] epoch: 7
[2024-01-16 21:48:29,693][train.py][line:242][INFO] 34/179	train_loss: 0.6154127159288951	train_acc: 77.86
[2024-01-16 21:48:30,749][train.py][line:245][INFO] Val: ma_f1: 58.51	acc: 62.8	avg_f1: 59.1	ma_all_f1: 61.8	mi_all_f1: 62.8	favor_f1: 55.97	against_f1: 61.05	none_f1: 68.38
[2024-01-16 21:48:33,478][train.py][line:242][INFO] 69/179	train_loss: 0.5541127419897488	train_acc: 79.38
[2024-01-16 21:48:34,533][train.py][line:245][INFO] Val: ma_f1: 63.11	acc: 61.39	avg_f1: 62.87	ma_all_f1: 61.62	mi_all_f1: 61.39	favor_f1: 64.15	against_f1: 62.06	none_f1: 58.64
[2024-01-16 21:48:37,300][train.py][line:242][INFO] 104/179	train_loss: 0.5716758282411666	train_acc: 78.33
[2024-01-16 21:48:38,354][train.py][line:245][INFO] Val: ma_f1: 67.05	acc: 69.45	avg_f1: 66.14	ma_all_f1: 69.87	mi_all_f1: 69.45	favor_f1: 76.56	against_f1: 57.55	none_f1: 75.52
[2024-01-16 21:48:41,079][train.py][line:242][INFO] 139/179	train_loss: 0.5929469834480967	train_acc: 77.19
[2024-01-16 21:48:42,134][train.py][line:245][INFO] Val: ma_f1: 67.17	acc: 68.74	avg_f1: 66.33	ma_all_f1: 69.31	mi_all_f1: 68.74	favor_f1: 74.77	against_f1: 59.57	none_f1: 73.59
[2024-01-16 21:48:44,869][train.py][line:242][INFO] 174/179	train_loss: 0.5946701996667044	train_acc: 76.93
[2024-01-16 21:48:45,924][train.py][line:245][INFO] Val: ma_f1: 69.57	acc: 66.76	avg_f1: 68.58	ma_all_f1: 68.08	mi_all_f1: 66.76	favor_f1: 75.93	against_f1: 63.21	none_f1: 65.12
[2024-01-16 21:48:46,978][train.py][line:252][INFO] Test: ma_f1: 69.57	acc: 66.76	avg_f1: 68.58	ma_all_f1: 68.08	mi_all_f1: 66.76	favor_f1: 75.93	against_f1: 63.21	none_f1: 65.12
[2024-01-16 21:48:47,290][train.py][line:204][INFO] epoch: 8
[2024-01-16 21:48:50,013][train.py][line:242][INFO] 34/179	train_loss: 0.46373885997704095	train_acc: 79.11
[2024-01-16 21:48:51,068][train.py][line:245][INFO] Val: ma_f1: 65.12	acc: 66.2	avg_f1: 64.53	ma_all_f1: 66.72	mi_all_f1: 66.2	favor_f1: 68.15	against_f1: 62.09	none_f1: 69.92
[2024-01-16 21:48:53,800][train.py][line:242][INFO] 69/179	train_loss: 0.459077373785632	train_acc: 80.36
[2024-01-16 21:48:54,854][train.py][line:245][INFO] Val: ma_f1: 67.18	acc: 64.5	avg_f1: 66.28	ma_all_f1: 65.7	mi_all_f1: 64.5	favor_f1: 71.92	against_f1: 62.44	none_f1: 62.74
[2024-01-16 21:48:57,576][train.py][line:242][INFO] 104/179	train_loss: 0.46791554263659885	train_acc: 80.06
[2024-01-16 21:48:58,630][train.py][line:245][INFO] Val: ma_f1: 64.03	acc: 66.62	avg_f1: 63.34	ma_all_f1: 66.69	mi_all_f1: 66.62	favor_f1: 68.94	against_f1: 59.12	none_f1: 72.0
[2024-01-16 21:49:01,371][train.py][line:242][INFO] 139/179	train_loss: 0.46729267590812273	train_acc: 80.45
[2024-01-16 21:49:02,425][train.py][line:245][INFO] Val: ma_f1: 63.02	acc: 66.48	avg_f1: 62.08	ma_all_f1: 66.39	mi_all_f1: 66.48	favor_f1: 72.03	against_f1: 54.01	none_f1: 73.13
[2024-01-16 21:49:05,167][train.py][line:242][INFO] 174/179	train_loss: 0.490883966088295	train_acc: 79.68
[2024-01-16 21:49:06,222][train.py][line:245][INFO] Val: ma_f1: 59.84	acc: 65.21	avg_f1: 59.6	ma_all_f1: 64.26	mi_all_f1: 65.21	favor_f1: 61.11	against_f1: 58.57	none_f1: 73.09
[2024-01-16 21:49:06,533][train.py][line:204][INFO] epoch: 9
[2024-01-16 21:49:09,263][train.py][line:242][INFO] 34/179	train_loss: 0.4634523144790104	train_acc: 81.79
[2024-01-16 21:49:10,319][train.py][line:245][INFO] Val: ma_f1: 63.94	acc: 61.67	avg_f1: 63.3	ma_all_f1: 62.53	mi_all_f1: 61.67	favor_f1: 66.92	against_f1: 60.97	none_f1: 59.7
[2024-01-16 21:49:13,064][train.py][line:242][INFO] 69/179	train_loss: 0.44372789402093205	train_acc: 82.32
[2024-01-16 21:49:14,118][train.py][line:245][INFO] Val: ma_f1: 63.7	acc: 64.5	avg_f1: 63.29	ma_all_f1: 64.96	mi_all_f1: 64.5	favor_f1: 65.67	against_f1: 61.73	none_f1: 67.47
[2024-01-16 21:49:16,847][train.py][line:242][INFO] 104/179	train_loss: 0.45190621209996085	train_acc: 81.55
[2024-01-16 21:49:17,903][train.py][line:245][INFO] Val: ma_f1: 60.82	acc: 65.35	avg_f1: 60.68	ma_all_f1: 64.74	mi_all_f1: 65.35	favor_f1: 61.54	against_f1: 60.1	none_f1: 72.57
[2024-01-16 21:49:20,636][train.py][line:242][INFO] 139/179	train_loss: 0.47652511463633607	train_acc: 80.4
[2024-01-16 21:49:21,692][train.py][line:245][INFO] Val: ma_f1: 63.82	acc: 67.33	avg_f1: 63.18	ma_all_f1: 67.22	mi_all_f1: 67.33	favor_f1: 67.64	against_f1: 60.0	none_f1: 74.02
[2024-01-16 21:49:24,416][train.py][line:242][INFO] 174/179	train_loss: 0.46876315789563316	train_acc: 80.79
[2024-01-16 21:49:25,470][train.py][line:245][INFO] Val: ma_f1: 59.56	acc: 61.24	avg_f1: 59.89	ma_all_f1: 60.83	mi_all_f1: 61.24	favor_f1: 58.14	against_f1: 60.98	none_f1: 63.36
[2024-01-16 21:49:25,777][train.py][line:204][INFO] epoch: 10
[2024-01-16 21:49:28,499][train.py][line:242][INFO] 34/179	train_loss: 0.43247294681412835	train_acc: 81.96
[2024-01-16 21:49:29,554][train.py][line:245][INFO] Val: ma_f1: 61.08	acc: 63.08	avg_f1: 61.22	ma_all_f1: 62.81	mi_all_f1: 63.08	favor_f1: 60.48	against_f1: 61.68	none_f1: 66.27
[2024-01-16 21:49:32,287][train.py][line:242][INFO] 69/179	train_loss: 0.41619007619363924	train_acc: 83.04
[2024-01-16 21:49:33,341][train.py][line:245][INFO] Val: ma_f1: 61.51	acc: 56.44	avg_f1: 61.0	ma_all_f1: 56.49	mi_all_f1: 56.44	favor_f1: 63.6	against_f1: 59.41	none_f1: 46.45
[2024-01-16 21:49:36,086][train.py][line:242][INFO] 104/179	train_loss: 0.4206840786905516	train_acc: 82.56
[2024-01-16 21:49:37,141][train.py][line:245][INFO] Val: ma_f1: 55.83	acc: 60.54	avg_f1: 57.04	ma_all_f1: 58.69	mi_all_f1: 60.54	favor_f1: 50.88	against_f1: 60.79	none_f1: 64.39
[2024-01-16 21:49:39,876][train.py][line:242][INFO] 139/179	train_loss: 0.42526547589472363	train_acc: 82.72
[2024-01-16 21:49:40,931][train.py][line:245][INFO] Val: ma_f1: 59.23	acc: 56.44	avg_f1: 59.94	ma_all_f1: 54.55	mi_all_f1: 56.44	favor_f1: 56.65	against_f1: 61.81	none_f1: 45.19
[2024-01-16 21:49:43,663][train.py][line:242][INFO] 174/179	train_loss: 0.43855608650616235	train_acc: 82.46
[2024-01-16 21:49:44,718][train.py][line:245][INFO] Val: ma_f1: 62.8	acc: 58.7	avg_f1: 61.99	ma_all_f1: 59.59	mi_all_f1: 58.7	favor_f1: 66.89	against_f1: 58.7	none_f1: 53.18
[2024-01-16 21:49:45,030][train.py][line:204][INFO] epoch: 11
[2024-01-16 21:49:47,753][train.py][line:242][INFO] 34/179	train_loss: 0.44805665825094493	train_acc: 82.32
[2024-01-16 21:49:48,818][train.py][line:245][INFO] Val: ma_f1: 65.41	acc: 64.78	avg_f1: 64.55	ma_all_f1: 65.87	mi_all_f1: 64.78	favor_f1: 70.89	against_f1: 59.93	none_f1: 66.8
[2024-01-16 21:49:51,563][train.py][line:242][INFO] 69/179	train_loss: 0.42363584360906054	train_acc: 83.57
[2024-01-16 21:49:52,619][train.py][line:245][INFO] Val: ma_f1: 57.14	acc: 57.0	avg_f1: 58.36	ma_all_f1: 55.04	mi_all_f1: 57.0	favor_f1: 52.63	against_f1: 61.64	none_f1: 50.84
[2024-01-16 21:49:55,351][train.py][line:242][INFO] 104/179	train_loss: 0.427488964228403	train_acc: 83.15
[2024-01-16 21:49:56,406][train.py][line:245][INFO] Val: ma_f1: 62.04	acc: 63.08	avg_f1: 61.96	ma_all_f1: 63.17	mi_all_f1: 63.08	favor_f1: 62.41	against_f1: 61.68	none_f1: 65.42
[2024-01-16 21:49:59,129][train.py][line:242][INFO] 139/179	train_loss: 0.42016936987638476	train_acc: 83.53
[2024-01-16 21:50:00,185][train.py][line:245][INFO] Val: ma_f1: 55.32	acc: 61.24	avg_f1: 56.37	ma_all_f1: 59.14	mi_all_f1: 61.24	favor_f1: 50.91	against_f1: 59.74	none_f1: 66.78
[2024-01-16 21:50:02,912][train.py][line:242][INFO] 174/179	train_loss: 0.4146520144173077	train_acc: 83.79
[2024-01-16 21:50:03,966][train.py][line:245][INFO] Val: ma_f1: 63.02	acc: 63.79	avg_f1: 62.5	ma_all_f1: 64.28	mi_all_f1: 63.79	favor_f1: 65.66	against_f1: 60.39	none_f1: 66.79
[2024-01-16 21:50:04,281][train.py][line:204][INFO] epoch: 12
[2024-01-16 21:50:07,001][train.py][line:242][INFO] 34/179	train_loss: 0.5286415670599256	train_acc: 77.5
[2024-01-16 21:50:08,056][train.py][line:245][INFO] Val: ma_f1: 52.73	acc: 59.12	avg_f1: 54.42	ma_all_f1: 56.67	mi_all_f1: 59.12	favor_f1: 46.15	against_f1: 59.3	none_f1: 64.55
[2024-01-16 21:50:10,780][train.py][line:242][INFO] 69/179	train_loss: 0.5023747724081788	train_acc: 79.55
[2024-01-16 21:50:11,836][train.py][line:245][INFO] Val: ma_f1: 62.88	acc: 59.55	avg_f1: 62.11	ma_all_f1: 60.45	mi_all_f1: 59.55	favor_f1: 66.89	against_f1: 58.88	none_f1: 55.58
[2024-01-16 21:50:14,560][train.py][line:242][INFO] 104/179	train_loss: 0.47163835217555367	train_acc: 81.37
[2024-01-16 21:50:15,616][train.py][line:245][INFO] Val: ma_f1: 63.84	acc: 58.13	avg_f1: 63.47	ma_all_f1: 57.3	mi_all_f1: 58.13	favor_f1: 65.47	against_f1: 62.22	none_f1: 44.2
[2024-01-16 21:50:18,348][train.py][line:242][INFO] 139/179	train_loss: 0.4521357484694038	train_acc: 82.46
[2024-01-16 21:50:19,402][train.py][line:245][INFO] Val: ma_f1: 58.14	acc: 61.81	avg_f1: 58.77	ma_all_f1: 60.77	mi_all_f1: 61.81	favor_f1: 55.46	against_f1: 60.82	none_f1: 66.02
[2024-01-16 21:50:22,144][train.py][line:242][INFO] 174/179	train_loss: 0.4430510879414422	train_acc: 82.43
[2024-01-16 21:50:23,199][train.py][line:245][INFO] Val: ma_f1: 63.51	acc: 64.5	avg_f1: 63.04	ma_all_f1: 65.01	mi_all_f1: 64.5	favor_f1: 66.22	against_f1: 60.81	none_f1: 67.99
[2024-01-16 21:50:23,512][train.py][line:261][INFO] Best_test: epoch:7	ma_f1: 69.57	acc: 66.76	avg_f1: 68.58	ma_all_f1: 68.08	mi_all_f1: 66.76	favor_f1: 75.93	against_f1: 63.21	none_f1: 65.12
[2024-01-16 21:50:23,513][train.py][line:263][INFO] Best_val: epoch:7	ma_f1: 69.57	acc: 66.76	avg_f1: 68.58	ma_all_f1: 68.08	mi_all_f1: 66.76	favor_f1: 75.93	against_f1: 63.21	none_f1: 65.12
