[2024-01-15 08:01:53,210][train.py][line:150][INFO] cuda memory allocated: 453247488
[2024-01-15 08:01:53,214][train.py][line:165][INFO] > n_trainable_params: 113025858, n_nontrainable_params: 0
[2024-01-15 08:01:53,214][train.py][line:166][INFO] > training arguments:
[2024-01-15 08:01:53,214][train.py][line:168][INFO] >>> model_name: bert_fol_graph
[2024-01-15 08:01:53,214][train.py][line:168][INFO] >>> dataset: la-
[2024-01-15 08:01:53,214][train.py][line:168][INFO] >>> optimizer: <class 'transformers.optimization.AdamW'>
[2024-01-15 08:01:53,214][train.py][line:168][INFO] >>> initializer: <function xavier_uniform_ at 0x7f778d9414c0>
[2024-01-15 08:01:53,214][train.py][line:168][INFO] >>> lr: 0.001
[2024-01-15 08:01:53,214][train.py][line:168][INFO] >>> bert_lr: 5e-06
[2024-01-15 08:01:53,214][train.py][line:168][INFO] >>> dropout: 0.2
[2024-01-15 08:01:53,214][train.py][line:168][INFO] >>> num_epoch: 20
[2024-01-15 08:01:53,214][train.py][line:168][INFO] >>> batch_size: 16
[2024-01-15 08:01:53,214][train.py][line:168][INFO] >>> log_step: -1
[2024-01-15 08:01:53,214][train.py][line:168][INFO] >>> pretrained_model_name: bert-base-uncased
[2024-01-15 08:01:53,215][train.py][line:168][INFO] >>> max_seq_len: 60
[2024-01-15 08:01:53,215][train.py][line:168][INFO] >>> polarities_dim: 3
[2024-01-15 08:01:53,215][train.py][line:168][INFO] >>> patience: 5
[2024-01-15 08:01:53,215][train.py][line:168][INFO] >>> device: cuda:0
[2024-01-15 08:01:53,215][train.py][line:168][INFO] >>> save_model: False
[2024-01-15 08:01:53,215][train.py][line:168][INFO] >>> seed: 0
[2024-01-15 08:01:53,215][train.py][line:168][INFO] >>> valset_ratio: 0.0
[2024-01-15 08:01:53,215][train.py][line:168][INFO] >>> embed_dim: 300
[2024-01-15 08:01:53,215][train.py][line:168][INFO] >>> hidden_dim: 300
[2024-01-15 08:01:53,215][train.py][line:168][INFO] >>> pid: 1
[2024-01-15 08:01:53,215][train.py][line:168][INFO] >>> tid: 1
[2024-01-15 08:01:53,215][train.py][line:168][INFO] >>> lid: 0
[2024-01-15 08:01:53,215][train.py][line:168][INFO] >>> llambda: 0.5
[2024-01-15 08:01:53,215][train.py][line:168][INFO] >>> use_prompt: True
[2024-01-15 08:01:53,215][train.py][line:168][INFO] >>> with_text: False
[2024-01-15 08:01:53,215][train.py][line:168][INFO] >>> model_class: <class 'models.bert_fol_text_graph.BERT_FOL_G'>
[2024-01-15 08:01:53,215][train.py][line:168][INFO] >>> dataset_file: {'train': ['/home/dingdaijun/data_list/dingdaijun/LTN_merge/datasets/merge/dt/dt.csv', '/home/dingdaijun/data_list/dingdaijun/LTN_merge/datasets/merge/fm/fm.csv', '/home/dingdaijun/data_list/dingdaijun/LTN_merge/datasets/merge/hc/hc.csv'], 'test': '/home/dingdaijun/data_list/dingdaijun/LTN_merge/datasets/merge/la/la.csv'}
[2024-01-15 08:01:53,215][train.py][line:168][INFO] >>> inputs_cols: ['bert_fol_inputs', 'bert_fol_type', 'bert_fol_mask', 'bert_text_inputs', 'bert_text_type', 'bert_text_mask', 'mlm_labels', 'graph_matrix', 'graph_text']
[2024-01-15 08:01:53,220][train.py][line:204][INFO] epoch: 0
[2024-01-15 08:03:02,392][train.py][line:150][INFO] cuda memory allocated: 453247488
[2024-01-15 08:03:02,396][train.py][line:165][INFO] > n_trainable_params: 113025858, n_nontrainable_params: 0
[2024-01-15 08:03:02,396][train.py][line:166][INFO] > training arguments:
[2024-01-15 08:03:02,396][train.py][line:168][INFO] >>> model_name: bert_fol_graph
[2024-01-15 08:03:02,396][train.py][line:168][INFO] >>> dataset: la-
[2024-01-15 08:03:02,396][train.py][line:168][INFO] >>> optimizer: <class 'transformers.optimization.AdamW'>
[2024-01-15 08:03:02,396][train.py][line:168][INFO] >>> initializer: <function xavier_uniform_ at 0x7fedd56274c0>
[2024-01-15 08:03:02,396][train.py][line:168][INFO] >>> lr: 0.001
[2024-01-15 08:03:02,396][train.py][line:168][INFO] >>> bert_lr: 5e-06
[2024-01-15 08:03:02,396][train.py][line:168][INFO] >>> dropout: 0.2
[2024-01-15 08:03:02,396][train.py][line:168][INFO] >>> num_epoch: 20
[2024-01-15 08:03:02,396][train.py][line:168][INFO] >>> batch_size: 16
[2024-01-15 08:03:02,396][train.py][line:168][INFO] >>> log_step: -1
[2024-01-15 08:03:02,396][train.py][line:168][INFO] >>> pretrained_model_name: bert-base-uncased
[2024-01-15 08:03:02,396][train.py][line:168][INFO] >>> max_seq_len: 60
[2024-01-15 08:03:02,396][train.py][line:168][INFO] >>> polarities_dim: 3
[2024-01-15 08:03:02,396][train.py][line:168][INFO] >>> patience: 5
[2024-01-15 08:03:02,396][train.py][line:168][INFO] >>> device: cuda:0
[2024-01-15 08:03:02,396][train.py][line:168][INFO] >>> save_model: False
[2024-01-15 08:03:02,396][train.py][line:168][INFO] >>> seed: 1
[2024-01-15 08:03:02,396][train.py][line:168][INFO] >>> valset_ratio: 0.0
[2024-01-15 08:03:02,397][train.py][line:168][INFO] >>> embed_dim: 300
[2024-01-15 08:03:02,397][train.py][line:168][INFO] >>> hidden_dim: 300
[2024-01-15 08:03:02,397][train.py][line:168][INFO] >>> pid: 1
[2024-01-15 08:03:02,397][train.py][line:168][INFO] >>> tid: 1
[2024-01-15 08:03:02,397][train.py][line:168][INFO] >>> lid: 0
[2024-01-15 08:03:02,397][train.py][line:168][INFO] >>> llambda: 0.5
[2024-01-15 08:03:02,397][train.py][line:168][INFO] >>> use_prompt: True
[2024-01-15 08:03:02,397][train.py][line:168][INFO] >>> with_text: False
[2024-01-15 08:03:02,397][train.py][line:168][INFO] >>> model_class: <class 'models.bert_fol_text_graph.BERT_FOL_G'>
[2024-01-15 08:03:02,397][train.py][line:168][INFO] >>> dataset_file: {'train': ['/home/dingdaijun/data_list/dingdaijun/LTN_merge/datasets/merge/dt/dt.csv', '/home/dingdaijun/data_list/dingdaijun/LTN_merge/datasets/merge/fm/fm.csv', '/home/dingdaijun/data_list/dingdaijun/LTN_merge/datasets/merge/hc/hc.csv'], 'test': '/home/dingdaijun/data_list/dingdaijun/LTN_merge/datasets/merge/la/la.csv'}
[2024-01-15 08:03:02,397][train.py][line:168][INFO] >>> inputs_cols: ['bert_fol_inputs', 'bert_fol_type', 'bert_fol_mask', 'bert_text_inputs', 'bert_text_type', 'bert_text_mask', 'mlm_labels', 'graph_matrix', 'graph_text']
[2024-01-15 08:03:02,402][train.py][line:204][INFO] epoch: 0
[2024-01-15 08:04:11,048][train.py][line:150][INFO] cuda memory allocated: 453247488
[2024-01-15 08:04:11,052][train.py][line:165][INFO] > n_trainable_params: 113025858, n_nontrainable_params: 0
[2024-01-15 08:04:11,052][train.py][line:166][INFO] > training arguments:
[2024-01-15 08:04:11,052][train.py][line:168][INFO] >>> model_name: bert_fol_graph
[2024-01-15 08:04:11,052][train.py][line:168][INFO] >>> dataset: la-
[2024-01-15 08:04:11,052][train.py][line:168][INFO] >>> optimizer: <class 'transformers.optimization.AdamW'>
[2024-01-15 08:04:11,052][train.py][line:168][INFO] >>> initializer: <function xavier_uniform_ at 0x7ff944e9b4c0>
[2024-01-15 08:04:11,052][train.py][line:168][INFO] >>> lr: 0.001
[2024-01-15 08:04:11,052][train.py][line:168][INFO] >>> bert_lr: 5e-06
[2024-01-15 08:04:11,052][train.py][line:168][INFO] >>> dropout: 0.2
[2024-01-15 08:04:11,053][train.py][line:168][INFO] >>> num_epoch: 20
[2024-01-15 08:04:11,053][train.py][line:168][INFO] >>> batch_size: 16
[2024-01-15 08:04:11,053][train.py][line:168][INFO] >>> log_step: -1
[2024-01-15 08:04:11,053][train.py][line:168][INFO] >>> pretrained_model_name: bert-base-uncased
[2024-01-15 08:04:11,053][train.py][line:168][INFO] >>> max_seq_len: 60
[2024-01-15 08:04:11,053][train.py][line:168][INFO] >>> polarities_dim: 3
[2024-01-15 08:04:11,053][train.py][line:168][INFO] >>> patience: 5
[2024-01-15 08:04:11,053][train.py][line:168][INFO] >>> device: cuda:0
[2024-01-15 08:04:11,053][train.py][line:168][INFO] >>> save_model: False
[2024-01-15 08:04:11,053][train.py][line:168][INFO] >>> seed: 2
[2024-01-15 08:04:11,053][train.py][line:168][INFO] >>> valset_ratio: 0.0
[2024-01-15 08:04:11,053][train.py][line:168][INFO] >>> embed_dim: 300
[2024-01-15 08:04:11,053][train.py][line:168][INFO] >>> hidden_dim: 300
[2024-01-15 08:04:11,053][train.py][line:168][INFO] >>> pid: 1
[2024-01-15 08:04:11,053][train.py][line:168][INFO] >>> tid: 1
[2024-01-15 08:04:11,053][train.py][line:168][INFO] >>> lid: 0
[2024-01-15 08:04:11,053][train.py][line:168][INFO] >>> llambda: 0.5
[2024-01-15 08:04:11,053][train.py][line:168][INFO] >>> use_prompt: True
[2024-01-15 08:04:11,053][train.py][line:168][INFO] >>> with_text: False
[2024-01-15 08:04:11,053][train.py][line:168][INFO] >>> model_class: <class 'models.bert_fol_text_graph.BERT_FOL_G'>
[2024-01-15 08:04:11,053][train.py][line:168][INFO] >>> dataset_file: {'train': ['/home/dingdaijun/data_list/dingdaijun/LTN_merge/datasets/merge/dt/dt.csv', '/home/dingdaijun/data_list/dingdaijun/LTN_merge/datasets/merge/fm/fm.csv', '/home/dingdaijun/data_list/dingdaijun/LTN_merge/datasets/merge/hc/hc.csv'], 'test': '/home/dingdaijun/data_list/dingdaijun/LTN_merge/datasets/merge/la/la.csv'}
[2024-01-15 08:04:11,053][train.py][line:168][INFO] >>> inputs_cols: ['bert_fol_inputs', 'bert_fol_type', 'bert_fol_mask', 'bert_text_inputs', 'bert_text_type', 'bert_text_mask', 'mlm_labels', 'graph_matrix', 'graph_text']
[2024-01-15 08:04:11,058][train.py][line:204][INFO] epoch: 0
[2024-01-16 22:06:16,953][train.py][line:150][INFO] cuda memory allocated: 457956352
[2024-01-16 22:06:16,958][train.py][line:165][INFO] > n_trainable_params: 114203199, n_nontrainable_params: 0
[2024-01-16 22:06:16,958][train.py][line:166][INFO] > training arguments:
[2024-01-16 22:06:16,958][train.py][line:168][INFO] >>> model_name: bert_fol_graph
[2024-01-16 22:06:16,958][train.py][line:168][INFO] >>> dataset: la-
[2024-01-16 22:06:16,958][train.py][line:168][INFO] >>> optimizer: <class 'transformers.optimization.AdamW'>
[2024-01-16 22:06:16,958][train.py][line:168][INFO] >>> initializer: <function xavier_uniform_ at 0x7f418808c4c0>
[2024-01-16 22:06:16,958][train.py][line:168][INFO] >>> lr: 0.001
[2024-01-16 22:06:16,958][train.py][line:168][INFO] >>> bert_lr: 5e-06
[2024-01-16 22:06:16,958][train.py][line:168][INFO] >>> dropout: 0.2
[2024-01-16 22:06:16,958][train.py][line:168][INFO] >>> num_epoch: 20
[2024-01-16 22:06:16,958][train.py][line:168][INFO] >>> batch_size: 16
[2024-01-16 22:06:16,958][train.py][line:168][INFO] >>> log_step: -1
[2024-01-16 22:06:16,958][train.py][line:168][INFO] >>> pretrained_model_name: bert-base-uncased
[2024-01-16 22:06:16,958][train.py][line:168][INFO] >>> max_seq_len: 60
[2024-01-16 22:06:16,958][train.py][line:168][INFO] >>> polarities_dim: 3
[2024-01-16 22:06:16,958][train.py][line:168][INFO] >>> patience: 5
[2024-01-16 22:06:16,958][train.py][line:168][INFO] >>> device: cuda:0
[2024-01-16 22:06:16,958][train.py][line:168][INFO] >>> save_model: False
[2024-01-16 22:06:16,958][train.py][line:168][INFO] >>> seed: 0
[2024-01-16 22:06:16,958][train.py][line:168][INFO] >>> valset_ratio: 0.0
[2024-01-16 22:06:16,958][train.py][line:168][INFO] >>> embed_dim: 300
[2024-01-16 22:06:16,958][train.py][line:168][INFO] >>> hidden_dim: 300
[2024-01-16 22:06:16,958][train.py][line:168][INFO] >>> pid: 1
[2024-01-16 22:06:16,958][train.py][line:168][INFO] >>> tid: 1
[2024-01-16 22:06:16,959][train.py][line:168][INFO] >>> lid: 0
[2024-01-16 22:06:16,959][train.py][line:168][INFO] >>> llambda: 0.5
[2024-01-16 22:06:16,959][train.py][line:168][INFO] >>> use_prompt: True
[2024-01-16 22:06:16,959][train.py][line:168][INFO] >>> with_text: False
[2024-01-16 22:06:16,959][train.py][line:168][INFO] >>> model_class: <class 'models.bert_fol_text_graph.BERT_FOL_G'>
[2024-01-16 22:06:16,959][train.py][line:168][INFO] >>> dataset_file: {'train': ['/home/dingdaijun/data_list/dingdaijun/LTN_merge/datasets/merge/dt/dt.csv', '/home/dingdaijun/data_list/dingdaijun/LTN_merge/datasets/merge/fm/fm.csv', '/home/dingdaijun/data_list/dingdaijun/LTN_merge/datasets/merge/hc/hc.csv'], 'test': '/home/dingdaijun/data_list/dingdaijun/LTN_merge/datasets/merge/la/la.csv'}
[2024-01-16 22:06:16,959][train.py][line:168][INFO] >>> inputs_cols: ['bert_fol_inputs', 'bert_fol_type', 'bert_fol_mask', 'bert_text_inputs', 'bert_text_type', 'bert_text_mask', 'mlm_labels', 'graph_matrix', 'graph_text']
[2024-01-16 22:06:16,965][train.py][line:204][INFO] epoch: 0
[2024-01-16 22:06:20,713][train.py][line:242][INFO] 31/164	train_loss: 3.733331296592951	train_acc: 49.41
[2024-01-16 22:06:22,110][train.py][line:245][INFO] Val: ma_f1: 28.15	acc: 25.83	avg_f1: 28.23	ma_all_f1: 21.81	mi_all_f1: 25.83	favor_f1: 29.08	against_f1: 27.22	none_f1: 9.13
[2024-01-16 22:06:23,507][train.py][line:252][INFO] Test: ma_f1: 28.15	acc: 25.83	avg_f1: 28.23	ma_all_f1: 21.81	mi_all_f1: 25.83	favor_f1: 29.08	against_f1: 27.22	none_f1: 9.13
[2024-01-16 22:06:26,091][train.py][line:242][INFO] 63/164	train_loss: 2.5254109241068363	train_acc: 53.32
[2024-01-16 22:06:27,485][train.py][line:245][INFO] Val: ma_f1: 47.72	acc: 64.31	avg_f1: 57.46	ma_all_f1: 49.55	mi_all_f1: 64.31	favor_f1: 21.0	against_f1: 74.43	none_f1: 53.23
[2024-01-16 22:06:28,879][train.py][line:252][INFO] Test: ma_f1: 47.72	acc: 64.31	avg_f1: 57.46	ma_all_f1: 49.55	mi_all_f1: 64.31	favor_f1: 21.0	against_f1: 74.43	none_f1: 53.23
[2024-01-16 22:06:31,447][train.py][line:242][INFO] 95/164	train_loss: 2.3076501578713455	train_acc: 53.45
[2024-01-16 22:06:32,842][train.py][line:245][INFO] Val: ma_f1: 59.36	acc: 66.35	avg_f1: 64.58	ma_all_f1: 56.84	mi_all_f1: 66.35	favor_f1: 42.91	against_f1: 75.81	none_f1: 51.81
[2024-01-16 22:06:34,233][train.py][line:252][INFO] Test: ma_f1: 59.36	acc: 66.35	avg_f1: 64.58	ma_all_f1: 56.84	mi_all_f1: 66.35	favor_f1: 42.91	against_f1: 75.81	none_f1: 51.81
[2024-01-16 22:06:36,849][train.py][line:242][INFO] 127/164	train_loss: 2.0607406948693097	train_acc: 56.15
[2024-01-16 22:06:38,244][train.py][line:245][INFO] Val: ma_f1: 60.54	acc: 61.2	avg_f1: 61.41	ma_all_f1: 60.11	mi_all_f1: 61.2	favor_f1: 56.96	against_f1: 64.13	none_f1: 59.25
[2024-01-16 22:06:39,645][train.py][line:252][INFO] Test: ma_f1: 60.54	acc: 61.2	avg_f1: 61.41	ma_all_f1: 60.11	mi_all_f1: 61.2	favor_f1: 56.96	against_f1: 64.13	none_f1: 59.25
[2024-01-16 22:06:42,217][train.py][line:242][INFO] 159/164	train_loss: 1.9023302406072617	train_acc: 56.8
[2024-01-16 22:06:43,607][train.py][line:245][INFO] Val: ma_f1: 54.94	acc: 53.05	avg_f1: 57.27	ma_all_f1: 38.92	mi_all_f1: 53.05	favor_f1: 37.27	against_f1: 72.6	none_f1: 6.9
[2024-01-16 22:06:43,936][train.py][line:204][INFO] epoch: 1
[2024-01-16 22:06:46,500][train.py][line:242][INFO] 31/164	train_loss: 1.2583987284451723	train_acc: 61.91
[2024-01-16 22:06:47,894][train.py][line:245][INFO] Val: ma_f1: 64.85	acc: 65.81	avg_f1: 65.35	ma_all_f1: 65.13	mi_all_f1: 65.81	favor_f1: 61.97	against_f1: 67.72	none_f1: 65.71
[2024-01-16 22:06:49,291][train.py][line:252][INFO] Test: ma_f1: 64.85	acc: 65.81	avg_f1: 65.35	ma_all_f1: 65.13	mi_all_f1: 65.81	favor_f1: 61.97	against_f1: 67.72	none_f1: 65.71
[2024-01-16 22:06:51,854][train.py][line:242][INFO] 63/164	train_loss: 1.1978992763906717	train_acc: 62.6
[2024-01-16 22:06:53,246][train.py][line:245][INFO] Val: ma_f1: 59.73	acc: 69.13	avg_f1: 64.86	ma_all_f1: 61.94	mi_all_f1: 69.13	favor_f1: 43.07	against_f1: 76.39	none_f1: 66.36
[2024-01-16 22:06:55,797][train.py][line:242][INFO] 95/164	train_loss: 1.0870544955444832	train_acc: 64.26
[2024-01-16 22:06:57,189][train.py][line:245][INFO] Val: ma_f1: 66.93	acc: 68.81	avg_f1: 68.41	ma_all_f1: 66.68	mi_all_f1: 68.81	favor_f1: 60.82	against_f1: 73.04	none_f1: 66.17
[2024-01-16 22:06:58,582][train.py][line:252][INFO] Test: ma_f1: 66.93	acc: 68.81	avg_f1: 68.41	ma_all_f1: 66.68	mi_all_f1: 68.81	favor_f1: 60.82	against_f1: 73.04	none_f1: 66.17
[2024-01-16 22:07:01,131][train.py][line:242][INFO] 127/164	train_loss: 1.0516042424133047	train_acc: 64.7
[2024-01-16 22:07:02,528][train.py][line:245][INFO] Val: ma_f1: 64.65	acc: 66.56	avg_f1: 65.39	ma_all_f1: 65.68	mi_all_f1: 66.56	favor_f1: 60.04	against_f1: 69.27	none_f1: 67.72
[2024-01-16 22:07:05,105][train.py][line:242][INFO] 159/164	train_loss: 1.0336214582435788	train_acc: 64.92
[2024-01-16 22:07:06,498][train.py][line:245][INFO] Val: ma_f1: 65.93	acc: 67.31	avg_f1: 67.12	ma_all_f1: 65.55	mi_all_f1: 67.31	favor_f1: 60.54	against_f1: 71.31	none_f1: 64.79
[2024-01-16 22:07:06,825][train.py][line:204][INFO] epoch: 2
[2024-01-16 22:07:09,373][train.py][line:242][INFO] 31/164	train_loss: 0.8206691304221749	train_acc: 67.97
[2024-01-16 22:07:10,767][train.py][line:245][INFO] Val: ma_f1: 70.91	acc: 71.49	avg_f1: 71.98	ma_all_f1: 69.71	mi_all_f1: 71.49	favor_f1: 66.13	against_f1: 75.69	none_f1: 67.32
[2024-01-16 22:07:12,193][train.py][line:252][INFO] Test: ma_f1: 70.91	acc: 71.49	avg_f1: 71.98	ma_all_f1: 69.71	mi_all_f1: 71.49	favor_f1: 66.13	against_f1: 75.69	none_f1: 67.32
[2024-01-16 22:07:14,760][train.py][line:242][INFO] 63/164	train_loss: 0.8429919937625527	train_acc: 69.82
[2024-01-16 22:07:16,154][train.py][line:245][INFO] Val: ma_f1: 62.61	acc: 64.84	avg_f1: 63.84	ma_all_f1: 63.09	mi_all_f1: 64.84	favor_f1: 53.91	against_f1: 71.3	none_f1: 64.06
[2024-01-16 22:07:18,694][train.py][line:242][INFO] 95/164	train_loss: 0.8745615041504303	train_acc: 69.66
[2024-01-16 22:07:20,084][train.py][line:245][INFO] Val: ma_f1: 70.2	acc: 71.92	avg_f1: 71.85	ma_all_f1: 69.41	mi_all_f1: 71.92	favor_f1: 63.8	against_f1: 76.59	none_f1: 67.82
[2024-01-16 22:07:22,636][train.py][line:242][INFO] 127/164	train_loss: 0.8759491993114352	train_acc: 68.75
[2024-01-16 22:07:24,029][train.py][line:245][INFO] Val: ma_f1: 65.92	acc: 71.81	avg_f1: 69.36	ma_all_f1: 67.09	mi_all_f1: 71.81	favor_f1: 54.28	against_f1: 77.55	none_f1: 69.45
[2024-01-16 22:07:26,585][train.py][line:242][INFO] 159/164	train_loss: 0.8555138282477855	train_acc: 69.3
[2024-01-16 22:07:27,978][train.py][line:245][INFO] Val: ma_f1: 68.75	acc: 71.28	avg_f1: 70.64	ma_all_f1: 68.26	mi_all_f1: 71.28	favor_f1: 60.69	against_f1: 76.82	none_f1: 67.27
[2024-01-16 22:07:28,301][train.py][line:204][INFO] epoch: 3
[2024-01-16 22:07:30,860][train.py][line:242][INFO] 31/164	train_loss: 0.8799157924950123	train_acc: 69.92
[2024-01-16 22:07:32,254][train.py][line:245][INFO] Val: ma_f1: 66.01	acc: 66.67	avg_f1: 66.74	ma_all_f1: 65.58	mi_all_f1: 66.67	favor_f1: 62.1	against_f1: 69.91	none_f1: 64.74
[2024-01-16 22:07:34,809][train.py][line:242][INFO] 63/164	train_loss: 0.8082745145075023	train_acc: 70.9
[2024-01-16 22:07:36,205][train.py][line:245][INFO] Val: ma_f1: 68.65	acc: 71.17	avg_f1: 70.79	ma_all_f1: 67.64	mi_all_f1: 71.17	favor_f1: 59.89	against_f1: 77.42	none_f1: 65.62
[2024-01-16 22:07:38,776][train.py][line:242][INFO] 95/164	train_loss: 0.8354794951155782	train_acc: 69.6
[2024-01-16 22:07:40,172][train.py][line:245][INFO] Val: ma_f1: 58.55	acc: 62.27	avg_f1: 60.36	ma_all_f1: 59.87	mi_all_f1: 62.27	favor_f1: 50.72	against_f1: 66.38	none_f1: 62.5
[2024-01-16 22:07:42,722][train.py][line:242][INFO] 127/164	train_loss: 0.8646192371379584	train_acc: 69.14
[2024-01-16 22:07:44,115][train.py][line:245][INFO] Val: ma_f1: 69.3	acc: 71.28	avg_f1: 71.01	ma_all_f1: 68.56	mi_all_f1: 71.28	favor_f1: 61.74	against_f1: 76.86	none_f1: 67.08
[2024-01-16 22:07:46,661][train.py][line:242][INFO] 159/164	train_loss: 0.8605976383201778	train_acc: 69.61
[2024-01-16 22:07:48,058][train.py][line:245][INFO] Val: ma_f1: 58.65	acc: 58.09	avg_f1: 60.18	ma_all_f1: 52.26	mi_all_f1: 58.09	favor_f1: 47.12	against_f1: 70.17	none_f1: 39.47
[2024-01-16 22:07:48,386][train.py][line:204][INFO] epoch: 4
[2024-01-16 22:07:50,995][train.py][line:242][INFO] 31/164	train_loss: 0.7907692119479179	train_acc: 71.29
[2024-01-16 22:07:52,389][train.py][line:245][INFO] Val: ma_f1: 70.01	acc: 71.92	avg_f1: 72.18	ma_all_f1: 67.91	mi_all_f1: 71.92	favor_f1: 61.76	against_f1: 78.25	none_f1: 63.7
[2024-01-16 22:07:54,937][train.py][line:242][INFO] 63/164	train_loss: 0.7616128092631698	train_acc: 71.78
[2024-01-16 22:07:56,329][train.py][line:245][INFO] Val: ma_f1: 64.29	acc: 70.63	avg_f1: 68.12	ma_all_f1: 65.08	mi_all_f1: 70.63	favor_f1: 51.64	against_f1: 76.94	none_f1: 66.67
[2024-01-16 22:07:58,878][train.py][line:242][INFO] 95/164	train_loss: 0.7860751155142983	train_acc: 72.07
[2024-01-16 22:08:00,271][train.py][line:245][INFO] Val: ma_f1: 67.59	acc: 70.95	avg_f1: 70.2	ma_all_f1: 66.73	mi_all_f1: 70.95	favor_f1: 58.13	against_f1: 77.06	none_f1: 65.01
[2024-01-16 22:08:02,831][train.py][line:242][INFO] 127/164	train_loss: 0.8083217272069305	train_acc: 71.68
[2024-01-16 22:08:04,227][train.py][line:245][INFO] Val: ma_f1: 67.69	acc: 68.6	avg_f1: 70.55	ma_all_f1: 60.87	mi_all_f1: 68.6	favor_f1: 57.86	against_f1: 77.51	none_f1: 47.23
[2024-01-16 22:08:06,777][train.py][line:242][INFO] 159/164	train_loss: 0.7791269747540355	train_acc: 72.11
[2024-01-16 22:08:08,170][train.py][line:245][INFO] Val: ma_f1: 68.08	acc: 70.85	avg_f1: 70.15	ma_all_f1: 67.82	mi_all_f1: 70.85	favor_f1: 59.88	against_f1: 76.28	none_f1: 67.31
[2024-01-16 22:08:08,494][train.py][line:204][INFO] epoch: 5
[2024-01-16 22:08:11,033][train.py][line:242][INFO] 31/164	train_loss: 0.6809456089977175	train_acc: 77.54
[2024-01-16 22:08:12,425][train.py][line:245][INFO] Val: ma_f1: 63.16	acc: 62.17	avg_f1: 63.25	ma_all_f1: 61.87	mi_all_f1: 62.17	favor_f1: 62.5	against_f1: 63.82	none_f1: 59.3
[2024-01-16 22:08:14,965][train.py][line:242][INFO] 63/164	train_loss: 0.7706471892306581	train_acc: 75.1
[2024-01-16 22:08:16,356][train.py][line:245][INFO] Val: ma_f1: 60.71	acc: 70.31	avg_f1: 66.0	ma_all_f1: 62.93	mi_all_f1: 70.31	favor_f1: 43.85	against_f1: 77.57	none_f1: 67.38
[2024-01-16 22:08:18,915][train.py][line:242][INFO] 95/164	train_loss: 0.7217225403680155	train_acc: 74.54
[2024-01-16 22:08:20,307][train.py][line:245][INFO] Val: ma_f1: 63.37	acc: 63.02	avg_f1: 64.0	ma_all_f1: 62.09	mi_all_f1: 63.02	favor_f1: 60.5	against_f1: 66.23	none_f1: 59.52
[2024-01-16 22:08:22,862][train.py][line:242][INFO] 127/164	train_loss: 0.769481502880808	train_acc: 72.41
[2024-01-16 22:08:24,256][train.py][line:245][INFO] Val: ma_f1: 67.16	acc: 67.74	avg_f1: 68.44	ma_all_f1: 65.79	mi_all_f1: 67.74	favor_f1: 61.9	against_f1: 72.41	none_f1: 63.06
[2024-01-16 22:08:26,862][train.py][line:242][INFO] 159/164	train_loss: 0.7910433340352029	train_acc: 71.88
[2024-01-16 22:08:28,262][train.py][line:245][INFO] Val: ma_f1: 59.97	acc: 59.16	avg_f1: 60.93	ma_all_f1: 56.68	mi_all_f1: 59.16	favor_f1: 50.97	against_f1: 68.97	none_f1: 50.12
[2024-01-16 22:08:28,580][train.py][line:204][INFO] epoch: 6
[2024-01-16 22:08:31,126][train.py][line:242][INFO] 31/164	train_loss: 0.7671484034508467	train_acc: 71.68
[2024-01-16 22:08:32,529][train.py][line:245][INFO] Val: ma_f1: 51.81	acc: 66.67	avg_f1: 59.73	ma_all_f1: 55.88	mi_all_f1: 66.67	favor_f1: 28.57	against_f1: 75.04	none_f1: 64.02
[2024-01-16 22:08:35,076][train.py][line:242][INFO] 63/164	train_loss: 0.7439872496761382	train_acc: 74.12
[2024-01-16 22:08:36,469][train.py][line:245][INFO] Val: ma_f1: 60.03	acc: 65.81	avg_f1: 65.18	ma_all_f1: 55.17	mi_all_f1: 65.81	favor_f1: 44.19	against_f1: 75.87	none_f1: 45.43
[2024-01-16 22:08:39,036][train.py][line:242][INFO] 95/164	train_loss: 0.7382512873349091	train_acc: 73.05
[2024-01-16 22:08:40,428][train.py][line:245][INFO] Val: ma_f1: 69.33	acc: 69.56	avg_f1: 70.88	ma_all_f1: 66.53	mi_all_f1: 69.56	favor_f1: 62.6	against_f1: 76.05	none_f1: 60.94
[2024-01-16 22:08:42,981][train.py][line:242][INFO] 127/164	train_loss: 0.734800727921538	train_acc: 72.75
[2024-01-16 22:08:44,375][train.py][line:245][INFO] Val: ma_f1: 70.33	acc: 72.67	avg_f1: 72.55	ma_all_f1: 69.19	mi_all_f1: 72.67	favor_f1: 62.03	against_f1: 78.63	none_f1: 66.93
[2024-01-16 22:08:46,915][train.py][line:242][INFO] 159/164	train_loss: 0.7068431648425758	train_acc: 73.71
[2024-01-16 22:08:48,306][train.py][line:245][INFO] Val: ma_f1: 69.51	acc: 72.24	avg_f1: 71.75	ma_all_f1: 68.66	mi_all_f1: 72.24	favor_f1: 60.9	against_f1: 78.12	none_f1: 66.95
[2024-01-16 22:08:48,628][train.py][line:204][INFO] epoch: 7
[2024-01-16 22:08:51,188][train.py][line:242][INFO] 31/164	train_loss: 0.6113571028690785	train_acc: 72.85
[2024-01-16 22:08:52,580][train.py][line:245][INFO] Val: ma_f1: 64.14	acc: 66.56	avg_f1: 66.99	ma_all_f1: 61.6	mi_all_f1: 66.56	favor_f1: 54.13	against_f1: 74.16	none_f1: 56.52
[2024-01-16 22:08:55,144][train.py][line:242][INFO] 63/164	train_loss: 0.5788189007434994	train_acc: 76.86
[2024-01-16 22:08:56,538][train.py][line:245][INFO] Val: ma_f1: 69.41	acc: 71.92	avg_f1: 71.6	ma_all_f1: 68.3	mi_all_f1: 71.92	favor_f1: 60.74	against_f1: 78.08	none_f1: 66.08
[2024-01-16 22:08:59,108][train.py][line:242][INFO] 95/164	train_loss: 0.603589697740972	train_acc: 76.89
[2024-01-16 22:09:00,500][train.py][line:245][INFO] Val: ma_f1: 65.06	acc: 71.28	avg_f1: 69.04	ma_all_f1: 65.3	mi_all_f1: 71.28	favor_f1: 51.99	against_f1: 78.14	none_f1: 65.78
[2024-01-16 22:09:03,069][train.py][line:242][INFO] 127/164	train_loss: 0.5824455725960433	train_acc: 76.9
[2024-01-16 22:09:04,530][train.py][line:245][INFO] Val: ma_f1: 72.35	acc: 73.31	avg_f1: 74.02	ma_all_f1: 70.1	mi_all_f1: 73.31	favor_f1: 65.56	against_f1: 79.14	none_f1: 65.6
[2024-01-16 22:09:05,924][train.py][line:252][INFO] Test: ma_f1: 72.35	acc: 73.31	avg_f1: 74.02	ma_all_f1: 70.1	mi_all_f1: 73.31	favor_f1: 65.56	against_f1: 79.14	none_f1: 65.6
[2024-01-16 22:09:08,519][train.py][line:242][INFO] 159/164	train_loss: 0.635421964712441	train_acc: 75.31
[2024-01-16 22:09:09,910][train.py][line:245][INFO] Val: ma_f1: 50.17	acc: 66.77	avg_f1: 58.56	ma_all_f1: 55.53	mi_all_f1: 66.77	favor_f1: 25.96	against_f1: 74.37	none_f1: 66.27
[2024-01-16 22:09:10,233][train.py][line:204][INFO] epoch: 8
[2024-01-16 22:09:12,780][train.py][line:242][INFO] 31/164	train_loss: 0.6229421221651137	train_acc: 76.56
[2024-01-16 22:09:14,174][train.py][line:245][INFO] Val: ma_f1: 65.02	acc: 65.49	avg_f1: 65.74	ma_all_f1: 64.5	mi_all_f1: 65.49	favor_f1: 61.67	against_f1: 68.37	none_f1: 63.47
[2024-01-16 22:09:16,712][train.py][line:242][INFO] 63/164	train_loss: 0.6645979341119528	train_acc: 74.9
[2024-01-16 22:09:18,104][train.py][line:245][INFO] Val: ma_f1: 70.84	acc: 72.67	avg_f1: 73.12	ma_all_f1: 68.27	mi_all_f1: 72.67	favor_f1: 62.07	against_f1: 79.6	none_f1: 63.13
[2024-01-16 22:09:20,657][train.py][line:242][INFO] 95/164	train_loss: 0.6453580449645718	train_acc: 75.26
[2024-01-16 22:09:22,050][train.py][line:245][INFO] Val: ma_f1: 67.16	acc: 70.42	avg_f1: 69.75	ma_all_f1: 66.12	mi_all_f1: 70.42	favor_f1: 57.58	against_f1: 76.74	none_f1: 64.04
[2024-01-16 22:09:24,586][train.py][line:242][INFO] 127/164	train_loss: 0.6331098506925628	train_acc: 75.24
[2024-01-16 22:09:25,981][train.py][line:245][INFO] Val: ma_f1: 63.92	acc: 67.42	avg_f1: 66.81	ma_all_f1: 63.13	mi_all_f1: 67.42	favor_f1: 53.79	against_f1: 74.05	none_f1: 61.54
[2024-01-16 22:09:28,537][train.py][line:242][INFO] 159/164	train_loss: 0.6394859836436808	train_acc: 74.88
[2024-01-16 22:09:29,930][train.py][line:245][INFO] Val: ma_f1: 67.41	acc: 70.95	avg_f1: 70.05	ma_all_f1: 66.88	mi_all_f1: 70.95	favor_f1: 57.31	against_f1: 77.52	none_f1: 65.81
[2024-01-16 22:09:30,261][train.py][line:204][INFO] epoch: 9
[2024-01-16 22:09:32,832][train.py][line:242][INFO] 31/164	train_loss: 0.4857406257651746	train_acc: 81.25
[2024-01-16 22:09:34,224][train.py][line:245][INFO] Val: ma_f1: 68.57	acc: 71.49	avg_f1: 70.74	ma_all_f1: 68.13	mi_all_f1: 71.49	favor_f1: 60.3	against_f1: 76.85	none_f1: 67.24
[2024-01-16 22:09:36,783][train.py][line:242][INFO] 63/164	train_loss: 0.5134429145837203	train_acc: 80.08
[2024-01-16 22:09:38,186][train.py][line:245][INFO] Val: ma_f1: 64.58	acc: 64.42	avg_f1: 65.01	ma_all_f1: 63.76	mi_all_f1: 64.42	favor_f1: 62.12	against_f1: 67.05	none_f1: 62.11
[2024-01-16 22:09:40,800][train.py][line:242][INFO] 95/164	train_loss: 0.5422738808362434	train_acc: 79.36
[2024-01-16 22:09:42,201][train.py][line:245][INFO] Val: ma_f1: 71.1	acc: 72.45	avg_f1: 72.87	ma_all_f1: 69.22	mi_all_f1: 72.45	favor_f1: 63.89	against_f1: 78.3	none_f1: 65.47
[2024-01-16 22:09:44,750][train.py][line:242][INFO] 127/164	train_loss: 0.5537459016195498	train_acc: 78.96
[2024-01-16 22:09:46,142][train.py][line:245][INFO] Val: ma_f1: 63.07	acc: 70.95	avg_f1: 67.2	ma_all_f1: 65.36	mi_all_f1: 70.95	favor_f1: 49.44	against_f1: 76.7	none_f1: 69.94
[2024-01-16 22:09:48,680][train.py][line:242][INFO] 159/164	train_loss: 0.5429688817355782	train_acc: 79.57
[2024-01-16 22:09:50,073][train.py][line:245][INFO] Val: ma_f1: 70.2	acc: 70.42	avg_f1: 72.58	ma_all_f1: 63.61	mi_all_f1: 70.42	favor_f1: 61.82	against_f1: 78.59	none_f1: 50.43
[2024-01-16 22:09:50,404][train.py][line:204][INFO] epoch: 10
[2024-01-16 22:09:52,953][train.py][line:242][INFO] 31/164	train_loss: 0.5252765654586256	train_acc: 79.49
[2024-01-16 22:09:54,344][train.py][line:245][INFO] Val: ma_f1: 65.38	acc: 69.24	avg_f1: 69.0	ma_all_f1: 62.21	mi_all_f1: 69.24	favor_f1: 53.38	against_f1: 77.39	none_f1: 55.85
[2024-01-16 22:09:56,906][train.py][line:242][INFO] 63/164	train_loss: 0.5811784691177309	train_acc: 77.54
[2024-01-16 22:09:58,296][train.py][line:245][INFO] Val: ma_f1: 48.12	acc: 46.3	avg_f1: 46.53	ma_all_f1: 48.12	mi_all_f1: 46.3	favor_f1: 55.66	against_f1: 40.58	none_f1: 48.12
[2024-01-16 22:10:00,842][train.py][line:242][INFO] 95/164	train_loss: 0.5798103515213976	train_acc: 77.21
[2024-01-16 22:10:02,236][train.py][line:245][INFO] Val: ma_f1: 70.41	acc: 72.78	avg_f1: 72.31	ma_all_f1: 69.84	mi_all_f1: 72.78	favor_f1: 62.54	against_f1: 78.28	none_f1: 68.71
[2024-01-16 22:10:04,793][train.py][line:242][INFO] 127/164	train_loss: 0.5680420658900402	train_acc: 77.88
[2024-01-16 22:10:06,185][train.py][line:245][INFO] Val: ma_f1: 68.8	acc: 72.56	avg_f1: 71.33	ma_all_f1: 68.76	mi_all_f1: 72.56	favor_f1: 59.21	against_f1: 78.39	none_f1: 68.67
[2024-01-16 22:10:08,753][train.py][line:242][INFO] 159/164	train_loss: 0.5663743141572922	train_acc: 77.7
[2024-01-16 22:10:10,146][train.py][line:245][INFO] Val: ma_f1: 68.76	acc: 71.49	avg_f1: 70.67	ma_all_f1: 68.72	mi_all_f1: 71.49	favor_f1: 61.05	against_f1: 76.48	none_f1: 68.63
[2024-01-16 22:10:10,463][train.py][line:204][INFO] epoch: 11
[2024-01-16 22:10:13,009][train.py][line:242][INFO] 31/164	train_loss: 0.45092910388484597	train_acc: 82.42
[2024-01-16 22:10:14,401][train.py][line:245][INFO] Val: ma_f1: 68.9	acc: 71.17	avg_f1: 70.56	ma_all_f1: 68.72	mi_all_f1: 71.17	favor_f1: 61.71	against_f1: 76.08	none_f1: 68.36
[2024-01-16 22:10:16,941][train.py][line:242][INFO] 63/164	train_loss: 0.44414987426716834	train_acc: 83.11
[2024-01-16 22:10:18,355][train.py][line:245][INFO] Val: ma_f1: 63.89	acc: 70.2	avg_f1: 68.14	ma_all_f1: 63.49	mi_all_f1: 70.2	favor_f1: 50.37	against_f1: 77.42	none_f1: 62.68
[2024-01-16 22:10:20,927][train.py][line:242][INFO] 95/164	train_loss: 0.4777919394740214	train_acc: 82.03
[2024-01-16 22:10:22,318][train.py][line:245][INFO] Val: ma_f1: 61.95	acc: 69.35	avg_f1: 66.94	ma_all_f1: 61.22	mi_all_f1: 69.35	favor_f1: 46.27	against_f1: 77.64	none_f1: 59.75
[2024-01-16 22:10:24,922][train.py][line:242][INFO] 127/164	train_loss: 0.49485016491962597	train_acc: 81.45
[2024-01-16 22:10:26,315][train.py][line:245][INFO] Val: ma_f1: 62.93	acc: 69.45	avg_f1: 66.71	ma_all_f1: 64.17	mi_all_f1: 69.45	favor_f1: 50.18	against_f1: 75.67	none_f1: 66.67
[2024-01-16 22:10:28,873][train.py][line:242][INFO] 159/164	train_loss: 0.507189146662131	train_acc: 80.78
[2024-01-16 22:10:30,265][train.py][line:245][INFO] Val: ma_f1: 68.44	acc: 71.17	avg_f1: 70.87	ma_all_f1: 66.9	mi_all_f1: 71.17	favor_f1: 58.73	against_f1: 78.16	none_f1: 63.81
[2024-01-16 22:10:30,597][train.py][line:204][INFO] epoch: 12
[2024-01-16 22:10:33,217][train.py][line:242][INFO] 31/164	train_loss: 0.44846619945019484	train_acc: 82.81
[2024-01-16 22:10:34,608][train.py][line:245][INFO] Val: ma_f1: 67.48	acc: 71.49	avg_f1: 70.27	ma_all_f1: 67.21	mi_all_f1: 71.49	favor_f1: 56.97	against_f1: 77.99	none_f1: 66.67
[2024-01-16 22:10:37,233][train.py][line:242][INFO] 63/164	train_loss: 0.43201798060908914	train_acc: 83.3
[2024-01-16 22:10:38,635][train.py][line:245][INFO] Val: ma_f1: 63.55	acc: 71.38	avg_f1: 67.92	ma_all_f1: 65.33	mi_all_f1: 71.38	favor_f1: 49.07	against_f1: 78.02	none_f1: 68.91
[2024-01-16 22:10:41,220][train.py][line:242][INFO] 95/164	train_loss: 0.436597819129626	train_acc: 82.94
[2024-01-16 22:10:42,611][train.py][line:245][INFO] Val: ma_f1: 62.1	acc: 69.45	avg_f1: 65.87	ma_all_f1: 64.37	mi_all_f1: 69.45	favor_f1: 49.12	against_f1: 75.07	none_f1: 68.92
[2024-01-16 22:10:45,187][train.py][line:242][INFO] 127/164	train_loss: 0.4513867429923266	train_acc: 81.79
[2024-01-16 22:10:46,580][train.py][line:245][INFO] Val: ma_f1: 65.55	acc: 67.52	avg_f1: 67.85	ma_all_f1: 63.86	mi_all_f1: 67.52	favor_f1: 56.96	against_f1: 74.14	none_f1: 60.47
[2024-01-16 22:10:49,157][train.py][line:242][INFO] 159/164	train_loss: 0.45910182213410733	train_acc: 81.68
[2024-01-16 22:10:50,561][train.py][line:245][INFO] Val: ma_f1: 65.95	acc: 68.27	avg_f1: 67.79	ma_all_f1: 65.61	mi_all_f1: 68.27	favor_f1: 58.72	against_f1: 73.18	none_f1: 64.93
[2024-01-16 22:10:50,907][train.py][line:261][INFO] Best_test: epoch:7	ma_f1: 72.35	acc: 73.31	avg_f1: 74.02	ma_all_f1: 70.1	mi_all_f1: 73.31	favor_f1: 65.56	against_f1: 79.14	none_f1: 65.6
[2024-01-16 22:10:50,907][train.py][line:263][INFO] Best_val: epoch:7	ma_f1: 72.35	acc: 73.31	avg_f1: 74.02	ma_all_f1: 70.1	mi_all_f1: 73.31	favor_f1: 65.56	against_f1: 79.14	none_f1: 65.6
[2024-01-16 22:11:58,784][train.py][line:150][INFO] cuda memory allocated: 457956352
[2024-01-16 22:11:58,788][train.py][line:165][INFO] > n_trainable_params: 114203199, n_nontrainable_params: 0
[2024-01-16 22:11:58,788][train.py][line:166][INFO] > training arguments:
[2024-01-16 22:11:58,788][train.py][line:168][INFO] >>> model_name: bert_fol_graph
[2024-01-16 22:11:58,788][train.py][line:168][INFO] >>> dataset: la-
[2024-01-16 22:11:58,788][train.py][line:168][INFO] >>> optimizer: <class 'transformers.optimization.AdamW'>
[2024-01-16 22:11:58,788][train.py][line:168][INFO] >>> initializer: <function xavier_uniform_ at 0x7f8b1870a4c0>
[2024-01-16 22:11:58,788][train.py][line:168][INFO] >>> lr: 0.001
[2024-01-16 22:11:58,788][train.py][line:168][INFO] >>> bert_lr: 5e-06
[2024-01-16 22:11:58,788][train.py][line:168][INFO] >>> dropout: 0.2
[2024-01-16 22:11:58,788][train.py][line:168][INFO] >>> num_epoch: 20
[2024-01-16 22:11:58,788][train.py][line:168][INFO] >>> batch_size: 16
[2024-01-16 22:11:58,788][train.py][line:168][INFO] >>> log_step: -1
[2024-01-16 22:11:58,788][train.py][line:168][INFO] >>> pretrained_model_name: bert-base-uncased
[2024-01-16 22:11:58,788][train.py][line:168][INFO] >>> max_seq_len: 60
[2024-01-16 22:11:58,788][train.py][line:168][INFO] >>> polarities_dim: 3
[2024-01-16 22:11:58,788][train.py][line:168][INFO] >>> patience: 5
[2024-01-16 22:11:58,788][train.py][line:168][INFO] >>> device: cuda:0
[2024-01-16 22:11:58,788][train.py][line:168][INFO] >>> save_model: False
[2024-01-16 22:11:58,788][train.py][line:168][INFO] >>> seed: 1
[2024-01-16 22:11:58,788][train.py][line:168][INFO] >>> valset_ratio: 0.0
[2024-01-16 22:11:58,788][train.py][line:168][INFO] >>> embed_dim: 300
[2024-01-16 22:11:58,788][train.py][line:168][INFO] >>> hidden_dim: 300
[2024-01-16 22:11:58,788][train.py][line:168][INFO] >>> pid: 1
[2024-01-16 22:11:58,788][train.py][line:168][INFO] >>> tid: 1
[2024-01-16 22:11:58,788][train.py][line:168][INFO] >>> lid: 0
[2024-01-16 22:11:58,789][train.py][line:168][INFO] >>> llambda: 0.5
[2024-01-16 22:11:58,789][train.py][line:168][INFO] >>> use_prompt: True
[2024-01-16 22:11:58,789][train.py][line:168][INFO] >>> with_text: False
[2024-01-16 22:11:58,789][train.py][line:168][INFO] >>> model_class: <class 'models.bert_fol_text_graph.BERT_FOL_G'>
[2024-01-16 22:11:58,789][train.py][line:168][INFO] >>> dataset_file: {'train': ['/home/dingdaijun/data_list/dingdaijun/LTN_merge/datasets/merge/dt/dt.csv', '/home/dingdaijun/data_list/dingdaijun/LTN_merge/datasets/merge/fm/fm.csv', '/home/dingdaijun/data_list/dingdaijun/LTN_merge/datasets/merge/hc/hc.csv'], 'test': '/home/dingdaijun/data_list/dingdaijun/LTN_merge/datasets/merge/la/la.csv'}
[2024-01-16 22:11:58,789][train.py][line:168][INFO] >>> inputs_cols: ['bert_fol_inputs', 'bert_fol_type', 'bert_fol_mask', 'bert_text_inputs', 'bert_text_type', 'bert_text_mask', 'mlm_labels', 'graph_matrix', 'graph_text']
[2024-01-16 22:11:58,794][train.py][line:204][INFO] epoch: 0
[2024-01-16 22:12:02,550][train.py][line:242][INFO] 31/164	train_loss: 3.4504859168082476	train_acc: 46.68
[2024-01-16 22:12:03,944][train.py][line:245][INFO] Val: ma_f1: 33.97	acc: 59.49	avg_f1: 46.46	ma_all_f1: 42.85	mi_all_f1: 59.49	favor_f1: 0.0	against_f1: 67.95	none_f1: 60.6
[2024-01-16 22:12:05,339][train.py][line:252][INFO] Test: ma_f1: 33.97	acc: 59.49	avg_f1: 46.46	ma_all_f1: 42.85	mi_all_f1: 59.49	favor_f1: 0.0	against_f1: 67.95	none_f1: 60.6
[2024-01-16 22:12:07,908][train.py][line:242][INFO] 63/164	train_loss: 2.5399644458666444	train_acc: 52.05
[2024-01-16 22:12:09,314][train.py][line:245][INFO] Val: ma_f1: 40.15	acc: 66.13	avg_f1: 53.57	ma_all_f1: 47.87	mi_all_f1: 66.13	favor_f1: 4.55	against_f1: 75.76	none_f1: 63.3
[2024-01-16 22:12:10,723][train.py][line:252][INFO] Test: ma_f1: 40.15	acc: 66.13	avg_f1: 53.57	ma_all_f1: 47.87	mi_all_f1: 66.13	favor_f1: 4.55	against_f1: 75.76	none_f1: 63.3
[2024-01-16 22:12:13,345][train.py][line:242][INFO] 95/164	train_loss: 2.2321978515634933	train_acc: 54.75
[2024-01-16 22:12:14,735][train.py][line:245][INFO] Val: ma_f1: 35.18	acc: 39.55	avg_f1: 33.69	ma_all_f1: 39.62	mi_all_f1: 39.55	favor_f1: 53.27	against_f1: 17.09	none_f1: 48.51
[2024-01-16 22:12:17,354][train.py][line:242][INFO] 127/164	train_loss: 2.2688365704379976	train_acc: 55.91
[2024-01-16 22:12:18,749][train.py][line:245][INFO] Val: ma_f1: 54.89	acc: 67.95	avg_f1: 62.61	ma_all_f1: 56.29	mi_all_f1: 67.95	favor_f1: 32.88	against_f1: 76.9	none_f1: 59.09
[2024-01-16 22:12:20,142][train.py][line:252][INFO] Test: ma_f1: 54.89	acc: 67.95	avg_f1: 62.61	ma_all_f1: 56.29	mi_all_f1: 67.95	favor_f1: 32.88	against_f1: 76.9	none_f1: 59.09
[2024-01-16 22:12:22,700][train.py][line:242][INFO] 159/164	train_loss: 2.0881652500480414	train_acc: 56.95
[2024-01-16 22:12:24,091][train.py][line:245][INFO] Val: ma_f1: 61.86	acc: 63.56	avg_f1: 62.63	ma_all_f1: 62.56	mi_all_f1: 63.56	favor_f1: 57.21	against_f1: 66.52	none_f1: 63.96
[2024-01-16 22:12:25,480][train.py][line:252][INFO] Test: ma_f1: 61.86	acc: 63.56	avg_f1: 62.63	ma_all_f1: 62.56	mi_all_f1: 63.56	favor_f1: 57.21	against_f1: 66.52	none_f1: 63.96
[2024-01-16 22:12:25,810][train.py][line:204][INFO] epoch: 1
[2024-01-16 22:12:28,365][train.py][line:242][INFO] 31/164	train_loss: 1.0944709908217192	train_acc: 65.04
[2024-01-16 22:12:29,758][train.py][line:245][INFO] Val: ma_f1: 53.44	acc: 56.06	avg_f1: 53.37	ma_all_f1: 56.46	mi_all_f1: 56.06	favor_f1: 54.28	against_f1: 52.6	none_f1: 62.5
[2024-01-16 22:12:32,304][train.py][line:242][INFO] 63/164	train_loss: 1.3043851992115378	train_acc: 63.48
[2024-01-16 22:12:33,697][train.py][line:245][INFO] Val: ma_f1: 69.34	acc: 70.2	avg_f1: 71.03	ma_all_f1: 67.27	mi_all_f1: 70.2	favor_f1: 62.72	against_f1: 75.96	none_f1: 63.11
[2024-01-16 22:12:35,091][train.py][line:252][INFO] Test: ma_f1: 69.34	acc: 70.2	avg_f1: 71.03	ma_all_f1: 67.27	mi_all_f1: 70.2	favor_f1: 62.72	against_f1: 75.96	none_f1: 63.11
[2024-01-16 22:12:37,634][train.py][line:242][INFO] 95/164	train_loss: 1.2197839717070262	train_acc: 64.13
[2024-01-16 22:12:39,024][train.py][line:245][INFO] Val: ma_f1: 51.68	acc: 53.91	avg_f1: 51.86	ma_all_f1: 54.36	mi_all_f1: 53.91	favor_f1: 48.25	against_f1: 55.1	none_f1: 59.73
[2024-01-16 22:12:41,563][train.py][line:242][INFO] 127/164	train_loss: 1.282425779150799	train_acc: 63.67
[2024-01-16 22:12:42,951][train.py][line:245][INFO] Val: ma_f1: 65.92	acc: 66.24	avg_f1: 68.99	ma_all_f1: 56.74	mi_all_f1: 66.24	favor_f1: 55.66	against_f1: 76.18	none_f1: 38.39
[2024-01-16 22:12:45,503][train.py][line:242][INFO] 159/164	train_loss: 1.2978930342942476	train_acc: 62.93
[2024-01-16 22:12:46,922][train.py][line:245][INFO] Val: ma_f1: 57.7	acc: 65.38	avg_f1: 62.43	ma_all_f1: 59.11	mi_all_f1: 65.38	favor_f1: 42.15	against_f1: 73.26	none_f1: 61.93
[2024-01-16 22:12:47,248][train.py][line:204][INFO] epoch: 2
[2024-01-16 22:12:49,787][train.py][line:242][INFO] 31/164	train_loss: 1.2621507137082517	train_acc: 66.41
[2024-01-16 22:12:51,178][train.py][line:245][INFO] Val: ma_f1: 68.06	acc: 69.99	avg_f1: 70.96	ma_all_f1: 63.73	mi_all_f1: 69.99	favor_f1: 58.06	against_f1: 78.05	none_f1: 55.06
[2024-01-16 22:12:53,726][train.py][line:242][INFO] 63/164	train_loss: 1.181472142925486	train_acc: 65.82
[2024-01-16 22:12:55,114][train.py][line:245][INFO] Val: ma_f1: 64.84	acc: 64.42	avg_f1: 65.07	ma_all_f1: 64.08	mi_all_f1: 64.42	favor_f1: 63.55	against_f1: 66.12	none_f1: 62.56
[2024-01-16 22:12:57,667][train.py][line:242][INFO] 95/164	train_loss: 1.1003335958036284	train_acc: 66.54
[2024-01-16 22:12:59,056][train.py][line:245][INFO] Val: ma_f1: 66.46	acc: 67.85	avg_f1: 67.72	ma_all_f1: 65.85	mi_all_f1: 67.85	favor_f1: 59.72	against_f1: 73.21	none_f1: 64.61
[2024-01-16 22:13:01,600][train.py][line:242][INFO] 127/164	train_loss: 1.0217689288547263	train_acc: 68.16
[2024-01-16 22:13:02,992][train.py][line:245][INFO] Val: ma_f1: 68.96	acc: 70.85	avg_f1: 70.2	ma_all_f1: 69.07	mi_all_f1: 70.85	favor_f1: 63.1	against_f1: 74.82	none_f1: 69.29
[2024-01-16 22:13:05,542][train.py][line:242][INFO] 159/164	train_loss: 1.0135776207782328	train_acc: 67.93
[2024-01-16 22:13:06,933][train.py][line:245][INFO] Val: ma_f1: 61.82	acc: 63.45	avg_f1: 62.3	ma_all_f1: 62.91	mi_all_f1: 63.45	favor_f1: 58.62	against_f1: 65.03	none_f1: 65.08
[2024-01-16 22:13:07,257][train.py][line:204][INFO] epoch: 3
[2024-01-16 22:13:09,790][train.py][line:242][INFO] 31/164	train_loss: 0.845046678557992	train_acc: 69.53
[2024-01-16 22:13:11,182][train.py][line:245][INFO] Val: ma_f1: 70.08	acc: 72.03	avg_f1: 71.67	ma_all_f1: 69.7	mi_all_f1: 72.03	favor_f1: 63.69	against_f1: 76.48	none_f1: 68.93
[2024-01-16 22:13:12,570][train.py][line:252][INFO] Test: ma_f1: 70.08	acc: 72.03	avg_f1: 71.67	ma_all_f1: 69.7	mi_all_f1: 72.03	favor_f1: 63.69	against_f1: 76.48	none_f1: 68.93
[2024-01-16 22:13:15,119][train.py][line:242][INFO] 63/164	train_loss: 0.8209266429767013	train_acc: 70.61
[2024-01-16 22:13:16,508][train.py][line:245][INFO] Val: ma_f1: 67.05	acc: 71.38	avg_f1: 69.83	ma_all_f1: 67.37	mi_all_f1: 71.38	favor_f1: 57.24	against_f1: 76.87	none_f1: 68.01
[2024-01-16 22:13:19,065][train.py][line:242][INFO] 95/164	train_loss: 0.8397760801017284	train_acc: 70.25
[2024-01-16 22:13:20,454][train.py][line:245][INFO] Val: ma_f1: 66.5	acc: 70.42	avg_f1: 69.06	ma_all_f1: 66.73	mi_all_f1: 70.42	favor_f1: 57.05	against_f1: 75.95	none_f1: 67.19
[2024-01-16 22:13:23,005][train.py][line:242][INFO] 127/164	train_loss: 0.8330947980284691	train_acc: 69.58
[2024-01-16 22:13:24,423][train.py][line:245][INFO] Val: ma_f1: 60.72	acc: 62.7	avg_f1: 61.26	ma_all_f1: 62.17	mi_all_f1: 62.7	favor_f1: 56.63	against_f1: 64.81	none_f1: 65.09
[2024-01-16 22:13:26,993][train.py][line:242][INFO] 159/164	train_loss: 0.8412341047078371	train_acc: 69.26
[2024-01-16 22:13:28,385][train.py][line:245][INFO] Val: ma_f1: 65.01	acc: 64.74	avg_f1: 66.15	ma_all_f1: 62.24	mi_all_f1: 64.74	favor_f1: 58.04	against_f1: 71.99	none_f1: 56.7
[2024-01-16 22:13:28,709][train.py][line:204][INFO] epoch: 4
[2024-01-16 22:13:31,263][train.py][line:242][INFO] 31/164	train_loss: 0.8533359467983246	train_acc: 71.29
[2024-01-16 22:13:32,653][train.py][line:245][INFO] Val: ma_f1: 70.12	acc: 72.67	avg_f1: 72.06	ma_all_f1: 69.76	mi_all_f1: 72.67	favor_f1: 62.35	against_f1: 77.89	none_f1: 69.05
[2024-01-16 22:13:34,040][train.py][line:252][INFO] Test: ma_f1: 70.12	acc: 72.67	avg_f1: 72.06	ma_all_f1: 69.76	mi_all_f1: 72.67	favor_f1: 62.35	against_f1: 77.89	none_f1: 69.05
[2024-01-16 22:13:36,597][train.py][line:242][INFO] 63/164	train_loss: 0.7302329533267766	train_acc: 72.85
[2024-01-16 22:13:37,985][train.py][line:245][INFO] Val: ma_f1: 70.34	acc: 72.56	avg_f1: 72.51	ma_all_f1: 68.87	mi_all_f1: 72.56	favor_f1: 62.09	against_f1: 78.59	none_f1: 65.93
[2024-01-16 22:13:39,373][train.py][line:252][INFO] Test: ma_f1: 70.34	acc: 72.56	avg_f1: 72.51	ma_all_f1: 68.87	mi_all_f1: 72.56	favor_f1: 62.09	against_f1: 78.59	none_f1: 65.93
[2024-01-16 22:13:41,909][train.py][line:242][INFO] 95/164	train_loss: 0.7957276042240361	train_acc: 70.31
[2024-01-16 22:13:43,297][train.py][line:245][INFO] Val: ma_f1: 67.13	acc: 71.06	avg_f1: 69.47	ma_all_f1: 67.81	mi_all_f1: 71.06	favor_f1: 58.23	against_f1: 76.03	none_f1: 69.17
[2024-01-16 22:13:45,832][train.py][line:242][INFO] 127/164	train_loss: 0.8067131805000827	train_acc: 69.92
[2024-01-16 22:13:47,221][train.py][line:245][INFO] Val: ma_f1: 62.79	acc: 70.2	avg_f1: 66.79	ma_all_f1: 64.72	mi_all_f1: 70.2	favor_f1: 49.29	against_f1: 76.3	none_f1: 68.56
[2024-01-16 22:13:49,781][train.py][line:242][INFO] 159/164	train_loss: 0.8112099410034717	train_acc: 69.77
[2024-01-16 22:13:51,170][train.py][line:245][INFO] Val: ma_f1: 63.64	acc: 66.24	avg_f1: 64.79	ma_all_f1: 64.79	mi_all_f1: 66.24	favor_f1: 56.83	against_f1: 70.46	none_f1: 67.07
[2024-01-16 22:13:51,494][train.py][line:204][INFO] epoch: 5
[2024-01-16 22:13:54,043][train.py][line:242][INFO] 31/164	train_loss: 0.661802563816309	train_acc: 73.44
[2024-01-16 22:13:55,433][train.py][line:245][INFO] Val: ma_f1: 67.9	acc: 70.63	avg_f1: 69.97	ma_all_f1: 67.65	mi_all_f1: 70.63	favor_f1: 60.06	against_f1: 75.74	none_f1: 67.16
[2024-01-16 22:13:57,996][train.py][line:242][INFO] 63/164	train_loss: 0.6831431393511593	train_acc: 73.05
[2024-01-16 22:13:59,390][train.py][line:245][INFO] Val: ma_f1: 62.72	acc: 68.27	avg_f1: 65.74	ma_all_f1: 64.16	mi_all_f1: 68.27	favor_f1: 52.08	against_f1: 73.35	none_f1: 67.04
[2024-01-16 22:14:01,963][train.py][line:242][INFO] 95/164	train_loss: 0.7070931938166419	train_acc: 72.53
[2024-01-16 22:14:03,362][train.py][line:245][INFO] Val: ma_f1: 60.48	acc: 67.74	avg_f1: 65.26	ma_all_f1: 60.42	mi_all_f1: 67.74	favor_f1: 45.78	against_f1: 75.17	none_f1: 60.32
[2024-01-16 22:14:05,908][train.py][line:242][INFO] 127/164	train_loss: 0.7296945446869358	train_acc: 72.31
[2024-01-16 22:14:07,297][train.py][line:245][INFO] Val: ma_f1: 69.74	acc: 72.03	avg_f1: 71.86	ma_all_f1: 68.36	mi_all_f1: 72.03	favor_f1: 60.92	against_f1: 78.56	none_f1: 65.6
[2024-01-16 22:14:09,835][train.py][line:242][INFO] 159/164	train_loss: 0.740087169315666	train_acc: 72.03
[2024-01-16 22:14:11,225][train.py][line:245][INFO] Val: ma_f1: 60.96	acc: 57.66	avg_f1: 60.79	ma_all_f1: 58.02	mi_all_f1: 57.66	favor_f1: 61.76	against_f1: 60.16	none_f1: 52.15
[2024-01-16 22:14:11,554][train.py][line:204][INFO] epoch: 6
[2024-01-16 22:14:14,087][train.py][line:242][INFO] 31/164	train_loss: 0.5961693692952394	train_acc: 79.1
[2024-01-16 22:14:15,474][train.py][line:245][INFO] Val: ma_f1: 70.91	acc: 71.92	avg_f1: 72.5	ma_all_f1: 69.22	mi_all_f1: 71.92	favor_f1: 64.53	against_f1: 77.28	none_f1: 65.85
[2024-01-16 22:14:16,863][train.py][line:252][INFO] Test: ma_f1: 70.91	acc: 71.92	avg_f1: 72.5	ma_all_f1: 69.22	mi_all_f1: 71.92	favor_f1: 64.53	against_f1: 77.28	none_f1: 65.85
[2024-01-16 22:14:19,405][train.py][line:242][INFO] 63/164	train_loss: 0.5873179635964334	train_acc: 77.05
[2024-01-16 22:14:20,793][train.py][line:245][INFO] Val: ma_f1: 68.86	acc: 69.77	avg_f1: 71.02	ma_all_f1: 65.51	mi_all_f1: 69.77	favor_f1: 60.92	against_f1: 76.8	none_f1: 58.82
[2024-01-16 22:14:23,324][train.py][line:242][INFO] 95/164	train_loss: 0.5946097096117834	train_acc: 76.63
[2024-01-16 22:14:24,713][train.py][line:245][INFO] Val: ma_f1: 69.67	acc: 71.49	avg_f1: 71.36	ma_all_f1: 68.76	mi_all_f1: 71.49	favor_f1: 62.02	against_f1: 77.32	none_f1: 66.95
[2024-01-16 22:14:27,258][train.py][line:242][INFO] 127/164	train_loss: 0.608031926676631	train_acc: 76.42
[2024-01-16 22:14:28,649][train.py][line:245][INFO] Val: ma_f1: 71.3	acc: 73.53	avg_f1: 73.24	ma_all_f1: 70.34	mi_all_f1: 73.53	favor_f1: 63.22	against_f1: 79.39	none_f1: 68.42
[2024-01-16 22:14:30,036][train.py][line:252][INFO] Test: ma_f1: 71.3	acc: 73.53	avg_f1: 73.24	ma_all_f1: 70.34	mi_all_f1: 73.53	favor_f1: 63.22	against_f1: 79.39	none_f1: 68.42
[2024-01-16 22:14:32,592][train.py][line:242][INFO] 159/164	train_loss: 0.6016980906948447	train_acc: 76.21
[2024-01-16 22:14:33,981][train.py][line:245][INFO] Val: ma_f1: 66.83	acc: 67.95	avg_f1: 68.09	ma_all_f1: 66.02	mi_all_f1: 67.95	favor_f1: 60.94	against_f1: 72.73	none_f1: 64.38
[2024-01-16 22:14:34,308][train.py][line:204][INFO] epoch: 7
[2024-01-16 22:14:36,869][train.py][line:242][INFO] 31/164	train_loss: 0.5481713758781552	train_acc: 80.08
[2024-01-16 22:14:38,260][train.py][line:245][INFO] Val: ma_f1: 67.83	acc: 69.13	avg_f1: 69.3	ma_all_f1: 67.01	mi_all_f1: 69.13	favor_f1: 62.07	against_f1: 73.6	none_f1: 65.37
[2024-01-16 22:14:40,837][train.py][line:242][INFO] 63/164	train_loss: 0.5641470698174089	train_acc: 78.03
[2024-01-16 22:14:42,224][train.py][line:245][INFO] Val: ma_f1: 71.16	acc: 72.67	avg_f1: 72.7	ma_all_f1: 70.23	mi_all_f1: 72.67	favor_f1: 64.48	against_f1: 77.83	none_f1: 68.39
[2024-01-16 22:14:44,785][train.py][line:242][INFO] 95/164	train_loss: 0.5413467055186629	train_acc: 78.39
[2024-01-16 22:14:46,173][train.py][line:245][INFO] Val: ma_f1: 68.73	acc: 70.85	avg_f1: 71.13	ma_all_f1: 66.52	mi_all_f1: 70.85	favor_f1: 59.7	against_f1: 77.77	none_f1: 62.1
[2024-01-16 22:14:48,718][train.py][line:242][INFO] 127/164	train_loss: 0.5455115342047065	train_acc: 77.93
[2024-01-16 22:14:50,107][train.py][line:245][INFO] Val: ma_f1: 62.98	acc: 65.92	avg_f1: 64.87	ma_all_f1: 63.33	mi_all_f1: 65.92	favor_f1: 55.74	against_f1: 70.21	none_f1: 64.04
[2024-01-16 22:14:52,665][train.py][line:242][INFO] 159/164	train_loss: 0.5566819815896451	train_acc: 77.46
[2024-01-16 22:14:54,053][train.py][line:245][INFO] Val: ma_f1: 69.58	acc: 71.7	avg_f1: 71.11	ma_all_f1: 69.45	mi_all_f1: 71.7	favor_f1: 62.77	against_f1: 76.39	none_f1: 69.18
[2024-01-16 22:14:54,377][train.py][line:204][INFO] epoch: 8
[2024-01-16 22:14:56,921][train.py][line:242][INFO] 31/164	train_loss: 0.49874770594760776	train_acc: 79.88
[2024-01-16 22:14:58,310][train.py][line:245][INFO] Val: ma_f1: 68.06	acc: 71.7	avg_f1: 70.7	ma_all_f1: 67.54	mi_all_f1: 71.7	favor_f1: 57.46	against_f1: 78.65	none_f1: 66.52
[2024-01-16 22:15:00,869][train.py][line:242][INFO] 63/164	train_loss: 0.5483877880033106	train_acc: 77.34
[2024-01-16 22:15:02,257][train.py][line:245][INFO] Val: ma_f1: 68.72	acc: 69.24	avg_f1: 71.15	ma_all_f1: 62.67	mi_all_f1: 69.24	favor_f1: 59.55	against_f1: 77.89	none_f1: 50.57
[2024-01-16 22:15:04,813][train.py][line:242][INFO] 95/164	train_loss: 0.5556368130880097	train_acc: 77.8
[2024-01-16 22:15:06,204][train.py][line:245][INFO] Val: ma_f1: 70.15	acc: 73.31	avg_f1: 72.46	ma_all_f1: 69.75	mi_all_f1: 73.31	favor_f1: 61.18	against_f1: 79.13	none_f1: 68.95
[2024-01-16 22:15:08,766][train.py][line:242][INFO] 127/164	train_loss: 0.6125740498537198	train_acc: 76.12
[2024-01-16 22:15:10,157][train.py][line:245][INFO] Val: ma_f1: 64.06	acc: 70.42	avg_f1: 67.81	ma_all_f1: 65.19	mi_all_f1: 70.42	favor_f1: 51.47	against_f1: 76.65	none_f1: 67.44
[2024-01-16 22:15:12,706][train.py][line:242][INFO] 159/164	train_loss: 0.5873565565794706	train_acc: 76.95
[2024-01-16 22:15:14,096][train.py][line:245][INFO] Val: ma_f1: 68.48	acc: 70.31	avg_f1: 70.2	ma_all_f1: 67.75	mi_all_f1: 70.31	favor_f1: 61.54	against_f1: 75.43	none_f1: 66.29
[2024-01-16 22:15:14,420][train.py][line:204][INFO] epoch: 9
[2024-01-16 22:15:17,028][train.py][line:242][INFO] 31/164	train_loss: 0.5310133202001452	train_acc: 78.12
[2024-01-16 22:15:18,419][train.py][line:245][INFO] Val: ma_f1: 69.14	acc: 70.31	avg_f1: 70.47	ma_all_f1: 68.4	mi_all_f1: 70.31	favor_f1: 63.95	against_f1: 74.34	none_f1: 66.9
[2024-01-16 22:15:20,984][train.py][line:242][INFO] 63/164	train_loss: 0.5010353091638535	train_acc: 80.47
[2024-01-16 22:15:22,377][train.py][line:245][INFO] Val: ma_f1: 64.4	acc: 65.7	avg_f1: 66.19	ma_all_f1: 63.05	mi_all_f1: 65.7	favor_f1: 57.23	against_f1: 71.56	none_f1: 60.36
[2024-01-16 22:15:24,949][train.py][line:242][INFO] 95/164	train_loss: 0.5333067829099795	train_acc: 78.97
[2024-01-16 22:15:26,341][train.py][line:245][INFO] Val: ma_f1: 65.08	acc: 67.2	avg_f1: 66.12	ma_all_f1: 65.82	mi_all_f1: 67.2	favor_f1: 58.93	against_f1: 71.22	none_f1: 67.32
[2024-01-16 22:15:28,889][train.py][line:242][INFO] 127/164	train_loss: 0.5453902492299676	train_acc: 78.17
[2024-01-16 22:15:30,285][train.py][line:245][INFO] Val: ma_f1: 63.91	acc: 66.88	avg_f1: 65.54	ma_all_f1: 64.66	mi_all_f1: 66.88	favor_f1: 55.86	against_f1: 71.96	none_f1: 66.15
[2024-01-16 22:15:32,844][train.py][line:242][INFO] 159/164	train_loss: 0.5372167300432921	train_acc: 78.71
[2024-01-16 22:15:34,232][train.py][line:245][INFO] Val: ma_f1: 68.83	acc: 72.24	avg_f1: 70.91	ma_all_f1: 69.33	mi_all_f1: 72.24	favor_f1: 60.74	against_f1: 76.92	none_f1: 70.34
[2024-01-16 22:15:34,556][train.py][line:204][INFO] epoch: 10
[2024-01-16 22:15:37,090][train.py][line:242][INFO] 31/164	train_loss: 0.3927623350173235	train_acc: 84.96
[2024-01-16 22:15:38,480][train.py][line:245][INFO] Val: ma_f1: 69.12	acc: 71.17	avg_f1: 70.51	ma_all_f1: 69.14	mi_all_f1: 71.17	favor_f1: 62.47	against_f1: 75.78	none_f1: 69.18
[2024-01-16 22:15:41,034][train.py][line:242][INFO] 63/164	train_loss: 0.4096148842945695	train_acc: 84.28
[2024-01-16 22:15:42,423][train.py][line:245][INFO] Val: ma_f1: 70.89	acc: 72.24	avg_f1: 72.24	ma_all_f1: 70.28	mi_all_f1: 72.24	favor_f1: 65.62	against_f1: 76.16	none_f1: 69.06
[2024-01-16 22:15:44,951][train.py][line:242][INFO] 95/164	train_loss: 0.45013716894512373	train_acc: 82.23
[2024-01-16 22:15:46,339][train.py][line:245][INFO] Val: ma_f1: 66.49	acc: 67.85	avg_f1: 68.0	ma_all_f1: 65.46	mi_all_f1: 67.85	favor_f1: 59.84	against_f1: 73.15	none_f1: 63.39
[2024-01-16 22:15:48,876][train.py][line:242][INFO] 127/164	train_loss: 0.4861873915651813	train_acc: 80.96
[2024-01-16 22:15:50,263][train.py][line:245][INFO] Val: ma_f1: 67.98	acc: 72.13	avg_f1: 70.79	ma_all_f1: 67.99	mi_all_f1: 72.13	favor_f1: 57.89	against_f1: 78.06	none_f1: 68.02
[2024-01-16 22:15:52,807][train.py][line:242][INFO] 159/164	train_loss: 0.5099779951386154	train_acc: 80.43
[2024-01-16 22:15:54,215][train.py][line:245][INFO] Val: ma_f1: 64.05	acc: 66.77	avg_f1: 66.34	ma_all_f1: 63.46	mi_all_f1: 66.77	favor_f1: 55.78	against_f1: 72.32	none_f1: 62.27
[2024-01-16 22:15:54,538][train.py][line:204][INFO] epoch: 11
[2024-01-16 22:15:57,081][train.py][line:242][INFO] 31/164	train_loss: 0.44455724814906716	train_acc: 81.45
[2024-01-16 22:15:58,476][train.py][line:245][INFO] Val: ma_f1: 65.71	acc: 66.56	avg_f1: 66.74	ma_all_f1: 65.01	mi_all_f1: 66.56	favor_f1: 60.4	against_f1: 71.02	none_f1: 63.6
[2024-01-16 22:16:01,019][train.py][line:242][INFO] 63/164	train_loss: 0.47379782516509295	train_acc: 81.54
[2024-01-16 22:16:02,428][train.py][line:245][INFO] Val: ma_f1: 70.08	acc: 72.35	avg_f1: 72.4	ma_all_f1: 68.22	mi_all_f1: 72.35	favor_f1: 60.97	against_f1: 79.19	none_f1: 64.52
[2024-01-16 22:16:05,069][train.py][line:242][INFO] 95/164	train_loss: 0.4775759844730298	train_acc: 81.18
[2024-01-16 22:16:06,460][train.py][line:245][INFO] Val: ma_f1: 68.67	acc: 71.28	avg_f1: 71.08	ma_all_f1: 67.0	mi_all_f1: 71.28	favor_f1: 58.86	against_f1: 78.48	none_f1: 63.66
[2024-01-16 22:16:09,106][train.py][line:242][INFO] 127/164	train_loss: 0.48845072864787653	train_acc: 81.01
[2024-01-16 22:16:10,500][train.py][line:245][INFO] Val: ma_f1: 66.75	acc: 69.99	avg_f1: 68.76	ma_all_f1: 67.15	mi_all_f1: 69.99	favor_f1: 58.45	against_f1: 75.05	none_f1: 67.96
[2024-01-16 22:16:13,057][train.py][line:242][INFO] 159/164	train_loss: 0.4724556242581457	train_acc: 81.25
[2024-01-16 22:16:14,447][train.py][line:245][INFO] Val: ma_f1: 69.57	acc: 71.28	avg_f1: 71.18	ma_all_f1: 68.78	mi_all_f1: 71.28	favor_f1: 62.78	against_f1: 76.37	none_f1: 67.2
[2024-01-16 22:16:14,763][train.py][line:261][INFO] Best_test: epoch:6	ma_f1: 71.3	acc: 73.53	avg_f1: 73.24	ma_all_f1: 70.34	mi_all_f1: 73.53	favor_f1: 63.22	against_f1: 79.39	none_f1: 68.42
[2024-01-16 22:16:14,764][train.py][line:263][INFO] Best_val: epoch:6	ma_f1: 71.3	acc: 73.53	avg_f1: 73.24	ma_all_f1: 70.34	mi_all_f1: 73.53	favor_f1: 63.22	against_f1: 79.39	none_f1: 68.42
[2024-01-16 22:17:22,480][train.py][line:150][INFO] cuda memory allocated: 457956352
[2024-01-16 22:17:22,483][train.py][line:165][INFO] > n_trainable_params: 114203199, n_nontrainable_params: 0
[2024-01-16 22:17:22,483][train.py][line:166][INFO] > training arguments:
[2024-01-16 22:17:22,483][train.py][line:168][INFO] >>> model_name: bert_fol_graph
[2024-01-16 22:17:22,484][train.py][line:168][INFO] >>> dataset: la-
[2024-01-16 22:17:22,484][train.py][line:168][INFO] >>> optimizer: <class 'transformers.optimization.AdamW'>
[2024-01-16 22:17:22,484][train.py][line:168][INFO] >>> initializer: <function xavier_uniform_ at 0x7f3afa6b84c0>
[2024-01-16 22:17:22,484][train.py][line:168][INFO] >>> lr: 0.001
[2024-01-16 22:17:22,484][train.py][line:168][INFO] >>> bert_lr: 5e-06
[2024-01-16 22:17:22,484][train.py][line:168][INFO] >>> dropout: 0.2
[2024-01-16 22:17:22,484][train.py][line:168][INFO] >>> num_epoch: 20
[2024-01-16 22:17:22,484][train.py][line:168][INFO] >>> batch_size: 16
[2024-01-16 22:17:22,484][train.py][line:168][INFO] >>> log_step: -1
[2024-01-16 22:17:22,484][train.py][line:168][INFO] >>> pretrained_model_name: bert-base-uncased
[2024-01-16 22:17:22,484][train.py][line:168][INFO] >>> max_seq_len: 60
[2024-01-16 22:17:22,484][train.py][line:168][INFO] >>> polarities_dim: 3
[2024-01-16 22:17:22,484][train.py][line:168][INFO] >>> patience: 5
[2024-01-16 22:17:22,484][train.py][line:168][INFO] >>> device: cuda:0
[2024-01-16 22:17:22,484][train.py][line:168][INFO] >>> save_model: False
[2024-01-16 22:17:22,484][train.py][line:168][INFO] >>> seed: 2
[2024-01-16 22:17:22,484][train.py][line:168][INFO] >>> valset_ratio: 0.0
[2024-01-16 22:17:22,484][train.py][line:168][INFO] >>> embed_dim: 300
[2024-01-16 22:17:22,484][train.py][line:168][INFO] >>> hidden_dim: 300
[2024-01-16 22:17:22,484][train.py][line:168][INFO] >>> pid: 1
[2024-01-16 22:17:22,484][train.py][line:168][INFO] >>> tid: 1
[2024-01-16 22:17:22,484][train.py][line:168][INFO] >>> lid: 0
[2024-01-16 22:17:22,484][train.py][line:168][INFO] >>> llambda: 0.5
[2024-01-16 22:17:22,484][train.py][line:168][INFO] >>> use_prompt: True
[2024-01-16 22:17:22,484][train.py][line:168][INFO] >>> with_text: False
[2024-01-16 22:17:22,484][train.py][line:168][INFO] >>> model_class: <class 'models.bert_fol_text_graph.BERT_FOL_G'>
[2024-01-16 22:17:22,485][train.py][line:168][INFO] >>> dataset_file: {'train': ['/home/dingdaijun/data_list/dingdaijun/LTN_merge/datasets/merge/dt/dt.csv', '/home/dingdaijun/data_list/dingdaijun/LTN_merge/datasets/merge/fm/fm.csv', '/home/dingdaijun/data_list/dingdaijun/LTN_merge/datasets/merge/hc/hc.csv'], 'test': '/home/dingdaijun/data_list/dingdaijun/LTN_merge/datasets/merge/la/la.csv'}
[2024-01-16 22:17:22,485][train.py][line:168][INFO] >>> inputs_cols: ['bert_fol_inputs', 'bert_fol_type', 'bert_fol_mask', 'bert_text_inputs', 'bert_text_type', 'bert_text_mask', 'mlm_labels', 'graph_matrix', 'graph_text']
[2024-01-16 22:17:22,489][train.py][line:204][INFO] epoch: 0
[2024-01-16 22:17:26,392][train.py][line:242][INFO] 31/164	train_loss: 2.741797525435686	train_acc: 46.29
[2024-01-16 22:17:27,781][train.py][line:245][INFO] Val: ma_f1: 21.19	acc: 36.12	avg_f1: 22.91	ma_all_f1: 36.13	mi_all_f1: 36.12	favor_f1: 40.2	against_f1: 2.17	none_f1: 66.02
[2024-01-16 22:17:29,169][train.py][line:252][INFO] Test: ma_f1: 21.19	acc: 36.12	avg_f1: 22.91	ma_all_f1: 36.13	mi_all_f1: 36.12	favor_f1: 40.2	against_f1: 2.17	none_f1: 66.02
[2024-01-16 22:17:31,697][train.py][line:242][INFO] 63/164	train_loss: 2.0994122829288244	train_acc: 49.61
[2024-01-16 22:17:33,087][train.py][line:245][INFO] Val: ma_f1: 37.37	acc: 44.69	avg_f1: 39.18	ma_all_f1: 41.31	mi_all_f1: 44.69	favor_f1: 31.05	against_f1: 43.7	none_f1: 49.17
[2024-01-16 22:17:34,476][train.py][line:252][INFO] Test: ma_f1: 37.37	acc: 44.69	avg_f1: 39.18	ma_all_f1: 41.31	mi_all_f1: 44.69	favor_f1: 31.05	against_f1: 43.7	none_f1: 49.17
[2024-01-16 22:17:37,001][train.py][line:242][INFO] 95/164	train_loss: 1.9227555211012561	train_acc: 51.69
[2024-01-16 22:17:38,389][train.py][line:245][INFO] Val: ma_f1: 39.69	acc: 52.63	avg_f1: 46.25	ma_all_f1: 43.92	mi_all_f1: 52.63	favor_f1: 19.79	against_f1: 59.59	none_f1: 52.36
[2024-01-16 22:17:39,780][train.py][line:252][INFO] Test: ma_f1: 39.69	acc: 52.63	avg_f1: 46.25	ma_all_f1: 43.92	mi_all_f1: 52.63	favor_f1: 19.79	against_f1: 59.59	none_f1: 52.36
[2024-01-16 22:17:42,313][train.py][line:242][INFO] 127/164	train_loss: 1.7634782274253666	train_acc: 52.69
[2024-01-16 22:17:43,701][train.py][line:245][INFO] Val: ma_f1: 61.28	acc: 66.99	avg_f1: 65.56	ma_all_f1: 59.69	mi_all_f1: 66.99	favor_f1: 47.62	against_f1: 74.94	none_f1: 56.5
[2024-01-16 22:17:45,116][train.py][line:252][INFO] Test: ma_f1: 61.28	acc: 66.99	avg_f1: 65.56	ma_all_f1: 59.69	mi_all_f1: 66.99	favor_f1: 47.62	against_f1: 74.94	none_f1: 56.5
[2024-01-16 22:17:47,648][train.py][line:242][INFO] 159/164	train_loss: 1.633691130951047	train_acc: 54.57
[2024-01-16 22:17:49,037][train.py][line:245][INFO] Val: ma_f1: 56.22	acc: 62.81	avg_f1: 59.87	ma_all_f1: 57.96	mi_all_f1: 62.81	favor_f1: 44.08	against_f1: 68.36	none_f1: 61.44
[2024-01-16 22:17:49,358][train.py][line:204][INFO] epoch: 1
[2024-01-16 22:17:51,890][train.py][line:242][INFO] 31/164	train_loss: 0.7749036839231849	train_acc: 69.34
[2024-01-16 22:17:53,278][train.py][line:245][INFO] Val: ma_f1: 69.23	acc: 69.02	avg_f1: 71.19	ma_all_f1: 64.08	mi_all_f1: 69.02	favor_f1: 62.05	against_f1: 76.41	none_f1: 53.77
[2024-01-16 22:17:54,668][train.py][line:252][INFO] Test: ma_f1: 69.23	acc: 69.02	avg_f1: 71.19	ma_all_f1: 64.08	mi_all_f1: 69.02	favor_f1: 62.05	against_f1: 76.41	none_f1: 53.77
[2024-01-16 22:17:57,189][train.py][line:242][INFO] 63/164	train_loss: 0.8519946397282183	train_acc: 67.38
[2024-01-16 22:17:58,578][train.py][line:245][INFO] Val: ma_f1: 65.54	acc: 67.1	avg_f1: 66.63	ma_all_f1: 65.55	mi_all_f1: 67.1	favor_f1: 60.61	against_f1: 70.46	none_f1: 65.59
[2024-01-16 22:18:01,121][train.py][line:242][INFO] 95/164	train_loss: 0.9203360828881463	train_acc: 64.71
[2024-01-16 22:18:02,509][train.py][line:245][INFO] Val: ma_f1: 56.89	acc: 59.38	avg_f1: 57.01	ma_all_f1: 59.35	mi_all_f1: 59.38	favor_f1: 55.97	against_f1: 57.8	none_f1: 64.27
[2024-01-16 22:18:05,061][train.py][line:242][INFO] 127/164	train_loss: 0.9552825782448053	train_acc: 64.55
[2024-01-16 22:18:06,448][train.py][line:245][INFO] Val: ma_f1: 64.21	acc: 65.7	avg_f1: 65.78	ma_all_f1: 63.53	mi_all_f1: 65.7	favor_f1: 58.42	against_f1: 70.0	none_f1: 62.18
[2024-01-16 22:18:08,986][train.py][line:242][INFO] 159/164	train_loss: 0.9449766824021936	train_acc: 65.04
[2024-01-16 22:18:10,374][train.py][line:245][INFO] Val: ma_f1: 70.15	acc: 69.77	avg_f1: 70.62	ma_all_f1: 68.99	mi_all_f1: 69.77	favor_f1: 67.86	against_f1: 72.45	none_f1: 66.67
[2024-01-16 22:18:11,762][train.py][line:252][INFO] Test: ma_f1: 70.15	acc: 69.77	avg_f1: 70.62	ma_all_f1: 68.99	mi_all_f1: 69.77	favor_f1: 67.86	against_f1: 72.45	none_f1: 66.67
[2024-01-16 22:18:12,090][train.py][line:204][INFO] epoch: 2
[2024-01-16 22:18:14,611][train.py][line:242][INFO] 31/164	train_loss: 0.708661608863622	train_acc: 74.22
[2024-01-16 22:18:15,999][train.py][line:245][INFO] Val: ma_f1: 59.78	acc: 66.88	avg_f1: 63.67	ma_all_f1: 61.66	mi_all_f1: 66.88	favor_f1: 47.01	against_f1: 72.55	none_f1: 65.41
[2024-01-16 22:18:18,527][train.py][line:242][INFO] 63/164	train_loss: 0.7537706119474024	train_acc: 71.78
[2024-01-16 22:18:19,914][train.py][line:245][INFO] Val: ma_f1: 50.14	acc: 63.67	avg_f1: 56.84	ma_all_f1: 54.73	mi_all_f1: 63.67	favor_f1: 30.05	against_f1: 70.22	none_f1: 63.93
[2024-01-16 22:18:22,466][train.py][line:242][INFO] 95/164	train_loss: 0.8183745898616811	train_acc: 70.12
[2024-01-16 22:18:23,859][train.py][line:245][INFO] Val: ma_f1: 69.28	acc: 69.56	avg_f1: 70.37	ma_all_f1: 67.94	mi_all_f1: 69.56	favor_f1: 65.0	against_f1: 73.57	none_f1: 65.26
[2024-01-16 22:18:26,411][train.py][line:242][INFO] 127/164	train_loss: 0.815102573367767	train_acc: 69.97
[2024-01-16 22:18:27,803][train.py][line:245][INFO] Val: ma_f1: 68.0	acc: 68.6	avg_f1: 68.84	ma_all_f1: 67.31	mi_all_f1: 68.6	favor_f1: 64.06	against_f1: 71.94	none_f1: 65.92
[2024-01-16 22:18:30,342][train.py][line:242][INFO] 159/164	train_loss: 0.8420258547179401	train_acc: 69.02
[2024-01-16 22:18:31,732][train.py][line:245][INFO] Val: ma_f1: 71.32	acc: 71.7	avg_f1: 73.12	ma_all_f1: 67.84	mi_all_f1: 71.7	favor_f1: 64.23	against_f1: 78.41	none_f1: 60.89
[2024-01-16 22:18:33,121][train.py][line:252][INFO] Test: ma_f1: 71.32	acc: 71.7	avg_f1: 73.12	ma_all_f1: 67.84	mi_all_f1: 71.7	favor_f1: 64.23	against_f1: 78.41	none_f1: 60.89
[2024-01-16 22:18:33,452][train.py][line:204][INFO] epoch: 3
[2024-01-16 22:18:35,982][train.py][line:242][INFO] 31/164	train_loss: 0.9113795487210155	train_acc: 67.77
[2024-01-16 22:18:37,368][train.py][line:245][INFO] Val: ma_f1: 61.29	acc: 58.95	avg_f1: 61.14	ma_all_f1: 59.32	mi_all_f1: 58.95	favor_f1: 61.99	against_f1: 60.59	none_f1: 55.38
[2024-01-16 22:18:39,892][train.py][line:242][INFO] 63/164	train_loss: 0.8262873128987849	train_acc: 69.92
[2024-01-16 22:18:41,280][train.py][line:245][INFO] Val: ma_f1: 72.63	acc: 73.31	avg_f1: 73.82	ma_all_f1: 71.24	mi_all_f1: 73.31	favor_f1: 67.37	against_f1: 77.89	none_f1: 68.45
[2024-01-16 22:18:42,666][train.py][line:252][INFO] Test: ma_f1: 72.63	acc: 73.31	avg_f1: 73.82	ma_all_f1: 71.24	mi_all_f1: 73.31	favor_f1: 67.37	against_f1: 77.89	none_f1: 68.45
[2024-01-16 22:18:45,193][train.py][line:242][INFO] 95/164	train_loss: 0.7853881069459021	train_acc: 70.57
[2024-01-16 22:18:46,580][train.py][line:245][INFO] Val: ma_f1: 66.41	acc: 67.1	avg_f1: 67.25	ma_all_f1: 65.94	mi_all_f1: 67.1	favor_f1: 62.76	against_f1: 70.07	none_f1: 65.01
[2024-01-16 22:18:49,113][train.py][line:242][INFO] 127/164	train_loss: 0.7720933356322348	train_acc: 71.0
[2024-01-16 22:18:50,503][train.py][line:245][INFO] Val: ma_f1: 51.43	acc: 65.17	avg_f1: 57.98	ma_all_f1: 56.51	mi_all_f1: 65.17	favor_f1: 31.67	against_f1: 71.19	none_f1: 66.67
[2024-01-16 22:18:53,065][train.py][line:242][INFO] 159/164	train_loss: 0.7831719132140279	train_acc: 70.74
[2024-01-16 22:18:54,454][train.py][line:245][INFO] Val: ma_f1: 67.06	acc: 67.85	avg_f1: 67.87	ma_all_f1: 66.64	mi_all_f1: 67.85	favor_f1: 63.3	against_f1: 70.82	none_f1: 65.81
[2024-01-16 22:18:54,775][train.py][line:204][INFO] epoch: 4
[2024-01-16 22:18:57,314][train.py][line:242][INFO] 31/164	train_loss: 0.6709941546432674	train_acc: 73.63
[2024-01-16 22:18:58,703][train.py][line:245][INFO] Val: ma_f1: 63.96	acc: 69.67	avg_f1: 67.15	ma_all_f1: 65.29	mi_all_f1: 69.67	favor_f1: 52.78	against_f1: 75.14	none_f1: 67.94
[2024-01-16 22:19:01,256][train.py][line:242][INFO] 63/164	train_loss: 0.673619334353134	train_acc: 73.73
[2024-01-16 22:19:02,648][train.py][line:245][INFO] Val: ma_f1: 65.03	acc: 66.35	avg_f1: 66.34	ma_all_f1: 64.51	mi_all_f1: 66.35	favor_f1: 59.87	against_f1: 70.19	none_f1: 63.48
[2024-01-16 22:19:05,182][train.py][line:242][INFO] 95/164	train_loss: 0.6978372192631165	train_acc: 72.92
[2024-01-16 22:19:06,570][train.py][line:245][INFO] Val: ma_f1: 39.74	acc: 54.02	avg_f1: 45.92	ma_all_f1: 45.55	mi_all_f1: 54.02	favor_f1: 20.79	against_f1: 58.69	none_f1: 57.18
[2024-01-16 22:19:09,094][train.py][line:242][INFO] 127/164	train_loss: 0.7169647354166955	train_acc: 72.12
[2024-01-16 22:19:10,481][train.py][line:245][INFO] Val: ma_f1: 71.04	acc: 71.92	avg_f1: 72.2	ma_all_f1: 70.12	mi_all_f1: 71.92	favor_f1: 66.28	against_f1: 75.81	none_f1: 68.29
[2024-01-16 22:19:13,014][train.py][line:242][INFO] 159/164	train_loss: 0.6985949533991516	train_acc: 72.73
[2024-01-16 22:19:14,400][train.py][line:245][INFO] Val: ma_f1: 62.08	acc: 67.95	avg_f1: 65.47	ma_all_f1: 63.33	mi_all_f1: 67.95	favor_f1: 50.56	against_f1: 73.6	none_f1: 65.83
[2024-01-16 22:19:14,721][train.py][line:204][INFO] epoch: 5
[2024-01-16 22:19:17,248][train.py][line:242][INFO] 31/164	train_loss: 0.6918992288410664	train_acc: 72.85
[2024-01-16 22:19:18,634][train.py][line:245][INFO] Val: ma_f1: 61.28	acc: 69.88	avg_f1: 65.9	ma_all_f1: 63.54	mi_all_f1: 69.88	favor_f1: 46.39	against_f1: 76.18	none_f1: 68.05
[2024-01-16 22:19:21,161][train.py][line:242][INFO] 63/164	train_loss: 0.6407095126342028	train_acc: 73.05
[2024-01-16 22:19:22,547][train.py][line:245][INFO] Val: ma_f1: 65.91	acc: 69.67	avg_f1: 68.25	ma_all_f1: 66.41	mi_all_f1: 69.67	favor_f1: 57.24	against_f1: 74.58	none_f1: 67.4
[2024-01-16 22:19:25,059][train.py][line:242][INFO] 95/164	train_loss: 0.6220465926453471	train_acc: 73.5
[2024-01-16 22:19:26,446][train.py][line:245][INFO] Val: ma_f1: 63.07	acc: 67.74	avg_f1: 67.44	ma_all_f1: 58.76	mi_all_f1: 67.74	favor_f1: 49.45	against_f1: 76.69	none_f1: 50.14
[2024-01-16 22:19:29,061][train.py][line:242][INFO] 127/164	train_loss: 0.6318456474691629	train_acc: 73.24
[2024-01-16 22:19:30,449][train.py][line:245][INFO] Val: ma_f1: 69.45	acc: 68.7	avg_f1: 70.29	ma_all_f1: 67.35	mi_all_f1: 68.7	favor_f1: 65.72	against_f1: 73.17	none_f1: 63.16
[2024-01-16 22:19:32,988][train.py][line:242][INFO] 159/164	train_loss: 0.624241884611547	train_acc: 74.22
[2024-01-16 22:19:34,376][train.py][line:245][INFO] Val: ma_f1: 67.73	acc: 69.13	avg_f1: 69.07	ma_all_f1: 67.3	mi_all_f1: 69.13	favor_f1: 62.54	against_f1: 72.92	none_f1: 66.44
[2024-01-16 22:19:34,691][train.py][line:204][INFO] epoch: 6
[2024-01-16 22:19:37,243][train.py][line:242][INFO] 31/164	train_loss: 0.5597495925612748	train_acc: 74.8
[2024-01-16 22:19:38,639][train.py][line:245][INFO] Val: ma_f1: 65.33	acc: 68.27	avg_f1: 67.4	ma_all_f1: 65.37	mi_all_f1: 68.27	favor_f1: 57.62	against_f1: 73.03	none_f1: 65.47
[2024-01-16 22:19:41,171][train.py][line:242][INFO] 63/164	train_loss: 0.5496058915741742	train_acc: 77.05
[2024-01-16 22:19:42,561][train.py][line:245][INFO] Val: ma_f1: 70.57	acc: 73.2	avg_f1: 72.9	ma_all_f1: 69.27	mi_all_f1: 73.2	favor_f1: 62.22	against_f1: 78.92	none_f1: 66.67
[2024-01-16 22:19:45,112][train.py][line:242][INFO] 95/164	train_loss: 0.5516756897171339	train_acc: 77.02
[2024-01-16 22:19:46,500][train.py][line:245][INFO] Val: ma_f1: 63.33	acc: 69.99	avg_f1: 67.0	ma_all_f1: 64.9	mi_all_f1: 69.99	favor_f1: 50.88	against_f1: 75.77	none_f1: 68.04
[2024-01-16 22:19:49,037][train.py][line:242][INFO] 127/164	train_loss: 0.5592388001969084	train_acc: 76.56
[2024-01-16 22:19:50,423][train.py][line:245][INFO] Val: ma_f1: 71.24	acc: 73.31	avg_f1: 73.04	ma_all_f1: 70.49	mi_all_f1: 73.31	favor_f1: 64.42	against_f1: 78.06	none_f1: 68.99
[2024-01-16 22:19:52,944][train.py][line:242][INFO] 159/164	train_loss: 0.5713192197494209	train_acc: 76.17
[2024-01-16 22:19:54,330][train.py][line:245][INFO] Val: ma_f1: 48.31	acc: 68.06	avg_f1: 57.93	ma_all_f1: 55.37	mi_all_f1: 68.06	favor_f1: 21.32	against_f1: 75.3	none_f1: 69.49
[2024-01-16 22:19:54,651][train.py][line:204][INFO] epoch: 7
[2024-01-16 22:19:57,185][train.py][line:242][INFO] 31/164	train_loss: 0.5740531159099191	train_acc: 77.73
[2024-01-16 22:19:58,571][train.py][line:245][INFO] Val: ma_f1: 53.3	acc: 67.63	avg_f1: 60.89	ma_all_f1: 57.24	mi_all_f1: 67.63	favor_f1: 31.19	against_f1: 75.4	none_f1: 65.12
[2024-01-16 22:20:01,096][train.py][line:242][INFO] 63/164	train_loss: 0.5728658329462633	train_acc: 75.98
[2024-01-16 22:20:02,482][train.py][line:245][INFO] Val: ma_f1: 63.9	acc: 68.7	avg_f1: 66.7	ma_all_f1: 64.86	mi_all_f1: 68.7	favor_f1: 54.04	against_f1: 73.77	none_f1: 66.79
[2024-01-16 22:20:05,012][train.py][line:242][INFO] 95/164	train_loss: 0.5679845130071044	train_acc: 76.89
[2024-01-16 22:20:06,399][train.py][line:245][INFO] Val: ma_f1: 70.63	acc: 73.2	avg_f1: 72.52	ma_all_f1: 70.41	mi_all_f1: 73.2	favor_f1: 63.52	against_f1: 77.74	none_f1: 69.96
[2024-01-16 22:20:08,926][train.py][line:242][INFO] 127/164	train_loss: 0.5457290252670646	train_acc: 77.64
[2024-01-16 22:20:10,313][train.py][line:245][INFO] Val: ma_f1: 65.33	acc: 68.81	avg_f1: 69.1	ma_all_f1: 60.83	mi_all_f1: 68.81	favor_f1: 53.43	against_f1: 77.24	none_f1: 51.81
[2024-01-16 22:20:12,841][train.py][line:242][INFO] 159/164	train_loss: 0.5437622456811368	train_acc: 77.81
[2024-01-16 22:20:14,245][train.py][line:245][INFO] Val: ma_f1: 72.69	acc: 72.99	avg_f1: 73.53	ma_all_f1: 71.65	mi_all_f1: 72.99	favor_f1: 69.08	against_f1: 76.31	none_f1: 69.55
[2024-01-16 22:20:15,637][train.py][line:252][INFO] Test: ma_f1: 72.69	acc: 72.99	avg_f1: 73.53	ma_all_f1: 71.65	mi_all_f1: 72.99	favor_f1: 69.08	against_f1: 76.31	none_f1: 69.55
[2024-01-16 22:20:15,960][train.py][line:204][INFO] epoch: 8
[2024-01-16 22:20:18,480][train.py][line:242][INFO] 31/164	train_loss: 0.4803165988996625	train_acc: 81.05
[2024-01-16 22:20:19,868][train.py][line:245][INFO] Val: ma_f1: 67.73	acc: 71.49	avg_f1: 69.95	ma_all_f1: 68.4	mi_all_f1: 71.49	favor_f1: 59.42	against_f1: 76.04	none_f1: 69.73
[2024-01-16 22:20:22,416][train.py][line:242][INFO] 63/164	train_loss: 0.5107115334831178	train_acc: 79.39
[2024-01-16 22:20:23,806][train.py][line:245][INFO] Val: ma_f1: 58.74	acc: 66.13	avg_f1: 62.58	ma_all_f1: 60.99	mi_all_f1: 66.13	favor_f1: 45.98	against_f1: 71.51	none_f1: 65.47
[2024-01-16 22:20:26,334][train.py][line:242][INFO] 95/164	train_loss: 0.5360793181074163	train_acc: 78.45
[2024-01-16 22:20:27,729][train.py][line:245][INFO] Val: ma_f1: 70.58	acc: 72.03	avg_f1: 72.17	ma_all_f1: 69.45	mi_all_f1: 72.03	favor_f1: 64.02	against_f1: 77.13	none_f1: 67.21
[2024-01-16 22:20:30,256][train.py][line:242][INFO] 127/164	train_loss: 0.5343065751949325	train_acc: 78.56
[2024-01-16 22:20:31,645][train.py][line:245][INFO] Val: ma_f1: 68.32	acc: 71.17	avg_f1: 70.84	ma_all_f1: 66.98	mi_all_f1: 71.17	favor_f1: 59.35	against_f1: 77.29	none_f1: 64.3
[2024-01-16 22:20:34,173][train.py][line:242][INFO] 159/164	train_loss: 0.5385448762681335	train_acc: 78.52
[2024-01-16 22:20:35,559][train.py][line:245][INFO] Val: ma_f1: 64.58	acc: 69.56	avg_f1: 67.45	ma_all_f1: 65.58	mi_all_f1: 69.56	favor_f1: 54.42	against_f1: 74.74	none_f1: 67.57
[2024-01-16 22:20:35,883][train.py][line:204][INFO] epoch: 9
[2024-01-16 22:20:38,413][train.py][line:242][INFO] 31/164	train_loss: 0.42777487402781844	train_acc: 84.18
[2024-01-16 22:20:39,799][train.py][line:245][INFO] Val: ma_f1: 71.43	acc: 72.88	avg_f1: 72.93	ma_all_f1: 70.54	mi_all_f1: 72.88	favor_f1: 65.48	against_f1: 77.38	none_f1: 68.76
[2024-01-16 22:20:42,334][train.py][line:242][INFO] 63/164	train_loss: 0.46359380264766514	train_acc: 82.62
[2024-01-16 22:20:43,722][train.py][line:245][INFO] Val: ma_f1: 55.5	acc: 67.52	avg_f1: 61.58	ma_all_f1: 59.39	mi_all_f1: 67.52	favor_f1: 36.91	against_f1: 74.08	none_f1: 67.18
[2024-01-16 22:20:46,267][train.py][line:242][INFO] 95/164	train_loss: 0.4618113012984395	train_acc: 82.29
[2024-01-16 22:20:47,653][train.py][line:245][INFO] Val: ma_f1: 68.3	acc: 72.24	avg_f1: 70.75	ma_all_f1: 68.74	mi_all_f1: 72.24	favor_f1: 59.35	against_f1: 77.24	none_f1: 69.62
[2024-01-16 22:20:50,206][train.py][line:242][INFO] 127/164	train_loss: 0.4685110888676718	train_acc: 81.69
[2024-01-16 22:20:51,606][train.py][line:245][INFO] Val: ma_f1: 66.08	acc: 69.24	avg_f1: 68.1	ma_all_f1: 66.43	mi_all_f1: 69.24	favor_f1: 58.33	against_f1: 73.82	none_f1: 67.15
[2024-01-16 22:20:54,148][train.py][line:242][INFO] 159/164	train_loss: 0.4704689048230648	train_acc: 81.25
[2024-01-16 22:20:55,535][train.py][line:245][INFO] Val: ma_f1: 64.72	acc: 70.95	avg_f1: 68.34	ma_all_f1: 65.87	mi_all_f1: 70.95	favor_f1: 52.48	against_f1: 76.97	none_f1: 68.16
[2024-01-16 22:20:55,857][train.py][line:204][INFO] epoch: 10
[2024-01-16 22:20:58,382][train.py][line:242][INFO] 31/164	train_loss: 0.3835838434752077	train_acc: 84.96
[2024-01-16 22:20:59,767][train.py][line:245][INFO] Val: ma_f1: 62.7	acc: 68.81	avg_f1: 65.8	ma_all_f1: 64.67	mi_all_f1: 68.81	favor_f1: 51.99	against_f1: 73.41	none_f1: 68.6
[2024-01-16 22:21:02,301][train.py][line:242][INFO] 63/164	train_loss: 0.35863043449353427	train_acc: 85.64
[2024-01-16 22:21:03,686][train.py][line:245][INFO] Val: ma_f1: 64.82	acc: 70.74	avg_f1: 68.31	ma_all_f1: 65.76	mi_all_f1: 70.74	favor_f1: 53.0	against_f1: 76.63	none_f1: 67.64
[2024-01-16 22:21:06,217][train.py][line:242][INFO] 95/164	train_loss: 0.4066613009975602	train_acc: 84.18
[2024-01-16 22:21:07,602][train.py][line:245][INFO] Val: ma_f1: 63.15	acc: 70.42	avg_f1: 67.07	ma_all_f1: 65.04	mi_all_f1: 70.42	favor_f1: 49.82	against_f1: 76.47	none_f1: 68.81
[2024-01-16 22:21:10,132][train.py][line:242][INFO] 127/164	train_loss: 0.41340028785634786	train_acc: 84.18
[2024-01-16 22:21:11,519][train.py][line:245][INFO] Val: ma_f1: 59.34	acc: 69.13	avg_f1: 64.21	ma_all_f1: 62.64	mi_all_f1: 69.13	favor_f1: 43.58	against_f1: 75.09	none_f1: 69.25
[2024-01-16 22:21:14,046][train.py][line:242][INFO] 159/164	train_loss: 0.431601418601349	train_acc: 83.2
[2024-01-16 22:21:15,431][train.py][line:245][INFO] Val: ma_f1: 72.21	acc: 72.99	avg_f1: 73.62	ma_all_f1: 70.5	mi_all_f1: 72.99	favor_f1: 66.48	against_f1: 77.95	none_f1: 67.09
[2024-01-16 22:21:15,749][train.py][line:204][INFO] epoch: 11
[2024-01-16 22:21:18,266][train.py][line:242][INFO] 31/164	train_loss: 0.36796928639523685	train_acc: 83.79
[2024-01-16 22:21:19,653][train.py][line:245][INFO] Val: ma_f1: 59.68	acc: 66.67	avg_f1: 62.94	ma_all_f1: 62.35	mi_all_f1: 66.67	favor_f1: 48.35	against_f1: 71.01	none_f1: 67.7
[2024-01-16 22:21:22,189][train.py][line:242][INFO] 63/164	train_loss: 0.34733065275941044	train_acc: 85.55
[2024-01-16 22:21:23,574][train.py][line:245][INFO] Val: ma_f1: 54.63	acc: 67.1	avg_f1: 60.88	ma_all_f1: 58.76	mi_all_f1: 67.1	favor_f1: 35.34	against_f1: 73.92	none_f1: 67.03
[2024-01-16 22:21:26,103][train.py][line:242][INFO] 95/164	train_loss: 0.3672334404351811	train_acc: 84.83
[2024-01-16 22:21:27,490][train.py][line:245][INFO] Val: ma_f1: 66.22	acc: 69.99	avg_f1: 68.72	ma_all_f1: 66.41	mi_all_f1: 69.99	favor_f1: 57.14	against_f1: 75.29	none_f1: 66.79
[2024-01-16 22:21:30,057][train.py][line:242][INFO] 127/164	train_loss: 0.37761191179743037	train_acc: 84.57
[2024-01-16 22:21:31,445][train.py][line:245][INFO] Val: ma_f1: 65.72	acc: 71.81	avg_f1: 69.41	ma_all_f1: 66.43	mi_all_f1: 71.81	favor_f1: 53.33	against_f1: 78.11	none_f1: 67.83
[2024-01-16 22:21:33,981][train.py][line:242][INFO] 159/164	train_loss: 0.39157731626182796	train_acc: 83.98
[2024-01-16 22:21:35,368][train.py][line:245][INFO] Val: ma_f1: 69.37	acc: 69.45	avg_f1: 71.08	ma_all_f1: 65.67	mi_all_f1: 69.45	favor_f1: 62.33	against_f1: 76.4	none_f1: 58.28
[2024-01-16 22:21:35,683][train.py][line:204][INFO] epoch: 12
[2024-01-16 22:21:38,216][train.py][line:242][INFO] 31/164	train_loss: 0.403333350783214	train_acc: 84.38
[2024-01-16 22:21:39,603][train.py][line:245][INFO] Val: ma_f1: 69.2	acc: 71.28	avg_f1: 70.86	ma_all_f1: 68.83	mi_all_f1: 71.28	favor_f1: 62.77	against_f1: 75.64	none_f1: 68.07
[2024-01-16 22:21:42,144][train.py][line:242][INFO] 63/164	train_loss: 0.4327846049563959	train_acc: 82.62
[2024-01-16 22:21:43,531][train.py][line:245][INFO] Val: ma_f1: 59.04	acc: 68.27	avg_f1: 63.53	ma_all_f1: 62.34	mi_all_f1: 68.27	favor_f1: 44.27	against_f1: 73.81	none_f1: 68.93
[2024-01-16 22:21:46,062][train.py][line:242][INFO] 95/164	train_loss: 0.4172219402777652	train_acc: 83.4
[2024-01-16 22:21:47,449][train.py][line:245][INFO] Val: ma_f1: 63.31	acc: 69.13	avg_f1: 66.32	ma_all_f1: 65.09	mi_all_f1: 69.13	favor_f1: 52.82	against_f1: 73.8	none_f1: 68.66
[2024-01-16 22:21:49,993][train.py][line:242][INFO] 127/164	train_loss: 0.4171465189429	train_acc: 83.89
[2024-01-16 22:21:51,380][train.py][line:245][INFO] Val: ma_f1: 66.38	acc: 69.56	avg_f1: 68.46	ma_all_f1: 66.67	mi_all_f1: 69.56	favor_f1: 58.55	against_f1: 74.2	none_f1: 67.26
[2024-01-16 22:21:53,908][train.py][line:242][INFO] 159/164	train_loss: 0.4273922875057906	train_acc: 83.55
[2024-01-16 22:21:55,294][train.py][line:245][INFO] Val: ma_f1: 66.67	acc: 69.88	avg_f1: 68.56	ma_all_f1: 67.26	mi_all_f1: 69.88	favor_f1: 59.21	against_f1: 74.13	none_f1: 68.44
[2024-01-16 22:21:55,624][train.py][line:261][INFO] Best_test: epoch:7	ma_f1: 72.69	acc: 72.99	avg_f1: 73.53	ma_all_f1: 71.65	mi_all_f1: 72.99	favor_f1: 69.08	against_f1: 76.31	none_f1: 69.55
[2024-01-16 22:21:55,625][train.py][line:263][INFO] Best_val: epoch:7	ma_f1: 72.69	acc: 72.99	avg_f1: 73.53	ma_all_f1: 71.65	mi_all_f1: 72.99	favor_f1: 69.08	against_f1: 76.31	none_f1: 69.55
