[2024-01-06 18:09:33,970][train.py][line:152][INFO] cuda memory allocated: 446163456
[2024-01-06 18:09:33,973][train.py][line:167][INFO] > n_trainable_params: 111255555, n_nontrainable_params: 0
[2024-01-06 18:09:33,973][train.py][line:168][INFO] > training arguments:
[2024-01-06 18:09:33,973][train.py][line:170][INFO] >>> model_name: bert_fol_text
[2024-01-06 18:09:33,973][train.py][line:170][INFO] >>> dataset: vast_10
[2024-01-06 18:09:33,973][train.py][line:170][INFO] >>> optimizer: <class 'transformers.optimization.AdamW'>
[2024-01-06 18:09:33,973][train.py][line:170][INFO] >>> initializer: <function xavier_uniform_ at 0x7f65795d3550>
[2024-01-06 18:09:33,973][train.py][line:170][INFO] >>> lr: 0.001
[2024-01-06 18:09:33,973][train.py][line:170][INFO] >>> bert_lr: 5e-06
[2024-01-06 18:09:33,973][train.py][line:170][INFO] >>> dropout: 0.2
[2024-01-06 18:09:33,973][train.py][line:170][INFO] >>> num_epoch: 20
[2024-01-06 18:09:33,973][train.py][line:170][INFO] >>> batch_size: 16
[2024-01-06 18:09:33,973][train.py][line:170][INFO] >>> log_step: -1
[2024-01-06 18:09:33,974][train.py][line:170][INFO] >>> pretrained_model_name: bert-base-uncased
[2024-01-06 18:09:33,974][train.py][line:170][INFO] >>> max_seq_len: 60
[2024-01-06 18:09:33,974][train.py][line:170][INFO] >>> polarities_dim: 3
[2024-01-06 18:09:33,974][train.py][line:170][INFO] >>> patience: 5
[2024-01-06 18:09:33,974][train.py][line:170][INFO] >>> device: cuda:0
[2024-01-06 18:09:33,974][train.py][line:170][INFO] >>> save_model: False
[2024-01-06 18:09:33,974][train.py][line:170][INFO] >>> seed: 0
[2024-01-06 18:09:33,974][train.py][line:170][INFO] >>> valset_ratio: 0.0
[2024-01-06 18:09:33,974][train.py][line:170][INFO] >>> embed_dim: 300
[2024-01-06 18:09:33,974][train.py][line:170][INFO] >>> hidden_dim: 300
[2024-01-06 18:09:33,974][train.py][line:170][INFO] >>> pid: 1
[2024-01-06 18:09:33,974][train.py][line:170][INFO] >>> tid: 1
[2024-01-06 18:09:33,974][train.py][line:170][INFO] >>> lid: 0
[2024-01-06 18:09:33,974][train.py][line:170][INFO] >>> llambda: 0.5
[2024-01-06 18:09:33,974][train.py][line:170][INFO] >>> use_prompt: True
[2024-01-06 18:09:33,974][train.py][line:170][INFO] >>> with_text: True
[2024-01-06 18:09:33,974][train.py][line:170][INFO] >>> model_class: <class 'models.bert_fol_text.BERT_FOL_T'>
[2024-01-06 18:09:33,974][train.py][line:170][INFO] >>> dataset_file: {'train': '/home/dingdaijun/data_list/dingdaijun/LTN_merge/datasets/merge/vast_10/train.csv', 'test': '/home/dingdaijun/data_list/dingdaijun/LTN_merge/datasets/merge/vast_10/test.csv'}
[2024-01-06 18:09:33,974][train.py][line:170][INFO] >>> inputs_cols: ['bert_fol_inputs', 'bert_fol_type', 'bert_fol_mask', 'bert_text_inputs', 'bert_text_type', 'bert_text_mask', 'mlm_labels']
[2024-01-06 18:09:33,978][train.py][line:206][INFO] epoch: 0
[2024-01-06 18:09:45,557][train.py][line:244][INFO] 16/85	train_loss: 4.008979159242966	train_acc: 34.19
[2024-01-06 18:10:21,962][train.py][line:247][INFO] Val: ma_f1: 25.14	acc: 33.63	avg_f1: 32.99	ma_all_f1: 16.89	mi_all_f1: 33.63	favor_f1: 0.0	against_f1: 50.28	none_f1: 0.38
[2024-01-06 18:10:58,347][train.py][line:254][INFO] Test: ma_f1: 25.14	acc: 33.63	avg_f1: 32.99	ma_all_f1: 16.89	mi_all_f1: 33.63	favor_f1: 0.0	against_f1: 50.28	none_f1: 0.38
[2024-01-06 18:11:08,803][train.py][line:244][INFO] 33/85	train_loss: 2.7322512917658863	train_acc: 36.76
[2024-01-06 18:11:45,066][train.py][line:247][INFO] Val: ma_f1: 31.52	acc: 57.6	avg_f1: 38.14	ma_all_f1: 45.09	mi_all_f1: 57.6	favor_f1: 0.0	against_f1: 63.04	none_f1: 72.23
[2024-01-06 18:12:21,272][train.py][line:254][INFO] Test: ma_f1: 31.52	acc: 57.6	avg_f1: 38.14	ma_all_f1: 45.09	mi_all_f1: 57.6	favor_f1: 0.0	against_f1: 63.04	none_f1: 72.23
[2024-01-06 18:12:31,671][train.py][line:244][INFO] 50/85	train_loss: 2.228465947450376	train_acc: 40.32
[2024-01-06 18:13:07,835][train.py][line:247][INFO] Val: ma_f1: 45.99	acc: 64.11	avg_f1: 50.25	ma_all_f1: 58.59	mi_all_f1: 64.11	favor_f1: 27.04	against_f1: 64.93	none_f1: 83.8
[2024-01-06 18:13:43,903][train.py][line:254][INFO] Test: ma_f1: 45.99	acc: 64.11	avg_f1: 50.25	ma_all_f1: 58.59	mi_all_f1: 64.11	favor_f1: 27.04	against_f1: 64.93	none_f1: 83.8
[2024-01-06 18:13:54,199][train.py][line:244][INFO] 67/85	train_loss: 1.9037132754045374	train_acc: 44.21
[2024-01-06 18:14:30,365][train.py][line:247][INFO] Val: ma_f1: 35.02	acc: 59.86	avg_f1: 40.71	ma_all_f1: 52.29	mi_all_f1: 59.86	favor_f1: 59.77	against_f1: 10.27	none_f1: 86.83
[2024-01-06 18:14:40,280][train.py][line:244][INFO] 84/85	train_loss: 1.720085598827294	train_acc: 47.03
[2024-01-06 18:15:16,454][train.py][line:247][INFO] Val: ma_f1: 42.26	acc: 56.1	avg_f1: 45.46	ma_all_f1: 52.91	mi_all_f1: 56.1	favor_f1: 57.51	against_f1: 27.0	none_f1: 74.2
[2024-01-06 18:15:16,455][train.py][line:206][INFO] epoch: 1
[2024-01-06 18:15:26,725][train.py][line:244][INFO] 16/85	train_loss: 0.8949307939585518	train_acc: 62.13
[2024-01-06 18:16:02,901][train.py][line:247][INFO] Val: ma_f1: 70.02	acc: 74.04	avg_f1: 70.01	ma_all_f1: 74.25	mi_all_f1: 74.04	favor_f1: 69.05	against_f1: 70.98	none_f1: 82.72
[2024-01-06 18:16:39,156][train.py][line:254][INFO] Test: ma_f1: 70.02	acc: 74.04	avg_f1: 70.01	ma_all_f1: 74.25	mi_all_f1: 74.04	favor_f1: 69.05	against_f1: 70.98	none_f1: 82.72
[2024-01-06 18:16:49,525][train.py][line:244][INFO] 33/85	train_loss: 0.8543035852558473	train_acc: 65.81
[2024-01-06 18:17:25,784][train.py][line:247][INFO] Val: ma_f1: 69.24	acc: 76.37	avg_f1: 69.25	ma_all_f1: 76.01	mi_all_f1: 76.37	favor_f1: 69.75	against_f1: 68.74	none_f1: 89.54
[2024-01-06 18:17:36,075][train.py][line:244][INFO] 50/85	train_loss: 0.8738800713828966	train_acc: 64.22
[2024-01-06 18:18:12,324][train.py][line:247][INFO] Val: ma_f1: 64.68	acc: 69.45	avg_f1: 64.82	ma_all_f1: 68.09	mi_all_f1: 69.45	favor_f1: 61.71	against_f1: 67.66	none_f1: 74.89
[2024-01-06 18:18:22,955][train.py][line:244][INFO] 67/85	train_loss: 1.04366404212573	train_acc: 61.95
[2024-01-06 18:18:59,192][train.py][line:247][INFO] Val: ma_f1: 29.52	acc: 57.53	avg_f1: 36.97	ma_all_f1: 48.03	mi_all_f1: 57.53	favor_f1: 59.05	against_f1: 0.0	none_f1: 85.05
[2024-01-06 18:19:09,063][train.py][line:244][INFO] 84/85	train_loss: 1.0488476488423737	train_acc: 62.41
[2024-01-06 18:19:45,327][train.py][line:247][INFO] Val: ma_f1: 71.38	acc: 77.12	avg_f1: 71.38	ma_all_f1: 76.35	mi_all_f1: 77.12	favor_f1: 70.92	against_f1: 71.84	none_f1: 86.3
[2024-01-06 18:20:21,598][train.py][line:254][INFO] Test: ma_f1: 71.38	acc: 77.12	avg_f1: 71.38	ma_all_f1: 76.35	mi_all_f1: 77.12	favor_f1: 70.92	against_f1: 71.84	none_f1: 86.3
[2024-01-06 18:20:21,598][train.py][line:206][INFO] epoch: 2
[2024-01-06 18:20:32,091][train.py][line:244][INFO] 16/85	train_loss: 0.8420398778775159	train_acc: 75.0
[2024-01-06 18:21:08,383][train.py][line:247][INFO] Val: ma_f1: 54.1	acc: 68.08	avg_f1: 55.77	ma_all_f1: 65.43	mi_all_f1: 68.08	favor_f1: 65.0	against_f1: 43.2	none_f1: 88.08
[2024-01-06 18:21:18,804][train.py][line:244][INFO] 33/85	train_loss: 0.7678124299820732	train_acc: 75.92
[2024-01-06 18:21:54,994][train.py][line:247][INFO] Val: ma_f1: 30.6	acc: 58.42	avg_f1: 37.59	ma_all_f1: 49.24	mi_all_f1: 58.42	favor_f1: 59.2	against_f1: 2.0	none_f1: 86.51
[2024-01-06 18:22:05,557][train.py][line:244][INFO] 50/85	train_loss: 0.884039918289465	train_acc: 72.18
[2024-01-06 18:22:41,857][train.py][line:247][INFO] Val: ma_f1: 31.93	acc: 57.4	avg_f1: 38.48	ma_all_f1: 49.29	mi_all_f1: 57.4	favor_f1: 58.76	against_f1: 5.1	none_f1: 84.02
[2024-01-06 18:22:52,223][train.py][line:244][INFO] 67/85	train_loss: 1.088722851127386	train_acc: 68.29
[2024-01-06 18:23:28,488][train.py][line:247][INFO] Val: ma_f1: 70.71	acc: 75.55	avg_f1: 70.71	ma_all_f1: 74.68	mi_all_f1: 75.55	favor_f1: 70.91	against_f1: 70.51	none_f1: 82.63
[2024-01-06 18:23:38,401][train.py][line:244][INFO] 84/85	train_loss: 1.1414031583323168	train_acc: 66.94
[2024-01-06 18:24:14,611][train.py][line:247][INFO] Val: ma_f1: 34.0	acc: 61.92	avg_f1: 40.15	ma_all_f1: 52.12	mi_all_f1: 61.92	favor_f1: 61.74	against_f1: 6.26	none_f1: 88.38
[2024-01-06 18:24:14,611][train.py][line:206][INFO] epoch: 3
[2024-01-06 18:24:24,970][train.py][line:244][INFO] 16/85	train_loss: 1.141173565212418	train_acc: 69.85
[2024-01-06 18:25:01,321][train.py][line:247][INFO] Val: ma_f1: 75.13	acc: 80.48	avg_f1: 75.24	ma_all_f1: 80.11	mi_all_f1: 80.48	favor_f1: 72.9	against_f1: 77.36	none_f1: 90.07
[2024-01-06 18:25:37,642][train.py][line:254][INFO] Test: ma_f1: 75.13	acc: 80.48	avg_f1: 75.24	ma_all_f1: 80.11	mi_all_f1: 80.48	favor_f1: 72.9	against_f1: 77.36	none_f1: 90.07
[2024-01-06 18:25:48,084][train.py][line:244][INFO] 33/85	train_loss: 0.9114569254657802	train_acc: 74.26
[2024-01-06 18:26:24,364][train.py][line:247][INFO] Val: ma_f1: 74.89	acc: 80.55	avg_f1: 75.1	ma_all_f1: 80.01	mi_all_f1: 80.55	favor_f1: 72.03	against_f1: 77.76	none_f1: 90.23
[2024-01-06 18:26:34,517][train.py][line:244][INFO] 50/85	train_loss: 0.8524722909810496	train_acc: 74.26
[2024-01-06 18:27:10,838][train.py][line:247][INFO] Val: ma_f1: 69.22	acc: 75.96	avg_f1: 69.22	ma_all_f1: 75.8	mi_all_f1: 75.96	favor_f1: 69.48	against_f1: 68.95	none_f1: 88.96
[2024-01-06 18:27:21,444][train.py][line:244][INFO] 67/85	train_loss: 0.8598217330873013	train_acc: 73.62
[2024-01-06 18:27:57,716][train.py][line:247][INFO] Val: ma_f1: 62.46	acc: 72.4	avg_f1: 62.94	ma_all_f1: 71.23	mi_all_f1: 72.4	favor_f1: 67.62	against_f1: 57.29	none_f1: 88.78
[2024-01-06 18:28:07,644][train.py][line:244][INFO] 84/85	train_loss: 0.875421857242341	train_acc: 73.03
[2024-01-06 18:28:43,926][train.py][line:247][INFO] Val: ma_f1: 35.17	acc: 58.36	avg_f1: 40.86	ma_all_f1: 51.38	mi_all_f1: 58.36	favor_f1: 59.39	against_f1: 10.96	none_f1: 83.8
[2024-01-06 18:28:43,926][train.py][line:206][INFO] epoch: 4
[2024-01-06 18:28:54,400][train.py][line:244][INFO] 16/85	train_loss: 0.7851492788861779	train_acc: 72.06
[2024-01-06 18:29:30,667][train.py][line:247][INFO] Val: ma_f1: 71.84	acc: 75.68	avg_f1: 71.85	ma_all_f1: 75.83	mi_all_f1: 75.68	favor_f1: 71.56	against_f1: 72.12	none_f1: 83.82
[2024-01-06 18:29:41,020][train.py][line:244][INFO] 33/85	train_loss: 0.761031287996208	train_acc: 73.9
[2024-01-06 18:30:17,266][train.py][line:247][INFO] Val: ma_f1: 42.85	acc: 66.44	avg_f1: 48.54	ma_all_f1: 57.73	mi_all_f1: 66.44	favor_f1: 17.89	against_f1: 67.81	none_f1: 87.5
[2024-01-06 18:30:27,678][train.py][line:244][INFO] 50/85	train_loss: 0.7608608296688866	train_acc: 75.12
[2024-01-06 18:31:03,972][train.py][line:247][INFO] Val: ma_f1: 73.09	acc: 78.36	avg_f1: 73.19	ma_all_f1: 78.03	mi_all_f1: 78.36	favor_f1: 71.11	against_f1: 75.07	none_f1: 87.92
[2024-01-06 18:31:14,302][train.py][line:244][INFO] 67/85	train_loss: 0.7470990767812028	train_acc: 75.18
[2024-01-06 18:31:50,611][train.py][line:247][INFO] Val: ma_f1: 73.01	acc: 78.15	avg_f1: 73.19	ma_all_f1: 77.8	mi_all_f1: 78.15	favor_f1: 70.55	against_f1: 75.48	none_f1: 87.37
[2024-01-06 18:32:00,669][train.py][line:244][INFO] 84/85	train_loss: 0.7442332205610325	train_acc: 75.11
[2024-01-06 18:32:37,056][train.py][line:247][INFO] Val: ma_f1: 73.23	acc: 78.84	avg_f1: 73.32	ma_all_f1: 78.49	mi_all_f1: 78.84	favor_f1: 71.35	against_f1: 75.12	none_f1: 89.0
[2024-01-06 18:32:37,057][train.py][line:206][INFO] epoch: 5
[2024-01-06 18:32:47,395][train.py][line:244][INFO] 16/85	train_loss: 0.518874875324614	train_acc: 81.99
[2024-01-06 18:33:23,821][train.py][line:247][INFO] Val: ma_f1: 70.61	acc: 77.19	avg_f1: 70.63	ma_all_f1: 76.56	mi_all_f1: 77.19	favor_f1: 71.25	against_f1: 69.98	none_f1: 88.45
[2024-01-06 18:33:34,386][train.py][line:244][INFO] 33/85	train_loss: 0.5490270636099226	train_acc: 80.33
[2024-01-06 18:34:10,682][train.py][line:247][INFO] Val: ma_f1: 67.8	acc: 73.84	avg_f1: 68.2	ma_all_f1: 73.46	mi_all_f1: 73.84	favor_f1: 64.24	against_f1: 71.37	none_f1: 84.78
[2024-01-06 18:34:21,212][train.py][line:244][INFO] 50/85	train_loss: 0.5296729909730893	train_acc: 80.02
[2024-01-06 18:34:57,426][train.py][line:247][INFO] Val: ma_f1: 45.89	acc: 64.66	avg_f1: 50.4	ma_all_f1: 58.92	mi_all_f1: 64.66	favor_f1: 26.32	against_f1: 65.46	none_f1: 84.99
[2024-01-06 18:35:07,716][train.py][line:244][INFO] 67/85	train_loss: 0.5731539661612581	train_acc: 79.32
[2024-01-06 18:35:44,022][train.py][line:247][INFO] Val: ma_f1: 68.11	acc: 74.86	avg_f1: 68.17	ma_all_f1: 73.89	mi_all_f1: 74.86	favor_f1: 70.19	against_f1: 66.04	none_f1: 85.44
[2024-01-06 18:35:53,941][train.py][line:244][INFO] 84/85	train_loss: 0.6995743129618278	train_acc: 76.52
[2024-01-06 18:36:30,184][train.py][line:247][INFO] Val: ma_f1: 66.68	acc: 69.18	avg_f1: 66.66	ma_all_f1: 69.57	mi_all_f1: 69.18	favor_f1: 65.93	against_f1: 67.42	none_f1: 75.35
[2024-01-06 18:36:30,184][train.py][line:206][INFO] epoch: 6
[2024-01-06 18:36:40,640][train.py][line:244][INFO] 16/85	train_loss: 0.9520251225022709	train_acc: 69.12
[2024-01-06 18:37:16,927][train.py][line:247][INFO] Val: ma_f1: 68.74	acc: 75.62	avg_f1: 69.23	ma_all_f1: 74.95	mi_all_f1: 75.62	favor_f1: 64.45	against_f1: 73.03	none_f1: 87.38
[2024-01-06 18:37:27,282][train.py][line:244][INFO] 33/85	train_loss: 1.0004035633276491	train_acc: 70.59
[2024-01-06 18:38:03,642][train.py][line:247][INFO] Val: ma_f1: 68.61	acc: 74.73	avg_f1: 68.63	ma_all_f1: 73.7	mi_all_f1: 74.73	favor_f1: 67.61	against_f1: 69.61	none_f1: 83.88
[2024-01-06 18:38:14,061][train.py][line:244][INFO] 50/85	train_loss: 0.8993567053009482	train_acc: 74.26
[2024-01-06 18:38:50,347][train.py][line:247][INFO] Val: ma_f1: 70.13	acc: 76.78	avg_f1: 70.13	ma_all_f1: 76.28	mi_all_f1: 76.78	favor_f1: 70.25	against_f1: 70.0	none_f1: 88.59
[2024-01-06 18:39:00,850][train.py][line:244][INFO] 67/85	train_loss: 0.8373664270209915	train_acc: 74.63
[2024-01-06 18:39:37,123][train.py][line:247][INFO] Val: ma_f1: 70.89	acc: 75.55	avg_f1: 70.98	ma_all_f1: 75.59	mi_all_f1: 75.55	favor_f1: 69.7	against_f1: 72.08	none_f1: 84.98
[2024-01-06 18:39:47,028][train.py][line:244][INFO] 84/85	train_loss: 0.8423199291004734	train_acc: 74.89
[2024-01-06 18:40:23,287][train.py][line:247][INFO] Val: ma_f1: 30.33	acc: 53.01	avg_f1: 38.44	ma_all_f1: 43.45	mi_all_f1: 53.01	favor_f1: 1.76	against_f1: 58.91	none_f1: 69.69
[2024-01-06 18:40:23,288][train.py][line:206][INFO] epoch: 7
[2024-01-06 18:40:33,743][train.py][line:244][INFO] 16/85	train_loss: 1.2263363753171528	train_acc: 70.22
[2024-01-06 18:41:10,015][train.py][line:247][INFO] Val: ma_f1: 68.7	acc: 74.52	avg_f1: 68.7	ma_all_f1: 73.64	mi_all_f1: 74.52	favor_f1: 68.4	against_f1: 68.99	none_f1: 83.52
[2024-01-06 18:41:20,261][train.py][line:244][INFO] 33/85	train_loss: 0.8477037357275977	train_acc: 77.76
[2024-01-06 18:41:56,487][train.py][line:247][INFO] Val: ma_f1: 68.89	acc: 75.68	avg_f1: 69.29	ma_all_f1: 74.51	mi_all_f1: 75.68	favor_f1: 64.29	against_f1: 73.49	none_f1: 85.77
[2024-01-06 18:42:06,924][train.py][line:244][INFO] 50/85	train_loss: 0.8839463080991717	train_acc: 76.35
[2024-01-06 18:42:43,193][train.py][line:247][INFO] Val: ma_f1: 67.04	acc: 72.81	avg_f1: 67.06	ma_all_f1: 72.93	mi_all_f1: 72.81	favor_f1: 67.41	against_f1: 66.67	none_f1: 84.72
[2024-01-06 18:42:53,683][train.py][line:244][INFO] 67/85	train_loss: 0.899485767380718	train_acc: 76.01
[2024-01-06 18:43:30,086][train.py][line:247][INFO] Val: ma_f1: 58.8	acc: 66.85	avg_f1: 59.34	ma_all_f1: 66.63	mi_all_f1: 66.85	favor_f1: 63.29	against_f1: 54.31	none_f1: 82.29
[2024-01-06 18:43:40,015][train.py][line:244][INFO] 84/85	train_loss: 0.9147676235233693	train_acc: 76.0
[2024-01-06 18:44:16,332][train.py][line:247][INFO] Val: ma_f1: 58.84	acc: 68.77	avg_f1: 59.52	ma_all_f1: 67.98	mi_all_f1: 68.77	favor_f1: 64.53	against_f1: 53.15	none_f1: 86.25
[2024-01-06 18:44:16,333][train.py][line:206][INFO] epoch: 8
[2024-01-06 18:44:26,756][train.py][line:244][INFO] 16/85	train_loss: 1.1619910440024208	train_acc: 74.63
[2024-01-06 18:45:03,292][train.py][line:247][INFO] Val: ma_f1: 68.85	acc: 75.27	avg_f1: 68.84	ma_all_f1: 75.11	mi_all_f1: 75.27	favor_f1: 67.15	against_f1: 70.55	none_f1: 87.62
[2024-01-06 18:45:13,868][train.py][line:244][INFO] 33/85	train_loss: 1.0470361227498335	train_acc: 77.94
[2024-01-06 18:45:50,228][train.py][line:247][INFO] Val: ma_f1: 69.58	acc: 74.86	avg_f1: 69.58	ma_all_f1: 74.97	mi_all_f1: 74.86	favor_f1: 69.07	against_f1: 70.08	none_f1: 85.74
[2024-01-06 18:46:00,485][train.py][line:244][INFO] 50/85	train_loss: 0.8968964686580733	train_acc: 79.04
[2024-01-06 18:46:36,850][train.py][line:247][INFO] Val: ma_f1: 59.04	acc: 68.84	avg_f1: 59.62	ma_all_f1: 68.18	mi_all_f1: 68.84	favor_f1: 64.59	against_f1: 53.49	none_f1: 86.46
[2024-01-06 18:46:47,309][train.py][line:244][INFO] 67/85	train_loss: 0.8033584430813789	train_acc: 80.51
[2024-01-06 18:47:23,826][train.py][line:247][INFO] Val: ma_f1: 61.75	acc: 71.1	avg_f1: 62.1	ma_all_f1: 70.32	mi_all_f1: 71.1	favor_f1: 65.71	against_f1: 57.79	none_f1: 87.44
[2024-01-06 18:47:33,705][train.py][line:244][INFO] 84/85	train_loss: 0.7317622696773605	train_acc: 81.87
[2024-01-06 18:48:10,230][train.py][line:247][INFO] Val: ma_f1: 67.92	acc: 73.84	avg_f1: 67.92	ma_all_f1: 73.94	mi_all_f1: 73.84	favor_f1: 67.62	against_f1: 68.22	none_f1: 85.98
[2024-01-06 18:48:10,230][train.py][line:263][INFO] Best_test: epoch:3	ma_f1: 75.13	acc: 80.48	avg_f1: 75.24	ma_all_f1: 80.11	mi_all_f1: 80.48	favor_f1: 72.9	against_f1: 77.36	none_f1: 90.07
[2024-01-06 18:48:10,230][train.py][line:265][INFO] Best_val: epoch:3	ma_f1: 75.13	acc: 80.48	avg_f1: 75.24	ma_all_f1: 80.11	mi_all_f1: 80.48	favor_f1: 72.9	against_f1: 77.36	none_f1: 90.07
[2024-01-06 18:48:19,206][train.py][line:152][INFO] cuda memory allocated: 446163456
[2024-01-06 18:48:19,209][train.py][line:167][INFO] > n_trainable_params: 111255555, n_nontrainable_params: 0
[2024-01-06 18:48:19,210][train.py][line:168][INFO] > training arguments:
[2024-01-06 18:48:19,210][train.py][line:170][INFO] >>> model_name: bert_fol_text
[2024-01-06 18:48:19,210][train.py][line:170][INFO] >>> dataset: vast_10
[2024-01-06 18:48:19,210][train.py][line:170][INFO] >>> optimizer: <class 'transformers.optimization.AdamW'>
[2024-01-06 18:48:19,210][train.py][line:170][INFO] >>> initializer: <function xavier_uniform_ at 0x7f7d15a49550>
[2024-01-06 18:48:19,210][train.py][line:170][INFO] >>> lr: 0.001
[2024-01-06 18:48:19,210][train.py][line:170][INFO] >>> bert_lr: 5e-06
[2024-01-06 18:48:19,210][train.py][line:170][INFO] >>> dropout: 0.2
[2024-01-06 18:48:19,210][train.py][line:170][INFO] >>> num_epoch: 20
[2024-01-06 18:48:19,210][train.py][line:170][INFO] >>> batch_size: 16
[2024-01-06 18:48:19,210][train.py][line:170][INFO] >>> log_step: -1
[2024-01-06 18:48:19,210][train.py][line:170][INFO] >>> pretrained_model_name: bert-base-uncased
[2024-01-06 18:48:19,210][train.py][line:170][INFO] >>> max_seq_len: 60
[2024-01-06 18:48:19,210][train.py][line:170][INFO] >>> polarities_dim: 3
[2024-01-06 18:48:19,210][train.py][line:170][INFO] >>> patience: 5
[2024-01-06 18:48:19,210][train.py][line:170][INFO] >>> device: cuda:0
[2024-01-06 18:48:19,210][train.py][line:170][INFO] >>> save_model: False
[2024-01-06 18:48:19,210][train.py][line:170][INFO] >>> seed: 1
[2024-01-06 18:48:19,210][train.py][line:170][INFO] >>> valset_ratio: 0.0
[2024-01-06 18:48:19,210][train.py][line:170][INFO] >>> embed_dim: 300
[2024-01-06 18:48:19,210][train.py][line:170][INFO] >>> hidden_dim: 300
[2024-01-06 18:48:19,210][train.py][line:170][INFO] >>> pid: 1
[2024-01-06 18:48:19,210][train.py][line:170][INFO] >>> tid: 1
[2024-01-06 18:48:19,210][train.py][line:170][INFO] >>> lid: 0
[2024-01-06 18:48:19,210][train.py][line:170][INFO] >>> llambda: 0.5
[2024-01-06 18:48:19,210][train.py][line:170][INFO] >>> use_prompt: True
[2024-01-06 18:48:19,210][train.py][line:170][INFO] >>> with_text: True
[2024-01-06 18:48:19,211][train.py][line:170][INFO] >>> model_class: <class 'models.bert_fol_text.BERT_FOL_T'>
[2024-01-06 18:48:19,211][train.py][line:170][INFO] >>> dataset_file: {'train': '/home/dingdaijun/data_list/dingdaijun/LTN_merge/datasets/merge/vast_10/train.csv', 'test': '/home/dingdaijun/data_list/dingdaijun/LTN_merge/datasets/merge/vast_10/test.csv'}
[2024-01-06 18:48:19,211][train.py][line:170][INFO] >>> inputs_cols: ['bert_fol_inputs', 'bert_fol_type', 'bert_fol_mask', 'bert_text_inputs', 'bert_text_type', 'bert_text_mask', 'mlm_labels']
[2024-01-06 18:48:19,215][train.py][line:206][INFO] epoch: 0
[2024-01-06 18:48:30,522][train.py][line:244][INFO] 16/85	train_loss: 3.346052145256716	train_acc: 37.87
[2024-01-06 18:49:05,901][train.py][line:247][INFO] Val: ma_f1: 25.35	acc: 34.93	avg_f1: 33.21	ma_all_f1: 19.6	mi_all_f1: 34.93	favor_f1: 0.0	against_f1: 50.7	none_f1: 8.09
[2024-01-06 18:49:41,351][train.py][line:254][INFO] Test: ma_f1: 25.35	acc: 34.93	avg_f1: 33.21	ma_all_f1: 19.6	mi_all_f1: 34.93	favor_f1: 0.0	against_f1: 50.7	none_f1: 8.09
[2024-01-06 18:49:51,531][train.py][line:244][INFO] 33/85	train_loss: 2.4055492018952087	train_acc: 39.15
[2024-01-06 18:50:26,998][train.py][line:247][INFO] Val: ma_f1: 39.28	acc: 58.84	avg_f1: 42.76	ma_all_f1: 50.6	mi_all_f1: 58.84	favor_f1: 18.57	against_f1: 60.0	none_f1: 73.22
[2024-01-06 18:51:02,514][train.py][line:254][INFO] Test: ma_f1: 39.28	acc: 58.84	avg_f1: 42.76	ma_all_f1: 50.6	mi_all_f1: 58.84	favor_f1: 18.57	against_f1: 60.0	none_f1: 73.22
[2024-01-06 18:51:12,739][train.py][line:244][INFO] 50/85	train_loss: 1.944999421344084	train_acc: 43.87
[2024-01-06 18:51:48,167][train.py][line:247][INFO] Val: ma_f1: 55.93	acc: 65.89	avg_f1: 56.78	ma_all_f1: 65.03	mi_all_f1: 65.89	favor_f1: 62.4	against_f1: 49.45	none_f1: 83.23
[2024-01-06 18:52:23,652][train.py][line:254][INFO] Test: ma_f1: 55.93	acc: 65.89	avg_f1: 56.78	ma_all_f1: 65.03	mi_all_f1: 65.89	favor_f1: 62.4	against_f1: 49.45	none_f1: 83.23
[2024-01-06 18:52:33,725][train.py][line:244][INFO] 67/85	train_loss: 1.7255764805218752	train_acc: 47.89
[2024-01-06 18:53:09,220][train.py][line:247][INFO] Val: ma_f1: 43.23	acc: 63.42	avg_f1: 46.6	ma_all_f1: 58.33	mi_all_f1: 63.42	favor_f1: 61.16	against_f1: 25.3	none_f1: 88.52
[2024-01-06 18:53:18,843][train.py][line:244][INFO] 84/85	train_loss: 1.628289652083285	train_acc: 48.07
[2024-01-06 18:53:54,340][train.py][line:247][INFO] Val: ma_f1: 70.12	acc: 72.6	avg_f1: 70.27	ma_all_f1: 72.64	mi_all_f1: 72.6	favor_f1: 67.56	against_f1: 72.68	none_f1: 77.68
[2024-01-06 18:54:29,885][train.py][line:254][INFO] Test: ma_f1: 70.12	acc: 72.6	avg_f1: 70.27	ma_all_f1: 72.64	mi_all_f1: 72.6	favor_f1: 67.56	against_f1: 72.68	none_f1: 77.68
[2024-01-06 18:54:29,886][train.py][line:206][INFO] epoch: 1
[2024-01-06 18:54:40,044][train.py][line:244][INFO] 16/85	train_loss: 1.3690556287765503	train_acc: 55.88
[2024-01-06 18:55:15,664][train.py][line:247][INFO] Val: ma_f1: 70.04	acc: 75.21	avg_f1: 70.0	ma_all_f1: 75.4	mi_all_f1: 75.21	favor_f1: 68.4	against_f1: 71.69	none_f1: 86.11
[2024-01-06 18:55:25,849][train.py][line:244][INFO] 33/85	train_loss: 1.1541656413499046	train_acc: 60.66
[2024-01-06 18:56:01,354][train.py][line:247][INFO] Val: ma_f1: 55.38	acc: 68.36	avg_f1: 57.46	ma_all_f1: 63.92	mi_all_f1: 68.36	favor_f1: 41.53	against_f1: 69.23	none_f1: 81.0
[2024-01-06 18:56:11,444][train.py][line:244][INFO] 50/85	train_loss: 1.216253987714356	train_acc: 59.8
[2024-01-06 18:56:46,967][train.py][line:247][INFO] Val: ma_f1: 74.55	acc: 79.04	avg_f1: 74.62	ma_all_f1: 78.93	mi_all_f1: 79.04	favor_f1: 72.79	against_f1: 76.31	none_f1: 87.7
[2024-01-06 18:57:22,550][train.py][line:254][INFO] Test: ma_f1: 74.55	acc: 79.04	avg_f1: 74.62	ma_all_f1: 78.93	mi_all_f1: 79.04	favor_f1: 72.79	against_f1: 76.31	none_f1: 87.7
[2024-01-06 18:57:32,917][train.py][line:244][INFO] 67/85	train_loss: 1.1367527058019358	train_acc: 62.5
[2024-01-06 18:58:08,465][train.py][line:247][INFO] Val: ma_f1: 48.13	acc: 65.55	avg_f1: 50.73	ma_all_f1: 61.8	mi_all_f1: 65.55	favor_f1: 62.92	against_f1: 33.33	none_f1: 89.16
[2024-01-06 18:58:18,108][train.py][line:244][INFO] 84/85	train_loss: 1.0853142134158873	train_acc: 63.3
[2024-01-06 18:58:53,612][train.py][line:247][INFO] Val: ma_f1: 31.42	acc: 60.48	avg_f1: 38.11	ma_all_f1: 49.45	mi_all_f1: 60.48	favor_f1: 61.23	against_f1: 1.62	none_f1: 85.51
[2024-01-06 18:58:53,612][train.py][line:206][INFO] epoch: 2
[2024-01-06 18:59:03,843][train.py][line:244][INFO] 16/85	train_loss: 1.1932655748199015	train_acc: 62.87
[2024-01-06 18:59:39,391][train.py][line:247][INFO] Val: ma_f1: 30.1	acc: 60.0	avg_f1: 37.47	ma_all_f1: 49.79	mi_all_f1: 60.0	favor_f1: 60.2	against_f1: 0.0	none_f1: 89.18
[2024-01-06 18:59:49,519][train.py][line:244][INFO] 33/85	train_loss: 1.114449664073832	train_acc: 64.52
[2024-01-06 19:00:25,017][train.py][line:247][INFO] Val: ma_f1: 74.09	acc: 77.95	avg_f1: 74.13	ma_all_f1: 77.98	mi_all_f1: 77.95	favor_f1: 73.22	against_f1: 74.95	none_f1: 85.77
[2024-01-06 19:00:35,114][train.py][line:244][INFO] 50/85	train_loss: 1.1411640223334818	train_acc: 64.95
[2024-01-06 19:01:10,660][train.py][line:247][INFO] Val: ma_f1: 75.73	acc: 80.62	avg_f1: 75.86	ma_all_f1: 80.07	mi_all_f1: 80.62	favor_f1: 73.29	against_f1: 78.17	none_f1: 88.76
[2024-01-06 19:01:46,218][train.py][line:254][INFO] Test: ma_f1: 75.73	acc: 80.62	avg_f1: 75.86	ma_all_f1: 80.07	mi_all_f1: 80.62	favor_f1: 73.29	against_f1: 78.17	none_f1: 88.76
[2024-01-06 19:01:56,540][train.py][line:244][INFO] 67/85	train_loss: 1.052961219321279	train_acc: 67.1
[2024-01-06 19:02:31,988][train.py][line:247][INFO] Val: ma_f1: 72.12	acc: 75.48	avg_f1: 72.16	ma_all_f1: 75.64	mi_all_f1: 75.48	favor_f1: 71.15	against_f1: 73.09	none_f1: 82.68
[2024-01-06 19:02:41,566][train.py][line:244][INFO] 84/85	train_loss: 1.0624859102539452	train_acc: 66.57
[2024-01-06 19:03:17,057][train.py][line:247][INFO] Val: ma_f1: 54.14	acc: 67.53	avg_f1: 56.76	ma_all_f1: 64.39	mi_all_f1: 67.53	favor_f1: 41.08	against_f1: 67.19	none_f1: 84.89
[2024-01-06 19:03:17,057][train.py][line:206][INFO] epoch: 3
[2024-01-06 19:03:27,278][train.py][line:244][INFO] 16/85	train_loss: 0.9566882108064259	train_acc: 71.69
[2024-01-06 19:04:02,765][train.py][line:247][INFO] Val: ma_f1: 68.91	acc: 76.16	avg_f1: 68.93	ma_all_f1: 75.79	mi_all_f1: 76.16	favor_f1: 69.58	against_f1: 68.24	none_f1: 89.54
[2024-01-06 19:04:12,972][train.py][line:244][INFO] 33/85	train_loss: 0.9331679017666508	train_acc: 73.9
[2024-01-06 19:04:48,492][train.py][line:247][INFO] Val: ma_f1: 60.86	acc: 71.44	avg_f1: 61.37	ma_all_f1: 70.29	mi_all_f1: 71.44	favor_f1: 66.49	against_f1: 55.23	none_f1: 89.15
[2024-01-06 19:04:58,690][train.py][line:244][INFO] 50/85	train_loss: 0.91287584442134	train_acc: 72.67
[2024-01-06 19:05:34,230][train.py][line:247][INFO] Val: ma_f1: 69.24	acc: 75.41	avg_f1: 69.23	ma_all_f1: 75.36	mi_all_f1: 75.41	favor_f1: 68.76	against_f1: 69.73	none_f1: 87.6
[2024-01-06 19:05:44,305][train.py][line:244][INFO] 67/85	train_loss: 0.8959130867220023	train_acc: 73.25
[2024-01-06 19:06:19,823][train.py][line:247][INFO] Val: ma_f1: 72.9	acc: 77.12	avg_f1: 72.99	ma_all_f1: 77.06	mi_all_f1: 77.12	favor_f1: 71.65	against_f1: 74.14	none_f1: 85.39
[2024-01-06 19:06:29,470][train.py][line:244][INFO] 84/85	train_loss: 0.8964312072140324	train_acc: 72.81
[2024-01-06 19:07:04,907][train.py][line:247][INFO] Val: ma_f1: 63.4	acc: 67.12	avg_f1: 63.83	ma_all_f1: 67.0	mi_all_f1: 67.12	favor_f1: 60.61	against_f1: 66.18	none_f1: 74.2
[2024-01-06 19:07:04,907][train.py][line:206][INFO] epoch: 4
[2024-01-06 19:07:15,048][train.py][line:244][INFO] 16/85	train_loss: 0.758035165422103	train_acc: 76.1
[2024-01-06 19:07:50,528][train.py][line:247][INFO] Val: ma_f1: 68.34	acc: 76.58	avg_f1: 68.97	ma_all_f1: 75.32	mi_all_f1: 76.58	favor_f1: 62.52	against_f1: 74.17	none_f1: 89.28
[2024-01-06 19:08:00,661][train.py][line:244][INFO] 33/85	train_loss: 0.7735542089623564	train_acc: 75.37
[2024-01-06 19:08:36,158][train.py][line:247][INFO] Val: ma_f1: 73.67	acc: 78.97	avg_f1: 73.76	ma_all_f1: 78.74	mi_all_f1: 78.97	favor_f1: 71.87	against_f1: 75.48	none_f1: 88.87
[2024-01-06 19:08:46,277][train.py][line:244][INFO] 50/85	train_loss: 0.7403536018203286	train_acc: 74.75
[2024-01-06 19:09:21,699][train.py][line:247][INFO] Val: ma_f1: 69.68	acc: 74.32	avg_f1: 69.68	ma_all_f1: 74.53	mi_all_f1: 74.32	favor_f1: 68.41	against_f1: 70.95	none_f1: 84.21
[2024-01-06 19:09:31,966][train.py][line:244][INFO] 67/85	train_loss: 0.7372465216938187	train_acc: 74.17
[2024-01-06 19:10:07,470][train.py][line:247][INFO] Val: ma_f1: 73.92	acc: 79.32	avg_f1: 74.04	ma_all_f1: 78.88	mi_all_f1: 79.32	favor_f1: 71.88	against_f1: 75.97	none_f1: 88.8
[2024-01-06 19:10:17,160][train.py][line:244][INFO] 84/85	train_loss: 0.7089428221488602	train_acc: 74.74
[2024-01-06 19:10:52,654][train.py][line:247][INFO] Val: ma_f1: 42.69	acc: 61.85	avg_f1: 46.51	ma_all_f1: 57.05	mi_all_f1: 61.85	favor_f1: 61.16	against_f1: 24.22	none_f1: 85.77
[2024-01-06 19:10:52,654][train.py][line:206][INFO] epoch: 5
[2024-01-06 19:11:02,791][train.py][line:244][INFO] 16/85	train_loss: 0.7215694048825432	train_acc: 73.53
[2024-01-06 19:11:38,324][train.py][line:247][INFO] Val: ma_f1: 69.22	acc: 72.19	avg_f1: 69.22	ma_all_f1: 72.51	mi_all_f1: 72.19	favor_f1: 69.32	against_f1: 69.11	none_f1: 79.09
[2024-01-06 19:11:48,505][train.py][line:244][INFO] 33/85	train_loss: 0.7825528768932118	train_acc: 73.71
[2024-01-06 19:12:24,083][train.py][line:247][INFO] Val: ma_f1: 71.47	acc: 76.71	avg_f1: 71.61	ma_all_f1: 75.69	mi_all_f1: 76.71	favor_f1: 68.81	against_f1: 74.13	none_f1: 84.15
[2024-01-06 19:12:34,235][train.py][line:244][INFO] 50/85	train_loss: 0.8154523910260668	train_acc: 74.02
[2024-01-06 19:13:09,793][train.py][line:247][INFO] Val: ma_f1: 61.71	acc: 71.44	avg_f1: 62.04	ma_all_f1: 70.42	mi_all_f1: 71.44	favor_f1: 66.05	against_f1: 57.36	none_f1: 87.86
[2024-01-06 19:13:20,058][train.py][line:244][INFO] 67/85	train_loss: 0.7776829657309196	train_acc: 74.82
[2024-01-06 19:13:55,636][train.py][line:247][INFO] Val: ma_f1: 64.84	acc: 73.63	avg_f1: 65.01	ma_all_f1: 72.61	mi_all_f1: 73.63	favor_f1: 67.7	against_f1: 61.98	none_f1: 88.16
[2024-01-06 19:14:05,445][train.py][line:244][INFO] 84/85	train_loss: 0.7868310288037623	train_acc: 74.67
[2024-01-06 19:14:41,045][train.py][line:247][INFO] Val: ma_f1: 33.0	acc: 61.03	avg_f1: 39.5	ma_all_f1: 51.67	mi_all_f1: 61.03	favor_f1: 60.88	against_f1: 5.13	none_f1: 89.02
[2024-01-06 19:14:41,045][train.py][line:206][INFO] epoch: 6
[2024-01-06 19:14:51,170][train.py][line:244][INFO] 16/85	train_loss: 0.9591211790547651	train_acc: 72.79
[2024-01-06 19:15:26,778][train.py][line:247][INFO] Val: ma_f1: 57.11	acc: 69.59	avg_f1: 58.15	ma_all_f1: 67.63	mi_all_f1: 69.59	favor_f1: 65.42	against_f1: 48.8	none_f1: 88.65
[2024-01-06 19:15:36,943][train.py][line:244][INFO] 33/85	train_loss: 1.0009589019943685	train_acc: 73.16
[2024-01-06 19:16:12,602][train.py][line:247][INFO] Val: ma_f1: 67.71	acc: 75.27	avg_f1: 67.79	ma_all_f1: 74.8	mi_all_f1: 75.27	favor_f1: 69.31	against_f1: 66.12	none_f1: 88.98
[2024-01-06 19:16:22,918][train.py][line:244][INFO] 50/85	train_loss: 0.9434513379545773	train_acc: 73.53
[2024-01-06 19:16:58,479][train.py][line:247][INFO] Val: ma_f1: 69.54	acc: 74.45	avg_f1: 69.54	ma_all_f1: 74.63	mi_all_f1: 74.45	favor_f1: 68.33	against_f1: 70.76	none_f1: 84.8
[2024-01-06 19:17:08,691][train.py][line:244][INFO] 67/85	train_loss: 0.9372827100622303	train_acc: 73.71
[2024-01-06 19:17:44,293][train.py][line:247][INFO] Val: ma_f1: 72.57	acc: 78.15	avg_f1: 72.8	ma_all_f1: 77.43	mi_all_f1: 78.15	favor_f1: 69.46	against_f1: 75.68	none_f1: 87.15
[2024-01-06 19:17:54,054][train.py][line:244][INFO] 84/85	train_loss: 0.8621666645921799	train_acc: 75.56
[2024-01-06 19:18:29,625][train.py][line:247][INFO] Val: ma_f1: 71.25	acc: 77.67	avg_f1: 71.65	ma_all_f1: 76.56	mi_all_f1: 77.67	favor_f1: 66.75	against_f1: 75.74	none_f1: 87.19
[2024-01-06 19:18:29,625][train.py][line:206][INFO] epoch: 7
[2024-01-06 19:18:39,873][train.py][line:244][INFO] 16/85	train_loss: 0.49033673162407737	train_acc: 84.56
[2024-01-06 19:19:15,220][train.py][line:247][INFO] Val: ma_f1: 68.63	acc: 75.07	avg_f1: 68.64	ma_all_f1: 74.13	mi_all_f1: 75.07	favor_f1: 69.69	against_f1: 67.58	none_f1: 85.14
[2024-01-06 19:19:25,359][train.py][line:244][INFO] 33/85	train_loss: 0.5875818743096555	train_acc: 81.8
[2024-01-06 19:20:00,812][train.py][line:247][INFO] Val: ma_f1: 63.23	acc: 72.12	avg_f1: 63.51	ma_all_f1: 71.41	mi_all_f1: 72.12	favor_f1: 66.73	against_f1: 59.72	none_f1: 87.77
[2024-01-06 19:20:10,999][train.py][line:244][INFO] 50/85	train_loss: 0.6223698316470665	train_acc: 80.88
[2024-01-06 19:20:46,562][train.py][line:247][INFO] Val: ma_f1: 67.64	acc: 74.59	avg_f1: 67.65	ma_all_f1: 74.43	mi_all_f1: 74.59	favor_f1: 68.16	against_f1: 67.11	none_f1: 88.02
[2024-01-06 19:20:56,865][train.py][line:244][INFO] 67/85	train_loss: 0.627784356885754	train_acc: 79.87
[2024-01-06 19:21:32,477][train.py][line:247][INFO] Val: ma_f1: 65.09	acc: 71.71	avg_f1: 65.14	ma_all_f1: 71.87	mi_all_f1: 71.71	favor_f1: 65.83	against_f1: 64.35	none_f1: 85.44
[2024-01-06 19:21:42,213][train.py][line:244][INFO] 84/85	train_loss: 0.6366059403274247	train_acc: 79.57
[2024-01-06 19:22:17,696][train.py][line:247][INFO] Val: ma_f1: 66.05	acc: 74.38	avg_f1: 66.22	ma_all_f1: 73.67	mi_all_f1: 74.38	favor_f1: 68.74	against_f1: 63.35	none_f1: 88.91
[2024-01-06 19:22:17,697][train.py][line:263][INFO] Best_test: epoch:2	ma_f1: 75.73	acc: 80.62	avg_f1: 75.86	ma_all_f1: 80.07	mi_all_f1: 80.62	favor_f1: 73.29	against_f1: 78.17	none_f1: 88.76
[2024-01-06 19:22:17,697][train.py][line:265][INFO] Best_val: epoch:2	ma_f1: 75.73	acc: 80.62	avg_f1: 75.86	ma_all_f1: 80.07	mi_all_f1: 80.62	favor_f1: 73.29	against_f1: 78.17	none_f1: 88.76
[2024-01-06 19:23:16,665][train.py][line:152][INFO] cuda memory allocated: 446163456
[2024-01-06 19:23:16,669][train.py][line:167][INFO] > n_trainable_params: 111255555, n_nontrainable_params: 0
[2024-01-06 19:23:16,669][train.py][line:168][INFO] > training arguments:
[2024-01-06 19:23:16,669][train.py][line:170][INFO] >>> model_name: bert_fol_text
[2024-01-06 19:23:16,669][train.py][line:170][INFO] >>> dataset: vast_10
[2024-01-06 19:23:16,669][train.py][line:170][INFO] >>> optimizer: <class 'transformers.optimization.AdamW'>
[2024-01-06 19:23:16,669][train.py][line:170][INFO] >>> initializer: <function xavier_uniform_ at 0x7f2ec8e09550>
[2024-01-06 19:23:16,669][train.py][line:170][INFO] >>> lr: 0.001
[2024-01-06 19:23:16,669][train.py][line:170][INFO] >>> bert_lr: 5e-06
[2024-01-06 19:23:16,669][train.py][line:170][INFO] >>> dropout: 0.2
[2024-01-06 19:23:16,669][train.py][line:170][INFO] >>> num_epoch: 20
[2024-01-06 19:23:16,669][train.py][line:170][INFO] >>> batch_size: 16
[2024-01-06 19:23:16,669][train.py][line:170][INFO] >>> log_step: -1
[2024-01-06 19:23:16,669][train.py][line:170][INFO] >>> pretrained_model_name: bert-base-uncased
[2024-01-06 19:23:16,669][train.py][line:170][INFO] >>> max_seq_len: 60
[2024-01-06 19:23:16,669][train.py][line:170][INFO] >>> polarities_dim: 3
[2024-01-06 19:23:16,669][train.py][line:170][INFO] >>> patience: 5
[2024-01-06 19:23:16,669][train.py][line:170][INFO] >>> device: cuda:0
[2024-01-06 19:23:16,669][train.py][line:170][INFO] >>> save_model: False
[2024-01-06 19:23:16,669][train.py][line:170][INFO] >>> seed: 2
[2024-01-06 19:23:16,669][train.py][line:170][INFO] >>> valset_ratio: 0.0
[2024-01-06 19:23:16,669][train.py][line:170][INFO] >>> embed_dim: 300
[2024-01-06 19:23:16,669][train.py][line:170][INFO] >>> hidden_dim: 300
[2024-01-06 19:23:16,670][train.py][line:170][INFO] >>> pid: 1
[2024-01-06 19:23:16,670][train.py][line:170][INFO] >>> tid: 1
[2024-01-06 19:23:16,670][train.py][line:170][INFO] >>> lid: 0
[2024-01-06 19:23:16,670][train.py][line:170][INFO] >>> llambda: 0.5
[2024-01-06 19:23:16,670][train.py][line:170][INFO] >>> use_prompt: True
[2024-01-06 19:23:16,670][train.py][line:170][INFO] >>> with_text: True
[2024-01-06 19:23:16,670][train.py][line:170][INFO] >>> model_class: <class 'models.bert_fol_text.BERT_FOL_T'>
[2024-01-06 19:23:16,670][train.py][line:170][INFO] >>> dataset_file: {'train': '/home/dingdaijun/data_list/dingdaijun/LTN_merge/datasets/merge/vast_10/train.csv', 'test': '/home/dingdaijun/data_list/dingdaijun/LTN_merge/datasets/merge/vast_10/test.csv'}
[2024-01-06 19:23:16,670][train.py][line:170][INFO] >>> inputs_cols: ['bert_fol_inputs', 'bert_fol_type', 'bert_fol_mask', 'bert_text_inputs', 'bert_text_type', 'bert_text_mask', 'mlm_labels']
[2024-01-06 19:23:16,674][train.py][line:206][INFO] epoch: 0
[2024-01-06 19:23:28,109][train.py][line:244][INFO] 16/85	train_loss: 4.712804906508502	train_acc: 35.29
[2024-01-06 19:24:04,429][train.py][line:247][INFO] Val: ma_f1: 25.13	acc: 33.56	avg_f1: 32.97	ma_all_f1: 16.75	mi_all_f1: 33.56	favor_f1: 0.0	against_f1: 50.26	none_f1: 0.0
[2024-01-06 19:24:40,747][train.py][line:254][INFO] Test: ma_f1: 25.13	acc: 33.56	avg_f1: 32.97	ma_all_f1: 16.75	mi_all_f1: 33.56	favor_f1: 0.0	against_f1: 50.26	none_f1: 0.0
[2024-01-06 19:24:51,227][train.py][line:244][INFO] 33/85	train_loss: 3.2084385682554806	train_acc: 36.76
[2024-01-06 19:25:27,656][train.py][line:247][INFO] Val: ma_f1: 37.63	acc: 60.55	avg_f1: 42.33	ma_all_f1: 51.86	mi_all_f1: 60.55	favor_f1: 14.29	against_f1: 60.97	none_f1: 80.34
[2024-01-06 19:26:03,993][train.py][line:254][INFO] Test: ma_f1: 37.63	acc: 60.55	avg_f1: 42.33	ma_all_f1: 51.86	mi_all_f1: 60.55	favor_f1: 14.29	against_f1: 60.97	none_f1: 80.34
[2024-01-06 19:26:14,454][train.py][line:244][INFO] 50/85	train_loss: 2.5087065848649717	train_acc: 41.18
[2024-01-06 19:26:50,721][train.py][line:247][INFO] Val: ma_f1: 42.57	acc: 57.67	avg_f1: 44.14	ma_all_f1: 51.77	mi_all_f1: 57.67	favor_f1: 30.05	against_f1: 55.09	none_f1: 70.17
[2024-01-06 19:27:27,043][train.py][line:254][INFO] Test: ma_f1: 42.57	acc: 57.67	avg_f1: 44.14	ma_all_f1: 51.77	mi_all_f1: 57.67	favor_f1: 30.05	against_f1: 55.09	none_f1: 70.17
[2024-01-06 19:27:37,419][train.py][line:244][INFO] 67/85	train_loss: 2.1030588237678303	train_acc: 45.68
[2024-01-06 19:28:13,962][train.py][line:247][INFO] Val: ma_f1: 53.75	acc: 69.52	avg_f1: 56.56	ma_all_f1: 65.04	mi_all_f1: 69.52	favor_f1: 38.38	against_f1: 69.12	none_f1: 87.62
[2024-01-06 19:28:50,290][train.py][line:254][INFO] Test: ma_f1: 53.75	acc: 69.52	avg_f1: 56.56	ma_all_f1: 65.04	mi_all_f1: 69.52	favor_f1: 38.38	against_f1: 69.12	none_f1: 87.62
[2024-01-06 19:29:00,368][train.py][line:244][INFO] 84/85	train_loss: 1.8649843745210373	train_acc: 49.48
[2024-01-06 19:29:36,582][train.py][line:247][INFO] Val: ma_f1: 32.84	acc: 40.41	avg_f1: 37.51	ma_all_f1: 33.2	mi_all_f1: 40.41	favor_f1: 50.51	against_f1: 15.16	none_f1: 33.92
[2024-01-06 19:29:36,583][train.py][line:206][INFO] epoch: 1
[2024-01-06 19:29:46,982][train.py][line:244][INFO] 16/85	train_loss: 0.753199915675556	train_acc: 68.01
[2024-01-06 19:30:23,300][train.py][line:247][INFO] Val: ma_f1: 70.73	acc: 76.92	avg_f1: 71.13	ma_all_f1: 76.25	mi_all_f1: 76.92	favor_f1: 66.5	against_f1: 74.96	none_f1: 87.29
[2024-01-06 19:30:59,643][train.py][line:254][INFO] Test: ma_f1: 70.73	acc: 76.92	avg_f1: 71.13	ma_all_f1: 76.25	mi_all_f1: 76.92	favor_f1: 66.5	against_f1: 74.96	none_f1: 87.29
[2024-01-06 19:31:10,085][train.py][line:244][INFO] 33/85	train_loss: 0.9226652532815933	train_acc: 65.26
[2024-01-06 19:31:46,466][train.py][line:247][INFO] Val: ma_f1: 29.97	acc: 59.86	avg_f1: 37.18	ma_all_f1: 49.37	mi_all_f1: 59.86	favor_f1: 59.94	against_f1: 0.0	none_f1: 88.18
[2024-01-06 19:31:56,972][train.py][line:244][INFO] 50/85	train_loss: 1.0033494064620896	train_acc: 63.97
[2024-01-06 19:32:33,366][train.py][line:247][INFO] Val: ma_f1: 26.52	acc: 45.34	avg_f1: 33.82	ma_all_f1: 36.94	mi_all_f1: 45.34	favor_f1: 53.05	against_f1: 0.0	none_f1: 57.76
[2024-01-06 19:32:43,812][train.py][line:244][INFO] 67/85	train_loss: 0.9752558307612643	train_acc: 64.89
[2024-01-06 19:33:20,162][train.py][line:247][INFO] Val: ma_f1: 36.11	acc: 60.0	avg_f1: 43.04	ma_all_f1: 51.44	mi_all_f1: 60.0	favor_f1: 9.6	against_f1: 62.61	none_f1: 82.11
[2024-01-06 19:33:30,030][train.py][line:244][INFO] 84/85	train_loss: 1.0291819178331838	train_acc: 63.82
[2024-01-06 19:34:06,401][train.py][line:247][INFO] Val: ma_f1: 71.41	acc: 78.15	avg_f1: 71.8	ma_all_f1: 77.03	mi_all_f1: 78.15	favor_f1: 67.02	against_f1: 75.81	none_f1: 88.27
[2024-01-06 19:34:42,798][train.py][line:254][INFO] Test: ma_f1: 71.41	acc: 78.15	avg_f1: 71.8	ma_all_f1: 77.03	mi_all_f1: 78.15	favor_f1: 67.02	against_f1: 75.81	none_f1: 88.27
[2024-01-06 19:34:42,798][train.py][line:206][INFO] epoch: 2
[2024-01-06 19:34:53,371][train.py][line:244][INFO] 16/85	train_loss: 0.970044509452932	train_acc: 64.34
[2024-01-06 19:35:29,896][train.py][line:247][INFO] Val: ma_f1: 65.41	acc: 62.12	avg_f1: 65.3	ma_all_f1: 61.14	mi_all_f1: 62.12	favor_f1: 60.36	against_f1: 70.45	none_f1: 52.6
[2024-01-06 19:35:40,269][train.py][line:244][INFO] 33/85	train_loss: 0.9406697460833717	train_acc: 66.73
[2024-01-06 19:36:16,725][train.py][line:247][INFO] Val: ma_f1: 43.66	acc: 65.62	avg_f1: 48.57	ma_all_f1: 57.2	mi_all_f1: 65.62	favor_f1: 20.27	against_f1: 67.04	none_f1: 84.27
[2024-01-06 19:36:27,186][train.py][line:244][INFO] 50/85	train_loss: 1.0217938934471094	train_acc: 66.67
[2024-01-06 19:37:03,616][train.py][line:247][INFO] Val: ma_f1: 34.45	acc: 61.23	avg_f1: 40.42	ma_all_f1: 52.55	mi_all_f1: 61.23	favor_f1: 60.81	against_f1: 8.09	none_f1: 88.76
[2024-01-06 19:37:13,996][train.py][line:244][INFO] 67/85	train_loss: 1.044335594291196	train_acc: 66.27
[2024-01-06 19:37:50,448][train.py][line:247][INFO] Val: ma_f1: 50.92	acc: 60.55	avg_f1: 52.4	ma_all_f1: 59.45	mi_all_f1: 60.55	favor_f1: 59.74	against_f1: 42.11	none_f1: 76.51
[2024-01-06 19:38:00,412][train.py][line:244][INFO] 84/85	train_loss: 1.1086033673162667	train_acc: 66.05
[2024-01-06 19:38:36,809][train.py][line:247][INFO] Val: ma_f1: 32.54	acc: 62.33	avg_f1: 41.08	ma_all_f1: 50.75	mi_all_f1: 62.33	favor_f1: 0.44	against_f1: 64.64	none_f1: 87.16
[2024-01-06 19:38:36,809][train.py][line:206][INFO] epoch: 3
[2024-01-06 19:38:47,198][train.py][line:244][INFO] 16/85	train_loss: 1.1821865527068867	train_acc: 68.01
[2024-01-06 19:39:23,689][train.py][line:247][INFO] Val: ma_f1: 74.87	acc: 79.86	avg_f1: 74.98	ma_all_f1: 79.28	mi_all_f1: 79.86	favor_f1: 72.43	against_f1: 77.32	none_f1: 88.08
[2024-01-06 19:40:00,224][train.py][line:254][INFO] Test: ma_f1: 74.87	acc: 79.86	avg_f1: 74.98	ma_all_f1: 79.28	mi_all_f1: 79.86	favor_f1: 72.43	against_f1: 77.32	none_f1: 88.08
[2024-01-06 19:40:10,699][train.py][line:244][INFO] 33/85	train_loss: 1.068373606485479	train_acc: 70.59
[2024-01-06 19:40:47,150][train.py][line:247][INFO] Val: ma_f1: 68.76	acc: 75.82	avg_f1: 68.8	ma_all_f1: 75.09	mi_all_f1: 75.82	favor_f1: 70.08	against_f1: 67.44	none_f1: 87.76
[2024-01-06 19:40:57,649][train.py][line:244][INFO] 50/85	train_loss: 0.9708287344843733	train_acc: 72.3
[2024-01-06 19:41:34,171][train.py][line:247][INFO] Val: ma_f1: 64.88	acc: 72.74	avg_f1: 65.02	ma_all_f1: 72.5	mi_all_f1: 72.74	favor_f1: 67.09	against_f1: 62.66	none_f1: 87.76
[2024-01-06 19:41:44,571][train.py][line:244][INFO] 67/85	train_loss: 0.988627697176793	train_acc: 71.88
[2024-01-06 19:42:21,099][train.py][line:247][INFO] Val: ma_f1: 71.77	acc: 75.14	avg_f1: 71.79	ma_all_f1: 75.31	mi_all_f1: 75.14	favor_f1: 71.24	against_f1: 72.3	none_f1: 82.4
[2024-01-06 19:42:31,065][train.py][line:244][INFO] 84/85	train_loss: 1.048519607107494	train_acc: 71.1
[2024-01-06 19:43:07,434][train.py][line:247][INFO] Val: ma_f1: 61.72	acc: 71.92	avg_f1: 62.22	ma_all_f1: 70.91	mi_all_f1: 71.92	favor_f1: 66.67	against_f1: 56.77	none_f1: 89.31
[2024-01-06 19:43:07,434][train.py][line:206][INFO] epoch: 4
[2024-01-06 19:43:17,855][train.py][line:244][INFO] 16/85	train_loss: 0.9654956630924169	train_acc: 71.69
[2024-01-06 19:43:54,383][train.py][line:247][INFO] Val: ma_f1: 38.62	acc: 60.75	avg_f1: 43.32	ma_all_f1: 54.61	mi_all_f1: 60.75	favor_f1: 60.17	against_f1: 17.06	none_f1: 86.6
[2024-01-06 19:44:04,962][train.py][line:244][INFO] 33/85	train_loss: 0.9348265219698934	train_acc: 72.06
[2024-01-06 19:44:41,506][train.py][line:247][INFO] Val: ma_f1: 70.27	acc: 77.05	avg_f1: 70.27	ma_all_f1: 76.66	mi_all_f1: 77.05	favor_f1: 70.02	against_f1: 70.53	none_f1: 89.45
[2024-01-06 19:44:51,968][train.py][line:244][INFO] 50/85	train_loss: 0.8588511544991942	train_acc: 73.16
[2024-01-06 19:45:28,476][train.py][line:247][INFO] Val: ma_f1: 59.69	acc: 65.96	avg_f1: 60.06	ma_all_f1: 66.06	mi_all_f1: 65.96	favor_f1: 63.36	against_f1: 56.02	none_f1: 78.82
[2024-01-06 19:45:38,900][train.py][line:244][INFO] 67/85	train_loss: 0.8109010397730505	train_acc: 75.46
[2024-01-06 19:46:15,330][train.py][line:247][INFO] Val: ma_f1: 70.9	acc: 77.81	avg_f1: 71.38	ma_all_f1: 76.69	mi_all_f1: 77.81	favor_f1: 65.87	against_f1: 75.92	none_f1: 88.28
[2024-01-06 19:46:25,166][train.py][line:244][INFO] 84/85	train_loss: 0.7510842489629408	train_acc: 76.82
[2024-01-06 19:47:01,615][train.py][line:247][INFO] Val: ma_f1: 64.8	acc: 72.12	avg_f1: 64.93	ma_all_f1: 70.58	mi_all_f1: 72.12	favor_f1: 68.32	against_f1: 61.27	none_f1: 82.16
[2024-01-06 19:47:01,615][train.py][line:206][INFO] epoch: 5
[2024-01-06 19:47:12,039][train.py][line:244][INFO] 16/85	train_loss: 0.7896366257439641	train_acc: 76.84
[2024-01-06 19:47:48,583][train.py][line:247][INFO] Val: ma_f1: 70.66	acc: 74.11	avg_f1: 70.76	ma_all_f1: 74.22	mi_all_f1: 74.11	favor_f1: 69.34	against_f1: 71.98	none_f1: 81.33
[2024-01-06 19:47:58,983][train.py][line:244][INFO] 33/85	train_loss: 0.7386797612861675	train_acc: 76.84
[2024-01-06 19:48:35,466][train.py][line:247][INFO] Val: ma_f1: 72.1	acc: 78.08	avg_f1: 72.39	ma_all_f1: 77.38	mi_all_f1: 78.08	favor_f1: 68.43	against_f1: 75.78	none_f1: 87.92
[2024-01-06 19:48:45,990][train.py][line:244][INFO] 50/85	train_loss: 0.7454459400591897	train_acc: 75.37
[2024-01-06 19:49:22,543][train.py][line:247][INFO] Val: ma_f1: 72.17	acc: 77.67	avg_f1: 72.37	ma_all_f1: 77.33	mi_all_f1: 77.67	favor_f1: 69.6	against_f1: 74.75	none_f1: 87.65
[2024-01-06 19:49:33,018][train.py][line:244][INFO] 67/85	train_loss: 0.7002957777174956	train_acc: 76.29
[2024-01-06 19:50:09,503][train.py][line:247][INFO] Val: ma_f1: 70.47	acc: 76.85	avg_f1: 70.47	ma_all_f1: 76.42	mi_all_f1: 76.85	favor_f1: 69.23	against_f1: 71.7	none_f1: 88.31
[2024-01-06 19:50:19,447][train.py][line:244][INFO] 84/85	train_loss: 0.6708124982439435	train_acc: 77.12
[2024-01-06 19:50:55,906][train.py][line:247][INFO] Val: ma_f1: 54.73	acc: 65.82	avg_f1: 55.86	ma_all_f1: 64.68	mi_all_f1: 65.82	favor_f1: 62.51	against_f1: 46.94	none_f1: 84.58
[2024-01-06 19:50:55,906][train.py][line:206][INFO] epoch: 6
[2024-01-06 19:51:06,401][train.py][line:244][INFO] 16/85	train_loss: 0.5754872095935485	train_acc: 83.09
[2024-01-06 19:51:42,922][train.py][line:247][INFO] Val: ma_f1: 60.07	acc: 69.18	avg_f1: 60.62	ma_all_f1: 68.69	mi_all_f1: 69.18	favor_f1: 64.91	against_f1: 55.24	none_f1: 85.93
[2024-01-06 19:51:53,336][train.py][line:244][INFO] 33/85	train_loss: 0.5270120021613205	train_acc: 83.46
[2024-01-06 19:52:29,821][train.py][line:247][INFO] Val: ma_f1: 66.1	acc: 74.25	avg_f1: 66.24	ma_all_f1: 73.2	mi_all_f1: 74.25	favor_f1: 68.64	against_f1: 63.56	none_f1: 87.39
[2024-01-06 19:52:40,393][train.py][line:244][INFO] 50/85	train_loss: 0.530590222892808	train_acc: 82.23
[2024-01-06 19:53:16,979][train.py][line:247][INFO] Val: ma_f1: 67.8	acc: 74.73	avg_f1: 67.9	ma_all_f1: 74.08	mi_all_f1: 74.73	favor_f1: 64.91	against_f1: 70.69	none_f1: 86.64
[2024-01-06 19:53:27,351][train.py][line:244][INFO] 67/85	train_loss: 0.6239052296561354	train_acc: 81.25
[2024-01-06 19:54:03,790][train.py][line:247][INFO] Val: ma_f1: 35.49	acc: 48.7	avg_f1: 40.11	ma_all_f1: 43.74	mi_all_f1: 48.7	favor_f1: 54.49	against_f1: 16.49	none_f1: 60.24
[2024-01-06 19:54:13,776][train.py][line:244][INFO] 84/85	train_loss: 0.716790977453074	train_acc: 79.05
[2024-01-06 19:54:50,272][train.py][line:247][INFO] Val: ma_f1: 67.11	acc: 74.66	avg_f1: 67.55	ma_all_f1: 73.09	mi_all_f1: 74.66	favor_f1: 62.28	against_f1: 71.95	none_f1: 85.04
[2024-01-06 19:54:50,273][train.py][line:206][INFO] epoch: 7
[2024-01-06 19:55:00,783][train.py][line:244][INFO] 16/85	train_loss: 0.9575202447526595	train_acc: 73.53
[2024-01-06 19:55:37,262][train.py][line:247][INFO] Val: ma_f1: 66.99	acc: 70.07	avg_f1: 67.02	ma_all_f1: 70.42	mi_all_f1: 70.07	favor_f1: 66.52	against_f1: 67.47	none_f1: 77.26
[2024-01-06 19:55:47,690][train.py][line:244][INFO] 33/85	train_loss: 0.7951925050686387	train_acc: 77.39
[2024-01-06 19:56:24,178][train.py][line:247][INFO] Val: ma_f1: 66.49	acc: 73.77	avg_f1: 66.56	ma_all_f1: 73.66	mi_all_f1: 73.77	favor_f1: 68.05	against_f1: 64.93	none_f1: 88.0
[2024-01-06 19:56:34,629][train.py][line:244][INFO] 50/85	train_loss: 0.7566661872700149	train_acc: 78.43
[2024-01-06 19:57:11,168][train.py][line:247][INFO] Val: ma_f1: 68.32	acc: 75.55	avg_f1: 68.33	ma_all_f1: 75.09	mi_all_f1: 75.55	favor_f1: 68.5	against_f1: 68.15	none_f1: 88.63
[2024-01-06 19:57:21,544][train.py][line:244][INFO] 67/85	train_loss: 0.665217943927821	train_acc: 80.79
[2024-01-06 19:57:57,975][train.py][line:247][INFO] Val: ma_f1: 70.32	acc: 76.99	avg_f1: 70.6	ma_all_f1: 76.33	mi_all_f1: 76.99	favor_f1: 66.34	against_f1: 74.31	none_f1: 88.34
[2024-01-06 19:58:08,017][train.py][line:244][INFO] 84/85	train_loss: 0.6389319152193473	train_acc: 81.8
[2024-01-06 19:58:44,427][train.py][line:247][INFO] Val: ma_f1: 40.34	acc: 60.14	avg_f1: 45.89	ma_all_f1: 53.52	mi_all_f1: 60.14	favor_f1: 18.18	against_f1: 62.5	none_f1: 79.87
[2024-01-06 19:58:44,428][train.py][line:206][INFO] epoch: 8
[2024-01-06 19:58:54,894][train.py][line:244][INFO] 16/85	train_loss: 0.6465688330285689	train_acc: 82.35
[2024-01-06 19:59:31,378][train.py][line:247][INFO] Val: ma_f1: 65.87	acc: 73.36	avg_f1: 65.94	ma_all_f1: 73.0	mi_all_f1: 73.36	favor_f1: 67.11	against_f1: 64.64	none_f1: 87.24
[2024-01-06 19:59:41,779][train.py][line:244][INFO] 33/85	train_loss: 0.5425955035093734	train_acc: 84.74
[2024-01-06 20:00:18,279][train.py][line:247][INFO] Val: ma_f1: 70.04	acc: 74.32	avg_f1: 70.17	ma_all_f1: 74.36	mi_all_f1: 74.32	favor_f1: 67.88	against_f1: 72.21	none_f1: 82.99
[2024-01-06 20:00:28,777][train.py][line:244][INFO] 50/85	train_loss: 0.4906062412112221	train_acc: 85.29
[2024-01-06 20:01:05,255][train.py][line:247][INFO] Val: ma_f1: 68.72	acc: 73.7	avg_f1: 68.8	ma_all_f1: 73.79	mi_all_f1: 73.7	favor_f1: 66.67	against_f1: 70.76	none_f1: 83.94
[2024-01-06 20:01:15,741][train.py][line:244][INFO] 67/85	train_loss: 0.44329815540764045	train_acc: 86.58
[2024-01-06 20:01:52,277][train.py][line:247][INFO] Val: ma_f1: 68.71	acc: 75.21	avg_f1: 68.72	ma_all_f1: 75.14	mi_all_f1: 75.21	favor_f1: 67.93	against_f1: 69.49	none_f1: 87.98
[2024-01-06 20:02:02,216][train.py][line:244][INFO] 84/85	train_loss: 0.4306464671236179	train_acc: 86.48
[2024-01-06 20:02:38,579][train.py][line:247][INFO] Val: ma_f1: 54.0	acc: 68.01	avg_f1: 55.44	ma_all_f1: 65.75	mi_all_f1: 68.01	favor_f1: 64.07	against_f1: 43.92	none_f1: 89.24
[2024-01-06 20:02:38,579][train.py][line:263][INFO] Best_test: epoch:3	ma_f1: 74.87	acc: 79.86	avg_f1: 74.98	ma_all_f1: 79.28	mi_all_f1: 79.86	favor_f1: 72.43	against_f1: 77.32	none_f1: 88.08
[2024-01-06 20:02:38,579][train.py][line:265][INFO] Best_val: epoch:3	ma_f1: 74.87	acc: 79.86	avg_f1: 74.98	ma_all_f1: 79.28	mi_all_f1: 79.86	favor_f1: 72.43	against_f1: 77.32	none_f1: 88.08
