[2024-01-03 02:37:09,871][train.py][line:152][INFO] cuda memory allocated: 446163456
[2024-01-03 02:37:09,874][train.py][line:167][INFO] > n_trainable_params: 111255555, n_nontrainable_params: 0
[2024-01-03 02:37:09,874][train.py][line:168][INFO] > training arguments:
[2024-01-03 02:37:09,874][train.py][line:170][INFO] >>> model_name: bert_fol_text
[2024-01-03 02:37:09,874][train.py][line:170][INFO] >>> dataset: fm-
[2024-01-03 02:37:09,874][train.py][line:170][INFO] >>> optimizer: <class 'transformers.optimization.AdamW'>
[2024-01-03 02:37:09,874][train.py][line:170][INFO] >>> initializer: <function xavier_uniform_ at 0x7fa1b7a8a550>
[2024-01-03 02:37:09,874][train.py][line:170][INFO] >>> lr: 0.001
[2024-01-03 02:37:09,875][train.py][line:170][INFO] >>> bert_lr: 5e-06
[2024-01-03 02:37:09,875][train.py][line:170][INFO] >>> dropout: 0.2
[2024-01-03 02:37:09,875][train.py][line:170][INFO] >>> num_epoch: 20
[2024-01-03 02:37:09,875][train.py][line:170][INFO] >>> batch_size: 16
[2024-01-03 02:37:09,875][train.py][line:170][INFO] >>> log_step: -1
[2024-01-03 02:37:09,875][train.py][line:170][INFO] >>> pretrained_model_name: bert-base-uncased
[2024-01-03 02:37:09,875][train.py][line:170][INFO] >>> max_seq_len: 60
[2024-01-03 02:37:09,875][train.py][line:170][INFO] >>> polarities_dim: 3
[2024-01-03 02:37:09,875][train.py][line:170][INFO] >>> patience: 5
[2024-01-03 02:37:09,875][train.py][line:170][INFO] >>> device: cuda:0
[2024-01-03 02:37:09,875][train.py][line:170][INFO] >>> save_model: False
[2024-01-03 02:37:09,875][train.py][line:170][INFO] >>> seed: 0
[2024-01-03 02:37:09,875][train.py][line:170][INFO] >>> valset_ratio: 0.0
[2024-01-03 02:37:09,875][train.py][line:170][INFO] >>> embed_dim: 300
[2024-01-03 02:37:09,875][train.py][line:170][INFO] >>> hidden_dim: 300
[2024-01-03 02:37:09,875][train.py][line:170][INFO] >>> pid: 1
[2024-01-03 02:37:09,875][train.py][line:170][INFO] >>> tid: 1
[2024-01-03 02:37:09,875][train.py][line:170][INFO] >>> lid: 0
[2024-01-03 02:37:09,875][train.py][line:170][INFO] >>> llambda: 0.5
[2024-01-03 02:37:09,875][train.py][line:170][INFO] >>> use_prompt: True
[2024-01-03 02:37:09,875][train.py][line:170][INFO] >>> with_text: False
[2024-01-03 02:37:09,875][train.py][line:170][INFO] >>> model_class: <class 'models.bert_fol_text.BERT_FOL_T'>
[2024-01-03 02:37:09,875][train.py][line:170][INFO] >>> dataset_file: {'train': ['/home/dingdaijun/data_list/dingdaijun/LTN_merge/datasets/merge/dt/dt.csv', '/home/dingdaijun/data_list/dingdaijun/LTN_merge/datasets/merge/la/la.csv', '/home/dingdaijun/data_list/dingdaijun/LTN_merge/datasets/merge/hc/hc.csv'], 'test': '/home/dingdaijun/data_list/dingdaijun/LTN_merge/datasets/merge/fm/fm.csv'}
[2024-01-03 02:37:09,875][train.py][line:170][INFO] >>> inputs_cols: ['bert_fol_inputs', 'bert_fol_type', 'bert_fol_mask', 'bert_text_inputs', 'bert_text_type', 'bert_text_mask', 'mlm_labels']
[2024-01-03 02:37:09,880][train.py][line:206][INFO] epoch: 0
[2024-01-03 02:37:26,289][train.py][line:244][INFO] 31/164	train_loss: 1.8126399591565132	train_acc: 44.53
[2024-01-03 02:37:47,168][train.py][line:247][INFO] Val: ma_f1: 44.99	acc: 49.68	avg_f1: 50.81	ma_all_f1: 42.74	mi_all_f1: 49.68	favor_f1: 19.87	against_f1: 70.12	none_f1: 38.24
[2024-01-03 02:38:08,031][train.py][line:254][INFO] Test: ma_f1: 44.99	acc: 49.68	avg_f1: 50.81	ma_all_f1: 42.74	mi_all_f1: 49.68	favor_f1: 19.87	against_f1: 70.12	none_f1: 38.24
[2024-01-03 02:38:23,209][train.py][line:244][INFO] 63/164	train_loss: 1.3138466286472976	train_acc: 55.37
[2024-01-03 02:38:44,003][train.py][line:247][INFO] Val: ma_f1: 68.07	acc: 63.49	avg_f1: 67.93	ma_all_f1: 62.05	mi_all_f1: 63.49	favor_f1: 69.88	against_f1: 66.26	none_f1: 50.0
[2024-01-03 02:39:04,856][train.py][line:254][INFO] Test: ma_f1: 68.07	acc: 63.49	avg_f1: 67.93	ma_all_f1: 62.05	mi_all_f1: 63.49	favor_f1: 69.88	against_f1: 66.26	none_f1: 50.0
[2024-01-03 02:39:20,005][train.py][line:244][INFO] 95/164	train_loss: 1.2905332939699292	train_acc: 56.9
[2024-01-03 02:39:40,853][train.py][line:247][INFO] Val: ma_f1: 72.44	acc: 70.13	avg_f1: 72.69	ma_all_f1: 67.88	mi_all_f1: 70.13	favor_f1: 69.88	against_f1: 75.0	none_f1: 58.76
[2024-01-03 02:40:01,775][train.py][line:254][INFO] Test: ma_f1: 72.44	acc: 70.13	avg_f1: 72.69	ma_all_f1: 67.88	mi_all_f1: 70.13	favor_f1: 69.88	against_f1: 75.0	none_f1: 58.76
[2024-01-03 02:40:16,910][train.py][line:244][INFO] 127/164	train_loss: 1.1880939018446952	train_acc: 59.96
[2024-01-03 02:40:37,660][train.py][line:247][INFO] Val: ma_f1: 73.16	acc: 70.66	avg_f1: 73.58	ma_all_f1: 65.37	mi_all_f1: 70.66	favor_f1: 69.88	against_f1: 76.44	none_f1: 49.81
[2024-01-03 02:40:58,485][train.py][line:254][INFO] Test: ma_f1: 73.16	acc: 70.66	avg_f1: 73.58	ma_all_f1: 65.37	mi_all_f1: 70.66	favor_f1: 69.88	against_f1: 76.44	none_f1: 49.81
[2024-01-03 02:41:13,711][train.py][line:244][INFO] 159/164	train_loss: 1.1483958061784505	train_acc: 60.62
[2024-01-03 02:41:34,538][train.py][line:247][INFO] Val: ma_f1: 73.69	acc: 72.38	avg_f1: 74.07	ma_all_f1: 70.08	mi_all_f1: 72.38	favor_f1: 70.08	against_f1: 77.29	none_f1: 62.87
[2024-01-03 02:41:55,426][train.py][line:254][INFO] Test: ma_f1: 73.69	acc: 72.38	avg_f1: 74.07	ma_all_f1: 70.08	mi_all_f1: 72.38	favor_f1: 70.08	against_f1: 77.29	none_f1: 62.87
[2024-01-03 02:41:57,325][train.py][line:206][INFO] epoch: 1
[2024-01-03 02:42:12,499][train.py][line:244][INFO] 31/164	train_loss: 0.9823080701753497	train_acc: 63.87
[2024-01-03 02:42:33,339][train.py][line:247][INFO] Val: ma_f1: 73.41	acc: 71.2	avg_f1: 73.75	ma_all_f1: 67.54	mi_all_f1: 71.2	favor_f1: 70.34	against_f1: 76.49	none_f1: 55.78
[2024-01-03 02:42:48,582][train.py][line:244][INFO] 63/164	train_loss: 1.0577382785268128	train_acc: 64.16
[2024-01-03 02:43:09,412][train.py][line:247][INFO] Val: ma_f1: 29.57	acc: 39.72	avg_f1: 36.69	ma_all_f1: 31.28	mi_all_f1: 39.72	favor_f1: 0.0	against_f1: 59.13	none_f1: 34.72
[2024-01-03 02:43:24,603][train.py][line:244][INFO] 95/164	train_loss: 1.1694744325553377	train_acc: 61.59
[2024-01-03 02:43:45,453][train.py][line:247][INFO] Val: ma_f1: 64.38	acc: 64.13	avg_f1: 64.42	ma_all_f1: 63.79	mi_all_f1: 64.13	favor_f1: 63.07	against_f1: 65.69	none_f1: 62.61
[2024-01-03 02:44:00,590][train.py][line:244][INFO] 127/164	train_loss: 1.1526121761417016	train_acc: 62.5
[2024-01-03 02:44:21,431][train.py][line:247][INFO] Val: ma_f1: 71.66	acc: 66.06	avg_f1: 72.0	ma_all_f1: 47.78	mi_all_f1: 66.06	favor_f1: 69.49	against_f1: 73.84	none_f1: 0.0
[2024-01-03 02:44:36,555][train.py][line:244][INFO] 159/164	train_loss: 1.203773585613817	train_acc: 61.99
[2024-01-03 02:44:57,391][train.py][line:247][INFO] Val: ma_f1: 66.37	acc: 62.96	avg_f1: 67.65	ma_all_f1: 44.25	mi_all_f1: 62.96	favor_f1: 60.0	against_f1: 72.74	none_f1: 0.0
[2024-01-03 02:44:59,317][train.py][line:206][INFO] epoch: 2
[2024-01-03 02:45:14,489][train.py][line:244][INFO] 31/164	train_loss: 1.0111949779093266	train_acc: 66.8
[2024-01-03 02:45:35,331][train.py][line:247][INFO] Val: ma_f1: 73.37	acc: 71.84	avg_f1: 73.75	ma_all_f1: 69.32	mi_all_f1: 71.84	favor_f1: 69.87	against_f1: 76.87	none_f1: 61.21
[2024-01-03 02:45:50,591][train.py][line:244][INFO] 63/164	train_loss: 1.0126979020424187	train_acc: 66.8
[2024-01-03 02:46:11,462][train.py][line:247][INFO] Val: ma_f1: 58.03	acc: 59.31	avg_f1: 61.46	ma_all_f1: 39.86	mi_all_f1: 59.31	favor_f1: 44.5	against_f1: 71.56	none_f1: 3.53
[2024-01-03 02:46:26,524][train.py][line:244][INFO] 95/164	train_loss: 1.0900353208805125	train_acc: 65.04
[2024-01-03 02:46:47,285][train.py][line:247][INFO] Val: ma_f1: 73.47	acc: 72.16	avg_f1: 73.85	ma_all_f1: 69.88	mi_all_f1: 72.16	favor_f1: 69.87	against_f1: 77.07	none_f1: 62.69
[2024-01-03 02:47:02,364][train.py][line:244][INFO] 127/164	train_loss: 1.1036300892010331	train_acc: 64.45
[2024-01-03 02:47:23,195][train.py][line:247][INFO] Val: ma_f1: 73.47	acc: 72.16	avg_f1: 73.83	ma_all_f1: 70.04	mi_all_f1: 72.16	favor_f1: 69.98	against_f1: 76.96	none_f1: 63.19
[2024-01-03 02:47:38,551][train.py][line:244][INFO] 159/164	train_loss: 1.1046182704158127	train_acc: 64.18
[2024-01-03 02:47:59,385][train.py][line:247][INFO] Val: ma_f1: 66.42	acc: 68.09	avg_f1: 67.97	ma_all_f1: 64.89	mi_all_f1: 68.09	favor_f1: 57.79	against_f1: 75.05	none_f1: 61.85
[2024-01-03 02:48:01,299][train.py][line:206][INFO] epoch: 3
[2024-01-03 02:48:16,336][train.py][line:244][INFO] 31/164	train_loss: 1.0608472302556038	train_acc: 65.23
[2024-01-03 02:48:37,193][train.py][line:247][INFO] Val: ma_f1: 73.24	acc: 71.63	avg_f1: 73.6	ma_all_f1: 69.33	mi_all_f1: 71.63	favor_f1: 69.88	against_f1: 76.61	none_f1: 61.49
[2024-01-03 02:48:52,445][train.py][line:244][INFO] 63/164	train_loss: 1.0797259393148124	train_acc: 65.43
[2024-01-03 02:49:13,322][train.py][line:247][INFO] Val: ma_f1: 73.59	acc: 72.27	avg_f1: 74.0	ma_all_f1: 69.88	mi_all_f1: 72.27	favor_f1: 69.88	against_f1: 77.3	none_f1: 62.46
[2024-01-03 02:49:28,509][train.py][line:244][INFO] 95/164	train_loss: 1.0861952463164926	train_acc: 64.32
[2024-01-03 02:49:49,361][train.py][line:247][INFO] Val: ma_f1: 73.08	acc: 70.99	avg_f1: 73.45	ma_all_f1: 67.48	mi_all_f1: 70.99	favor_f1: 69.88	against_f1: 76.27	none_f1: 56.29
[2024-01-03 02:50:04,664][train.py][line:244][INFO] 127/164	train_loss: 1.093755629612133	train_acc: 63.53
[2024-01-03 02:50:25,459][train.py][line:247][INFO] Val: ma_f1: 70.67	acc: 69.06	avg_f1: 70.91	ma_all_f1: 66.76	mi_all_f1: 69.06	favor_f1: 67.69	against_f1: 73.66	none_f1: 58.93
[2024-01-03 02:50:40,644][train.py][line:244][INFO] 159/164	train_loss: 1.1629671562463044	train_acc: 62.27
[2024-01-03 02:51:01,431][train.py][line:247][INFO] Val: ma_f1: 36.69	acc: 49.25	avg_f1: 46.48	ma_all_f1: 37.2	mi_all_f1: 49.25	favor_f1: 0.0	against_f1: 73.37	none_f1: 38.24
[2024-01-03 02:51:03,347][train.py][line:206][INFO] epoch: 4
[2024-01-03 02:51:18,409][train.py][line:244][INFO] 31/164	train_loss: 1.3686516843736172	train_acc: 67.19
[2024-01-03 02:51:39,228][train.py][line:247][INFO] Val: ma_f1: 73.39	acc: 71.63	avg_f1: 73.72	ma_all_f1: 69.31	mi_all_f1: 71.63	favor_f1: 70.2	against_f1: 76.59	none_f1: 61.14
[2024-01-03 02:51:54,426][train.py][line:244][INFO] 63/164	train_loss: 1.1680868961848319	train_acc: 67.87
[2024-01-03 02:52:15,252][train.py][line:247][INFO] Val: ma_f1: 71.49	acc: 68.74	avg_f1: 71.78	ma_all_f1: 63.75	mi_all_f1: 68.74	favor_f1: 68.76	against_f1: 74.23	none_f1: 48.28
[2024-01-03 02:52:30,464][train.py][line:244][INFO] 95/164	train_loss: 1.1866873808515568	train_acc: 65.82
[2024-01-03 02:52:51,257][train.py][line:247][INFO] Val: ma_f1: 73.55	acc: 72.38	avg_f1: 73.94	ma_all_f1: 70.2	mi_all_f1: 72.38	favor_f1: 69.87	against_f1: 77.24	none_f1: 63.5
[2024-01-03 02:53:06,415][train.py][line:244][INFO] 127/164	train_loss: 1.154199114185758	train_acc: 65.58
[2024-01-03 02:53:27,362][train.py][line:247][INFO] Val: ma_f1: 36.23	acc: 60.39	avg_f1: 48.05	ma_all_f1: 45.05	mi_all_f1: 60.39	favor_f1: 0.0	against_f1: 72.45	none_f1: 62.69
[2024-01-03 02:53:42,664][train.py][line:244][INFO] 159/164	train_loss: 1.1647964622825384	train_acc: 65.27
[2024-01-03 02:54:03,517][train.py][line:247][INFO] Val: ma_f1: 71.83	acc: 66.06	avg_f1: 72.08	ma_all_f1: 47.88	mi_all_f1: 66.06	favor_f1: 70.08	against_f1: 73.57	none_f1: 0.0
[2024-01-03 02:54:05,414][train.py][line:206][INFO] epoch: 5
[2024-01-03 02:54:20,566][train.py][line:244][INFO] 31/164	train_loss: 1.2668873146176338	train_acc: 61.33
[2024-01-03 02:54:41,415][train.py][line:247][INFO] Val: ma_f1: 70.34	acc: 70.24	avg_f1: 71.19	ma_all_f1: 67.5	mi_all_f1: 70.24	favor_f1: 64.47	against_f1: 76.21	none_f1: 61.82
[2024-01-03 02:54:56,553][train.py][line:244][INFO] 63/164	train_loss: 1.115225650370121	train_acc: 66.41
[2024-01-03 02:55:17,413][train.py][line:247][INFO] Val: ma_f1: 68.32	acc: 67.67	avg_f1: 68.47	ma_all_f1: 66.64	mi_all_f1: 67.67	favor_f1: 65.68	against_f1: 70.96	none_f1: 63.28
[2024-01-03 02:55:32,738][train.py][line:244][INFO] 95/164	train_loss: 1.0890550473704934	train_acc: 66.99
[2024-01-03 02:55:53,620][train.py][line:247][INFO] Val: ma_f1: 73.53	acc: 72.38	avg_f1: 73.93	ma_all_f1: 70.19	mi_all_f1: 72.38	favor_f1: 69.77	against_f1: 77.29	none_f1: 63.5
[2024-01-03 02:56:08,846][train.py][line:244][INFO] 127/164	train_loss: 1.061669607879594	train_acc: 67.04
[2024-01-03 02:56:29,772][train.py][line:247][INFO] Val: ma_f1: 73.98	acc: 72.59	avg_f1: 74.35	ma_all_f1: 70.29	mi_all_f1: 72.59	favor_f1: 70.39	against_f1: 77.57	none_f1: 62.91
[2024-01-03 02:56:50,728][train.py][line:254][INFO] Test: ma_f1: 73.98	acc: 72.59	avg_f1: 74.35	ma_all_f1: 70.29	mi_all_f1: 72.59	favor_f1: 70.39	against_f1: 77.57	none_f1: 62.91
[2024-01-03 02:57:05,899][train.py][line:244][INFO] 159/164	train_loss: 1.0573127059265972	train_acc: 66.33
[2024-01-03 02:57:26,737][train.py][line:247][INFO] Val: ma_f1: 38.41	acc: 59.74	avg_f1: 49.33	ma_all_f1: 44.89	mi_all_f1: 59.74	favor_f1: 3.65	against_f1: 73.17	none_f1: 57.87
[2024-01-03 02:57:28,667][train.py][line:206][INFO] epoch: 6
[2024-01-03 02:57:43,948][train.py][line:244][INFO] 31/164	train_loss: 0.9998392779380083	train_acc: 65.23
[2024-01-03 02:58:04,841][train.py][line:247][INFO] Val: ma_f1: 42.18	acc: 47.11	avg_f1: 47.55	ma_all_f1: 40.98	mi_all_f1: 47.11	favor_f1: 18.36	against_f1: 66.0	none_f1: 38.57
[2024-01-03 02:58:20,059][train.py][line:244][INFO] 63/164	train_loss: 0.9475666724611074	train_acc: 67.09
[2024-01-03 02:58:41,028][train.py][line:247][INFO] Val: ma_f1: 72.77	acc: 71.52	avg_f1: 73.1	ma_all_f1: 69.49	mi_all_f1: 71.52	favor_f1: 69.24	against_f1: 76.3	none_f1: 62.94
[2024-01-03 02:58:56,176][train.py][line:244][INFO] 95/164	train_loss: 1.0283468767690163	train_acc: 65.69
[2024-01-03 02:59:17,061][train.py][line:247][INFO] Val: ma_f1: 59.82	acc: 59.64	avg_f1: 62.75	ma_all_f1: 55.21	mi_all_f1: 59.64	favor_f1: 44.39	against_f1: 75.25	none_f1: 45.99
[2024-01-03 02:59:32,325][train.py][line:244][INFO] 127/164	train_loss: 0.9948564391816035	train_acc: 65.77
[2024-01-03 02:59:53,186][train.py][line:247][INFO] Val: ma_f1: 72.97	acc: 71.2	avg_f1: 73.34	ma_all_f1: 68.12	mi_all_f1: 71.2	favor_f1: 69.65	against_f1: 76.28	none_f1: 58.44
[2024-01-03 03:00:08,368][train.py][line:244][INFO] 159/164	train_loss: 1.0253580040298402	train_acc: 65.51
[2024-01-03 03:00:29,264][train.py][line:247][INFO] Val: ma_f1: 69.84	acc: 68.09	avg_f1: 69.93	ma_all_f1: 66.75	mi_all_f1: 68.09	favor_f1: 68.45	against_f1: 71.23	none_f1: 60.57
[2024-01-03 03:00:31,161][train.py][line:206][INFO] epoch: 7
[2024-01-03 03:00:46,353][train.py][line:244][INFO] 31/164	train_loss: 0.9575936859473586	train_acc: 65.82
[2024-01-03 03:01:07,263][train.py][line:247][INFO] Val: ma_f1: 73.33	acc: 71.73	avg_f1: 73.68	ma_all_f1: 69.54	mi_all_f1: 71.73	favor_f1: 70.02	against_f1: 76.64	none_f1: 61.97
[2024-01-03 03:01:22,597][train.py][line:244][INFO] 63/164	train_loss: 0.9896719139069319	train_acc: 66.11
[2024-01-03 03:01:43,406][train.py][line:247][INFO] Val: ma_f1: 73.51	acc: 71.63	avg_f1: 73.89	ma_all_f1: 68.25	mi_all_f1: 71.63	favor_f1: 70.18	against_f1: 76.84	none_f1: 57.72
[2024-01-03 03:01:58,556][train.py][line:244][INFO] 95/164	train_loss: 1.1340427544588845	train_acc: 64.39
[2024-01-03 03:02:19,360][train.py][line:247][INFO] Val: ma_f1: 72.47	acc: 70.45	avg_f1: 72.76	ma_all_f1: 68.56	mi_all_f1: 70.45	favor_f1: 69.62	against_f1: 75.31	none_f1: 60.76
[2024-01-03 03:02:34,495][train.py][line:244][INFO] 127/164	train_loss: 1.1743973756674677	train_acc: 63.77
[2024-01-03 03:02:55,340][train.py][line:247][INFO] Val: ma_f1: 35.66	acc: 47.86	avg_f1: 44.96	ma_all_f1: 36.57	mi_all_f1: 47.86	favor_f1: 0.0	against_f1: 71.31	none_f1: 38.41
[2024-01-03 03:03:10,565][train.py][line:244][INFO] 159/164	train_loss: 1.3055446622893214	train_acc: 63.63
[2024-01-03 03:03:31,480][train.py][line:247][INFO] Val: ma_f1: 70.94	acc: 69.27	avg_f1: 71.58	ma_all_f1: 66.94	mi_all_f1: 69.27	favor_f1: 65.81	against_f1: 76.07	none_f1: 58.94
[2024-01-03 03:03:33,368][train.py][line:206][INFO] epoch: 8
[2024-01-03 03:03:48,449][train.py][line:244][INFO] 31/164	train_loss: 1.0652812588959932	train_acc: 67.38
[2024-01-03 03:04:09,330][train.py][line:247][INFO] Val: ma_f1: 71.62	acc: 70.66	avg_f1: 72.24	ma_all_f1: 68.25	mi_all_f1: 70.66	favor_f1: 66.91	against_f1: 76.34	none_f1: 61.5
[2024-01-03 03:04:24,455][train.py][line:244][INFO] 63/164	train_loss: 0.9746601065271534	train_acc: 68.75
[2024-01-03 03:04:45,439][train.py][line:247][INFO] Val: ma_f1: 58.93	acc: 59.85	avg_f1: 61.89	ma_all_f1: 55.25	mi_all_f1: 59.85	favor_f1: 43.67	against_f1: 74.18	none_f1: 47.91
[2024-01-03 03:05:00,725][train.py][line:244][INFO] 95/164	train_loss: 0.8943738770127917	train_acc: 70.25
[2024-01-03 03:05:21,507][train.py][line:247][INFO] Val: ma_f1: 70.26	acc: 69.91	avg_f1: 71.14	ma_all_f1: 67.09	mi_all_f1: 69.91	favor_f1: 64.19	against_f1: 76.33	none_f1: 60.74
[2024-01-03 03:05:36,572][train.py][line:244][INFO] 127/164	train_loss: 0.972385725035565	train_acc: 68.51
[2024-01-03 03:05:57,510][train.py][line:247][INFO] Val: ma_f1: 73.52	acc: 72.16	avg_f1: 73.85	ma_all_f1: 70.07	mi_all_f1: 72.16	favor_f1: 70.0	against_f1: 77.04	none_f1: 63.16
[2024-01-03 03:06:12,734][train.py][line:244][INFO] 159/164	train_loss: 0.9370688734808936	train_acc: 69.45
[2024-01-03 03:06:33,578][train.py][line:247][INFO] Val: ma_f1: 60.83	acc: 65.74	avg_f1: 63.86	ma_all_f1: 60.67	mi_all_f1: 65.74	favor_f1: 47.2	against_f1: 74.46	none_f1: 60.37
[2024-01-03 03:06:35,465][train.py][line:206][INFO] epoch: 9
[2024-01-03 03:06:50,527][train.py][line:244][INFO] 31/164	train_loss: 0.8203963013365865	train_acc: 70.31
[2024-01-03 03:07:11,364][train.py][line:247][INFO] Val: ma_f1: 70.0	acc: 67.99	avg_f1: 70.82	ma_all_f1: 65.27	mi_all_f1: 67.99	favor_f1: 64.11	against_f1: 75.9	none_f1: 55.81
[2024-01-03 03:07:26,677][train.py][line:244][INFO] 63/164	train_loss: 0.964862669352442	train_acc: 68.36
[2024-01-03 03:07:47,641][train.py][line:247][INFO] Val: ma_f1: 40.6	acc: 55.14	avg_f1: 50.27	ma_all_f1: 31.56	mi_all_f1: 55.14	favor_f1: 11.07	against_f1: 70.13	none_f1: 13.47
[2024-01-03 03:08:02,772][train.py][line:244][INFO] 95/164	train_loss: 0.9365474122265974	train_acc: 69.34
[2024-01-03 03:08:23,683][train.py][line:247][INFO] Val: ma_f1: 71.74	acc: 69.91	avg_f1: 72.24	ma_all_f1: 67.38	mi_all_f1: 69.91	favor_f1: 67.48	against_f1: 76.0	none_f1: 58.67
[2024-01-03 03:08:38,768][train.py][line:244][INFO] 127/164	train_loss: 0.959946695365943	train_acc: 69.53
[2024-01-03 03:08:59,603][train.py][line:247][INFO] Val: ma_f1: 57.57	acc: 59.53	avg_f1: 61.3	ma_all_f1: 39.95	mi_all_f1: 59.53	favor_f1: 43.5	against_f1: 71.65	none_f1: 4.71
[2024-01-03 03:09:14,788][train.py][line:244][INFO] 159/164	train_loss: 0.9451045976020396	train_acc: 69.49
[2024-01-03 03:09:35,648][train.py][line:247][INFO] Val: ma_f1: 68.6	acc: 67.77	avg_f1: 69.77	ma_all_f1: 61.9	mi_all_f1: 67.77	favor_f1: 62.11	against_f1: 75.09	none_f1: 48.48
[2024-01-03 03:09:37,554][train.py][line:206][INFO] epoch: 10
[2024-01-03 03:09:52,874][train.py][line:244][INFO] 31/164	train_loss: 0.8816532623022795	train_acc: 71.29
[2024-01-03 03:10:13,712][train.py][line:247][INFO] Val: ma_f1: 69.29	acc: 66.92	avg_f1: 69.71	ma_all_f1: 65.03	mi_all_f1: 66.92	favor_f1: 65.59	against_f1: 73.0	none_f1: 56.49
[2024-01-03 03:10:28,840][train.py][line:244][INFO] 63/164	train_loss: 1.0562089416198432	train_acc: 68.55
[2024-01-03 03:10:49,757][train.py][line:247][INFO] Val: ma_f1: 70.26	acc: 65.74	avg_f1: 70.75	ma_all_f1: 52.99	mi_all_f1: 65.74	favor_f1: 67.13	against_f1: 73.39	none_f1: 18.46
[2024-01-03 03:11:04,866][train.py][line:244][INFO] 95/164	train_loss: 0.9697249898066124	train_acc: 70.96
[2024-01-03 03:11:25,851][train.py][line:247][INFO] Val: ma_f1: 68.16	acc: 68.95	avg_f1: 69.42	ma_all_f1: 66.1	mi_all_f1: 68.95	favor_f1: 60.47	against_f1: 75.86	none_f1: 61.96
[2024-01-03 03:11:41,077][train.py][line:244][INFO] 127/164	train_loss: 0.8980946052470244	train_acc: 72.36
[2024-01-03 03:12:01,949][train.py][line:247][INFO] Val: ma_f1: 68.72	acc: 66.49	avg_f1: 68.83	ma_all_f1: 64.96	mi_all_f1: 66.49	favor_f1: 67.31	against_f1: 70.13	none_f1: 57.43
[2024-01-03 03:12:17,064][train.py][line:244][INFO] 159/164	train_loss: 0.8868920412380248	train_acc: 71.99
[2024-01-03 03:12:37,955][train.py][line:247][INFO] Val: ma_f1: 55.84	acc: 63.6	avg_f1: 60.69	ma_all_f1: 55.98	mi_all_f1: 63.6	favor_f1: 36.61	against_f1: 75.07	none_f1: 56.27
[2024-01-03 03:12:39,878][train.py][line:263][INFO] Best_test: epoch:5	ma_f1: 73.98	acc: 72.59	avg_f1: 74.35	ma_all_f1: 70.29	mi_all_f1: 72.59	favor_f1: 70.39	against_f1: 77.57	none_f1: 62.91
[2024-01-03 03:12:39,879][train.py][line:265][INFO] Best_val: epoch:5	ma_f1: 73.98	acc: 72.59	avg_f1: 74.35	ma_all_f1: 70.29	mi_all_f1: 72.59	favor_f1: 70.39	against_f1: 77.57	none_f1: 62.91
[2024-01-03 03:13:38,635][train.py][line:152][INFO] cuda memory allocated: 446163456
[2024-01-03 03:13:38,639][train.py][line:167][INFO] > n_trainable_params: 111255555, n_nontrainable_params: 0
[2024-01-03 03:13:38,639][train.py][line:168][INFO] > training arguments:
[2024-01-03 03:13:38,639][train.py][line:170][INFO] >>> model_name: bert_fol_text
[2024-01-03 03:13:38,639][train.py][line:170][INFO] >>> dataset: fm-
[2024-01-03 03:13:38,639][train.py][line:170][INFO] >>> optimizer: <class 'transformers.optimization.AdamW'>
[2024-01-03 03:13:38,639][train.py][line:170][INFO] >>> initializer: <function xavier_uniform_ at 0x7feb3dcf0550>
[2024-01-03 03:13:38,639][train.py][line:170][INFO] >>> lr: 0.001
[2024-01-03 03:13:38,639][train.py][line:170][INFO] >>> bert_lr: 5e-06
[2024-01-03 03:13:38,639][train.py][line:170][INFO] >>> dropout: 0.2
[2024-01-03 03:13:38,639][train.py][line:170][INFO] >>> num_epoch: 20
[2024-01-03 03:13:38,639][train.py][line:170][INFO] >>> batch_size: 16
[2024-01-03 03:13:38,639][train.py][line:170][INFO] >>> log_step: -1
[2024-01-03 03:13:38,639][train.py][line:170][INFO] >>> pretrained_model_name: bert-base-uncased
[2024-01-03 03:13:38,639][train.py][line:170][INFO] >>> max_seq_len: 60
[2024-01-03 03:13:38,639][train.py][line:170][INFO] >>> polarities_dim: 3
[2024-01-03 03:13:38,639][train.py][line:170][INFO] >>> patience: 5
[2024-01-03 03:13:38,639][train.py][line:170][INFO] >>> device: cuda:0
[2024-01-03 03:13:38,639][train.py][line:170][INFO] >>> save_model: False
[2024-01-03 03:13:38,639][train.py][line:170][INFO] >>> seed: 1
[2024-01-03 03:13:38,639][train.py][line:170][INFO] >>> valset_ratio: 0.0
[2024-01-03 03:13:38,639][train.py][line:170][INFO] >>> embed_dim: 300
[2024-01-03 03:13:38,639][train.py][line:170][INFO] >>> hidden_dim: 300
[2024-01-03 03:13:38,639][train.py][line:170][INFO] >>> pid: 1
[2024-01-03 03:13:38,639][train.py][line:170][INFO] >>> tid: 1
[2024-01-03 03:13:38,640][train.py][line:170][INFO] >>> lid: 0
[2024-01-03 03:13:38,640][train.py][line:170][INFO] >>> llambda: 0.5
[2024-01-03 03:13:38,640][train.py][line:170][INFO] >>> use_prompt: True
[2024-01-03 03:13:38,640][train.py][line:170][INFO] >>> with_text: False
[2024-01-03 03:13:38,640][train.py][line:170][INFO] >>> model_class: <class 'models.bert_fol_text.BERT_FOL_T'>
[2024-01-03 03:13:38,640][train.py][line:170][INFO] >>> dataset_file: {'train': ['/home/dingdaijun/data_list/dingdaijun/LTN_merge/datasets/merge/dt/dt.csv', '/home/dingdaijun/data_list/dingdaijun/LTN_merge/datasets/merge/la/la.csv', '/home/dingdaijun/data_list/dingdaijun/LTN_merge/datasets/merge/hc/hc.csv'], 'test': '/home/dingdaijun/data_list/dingdaijun/LTN_merge/datasets/merge/fm/fm.csv'}
[2024-01-03 03:13:38,640][train.py][line:170][INFO] >>> inputs_cols: ['bert_fol_inputs', 'bert_fol_type', 'bert_fol_mask', 'bert_text_inputs', 'bert_text_type', 'bert_text_mask', 'mlm_labels']
[2024-01-03 03:13:38,644][train.py][line:206][INFO] epoch: 0
[2024-01-03 03:13:54,253][train.py][line:244][INFO] 31/164	train_loss: 2.1584927197545767	train_acc: 41.99
[2024-01-03 03:14:14,029][train.py][line:247][INFO] Val: ma_f1: 36.19	acc: 60.06	avg_f1: 48.07	ma_all_f1: 44.31	mi_all_f1: 60.06	favor_f1: 0.0	against_f1: 72.37	none_f1: 60.57
[2024-01-03 03:14:33,815][train.py][line:254][INFO] Test: ma_f1: 36.19	acc: 60.06	avg_f1: 48.07	ma_all_f1: 44.31	mi_all_f1: 60.06	favor_f1: 0.0	against_f1: 72.37	none_f1: 60.57
[2024-01-03 03:14:48,485][train.py][line:244][INFO] 63/164	train_loss: 1.6359977908432484	train_acc: 50.78
[2024-01-03 03:15:08,192][train.py][line:247][INFO] Val: ma_f1: 72.97	acc: 70.45	avg_f1: 73.35	ma_all_f1: 65.97	mi_all_f1: 70.45	favor_f1: 69.88	against_f1: 76.06	none_f1: 51.96
[2024-01-03 03:15:27,988][train.py][line:254][INFO] Test: ma_f1: 72.97	acc: 70.45	avg_f1: 73.35	ma_all_f1: 65.97	mi_all_f1: 70.45	favor_f1: 69.88	against_f1: 76.06	none_f1: 51.96
[2024-01-03 03:15:42,686][train.py][line:244][INFO] 95/164	train_loss: 1.4309600715835888	train_acc: 55.4
[2024-01-03 03:16:02,343][train.py][line:247][INFO] Val: ma_f1: 35.14	acc: 54.18	avg_f1: 47.23	ma_all_f1: 23.43	mi_all_f1: 54.18	favor_f1: 0.0	against_f1: 70.28	none_f1: 0.0
[2024-01-03 03:16:17,109][train.py][line:244][INFO] 127/164	train_loss: 1.4661680245772004	train_acc: 55.47
[2024-01-03 03:16:36,927][train.py][line:247][INFO] Val: ma_f1: 71.36	acc: 69.16	avg_f1: 71.53	ma_all_f1: 67.09	mi_all_f1: 69.16	favor_f1: 69.22	against_f1: 73.49	none_f1: 58.56
[2024-01-03 03:16:51,571][train.py][line:244][INFO] 159/164	train_loss: 1.3804428227245809	train_acc: 57.5
[2024-01-03 03:17:11,256][train.py][line:247][INFO] Val: ma_f1: 73.67	acc: 72.27	avg_f1: 74.05	ma_all_f1: 69.86	mi_all_f1: 72.27	favor_f1: 70.08	against_f1: 77.25	none_f1: 62.24
[2024-01-03 03:17:30,987][train.py][line:254][INFO] Test: ma_f1: 73.67	acc: 72.27	avg_f1: 74.05	ma_all_f1: 69.86	mi_all_f1: 72.27	favor_f1: 70.08	against_f1: 77.25	none_f1: 62.24
[2024-01-03 03:17:32,833][train.py][line:206][INFO] epoch: 1
[2024-01-03 03:17:47,358][train.py][line:244][INFO] 31/164	train_loss: 0.841764448210597	train_acc: 64.65
[2024-01-03 03:18:07,102][train.py][line:247][INFO] Val: ma_f1: 59.52	acc: 66.27	avg_f1: 63.33	ma_all_f1: 60.42	mi_all_f1: 66.27	favor_f1: 43.99	against_f1: 75.04	none_f1: 62.24
[2024-01-03 03:18:21,691][train.py][line:244][INFO] 63/164	train_loss: 0.9637734908610582	train_acc: 63.48
[2024-01-03 03:18:41,557][train.py][line:247][INFO] Val: ma_f1: 52.68	acc: 57.6	avg_f1: 57.88	ma_all_f1: 35.12	mi_all_f1: 57.6	favor_f1: 34.52	against_f1: 70.84	none_f1: 0.0
[2024-01-03 03:18:56,149][train.py][line:244][INFO] 95/164	train_loss: 0.9752553033952912	train_acc: 64.45
[2024-01-03 03:19:16,008][train.py][line:247][INFO] Val: ma_f1: 72.21	acc: 70.99	avg_f1: 72.52	ma_all_f1: 68.96	mi_all_f1: 70.99	favor_f1: 68.55	against_f1: 75.86	none_f1: 62.46
[2024-01-03 03:19:30,691][train.py][line:244][INFO] 127/164	train_loss: 1.1411761010531336	train_acc: 63.13
[2024-01-03 03:19:50,527][train.py][line:247][INFO] Val: ma_f1: 73.64	acc: 72.27	avg_f1: 74.02	ma_all_f1: 69.92	mi_all_f1: 72.27	favor_f1: 70.08	against_f1: 77.2	none_f1: 62.46
[2024-01-03 03:20:05,093][train.py][line:244][INFO] 159/164	train_loss: 1.212422120757401	train_acc: 62.34
[2024-01-03 03:20:24,873][train.py][line:247][INFO] Val: ma_f1: 73.37	acc: 72.06	avg_f1: 73.77	ma_all_f1: 69.66	mi_all_f1: 72.06	favor_f1: 69.65	against_f1: 77.09	none_f1: 62.24
[2024-01-03 03:20:26,711][train.py][line:206][INFO] epoch: 2
[2024-01-03 03:20:41,295][train.py][line:244][INFO] 31/164	train_loss: 1.3482566075399518	train_acc: 61.13
[2024-01-03 03:21:01,217][train.py][line:247][INFO] Val: ma_f1: 36.25	acc: 60.39	avg_f1: 48.09	ma_all_f1: 44.99	mi_all_f1: 60.39	favor_f1: 0.0	against_f1: 72.5	none_f1: 62.46
[2024-01-03 03:21:15,928][train.py][line:244][INFO] 63/164	train_loss: 1.221553122624755	train_acc: 64.06
[2024-01-03 03:21:35,831][train.py][line:247][INFO] Val: ma_f1: 35.98	acc: 59.31	avg_f1: 47.85	ma_all_f1: 43.06	mi_all_f1: 59.31	favor_f1: 0.0	against_f1: 71.96	none_f1: 57.24
[2024-01-03 03:21:50,426][train.py][line:244][INFO] 95/164	train_loss: 1.174455908127129	train_acc: 63.8
[2024-01-03 03:22:10,260][train.py][line:247][INFO] Val: ma_f1: 73.59	acc: 72.27	avg_f1: 74.0	ma_all_f1: 69.88	mi_all_f1: 72.27	favor_f1: 69.88	against_f1: 77.3	none_f1: 62.46
[2024-01-03 03:22:24,734][train.py][line:244][INFO] 127/164	train_loss: 1.1341961156576872	train_acc: 64.99
[2024-01-03 03:22:44,625][train.py][line:247][INFO] Val: ma_f1: 73.75	acc: 72.27	avg_f1: 74.11	ma_all_f1: 69.85	mi_all_f1: 72.27	favor_f1: 70.3	against_f1: 77.2	none_f1: 62.05
[2024-01-03 03:23:04,589][train.py][line:254][INFO] Test: ma_f1: 73.75	acc: 72.27	avg_f1: 74.11	ma_all_f1: 69.85	mi_all_f1: 72.27	favor_f1: 70.3	against_f1: 77.2	none_f1: 62.05
[2024-01-03 03:23:19,170][train.py][line:244][INFO] 159/164	train_loss: 1.1165699537843465	train_acc: 64.3
[2024-01-03 03:23:38,949][train.py][line:247][INFO] Val: ma_f1: 72.78	acc: 71.52	avg_f1: 73.13	ma_all_f1: 69.34	mi_all_f1: 71.52	favor_f1: 68.9	against_f1: 76.65	none_f1: 62.46
[2024-01-03 03:23:40,781][train.py][line:206][INFO] epoch: 3
[2024-01-03 03:23:55,387][train.py][line:244][INFO] 31/164	train_loss: 0.9135881215333939	train_acc: 64.45
[2024-01-03 03:24:15,257][train.py][line:247][INFO] Val: ma_f1: 73.53	acc: 72.16	avg_f1: 73.92	ma_all_f1: 69.78	mi_all_f1: 72.16	favor_f1: 69.88	against_f1: 77.17	none_f1: 62.28
[2024-01-03 03:24:29,910][train.py][line:244][INFO] 63/164	train_loss: 0.9935714392922819	train_acc: 63.28
[2024-01-03 03:24:49,844][train.py][line:247][INFO] Val: ma_f1: 71.83	acc: 66.06	avg_f1: 72.08	ma_all_f1: 47.88	mi_all_f1: 66.06	favor_f1: 70.08	against_f1: 73.57	none_f1: 0.0
[2024-01-03 03:25:04,534][train.py][line:244][INFO] 95/164	train_loss: 1.0763025619089603	train_acc: 61.85
[2024-01-03 03:25:24,431][train.py][line:247][INFO] Val: ma_f1: 73.57	acc: 72.27	avg_f1: 73.97	ma_all_f1: 69.94	mi_all_f1: 72.27	favor_f1: 69.88	against_f1: 77.25	none_f1: 62.69
[2024-01-03 03:25:39,219][train.py][line:244][INFO] 127/164	train_loss: 1.0347495573805645	train_acc: 63.92
[2024-01-03 03:25:59,032][train.py][line:247][INFO] Val: ma_f1: 69.87	acc: 69.91	avg_f1: 70.76	ma_all_f1: 67.19	mi_all_f1: 69.91	favor_f1: 63.84	against_f1: 75.9	none_f1: 61.82
[2024-01-03 03:26:13,794][train.py][line:244][INFO] 159/164	train_loss: 1.044319295976311	train_acc: 63.67
[2024-01-03 03:26:33,571][train.py][line:247][INFO] Val: ma_f1: 38.2	acc: 54.93	avg_f1: 49.17	ma_all_f1: 25.47	mi_all_f1: 54.93	favor_f1: 5.82	against_f1: 70.58	none_f1: 0.0
[2024-01-03 03:26:35,407][train.py][line:206][INFO] epoch: 4
[2024-01-03 03:26:50,145][train.py][line:244][INFO] 31/164	train_loss: 0.9701388599351048	train_acc: 65.82
[2024-01-03 03:27:10,013][train.py][line:247][INFO] Val: ma_f1: 73.55	acc: 72.16	avg_f1: 73.95	ma_all_f1: 69.72	mi_all_f1: 72.16	favor_f1: 69.88	against_f1: 77.22	none_f1: 62.05
[2024-01-03 03:27:24,562][train.py][line:244][INFO] 63/164	train_loss: 0.9571282914839685	train_acc: 65.53
[2024-01-03 03:27:44,395][train.py][line:247][INFO] Val: ma_f1: 59.82	acc: 59.85	avg_f1: 62.68	ma_all_f1: 39.88	mi_all_f1: 59.85	favor_f1: 47.96	against_f1: 71.68	none_f1: 0.0
[2024-01-03 03:27:58,832][train.py][line:244][INFO] 95/164	train_loss: 1.043668769299984	train_acc: 64.26
[2024-01-03 03:28:18,688][train.py][line:247][INFO] Val: ma_f1: 35.14	acc: 54.18	avg_f1: 47.23	ma_all_f1: 23.43	mi_all_f1: 54.18	favor_f1: 0.0	against_f1: 70.28	none_f1: 0.0
[2024-01-03 03:28:33,416][train.py][line:244][INFO] 127/164	train_loss: 1.045676868641749	train_acc: 64.65
[2024-01-03 03:28:53,321][train.py][line:247][INFO] Val: ma_f1: 41.22	acc: 61.67	avg_f1: 51.36	ma_all_f1: 48.3	mi_all_f1: 61.67	favor_f1: 9.29	against_f1: 73.15	none_f1: 62.46
[2024-01-03 03:29:07,890][train.py][line:244][INFO] 159/164	train_loss: 1.0873613392934203	train_acc: 64.02
[2024-01-03 03:29:27,738][train.py][line:247][INFO] Val: ma_f1: 38.23	acc: 41.76	avg_f1: 39.67	ma_all_f1: 40.77	mi_all_f1: 41.76	favor_f1: 49.56	against_f1: 26.91	none_f1: 45.85
[2024-01-03 03:29:29,533][train.py][line:206][INFO] epoch: 5
[2024-01-03 03:29:44,029][train.py][line:244][INFO] 31/164	train_loss: 1.2336559211835265	train_acc: 61.91
[2024-01-03 03:30:03,933][train.py][line:247][INFO] Val: ma_f1: 36.17	acc: 60.17	avg_f1: 47.99	ma_all_f1: 44.73	mi_all_f1: 60.17	favor_f1: 0.0	against_f1: 72.34	none_f1: 61.86
[2024-01-03 03:30:18,569][train.py][line:244][INFO] 63/164	train_loss: 1.2610490177758038	train_acc: 63.38
[2024-01-03 03:30:38,380][train.py][line:247][INFO] Val: ma_f1: 64.34	acc: 59.96	avg_f1: 64.03	ma_all_f1: 59.53	mi_all_f1: 59.96	favor_f1: 69.77	against_f1: 58.92	none_f1: 49.9
[2024-01-03 03:30:52,900][train.py][line:244][INFO] 95/164	train_loss: 1.309885665308684	train_acc: 62.96
[2024-01-03 03:31:12,723][train.py][line:247][INFO] Val: ma_f1: 73.73	acc: 72.27	avg_f1: 74.09	ma_all_f1: 69.91	mi_all_f1: 72.27	favor_f1: 70.28	against_f1: 77.19	none_f1: 62.28
[2024-01-03 03:31:27,365][train.py][line:244][INFO] 127/164	train_loss: 1.3244819742394611	train_acc: 64.11
[2024-01-03 03:31:47,176][train.py][line:247][INFO] Val: ma_f1: 71.24	acc: 68.84	avg_f1: 71.36	ma_all_f1: 67.23	mi_all_f1: 68.84	favor_f1: 69.88	against_f1: 72.6	none_f1: 59.2
[2024-01-03 03:32:01,755][train.py][line:244][INFO] 159/164	train_loss: 1.311905496288091	train_acc: 64.02
[2024-01-03 03:32:21,614][train.py][line:247][INFO] Val: ma_f1: 50.83	acc: 47.0	avg_f1: 50.52	ma_all_f1: 47.62	mi_all_f1: 47.0	favor_f1: 68.28	against_f1: 33.39	none_f1: 41.2
[2024-01-03 03:32:23,458][train.py][line:206][INFO] epoch: 6
[2024-01-03 03:32:37,958][train.py][line:244][INFO] 31/164	train_loss: 1.3872210942208767	train_acc: 63.48
[2024-01-03 03:32:57,773][train.py][line:247][INFO] Val: ma_f1: 73.44	acc: 72.16	avg_f1: 73.84	ma_all_f1: 69.86	mi_all_f1: 72.16	favor_f1: 69.77	against_f1: 77.12	none_f1: 62.69
[2024-01-03 03:33:12,452][train.py][line:244][INFO] 63/164	train_loss: 1.4112401017919183	train_acc: 62.11
[2024-01-03 03:33:32,324][train.py][line:247][INFO] Val: ma_f1: 66.94	acc: 68.52	avg_f1: 68.45	ma_all_f1: 65.25	mi_all_f1: 68.52	favor_f1: 58.35	against_f1: 75.53	none_f1: 61.86
[2024-01-03 03:33:46,882][train.py][line:244][INFO] 95/164	train_loss: 1.3180129661535223	train_acc: 63.8
[2024-01-03 03:34:06,641][train.py][line:247][INFO] Val: ma_f1: 73.44	acc: 72.27	avg_f1: 73.87	ma_all_f1: 70.1	mi_all_f1: 72.27	favor_f1: 69.48	against_f1: 77.41	none_f1: 63.43
[2024-01-03 03:34:21,224][train.py][line:244][INFO] 127/164	train_loss: 1.222914844751358	train_acc: 64.94
[2024-01-03 03:34:41,162][train.py][line:247][INFO] Val: ma_f1: 58.51	acc: 56.85	avg_f1: 60.32	ma_all_f1: 54.41	mi_all_f1: 56.85	favor_f1: 47.71	against_f1: 69.3	none_f1: 46.2
[2024-01-03 03:34:55,785][train.py][line:244][INFO] 159/164	train_loss: 1.2285830724984408	train_acc: 64.61
[2024-01-03 03:35:15,673][train.py][line:247][INFO] Val: ma_f1: 73.12	acc: 71.63	avg_f1: 73.4	ma_all_f1: 69.73	mi_all_f1: 71.63	favor_f1: 70.18	against_f1: 76.05	none_f1: 62.95
[2024-01-03 03:35:17,542][train.py][line:206][INFO] epoch: 7
[2024-01-03 03:35:32,111][train.py][line:244][INFO] 31/164	train_loss: 1.1162247313186526	train_acc: 63.67
[2024-01-03 03:35:51,984][train.py][line:247][INFO] Val: ma_f1: 34.18	acc: 46.04	avg_f1: 42.94	ma_all_f1: 35.49	mi_all_f1: 46.04	favor_f1: 0.0	against_f1: 68.36	none_f1: 38.1
[2024-01-03 03:36:06,440][train.py][line:244][INFO] 63/164	train_loss: 1.143176584970206	train_acc: 63.87
[2024-01-03 03:36:26,253][train.py][line:247][INFO] Val: ma_f1: 66.95	acc: 68.42	avg_f1: 68.33	ma_all_f1: 65.45	mi_all_f1: 68.42	favor_f1: 58.96	against_f1: 74.93	none_f1: 62.46
[2024-01-03 03:36:40,930][train.py][line:244][INFO] 95/164	train_loss: 1.086340216609339	train_acc: 65.36
[2024-01-03 03:37:00,828][train.py][line:247][INFO] Val: ma_f1: 70.67	acc: 68.42	avg_f1: 71.34	ma_all_f1: 61.58	mi_all_f1: 68.42	favor_f1: 66.31	against_f1: 75.02	none_f1: 43.4
[2024-01-03 03:37:15,421][train.py][line:244][INFO] 127/164	train_loss: 1.050340056186542	train_acc: 66.02
[2024-01-03 03:37:35,263][train.py][line:247][INFO] Val: ma_f1: 50.89	acc: 55.46	avg_f1: 56.33	ma_all_f1: 48.42	mi_all_f1: 55.46	favor_f1: 27.11	against_f1: 74.66	none_f1: 43.48
[2024-01-03 03:37:49,866][train.py][line:244][INFO] 159/164	train_loss: 1.0618955990299583	train_acc: 65.7
[2024-01-03 03:38:09,755][train.py][line:247][INFO] Val: ma_f1: 7.41	acc: 19.49	avg_f1: 6.44	ma_all_f1: 14.95	mi_all_f1: 19.49	favor_f1: 14.81	against_f1: 0.0	none_f1: 30.05
[2024-01-03 03:38:11,584][train.py][line:263][INFO] Best_test: epoch:2	ma_f1: 73.75	acc: 72.27	avg_f1: 74.11	ma_all_f1: 69.85	mi_all_f1: 72.27	favor_f1: 70.3	against_f1: 77.2	none_f1: 62.05
[2024-01-03 03:38:11,585][train.py][line:265][INFO] Best_val: epoch:2	ma_f1: 73.75	acc: 72.27	avg_f1: 74.11	ma_all_f1: 69.85	mi_all_f1: 72.27	favor_f1: 70.3	against_f1: 77.2	none_f1: 62.05
[2024-01-03 03:39:10,331][train.py][line:152][INFO] cuda memory allocated: 446163456
[2024-01-03 03:39:10,335][train.py][line:167][INFO] > n_trainable_params: 111255555, n_nontrainable_params: 0
[2024-01-03 03:39:10,335][train.py][line:168][INFO] > training arguments:
[2024-01-03 03:39:10,335][train.py][line:170][INFO] >>> model_name: bert_fol_text
[2024-01-03 03:39:10,335][train.py][line:170][INFO] >>> dataset: fm-
[2024-01-03 03:39:10,335][train.py][line:170][INFO] >>> optimizer: <class 'transformers.optimization.AdamW'>
[2024-01-03 03:39:10,335][train.py][line:170][INFO] >>> initializer: <function xavier_uniform_ at 0x7f2d95442550>
[2024-01-03 03:39:10,335][train.py][line:170][INFO] >>> lr: 0.001
[2024-01-03 03:39:10,335][train.py][line:170][INFO] >>> bert_lr: 5e-06
[2024-01-03 03:39:10,335][train.py][line:170][INFO] >>> dropout: 0.2
[2024-01-03 03:39:10,335][train.py][line:170][INFO] >>> num_epoch: 20
[2024-01-03 03:39:10,335][train.py][line:170][INFO] >>> batch_size: 16
[2024-01-03 03:39:10,335][train.py][line:170][INFO] >>> log_step: -1
[2024-01-03 03:39:10,335][train.py][line:170][INFO] >>> pretrained_model_name: bert-base-uncased
[2024-01-03 03:39:10,335][train.py][line:170][INFO] >>> max_seq_len: 60
[2024-01-03 03:39:10,335][train.py][line:170][INFO] >>> polarities_dim: 3
[2024-01-03 03:39:10,335][train.py][line:170][INFO] >>> patience: 5
[2024-01-03 03:39:10,335][train.py][line:170][INFO] >>> device: cuda:0
[2024-01-03 03:39:10,335][train.py][line:170][INFO] >>> save_model: False
[2024-01-03 03:39:10,335][train.py][line:170][INFO] >>> seed: 2
[2024-01-03 03:39:10,335][train.py][line:170][INFO] >>> valset_ratio: 0.0
[2024-01-03 03:39:10,335][train.py][line:170][INFO] >>> embed_dim: 300
[2024-01-03 03:39:10,335][train.py][line:170][INFO] >>> hidden_dim: 300
[2024-01-03 03:39:10,336][train.py][line:170][INFO] >>> pid: 1
[2024-01-03 03:39:10,336][train.py][line:170][INFO] >>> tid: 1
[2024-01-03 03:39:10,336][train.py][line:170][INFO] >>> lid: 0
[2024-01-03 03:39:10,336][train.py][line:170][INFO] >>> llambda: 0.5
[2024-01-03 03:39:10,336][train.py][line:170][INFO] >>> use_prompt: True
[2024-01-03 03:39:10,336][train.py][line:170][INFO] >>> with_text: False
[2024-01-03 03:39:10,336][train.py][line:170][INFO] >>> model_class: <class 'models.bert_fol_text.BERT_FOL_T'>
[2024-01-03 03:39:10,336][train.py][line:170][INFO] >>> dataset_file: {'train': ['/home/dingdaijun/data_list/dingdaijun/LTN_merge/datasets/merge/dt/dt.csv', '/home/dingdaijun/data_list/dingdaijun/LTN_merge/datasets/merge/la/la.csv', '/home/dingdaijun/data_list/dingdaijun/LTN_merge/datasets/merge/hc/hc.csv'], 'test': '/home/dingdaijun/data_list/dingdaijun/LTN_merge/datasets/merge/fm/fm.csv'}
[2024-01-03 03:39:10,336][train.py][line:170][INFO] >>> inputs_cols: ['bert_fol_inputs', 'bert_fol_type', 'bert_fol_mask', 'bert_text_inputs', 'bert_text_type', 'bert_text_mask', 'mlm_labels']
[2024-01-03 03:39:10,340][train.py][line:206][INFO] epoch: 0
[2024-01-03 03:39:26,692][train.py][line:244][INFO] 31/164	train_loss: 1.7884727977216244	train_acc: 44.34
[2024-01-03 03:39:47,498][train.py][line:247][INFO] Val: ma_f1: 35.14	acc: 54.18	avg_f1: 47.23	ma_all_f1: 23.43	mi_all_f1: 54.18	favor_f1: 0.0	against_f1: 70.28	none_f1: 0.0
[2024-01-03 03:40:08,371][train.py][line:254][INFO] Test: ma_f1: 35.14	acc: 54.18	avg_f1: 47.23	ma_all_f1: 23.43	mi_all_f1: 54.18	favor_f1: 0.0	against_f1: 70.28	none_f1: 0.0
[2024-01-03 03:40:23,565][train.py][line:244][INFO] 63/164	train_loss: 1.3831641245633364	train_acc: 50.98
[2024-01-03 03:40:44,321][train.py][line:247][INFO] Val: ma_f1: 73.66	acc: 72.38	avg_f1: 74.05	ma_all_f1: 69.96	mi_all_f1: 72.38	favor_f1: 69.97	against_f1: 77.35	none_f1: 62.58
[2024-01-03 03:41:05,142][train.py][line:254][INFO] Test: ma_f1: 73.66	acc: 72.38	avg_f1: 74.05	ma_all_f1: 69.96	mi_all_f1: 72.38	favor_f1: 69.97	against_f1: 77.35	none_f1: 62.58
[2024-01-03 03:41:20,348][train.py][line:244][INFO] 95/164	train_loss: 1.2505690089116495	train_acc: 55.08
[2024-01-03 03:41:41,135][train.py][line:247][INFO] Val: ma_f1: 36.99	acc: 58.99	avg_f1: 48.43	ma_all_f1: 42.76	mi_all_f1: 58.99	favor_f1: 2.22	against_f1: 71.77	none_f1: 54.3
[2024-01-03 03:41:56,427][train.py][line:244][INFO] 127/164	train_loss: 1.2064338650088757	train_acc: 56.3
[2024-01-03 03:42:17,271][train.py][line:247][INFO] Val: ma_f1: 72.21	acc: 70.99	avg_f1: 72.52	ma_all_f1: 68.96	mi_all_f1: 70.99	favor_f1: 68.67	against_f1: 75.75	none_f1: 62.46
[2024-01-03 03:42:32,407][train.py][line:244][INFO] 159/164	train_loss: 1.1899921298027039	train_acc: 57.54
[2024-01-03 03:42:53,234][train.py][line:247][INFO] Val: ma_f1: 73.57	acc: 72.06	avg_f1: 73.9	ma_all_f1: 69.84	mi_all_f1: 72.06	favor_f1: 70.28	against_f1: 76.86	none_f1: 62.39
[2024-01-03 03:42:55,135][train.py][line:206][INFO] epoch: 1
[2024-01-03 03:43:10,294][train.py][line:244][INFO] 31/164	train_loss: 1.0591473802924156	train_acc: 62.89
[2024-01-03 03:43:31,079][train.py][line:247][INFO] Val: ma_f1: 73.49	acc: 72.16	avg_f1: 73.88	ma_all_f1: 69.82	mi_all_f1: 72.16	favor_f1: 69.87	against_f1: 77.12	none_f1: 62.46
[2024-01-03 03:43:46,363][train.py][line:244][INFO] 63/164	train_loss: 1.1636236016638577	train_acc: 60.35
[2024-01-03 03:44:07,134][train.py][line:247][INFO] Val: ma_f1: 71.69	acc: 65.95	avg_f1: 71.95	ma_all_f1: 47.79	mi_all_f1: 65.95	favor_f1: 69.87	against_f1: 73.5	none_f1: 0.0
[2024-01-03 03:44:22,336][train.py][line:244][INFO] 95/164	train_loss: 1.102273144448797	train_acc: 62.37
[2024-01-03 03:44:43,137][train.py][line:247][INFO] Val: ma_f1: 71.01	acc: 68.09	avg_f1: 71.11	ma_all_f1: 66.25	mi_all_f1: 68.09	favor_f1: 69.88	against_f1: 72.14	none_f1: 56.72
[2024-01-03 03:44:58,312][train.py][line:244][INFO] 127/164	train_loss: 1.0883610993623734	train_acc: 61.82
[2024-01-03 03:45:19,079][train.py][line:247][INFO] Val: ma_f1: 36.64	acc: 37.37	avg_f1: 37.6	ma_all_f1: 36.31	mi_all_f1: 37.37	favor_f1: 69.78	against_f1: 3.5	none_f1: 35.66
[2024-01-03 03:45:34,268][train.py][line:244][INFO] 159/164	train_loss: 1.1296333258971571	train_acc: 61.72
[2024-01-03 03:45:55,130][train.py][line:247][INFO] Val: ma_f1: 71.68	acc: 70.34	avg_f1: 71.93	ma_all_f1: 68.52	mi_all_f1: 70.34	favor_f1: 68.66	against_f1: 74.69	none_f1: 62.21
[2024-01-03 03:45:57,079][train.py][line:206][INFO] epoch: 2
[2024-01-03 03:46:12,302][train.py][line:244][INFO] 31/164	train_loss: 1.4173596380278468	train_acc: 59.77
[2024-01-03 03:46:33,120][train.py][line:247][INFO] Val: ma_f1: 35.14	acc: 54.18	avg_f1: 47.23	ma_all_f1: 23.43	mi_all_f1: 54.18	favor_f1: 0.0	against_f1: 70.28	none_f1: 0.0
[2024-01-03 03:46:48,320][train.py][line:244][INFO] 63/164	train_loss: 1.4289092291146517	train_acc: 60.64
[2024-01-03 03:47:09,151][train.py][line:247][INFO] Val: ma_f1: 69.91	acc: 69.06	avg_f1: 70.12	ma_all_f1: 67.7	mi_all_f1: 69.06	favor_f1: 66.87	against_f1: 72.96	none_f1: 63.28
[2024-01-03 03:47:24,355][train.py][line:244][INFO] 95/164	train_loss: 1.4076648723954956	train_acc: 60.35
[2024-01-03 03:47:45,246][train.py][line:247][INFO] Val: ma_f1: 72.79	acc: 69.91	avg_f1: 73.15	ma_all_f1: 64.76	mi_all_f1: 69.91	favor_f1: 69.88	against_f1: 75.7	none_f1: 48.71
[2024-01-03 03:48:00,406][train.py][line:244][INFO] 127/164	train_loss: 1.307557285297662	train_acc: 61.67
[2024-01-03 03:48:21,207][train.py][line:247][INFO] Val: ma_f1: 73.67	acc: 72.27	avg_f1: 74.03	ma_all_f1: 69.93	mi_all_f1: 72.27	favor_f1: 70.18	against_f1: 77.16	none_f1: 62.46
[2024-01-03 03:48:42,137][train.py][line:254][INFO] Test: ma_f1: 73.67	acc: 72.27	avg_f1: 74.03	ma_all_f1: 69.93	mi_all_f1: 72.27	favor_f1: 70.18	against_f1: 77.16	none_f1: 62.46
[2024-01-03 03:48:57,331][train.py][line:244][INFO] 159/164	train_loss: 1.2262417971156538	train_acc: 63.09
[2024-01-03 03:49:18,177][train.py][line:247][INFO] Val: ma_f1: 69.65	acc: 68.84	avg_f1: 69.85	ma_all_f1: 67.53	mi_all_f1: 68.84	favor_f1: 66.57	against_f1: 72.73	none_f1: 63.28
[2024-01-03 03:49:20,075][train.py][line:206][INFO] epoch: 3
[2024-01-03 03:49:35,190][train.py][line:244][INFO] 31/164	train_loss: 1.1987248184159398	train_acc: 64.06
[2024-01-03 03:49:56,014][train.py][line:247][INFO] Val: ma_f1: 34.94	acc: 37.04	avg_f1: 36.44	ma_all_f1: 35.21	mi_all_f1: 37.04	favor_f1: 69.88	against_f1: 0.0	none_f1: 35.74
[2024-01-03 03:50:11,279][train.py][line:244][INFO] 63/164	train_loss: 1.0550320593174547	train_acc: 66.89
[2024-01-03 03:50:32,125][train.py][line:247][INFO] Val: ma_f1: 35.14	acc: 54.18	avg_f1: 47.23	ma_all_f1: 23.43	mi_all_f1: 54.18	favor_f1: 0.0	against_f1: 70.28	none_f1: 0.0
[2024-01-03 03:50:47,349][train.py][line:244][INFO] 95/164	train_loss: 0.9895007968880236	train_acc: 67.25
[2024-01-03 03:51:08,175][train.py][line:247][INFO] Val: ma_f1: 71.69	acc: 65.95	avg_f1: 71.95	ma_all_f1: 47.79	mi_all_f1: 65.95	favor_f1: 69.87	against_f1: 73.5	none_f1: 0.0
[2024-01-03 03:51:23,433][train.py][line:244][INFO] 127/164	train_loss: 1.0712410112610087	train_acc: 64.99
[2024-01-03 03:51:44,246][train.py][line:247][INFO] Val: ma_f1: 66.12	acc: 62.74	avg_f1: 67.41	ma_all_f1: 44.08	mi_all_f1: 62.74	favor_f1: 59.72	against_f1: 72.51	none_f1: 0.0
[2024-01-03 03:51:59,384][train.py][line:244][INFO] 159/164	train_loss: 1.1278932214714588	train_acc: 64.49
[2024-01-03 03:52:20,232][train.py][line:247][INFO] Val: ma_f1: 35.14	acc: 54.18	avg_f1: 47.23	ma_all_f1: 23.43	mi_all_f1: 54.18	favor_f1: 0.0	against_f1: 70.28	none_f1: 0.0
[2024-01-03 03:52:22,158][train.py][line:206][INFO] epoch: 4
[2024-01-03 03:52:37,373][train.py][line:244][INFO] 31/164	train_loss: 1.548745015868917	train_acc: 65.04
[2024-01-03 03:52:58,205][train.py][line:247][INFO] Val: ma_f1: 69.96	acc: 67.88	avg_f1: 70.01	ma_all_f1: 66.54	mi_all_f1: 67.88	favor_f1: 69.3	against_f1: 70.62	none_f1: 59.69
[2024-01-03 03:53:13,446][train.py][line:244][INFO] 63/164	train_loss: 1.3342084964970127	train_acc: 66.6
[2024-01-03 03:53:34,270][train.py][line:247][INFO] Val: ma_f1: 67.67	acc: 68.84	avg_f1: 69.01	ma_all_f1: 65.73	mi_all_f1: 68.84	favor_f1: 59.8	against_f1: 75.53	none_f1: 61.86
[2024-01-03 03:53:49,408][train.py][line:244][INFO] 95/164	train_loss: 1.2819857846479863	train_acc: 66.21
[2024-01-03 03:54:10,173][train.py][line:247][INFO] Val: ma_f1: 68.5	acc: 66.92	avg_f1: 68.57	ma_all_f1: 65.7	mi_all_f1: 66.92	favor_f1: 67.38	against_f1: 69.62	none_f1: 60.11
[2024-01-03 03:54:25,468][train.py][line:244][INFO] 127/164	train_loss: 1.2132122000330128	train_acc: 67.09
[2024-01-03 03:54:46,339][train.py][line:247][INFO] Val: ma_f1: 73.54	acc: 72.27	avg_f1: 73.93	ma_all_f1: 69.98	mi_all_f1: 72.27	favor_f1: 69.87	against_f1: 77.2	none_f1: 62.87
[2024-01-03 03:55:01,530][train.py][line:244][INFO] 159/164	train_loss: 1.1938103028107434	train_acc: 65.51
[2024-01-03 03:55:22,303][train.py][line:247][INFO] Val: ma_f1: 73.32	acc: 71.84	avg_f1: 73.7	ma_all_f1: 69.23	mi_all_f1: 71.84	favor_f1: 69.87	against_f1: 76.78	none_f1: 61.06
[2024-01-03 03:55:24,216][train.py][line:206][INFO] epoch: 5
[2024-01-03 03:55:39,535][train.py][line:244][INFO] 31/164	train_loss: 1.120822448283434	train_acc: 63.48
[2024-01-03 03:56:00,302][train.py][line:247][INFO] Val: ma_f1: 69.94	acc: 68.42	avg_f1: 70.07	ma_all_f1: 67.06	mi_all_f1: 68.42	favor_f1: 68.22	against_f1: 71.66	none_f1: 61.29
[2024-01-03 03:56:15,592][train.py][line:244][INFO] 63/164	train_loss: 1.194237481802702	train_acc: 62.99
[2024-01-03 03:56:36,458][train.py][line:247][INFO] Val: ma_f1: 73.61	acc: 72.38	avg_f1: 74.01	ma_all_f1: 70.1	mi_all_f1: 72.38	favor_f1: 69.88	against_f1: 77.34	none_f1: 63.1
[2024-01-03 03:56:51,714][train.py][line:244][INFO] 95/164	train_loss: 1.2191396731262405	train_acc: 63.41
[2024-01-03 03:57:12,631][train.py][line:247][INFO] Val: ma_f1: 73.37	acc: 71.95	avg_f1: 73.69	ma_all_f1: 69.93	mi_all_f1: 71.95	favor_f1: 70.2	against_f1: 76.54	none_f1: 63.07
[2024-01-03 03:57:27,918][train.py][line:244][INFO] 127/164	train_loss: 1.1607603111770004	train_acc: 64.5
[2024-01-03 03:57:48,832][train.py][line:247][INFO] Val: ma_f1: 67.37	acc: 67.34	avg_f1: 68.74	ma_all_f1: 61.71	mi_all_f1: 67.34	favor_f1: 60.12	against_f1: 74.62	none_f1: 50.38
[2024-01-03 03:58:04,018][train.py][line:244][INFO] 159/164	train_loss: 1.1111615477129817	train_acc: 64.73
[2024-01-03 03:58:24,785][train.py][line:247][INFO] Val: ma_f1: 36.26	acc: 58.67	avg_f1: 47.69	ma_all_f1: 43.24	mi_all_f1: 58.67	favor_f1: 0.0	against_f1: 72.53	none_f1: 57.21
[2024-01-03 03:58:26,715][train.py][line:206][INFO] epoch: 6
[2024-01-03 03:58:41,890][train.py][line:244][INFO] 31/164	train_loss: 1.1284582819789648	train_acc: 63.48
[2024-01-03 03:59:02,666][train.py][line:247][INFO] Val: ma_f1: 73.3	acc: 72.06	avg_f1: 73.66	ma_all_f1: 69.99	mi_all_f1: 72.06	favor_f1: 69.87	against_f1: 76.74	none_f1: 63.37
[2024-01-03 03:59:17,818][train.py][line:244][INFO] 63/164	train_loss: 1.1546156550757587	train_acc: 64.16
[2024-01-03 03:59:38,677][train.py][line:247][INFO] Val: ma_f1: 71.79	acc: 66.17	avg_f1: 72.03	ma_all_f1: 50.82	mi_all_f1: 66.17	favor_f1: 70.08	against_f1: 73.5	none_f1: 8.89
[2024-01-03 03:59:53,724][train.py][line:244][INFO] 95/164	train_loss: 1.1222341045116384	train_acc: 64.71
[2024-01-03 04:00:14,599][train.py][line:247][INFO] Val: ma_f1: 73.1	acc: 71.09	avg_f1: 73.47	ma_all_f1: 67.75	mi_all_f1: 71.09	favor_f1: 69.87	against_f1: 76.33	none_f1: 57.05
[2024-01-03 04:00:29,622][train.py][line:244][INFO] 127/164	train_loss: 1.099506788305007	train_acc: 65.04
[2024-01-03 04:00:50,351][train.py][line:247][INFO] Val: ma_f1: 35.92	acc: 59.1	avg_f1: 47.73	ma_all_f1: 42.9	mi_all_f1: 59.1	favor_f1: 0.0	against_f1: 71.84	none_f1: 56.87
[2024-01-03 04:01:05,474][train.py][line:244][INFO] 159/164	train_loss: 1.0873274717479944	train_acc: 65.35
[2024-01-03 04:01:26,308][train.py][line:247][INFO] Val: ma_f1: 49.42	acc: 49.14	avg_f1: 52.09	ma_all_f1: 46.28	mi_all_f1: 49.14	favor_f1: 34.88	against_f1: 63.97	none_f1: 40.0
[2024-01-03 04:01:28,228][train.py][line:206][INFO] epoch: 7
[2024-01-03 04:01:43,332][train.py][line:244][INFO] 31/164	train_loss: 1.0542189180850983	train_acc: 66.41
[2024-01-03 04:02:04,110][train.py][line:247][INFO] Val: ma_f1: 48.89	acc: 61.46	avg_f1: 55.39	ma_all_f1: 52.54	mi_all_f1: 61.46	favor_f1: 25.23	against_f1: 72.55	none_f1: 59.85
[2024-01-03 04:02:19,326][train.py][line:244][INFO] 63/164	train_loss: 1.0492743025533855	train_acc: 66.02
[2024-01-03 04:02:40,207][train.py][line:247][INFO] Val: ma_f1: 73.9	acc: 72.7	avg_f1: 74.26	ma_all_f1: 70.64	mi_all_f1: 72.7	favor_f1: 70.28	against_f1: 77.51	none_f1: 64.14
[2024-01-03 04:03:01,144][train.py][line:254][INFO] Test: ma_f1: 73.9	acc: 72.7	avg_f1: 74.26	ma_all_f1: 70.64	mi_all_f1: 72.7	favor_f1: 70.28	against_f1: 77.51	none_f1: 64.14
[2024-01-03 04:03:16,263][train.py][line:244][INFO] 95/164	train_loss: 1.0215146448463202	train_acc: 66.15
[2024-01-03 04:03:37,100][train.py][line:247][INFO] Val: ma_f1: 73.24	acc: 72.16	avg_f1: 73.69	ma_all_f1: 70.12	mi_all_f1: 72.16	favor_f1: 69.3	against_f1: 77.19	none_f1: 63.89
[2024-01-03 04:03:52,165][train.py][line:244][INFO] 127/164	train_loss: 0.9558826205320656	train_acc: 67.38
[2024-01-03 04:04:12,967][train.py][line:247][INFO] Val: ma_f1: 72.24	acc: 70.66	avg_f1: 72.75	ma_all_f1: 68.35	mi_all_f1: 70.66	favor_f1: 67.84	against_f1: 76.64	none_f1: 60.57
[2024-01-03 04:04:28,072][train.py][line:244][INFO] 159/164	train_loss: 0.9381358049809932	train_acc: 67.89
[2024-01-03 04:04:48,900][train.py][line:247][INFO] Val: ma_f1: 73.29	acc: 71.84	avg_f1: 73.66	ma_all_f1: 69.51	mi_all_f1: 71.84	favor_f1: 69.92	against_f1: 76.66	none_f1: 61.95
[2024-01-03 04:04:50,787][train.py][line:206][INFO] epoch: 8
[2024-01-03 04:05:05,958][train.py][line:244][INFO] 31/164	train_loss: 1.1493090214207768	train_acc: 64.06
[2024-01-03 04:05:26,723][train.py][line:247][INFO] Val: ma_f1: 72.82	acc: 70.99	avg_f1: 73.06	ma_all_f1: 69.08	mi_all_f1: 70.99	favor_f1: 70.3	against_f1: 75.34	none_f1: 61.62
[2024-01-03 04:05:41,798][train.py][line:244][INFO] 63/164	train_loss: 1.1340855406597257	train_acc: 64.36
[2024-01-03 04:06:02,424][train.py][line:247][INFO] Val: ma_f1: 35.77	acc: 58.24	avg_f1: 47.68	ma_all_f1: 40.63	mi_all_f1: 58.24	favor_f1: 0.0	against_f1: 71.54	none_f1: 50.36
[2024-01-03 04:06:17,564][train.py][line:244][INFO] 95/164	train_loss: 1.0708478338395555	train_acc: 64.26
[2024-01-03 04:06:38,369][train.py][line:247][INFO] Val: ma_f1: 66.3	acc: 64.45	avg_f1: 67.63	ma_all_f1: 61.6	mi_all_f1: 64.45	favor_f1: 57.75	against_f1: 74.86	none_f1: 52.19
[2024-01-03 04:06:53,471][train.py][line:244][INFO] 127/164	train_loss: 1.098106172401458	train_acc: 64.89
[2024-01-03 04:07:14,278][train.py][line:247][INFO] Val: ma_f1: 73.17	acc: 71.09	avg_f1: 73.52	ma_all_f1: 67.32	mi_all_f1: 71.09	favor_f1: 70.02	against_f1: 76.32	none_f1: 55.63
[2024-01-03 04:07:29,305][train.py][line:244][INFO] 159/164	train_loss: 1.149505265057087	train_acc: 64.73
[2024-01-03 04:07:50,160][train.py][line:247][INFO] Val: ma_f1: 67.18	acc: 65.95	avg_f1: 67.24	ma_all_f1: 65.03	mi_all_f1: 65.95	favor_f1: 66.16	against_f1: 68.2	none_f1: 60.73
[2024-01-03 04:07:52,091][train.py][line:206][INFO] epoch: 9
[2024-01-03 04:08:07,139][train.py][line:244][INFO] 31/164	train_loss: 0.9773787828162313	train_acc: 67.77
[2024-01-03 04:08:27,965][train.py][line:247][INFO] Val: ma_f1: 72.2	acc: 68.09	avg_f1: 72.48	ma_all_f1: 59.09	mi_all_f1: 68.09	favor_f1: 70.17	against_f1: 74.22	none_f1: 32.88
[2024-01-03 04:08:43,037][train.py][line:244][INFO] 63/164	train_loss: 1.0427515585906804	train_acc: 65.43
[2024-01-03 04:09:03,800][train.py][line:247][INFO] Val: ma_f1: 64.63	acc: 61.88	avg_f1: 64.49	ma_all_f1: 61.2	mi_all_f1: 61.88	favor_f1: 67.41	against_f1: 61.86	none_f1: 54.35
[2024-01-03 04:09:18,924][train.py][line:244][INFO] 95/164	train_loss: 0.9900711017350355	train_acc: 67.51
[2024-01-03 04:09:39,801][train.py][line:247][INFO] Val: ma_f1: 69.22	acc: 66.49	avg_f1: 69.47	ma_all_f1: 64.92	mi_all_f1: 66.49	favor_f1: 66.79	against_f1: 71.65	none_f1: 56.32
[2024-01-03 04:09:54,979][train.py][line:244][INFO] 127/164	train_loss: 0.9927576231420971	train_acc: 67.53
[2024-01-03 04:10:15,829][train.py][line:247][INFO] Val: ma_f1: 61.7	acc: 56.85	avg_f1: 61.51	ma_all_f1: 56.83	mi_all_f1: 56.85	favor_f1: 63.88	against_f1: 59.52	none_f1: 47.1
[2024-01-03 04:10:30,945][train.py][line:244][INFO] 159/164	train_loss: 0.9617198935244232	train_acc: 68.55
[2024-01-03 04:10:51,781][train.py][line:247][INFO] Val: ma_f1: 70.67	acc: 68.74	avg_f1: 71.15	ma_all_f1: 66.69	mi_all_f1: 68.74	favor_f1: 66.43	against_f1: 74.92	none_f1: 58.71
[2024-01-03 04:10:53,678][train.py][line:206][INFO] epoch: 10
[2024-01-03 04:11:08,682][train.py][line:244][INFO] 31/164	train_loss: 1.0612626885995269	train_acc: 65.82
[2024-01-03 04:11:29,453][train.py][line:247][INFO] Val: ma_f1: 58.51	acc: 53.64	avg_f1: 58.53	ma_all_f1: 53.7	mi_all_f1: 53.64	favor_f1: 58.28	against_f1: 58.73	none_f1: 44.09
[2024-01-03 04:11:44,572][train.py][line:244][INFO] 63/164	train_loss: 1.117649996187538	train_acc: 65.14
[2024-01-03 04:12:05,430][train.py][line:247][INFO] Val: ma_f1: 69.89	acc: 64.88	avg_f1: 70.47	ma_all_f1: 46.59	mi_all_f1: 64.88	favor_f1: 66.55	against_f1: 73.23	none_f1: 0.0
[2024-01-03 04:12:20,489][train.py][line:244][INFO] 95/164	train_loss: 1.0563518664178748	train_acc: 67.51
[2024-01-03 04:12:41,276][train.py][line:247][INFO] Val: ma_f1: 68.93	acc: 67.13	avg_f1: 69.76	ma_all_f1: 64.4	mi_all_f1: 67.13	favor_f1: 62.76	against_f1: 75.11	none_f1: 55.32
[2024-01-03 04:12:56,484][train.py][line:244][INFO] 127/164	train_loss: 0.9988683724077418	train_acc: 68.02
[2024-01-03 04:13:17,346][train.py][line:247][INFO] Val: ma_f1: 72.86	acc: 71.2	avg_f1: 73.19	ma_all_f1: 68.57	mi_all_f1: 71.2	favor_f1: 69.87	against_f1: 75.85	none_f1: 60.0
[2024-01-03 04:13:32,464][train.py][line:244][INFO] 159/164	train_loss: 1.0097697271965445	train_acc: 67.93
[2024-01-03 04:13:53,322][train.py][line:247][INFO] Val: ma_f1: 41.11	acc: 60.92	avg_f1: 50.92	ma_all_f1: 48.01	mi_all_f1: 60.92	favor_f1: 9.86	against_f1: 72.36	none_f1: 61.81
[2024-01-03 04:13:55,230][train.py][line:206][INFO] epoch: 11
[2024-01-03 04:14:10,166][train.py][line:244][INFO] 31/164	train_loss: 0.8682673429138958	train_acc: 73.63
[2024-01-03 04:14:30,992][train.py][line:247][INFO] Val: ma_f1: 68.46	acc: 68.84	avg_f1: 69.71	ma_all_f1: 65.66	mi_all_f1: 68.84	favor_f1: 61.04	against_f1: 75.87	none_f1: 60.06
[2024-01-03 04:14:46,172][train.py][line:244][INFO] 63/164	train_loss: 0.816624155617319	train_acc: 72.56
[2024-01-03 04:15:07,022][train.py][line:247][INFO] Val: ma_f1: 72.63	acc: 70.13	avg_f1: 72.89	ma_all_f1: 66.62	mi_all_f1: 70.13	favor_f1: 70.28	against_f1: 74.97	none_f1: 54.61
[2024-01-03 04:15:22,282][train.py][line:244][INFO] 95/164	train_loss: 0.9445923184199879	train_acc: 69.34
[2024-01-03 04:15:43,136][train.py][line:247][INFO] Val: ma_f1: 58.15	acc: 57.39	avg_f1: 60.18	ma_all_f1: 54.31	mi_all_f1: 57.39	favor_f1: 47.06	against_f1: 69.24	none_f1: 46.63
[2024-01-03 04:15:58,155][train.py][line:244][INFO] 127/164	train_loss: 0.9042916297330521	train_acc: 69.82
[2024-01-03 04:16:18,999][train.py][line:247][INFO] Val: ma_f1: 69.8	acc: 68.63	avg_f1: 70.73	ma_all_f1: 64.75	mi_all_f1: 68.63	favor_f1: 64.09	against_f1: 75.52	none_f1: 54.65
[2024-01-03 04:16:34,155][train.py][line:244][INFO] 159/164	train_loss: 0.8906286359764636	train_acc: 69.88
[2024-01-03 04:16:55,001][train.py][line:247][INFO] Val: ma_f1: 52.27	acc: 57.71	avg_f1: 57.73	ma_all_f1: 34.85	mi_all_f1: 57.71	favor_f1: 33.43	against_f1: 71.12	none_f1: 0.0
[2024-01-03 04:16:56,906][train.py][line:206][INFO] epoch: 12
[2024-01-03 04:17:11,861][train.py][line:244][INFO] 31/164	train_loss: 1.0995323993265629	train_acc: 66.8
[2024-01-03 04:17:32,742][train.py][line:247][INFO] Val: ma_f1: 56.68	acc: 61.03	avg_f1: 60.4	ma_all_f1: 55.32	mi_all_f1: 61.03	favor_f1: 40.32	against_f1: 73.04	none_f1: 52.59
[2024-01-03 04:17:47,950][train.py][line:244][INFO] 63/164	train_loss: 0.9337526480667293	train_acc: 69.43
[2024-01-03 04:18:08,676][train.py][line:247][INFO] Val: ma_f1: 67.85	acc: 66.49	avg_f1: 68.94	ma_all_f1: 63.57	mi_all_f1: 66.49	favor_f1: 60.94	against_f1: 74.76	none_f1: 55.0
[2024-01-03 04:18:23,822][train.py][line:244][INFO] 95/164	train_loss: 0.8559828040500482	train_acc: 71.55
[2024-01-03 04:18:44,661][train.py][line:247][INFO] Val: ma_f1: 71.94	acc: 70.45	avg_f1: 72.4	ma_all_f1: 68.33	mi_all_f1: 70.45	favor_f1: 67.95	against_f1: 75.93	none_f1: 61.1
[2024-01-03 04:18:59,763][train.py][line:244][INFO] 127/164	train_loss: 0.8196422113105655	train_acc: 72.17
[2024-01-03 04:19:20,554][train.py][line:247][INFO] Val: ma_f1: 68.61	acc: 68.42	avg_f1: 69.66	ma_all_f1: 65.74	mi_all_f1: 68.42	favor_f1: 61.9	against_f1: 75.31	none_f1: 60.0
[2024-01-03 04:19:35,644][train.py][line:244][INFO] 159/164	train_loss: 0.785509632807225	train_acc: 73.2
[2024-01-03 04:19:56,397][train.py][line:247][INFO] Val: ma_f1: 72.14	acc: 69.91	avg_f1: 72.58	ma_all_f1: 65.32	mi_all_f1: 69.91	favor_f1: 68.81	against_f1: 75.47	none_f1: 51.66
[2024-01-03 04:19:58,268][train.py][line:263][INFO] Best_test: epoch:7	ma_f1: 73.9	acc: 72.7	avg_f1: 74.26	ma_all_f1: 70.64	mi_all_f1: 72.7	favor_f1: 70.28	against_f1: 77.51	none_f1: 64.14
[2024-01-03 04:19:58,269][train.py][line:265][INFO] Best_val: epoch:7	ma_f1: 73.9	acc: 72.7	avg_f1: 74.26	ma_all_f1: 70.64	mi_all_f1: 72.7	favor_f1: 70.28	against_f1: 77.51	none_f1: 64.14
