[2024-01-06 20:03:37,473][train.py][line:152][INFO] cuda memory allocated: 446163456
[2024-01-06 20:03:37,476][train.py][line:167][INFO] > n_trainable_params: 111255555, n_nontrainable_params: 0
[2024-01-06 20:03:37,476][train.py][line:168][INFO] > training arguments:
[2024-01-06 20:03:37,476][train.py][line:170][INFO] >>> model_name: bert_fol_text
[2024-01-06 20:03:37,477][train.py][line:170][INFO] >>> dataset: hc-
[2024-01-06 20:03:37,477][train.py][line:170][INFO] >>> optimizer: <class 'transformers.optimization.AdamW'>
[2024-01-06 20:03:37,477][train.py][line:170][INFO] >>> initializer: <function xavier_uniform_ at 0x7fb843231550>
[2024-01-06 20:03:37,477][train.py][line:170][INFO] >>> lr: 0.001
[2024-01-06 20:03:37,477][train.py][line:170][INFO] >>> bert_lr: 5e-06
[2024-01-06 20:03:37,477][train.py][line:170][INFO] >>> dropout: 0.2
[2024-01-06 20:03:37,477][train.py][line:170][INFO] >>> num_epoch: 20
[2024-01-06 20:03:37,477][train.py][line:170][INFO] >>> batch_size: 16
[2024-01-06 20:03:37,477][train.py][line:170][INFO] >>> log_step: -1
[2024-01-06 20:03:37,477][train.py][line:170][INFO] >>> pretrained_model_name: bert-base-uncased
[2024-01-06 20:03:37,477][train.py][line:170][INFO] >>> max_seq_len: 60
[2024-01-06 20:03:37,477][train.py][line:170][INFO] >>> polarities_dim: 3
[2024-01-06 20:03:37,477][train.py][line:170][INFO] >>> patience: 5
[2024-01-06 20:03:37,477][train.py][line:170][INFO] >>> device: cuda:0
[2024-01-06 20:03:37,477][train.py][line:170][INFO] >>> save_model: False
[2024-01-06 20:03:37,477][train.py][line:170][INFO] >>> seed: 0
[2024-01-06 20:03:37,477][train.py][line:170][INFO] >>> valset_ratio: 0.0
[2024-01-06 20:03:37,477][train.py][line:170][INFO] >>> embed_dim: 300
[2024-01-06 20:03:37,477][train.py][line:170][INFO] >>> hidden_dim: 300
[2024-01-06 20:03:37,477][train.py][line:170][INFO] >>> pid: 1
[2024-01-06 20:03:37,477][train.py][line:170][INFO] >>> tid: 1
[2024-01-06 20:03:37,477][train.py][line:170][INFO] >>> lid: 0
[2024-01-06 20:03:37,477][train.py][line:170][INFO] >>> llambda: 0.5
[2024-01-06 20:03:37,477][train.py][line:170][INFO] >>> use_prompt: True
[2024-01-06 20:03:37,477][train.py][line:170][INFO] >>> with_text: True
[2024-01-06 20:03:37,477][train.py][line:170][INFO] >>> model_class: <class 'models.bert_fol_text.BERT_FOL_T'>
[2024-01-06 20:03:37,477][train.py][line:170][INFO] >>> dataset_file: {'train': ['/home/dingdaijun/data_list/dingdaijun/LTN_merge/datasets/merge/dt/dt.csv', '/home/dingdaijun/data_list/dingdaijun/LTN_merge/datasets/merge/la/la.csv', '/home/dingdaijun/data_list/dingdaijun/LTN_merge/datasets/merge/fm/fm.csv'], 'test': '/home/dingdaijun/data_list/dingdaijun/LTN_merge/datasets/merge/hc/hc.csv'}
[2024-01-06 20:03:37,478][train.py][line:170][INFO] >>> inputs_cols: ['bert_fol_inputs', 'bert_fol_type', 'bert_fol_mask', 'bert_text_inputs', 'bert_text_type', 'bert_text_mask', 'mlm_labels']
[2024-01-06 20:03:37,482][train.py][line:206][INFO] epoch: 0
[2024-01-06 20:03:57,024][train.py][line:244][INFO] 31/161	train_loss: 3.3872488643974066	train_acc: 40.43
[2024-01-06 20:04:20,115][train.py][line:247][INFO] Val: ma_f1: 0.0	acc: 26.04	avg_f1: 0.0	ma_all_f1: 13.79	mi_all_f1: 26.04	favor_f1: 0.0	against_f1: 0.0	none_f1: 41.36
[2024-01-06 20:04:38,603][train.py][line:244][INFO] 63/161	train_loss: 2.3559845872223377	train_acc: 44.82
[2024-01-06 20:05:01,610][train.py][line:247][INFO] Val: ma_f1: 30.57	acc: 52.9	avg_f1: 41.26	ma_all_f1: 38.4	mi_all_f1: 52.9	favor_f1: 0.0	against_f1: 61.14	none_f1: 54.05
[2024-01-06 20:05:24,618][train.py][line:254][INFO] Test: ma_f1: 30.57	acc: 52.9	avg_f1: 41.26	ma_all_f1: 38.4	mi_all_f1: 52.9	favor_f1: 0.0	against_f1: 61.14	none_f1: 54.05
[2024-01-06 20:05:42,860][train.py][line:244][INFO] 95/161	train_loss: 1.9182059249530237	train_acc: 48.18
[2024-01-06 20:06:05,770][train.py][line:247][INFO] Val: ma_f1: 38.79	acc: 64.19	avg_f1: 53.19	ma_all_f1: 42.61	mi_all_f1: 64.19	favor_f1: 2.44	against_f1: 75.14	none_f1: 50.26
[2024-01-06 20:06:28,693][train.py][line:254][INFO] Test: ma_f1: 38.79	acc: 64.19	avg_f1: 53.19	ma_all_f1: 42.61	mi_all_f1: 64.19	favor_f1: 2.44	against_f1: 75.14	none_f1: 50.26
[2024-01-06 20:06:46,984][train.py][line:244][INFO] 127/161	train_loss: 1.6806535555515438	train_acc: 50.88
[2024-01-06 20:07:09,876][train.py][line:247][INFO] Val: ma_f1: 76.46	acc: 75.99	avg_f1: 77.74	ma_all_f1: 73.1	mi_all_f1: 75.99	favor_f1: 71.86	against_f1: 81.07	none_f1: 66.38
[2024-01-06 20:07:32,817][train.py][line:254][INFO] Test: ma_f1: 76.46	acc: 75.99	avg_f1: 77.74	ma_all_f1: 73.1	mi_all_f1: 75.99	favor_f1: 71.86	against_f1: 81.07	none_f1: 66.38
[2024-01-06 20:07:51,158][train.py][line:244][INFO] 159/161	train_loss: 1.538219310902059	train_acc: 52.89
[2024-01-06 20:08:14,122][train.py][line:247][INFO] Val: ma_f1: 51.46	acc: 70.7	avg_f1: 61.0	ma_all_f1: 58.01	mi_all_f1: 70.7	favor_f1: 24.88	against_f1: 78.04	none_f1: 71.11
[2024-01-06 20:08:14,630][train.py][line:206][INFO] epoch: 1
[2024-01-06 20:08:32,923][train.py][line:244][INFO] 31/161	train_loss: 1.0520086903125048	train_acc: 62.7
[2024-01-06 20:08:55,860][train.py][line:247][INFO] Val: ma_f1: 42.87	acc: 67.75	avg_f1: 55.83	ma_all_f1: 50.02	mi_all_f1: 67.75	favor_f1: 9.04	against_f1: 76.7	none_f1: 64.32
[2024-01-06 20:09:14,191][train.py][line:244][INFO] 63/161	train_loss: 1.0012303567491472	train_acc: 63.18
[2024-01-06 20:09:37,135][train.py][line:247][INFO] Val: ma_f1: 36.78	acc: 58.9	avg_f1: 51.64	ma_all_f1: 28.63	mi_all_f1: 58.9	favor_f1: 0.0	against_f1: 73.56	none_f1: 12.32
[2024-01-06 20:09:55,432][train.py][line:244][INFO] 95/161	train_loss: 1.1588038867339492	train_acc: 60.94
[2024-01-06 20:10:18,388][train.py][line:247][INFO] Val: ma_f1: 74.69	acc: 66.02	avg_f1: 75.3	ma_all_f1: 49.8	mi_all_f1: 66.02	favor_f1: 72.37	against_f1: 77.02	none_f1: 0.0
[2024-01-06 20:10:36,661][train.py][line:244][INFO] 127/161	train_loss: 1.2295682984404266	train_acc: 59.91
[2024-01-06 20:10:59,604][train.py][line:247][INFO] Val: ma_f1: 48.18	acc: 59.1	avg_f1: 58.07	ma_all_f1: 32.12	mi_all_f1: 59.1	favor_f1: 22.56	against_f1: 73.8	none_f1: 0.0
[2024-01-06 20:11:18,012][train.py][line:244][INFO] 159/161	train_loss: 1.3548297002911567	train_acc: 58.83
[2024-01-06 20:11:40,995][train.py][line:247][INFO] Val: ma_f1: 78.89	acc: 78.13	avg_f1: 79.71	ma_all_f1: 76.25	mi_all_f1: 78.13	favor_f1: 75.46	against_f1: 82.31	none_f1: 70.97
[2024-01-06 20:12:04,017][train.py][line:254][INFO] Test: ma_f1: 78.89	acc: 78.13	avg_f1: 79.71	ma_all_f1: 76.25	mi_all_f1: 78.13	favor_f1: 75.46	against_f1: 82.31	none_f1: 70.97
[2024-01-06 20:12:04,525][train.py][line:206][INFO] epoch: 2
[2024-01-06 20:12:22,874][train.py][line:244][INFO] 31/161	train_loss: 1.3612911263480783	train_acc: 64.26
[2024-01-06 20:12:45,825][train.py][line:247][INFO] Val: ma_f1: 43.58	acc: 69.79	avg_f1: 56.11	ma_all_f1: 53.3	mi_all_f1: 69.79	favor_f1: 10.17	against_f1: 77.0	none_f1: 72.73
[2024-01-06 20:13:04,041][train.py][line:244][INFO] 63/161	train_loss: 1.38039739895612	train_acc: 62.4
[2024-01-06 20:13:27,043][train.py][line:247][INFO] Val: ma_f1: 77.52	acc: 77.31	avg_f1: 78.35	ma_all_f1: 75.85	mi_all_f1: 77.31	favor_f1: 73.79	against_f1: 81.25	none_f1: 72.5
[2024-01-06 20:13:45,436][train.py][line:244][INFO] 95/161	train_loss: 1.2820978350937366	train_acc: 64.06
[2024-01-06 20:14:08,506][train.py][line:247][INFO] Val: ma_f1: 76.89	acc: 75.79	avg_f1: 77.32	ma_all_f1: 75.08	mi_all_f1: 75.79	favor_f1: 75.0	against_f1: 78.78	none_f1: 71.45
[2024-01-06 20:14:26,791][train.py][line:244][INFO] 127/161	train_loss: 1.2499638302251697	train_acc: 64.36
[2024-01-06 20:14:49,791][train.py][line:247][INFO] Val: ma_f1: 39.02	acc: 65.21	avg_f1: 53.48	ma_all_f1: 44.18	mi_all_f1: 65.21	favor_f1: 2.44	against_f1: 75.61	none_f1: 54.5
[2024-01-06 20:15:08,183][train.py][line:244][INFO] 159/161	train_loss: 1.2145507380366325	train_acc: 64.88
[2024-01-06 20:15:31,202][train.py][line:247][INFO] Val: ma_f1: 48.05	acc: 68.77	avg_f1: 58.69	ma_all_f1: 54.59	mi_all_f1: 68.77	favor_f1: 18.28	against_f1: 77.82	none_f1: 67.67
[2024-01-06 20:15:31,714][train.py][line:206][INFO] epoch: 3
[2024-01-06 20:15:50,011][train.py][line:244][INFO] 31/161	train_loss: 0.8964988645166159	train_acc: 67.77
[2024-01-06 20:16:13,064][train.py][line:247][INFO] Val: ma_f1: 75.38	acc: 74.77	avg_f1: 76.01	ma_all_f1: 73.84	mi_all_f1: 74.77	favor_f1: 72.78	against_f1: 77.99	none_f1: 70.74
[2024-01-06 20:16:31,444][train.py][line:244][INFO] 63/161	train_loss: 1.0205065431073308	train_acc: 64.36
[2024-01-06 20:16:54,428][train.py][line:247][INFO] Val: ma_f1: 68.65	acc: 68.97	avg_f1: 68.98	ma_all_f1: 68.52	mi_all_f1: 68.97	favor_f1: 66.82	against_f1: 70.48	none_f1: 68.25
[2024-01-06 20:17:12,765][train.py][line:244][INFO] 95/161	train_loss: 0.9930817376201352	train_acc: 65.04
[2024-01-06 20:17:35,740][train.py][line:247][INFO] Val: ma_f1: 48.27	acc: 68.57	avg_f1: 58.68	ma_all_f1: 54.68	mi_all_f1: 68.57	favor_f1: 19.35	against_f1: 77.19	none_f1: 67.5
[2024-01-06 20:17:54,008][train.py][line:244][INFO] 127/161	train_loss: 1.0114402784965932	train_acc: 65.04
[2024-01-06 20:18:16,990][train.py][line:247][INFO] Val: ma_f1: 60.68	acc: 62.77	avg_f1: 62.65	ma_all_f1: 60.48	mi_all_f1: 62.77	favor_f1: 53.75	against_f1: 67.61	none_f1: 60.08
[2024-01-06 20:18:35,329][train.py][line:244][INFO] 159/161	train_loss: 0.9953740775585175	train_acc: 65.31
[2024-01-06 20:18:58,382][train.py][line:247][INFO] Val: ma_f1: 74.79	acc: 76.3	avg_f1: 76.39	ma_all_f1: 73.69	mi_all_f1: 76.3	favor_f1: 68.86	against_f1: 80.71	none_f1: 71.48
[2024-01-06 20:18:58,906][train.py][line:206][INFO] epoch: 4
[2024-01-06 20:19:17,208][train.py][line:244][INFO] 31/161	train_loss: 0.829226640984416	train_acc: 70.12
[2024-01-06 20:19:40,097][train.py][line:247][INFO] Val: ma_f1: 67.18	acc: 72.63	avg_f1: 70.68	ma_all_f1: 67.87	mi_all_f1: 72.63	favor_f1: 55.73	against_f1: 78.64	none_f1: 69.26
[2024-01-06 20:19:58,308][train.py][line:244][INFO] 63/161	train_loss: 0.909160720417276	train_acc: 69.14
[2024-01-06 20:20:21,192][train.py][line:247][INFO] Val: ma_f1: 40.81	acc: 55.14	avg_f1: 47.81	ma_all_f1: 45.72	mi_all_f1: 55.14	favor_f1: 19.57	against_f1: 62.05	none_f1: 55.53
[2024-01-06 20:20:39,654][train.py][line:244][INFO] 95/161	train_loss: 0.9392696425008277	train_acc: 69.34
[2024-01-06 20:21:02,676][train.py][line:247][INFO] Val: ma_f1: 43.22	acc: 69.58	avg_f1: 56.01	ma_all_f1: 52.65	mi_all_f1: 69.58	favor_f1: 9.2	against_f1: 77.24	none_f1: 71.53
[2024-01-06 20:21:20,950][train.py][line:244][INFO] 127/161	train_loss: 0.9575127771822736	train_acc: 68.55
[2024-01-06 20:21:43,899][train.py][line:247][INFO] Val: ma_f1: 77.81	acc: 77.21	avg_f1: 78.52	ma_all_f1: 75.94	mi_all_f1: 77.21	favor_f1: 74.8	against_f1: 80.81	none_f1: 72.21
[2024-01-06 20:22:02,215][train.py][line:244][INFO] 159/161	train_loss: 0.9943548918701708	train_acc: 68.36
[2024-01-06 20:22:25,192][train.py][line:247][INFO] Val: ma_f1: 65.84	acc: 73.75	avg_f1: 70.09	ma_all_f1: 68.02	mi_all_f1: 73.75	favor_f1: 52.63	against_f1: 79.05	none_f1: 72.38
[2024-01-06 20:22:25,707][train.py][line:206][INFO] epoch: 5
[2024-01-06 20:22:44,108][train.py][line:244][INFO] 31/161	train_loss: 0.830021820962429	train_acc: 74.8
[2024-01-06 20:23:07,087][train.py][line:247][INFO] Val: ma_f1: 74.51	acc: 70.7	avg_f1: 75.7	ma_all_f1: 63.66	mi_all_f1: 70.7	favor_f1: 70.45	against_f1: 78.57	none_f1: 41.95
[2024-01-06 20:23:25,454][train.py][line:244][INFO] 63/161	train_loss: 0.9044189960695803	train_acc: 71.88
[2024-01-06 20:23:48,434][train.py][line:247][INFO] Val: ma_f1: 73.73	acc: 70.8	avg_f1: 74.91	ma_all_f1: 65.1	mi_all_f1: 70.8	favor_f1: 69.47	against_f1: 78.0	none_f1: 47.83
[2024-01-06 20:24:06,760][train.py][line:244][INFO] 95/161	train_loss: 0.9794885125011206	train_acc: 69.99
[2024-01-06 20:24:29,740][train.py][line:247][INFO] Val: ma_f1: 40.72	acc: 47.71	avg_f1: 40.23	ma_all_f1: 47.47	mi_all_f1: 47.71	favor_f1: 52.58	against_f1: 28.87	none_f1: 60.98
[2024-01-06 20:24:48,099][train.py][line:244][INFO] 127/161	train_loss: 0.9612168492749333	train_acc: 70.51
[2024-01-06 20:25:11,069][train.py][line:247][INFO] Val: ma_f1: 74.58	acc: 75.18	avg_f1: 75.73	ma_all_f1: 73.25	mi_all_f1: 75.18	favor_f1: 70.06	against_f1: 79.11	none_f1: 70.57
[2024-01-06 20:25:29,439][train.py][line:244][INFO] 159/161	train_loss: 0.9534769307821989	train_acc: 70.59
[2024-01-06 20:25:52,481][train.py][line:247][INFO] Val: ma_f1: 72.09	acc: 73.55	avg_f1: 73.36	ma_all_f1: 71.63	mi_all_f1: 73.55	favor_f1: 66.67	against_f1: 77.51	none_f1: 70.72
[2024-01-06 20:25:53,002][train.py][line:206][INFO] epoch: 6
[2024-01-06 20:26:11,384][train.py][line:244][INFO] 31/161	train_loss: 0.9956475798971951	train_acc: 72.46
[2024-01-06 20:26:34,456][train.py][line:247][INFO] Val: ma_f1: 66.14	acc: 68.46	avg_f1: 69.98	ma_all_f1: 58.54	mi_all_f1: 68.46	favor_f1: 54.75	against_f1: 77.52	none_f1: 43.35
[2024-01-06 20:26:52,849][train.py][line:244][INFO] 63/161	train_loss: 0.792223545955494	train_acc: 76.56
[2024-01-06 20:27:15,861][train.py][line:247][INFO] Val: ma_f1: 72.32	acc: 70.8	avg_f1: 73.64	ma_all_f1: 66.24	mi_all_f1: 70.8	favor_f1: 66.83	against_f1: 77.81	none_f1: 54.08
[2024-01-06 20:27:34,263][train.py][line:244][INFO] 95/161	train_loss: 0.8202088562150797	train_acc: 75.78
[2024-01-06 20:27:57,242][train.py][line:247][INFO] Val: ma_f1: 43.73	acc: 67.65	avg_f1: 55.32	ma_all_f1: 52.26	mi_all_f1: 67.65	favor_f1: 12.22	against_f1: 75.23	none_f1: 69.32
[2024-01-06 20:28:15,656][train.py][line:244][INFO] 127/161	train_loss: 0.8268025618162937	train_acc: 75.68
[2024-01-06 20:28:38,717][train.py][line:247][INFO] Val: ma_f1: 69.82	acc: 69.68	avg_f1: 70.09	ma_all_f1: 69.32	mi_all_f1: 69.68	favor_f1: 68.5	against_f1: 71.15	none_f1: 68.32
[2024-01-06 20:28:57,026][train.py][line:244][INFO] 159/161	train_loss: 0.8113389949779958	train_acc: 75.31
[2024-01-06 20:29:19,997][train.py][line:247][INFO] Val: ma_f1: 66.47	acc: 69.79	avg_f1: 68.99	ma_all_f1: 66.47	mi_all_f1: 69.79	favor_f1: 57.89	against_f1: 75.05	none_f1: 66.47
[2024-01-06 20:29:20,499][train.py][line:263][INFO] Best_test: epoch:1	ma_f1: 78.89	acc: 78.13	avg_f1: 79.71	ma_all_f1: 76.25	mi_all_f1: 78.13	favor_f1: 75.46	against_f1: 82.31	none_f1: 70.97
[2024-01-06 20:29:20,500][train.py][line:265][INFO] Best_val: epoch:1	ma_f1: 78.89	acc: 78.13	avg_f1: 79.71	ma_all_f1: 76.25	mi_all_f1: 78.13	favor_f1: 75.46	against_f1: 82.31	none_f1: 70.97
[2024-01-06 20:30:19,369][train.py][line:152][INFO] cuda memory allocated: 446163456
[2024-01-06 20:30:19,372][train.py][line:167][INFO] > n_trainable_params: 111255555, n_nontrainable_params: 0
[2024-01-06 20:30:19,372][train.py][line:168][INFO] > training arguments:
[2024-01-06 20:30:19,372][train.py][line:170][INFO] >>> model_name: bert_fol_text
[2024-01-06 20:30:19,372][train.py][line:170][INFO] >>> dataset: hc-
[2024-01-06 20:30:19,373][train.py][line:170][INFO] >>> optimizer: <class 'transformers.optimization.AdamW'>
[2024-01-06 20:30:19,373][train.py][line:170][INFO] >>> initializer: <function xavier_uniform_ at 0x7f037a33a550>
[2024-01-06 20:30:19,373][train.py][line:170][INFO] >>> lr: 0.001
[2024-01-06 20:30:19,373][train.py][line:170][INFO] >>> bert_lr: 5e-06
[2024-01-06 20:30:19,373][train.py][line:170][INFO] >>> dropout: 0.2
[2024-01-06 20:30:19,373][train.py][line:170][INFO] >>> num_epoch: 20
[2024-01-06 20:30:19,373][train.py][line:170][INFO] >>> batch_size: 16
[2024-01-06 20:30:19,373][train.py][line:170][INFO] >>> log_step: -1
[2024-01-06 20:30:19,373][train.py][line:170][INFO] >>> pretrained_model_name: bert-base-uncased
[2024-01-06 20:30:19,373][train.py][line:170][INFO] >>> max_seq_len: 60
[2024-01-06 20:30:19,373][train.py][line:170][INFO] >>> polarities_dim: 3
[2024-01-06 20:30:19,373][train.py][line:170][INFO] >>> patience: 5
[2024-01-06 20:30:19,373][train.py][line:170][INFO] >>> device: cuda:0
[2024-01-06 20:30:19,373][train.py][line:170][INFO] >>> save_model: False
[2024-01-06 20:30:19,373][train.py][line:170][INFO] >>> seed: 1
[2024-01-06 20:30:19,373][train.py][line:170][INFO] >>> valset_ratio: 0.0
[2024-01-06 20:30:19,373][train.py][line:170][INFO] >>> embed_dim: 300
[2024-01-06 20:30:19,373][train.py][line:170][INFO] >>> hidden_dim: 300
[2024-01-06 20:30:19,373][train.py][line:170][INFO] >>> pid: 1
[2024-01-06 20:30:19,373][train.py][line:170][INFO] >>> tid: 1
[2024-01-06 20:30:19,373][train.py][line:170][INFO] >>> lid: 0
[2024-01-06 20:30:19,373][train.py][line:170][INFO] >>> llambda: 0.5
[2024-01-06 20:30:19,373][train.py][line:170][INFO] >>> use_prompt: True
[2024-01-06 20:30:19,373][train.py][line:170][INFO] >>> with_text: True
[2024-01-06 20:30:19,373][train.py][line:170][INFO] >>> model_class: <class 'models.bert_fol_text.BERT_FOL_T'>
[2024-01-06 20:30:19,374][train.py][line:170][INFO] >>> dataset_file: {'train': ['/home/dingdaijun/data_list/dingdaijun/LTN_merge/datasets/merge/dt/dt.csv', '/home/dingdaijun/data_list/dingdaijun/LTN_merge/datasets/merge/la/la.csv', '/home/dingdaijun/data_list/dingdaijun/LTN_merge/datasets/merge/fm/fm.csv'], 'test': '/home/dingdaijun/data_list/dingdaijun/LTN_merge/datasets/merge/hc/hc.csv'}
[2024-01-06 20:30:19,374][train.py][line:170][INFO] >>> inputs_cols: ['bert_fol_inputs', 'bert_fol_type', 'bert_fol_mask', 'bert_text_inputs', 'bert_text_type', 'bert_text_mask', 'mlm_labels']
[2024-01-06 20:30:19,378][train.py][line:206][INFO] epoch: 0
[2024-01-06 20:30:38,953][train.py][line:244][INFO] 31/161	train_loss: 1.6695503294467926	train_acc: 42.38
[2024-01-06 20:31:02,281][train.py][line:247][INFO] Val: ma_f1: 36.73	acc: 58.39	avg_f1: 51.58	ma_all_f1: 27.19	mi_all_f1: 58.39	favor_f1: 0.0	against_f1: 73.45	none_f1: 8.12
[2024-01-06 20:31:25,559][train.py][line:254][INFO] Test: ma_f1: 36.73	acc: 58.39	avg_f1: 51.58	ma_all_f1: 27.19	mi_all_f1: 58.39	favor_f1: 0.0	against_f1: 73.45	none_f1: 8.12
[2024-01-06 20:31:44,033][train.py][line:244][INFO] 63/161	train_loss: 1.5150006022304296	train_acc: 44.92
[2024-01-06 20:32:07,325][train.py][line:247][INFO] Val: ma_f1: 61.3	acc: 69.07	avg_f1: 65.9	ma_all_f1: 62.92	mi_all_f1: 69.07	favor_f1: 46.86	against_f1: 75.74	none_f1: 66.15
[2024-01-06 20:32:30,609][train.py][line:254][INFO] Test: ma_f1: 61.3	acc: 69.07	avg_f1: 65.9	ma_all_f1: 62.92	mi_all_f1: 69.07	favor_f1: 46.86	against_f1: 75.74	none_f1: 66.15
[2024-01-06 20:32:49,146][train.py][line:244][INFO] 95/161	train_loss: 1.4006578667710226	train_acc: 48.83
[2024-01-06 20:33:12,466][train.py][line:247][INFO] Val: ma_f1: 39.14	acc: 69.38	avg_f1: 53.69	ma_all_f1: 50.17	mi_all_f1: 69.38	favor_f1: 1.23	against_f1: 77.06	none_f1: 72.21
[2024-01-06 20:33:31,004][train.py][line:244][INFO] 127/161	train_loss: 1.3676054317038506	train_acc: 51.03
[2024-01-06 20:33:54,289][train.py][line:247][INFO] Val: ma_f1: 70.14	acc: 69.99	avg_f1: 71.77	ma_all_f1: 68.07	mi_all_f1: 69.99	favor_f1: 64.11	against_f1: 76.16	none_f1: 63.94
[2024-01-06 20:34:17,547][train.py][line:254][INFO] Test: ma_f1: 70.14	acc: 69.99	avg_f1: 71.77	ma_all_f1: 68.07	mi_all_f1: 69.99	favor_f1: 64.11	against_f1: 76.16	none_f1: 63.94
[2024-01-06 20:34:36,097][train.py][line:244][INFO] 159/161	train_loss: 1.300479819998145	train_acc: 53.16
[2024-01-06 20:34:59,369][train.py][line:247][INFO] Val: ma_f1: 75.65	acc: 74.36	avg_f1: 76.15	ma_all_f1: 73.63	mi_all_f1: 74.36	favor_f1: 73.5	against_f1: 77.79	none_f1: 69.59
[2024-01-06 20:35:22,635][train.py][line:254][INFO] Test: ma_f1: 75.65	acc: 74.36	avg_f1: 76.15	ma_all_f1: 73.63	mi_all_f1: 74.36	favor_f1: 73.5	against_f1: 77.79	none_f1: 69.59
[2024-01-06 20:35:23,139][train.py][line:206][INFO] epoch: 1
[2024-01-06 20:35:41,673][train.py][line:244][INFO] 31/161	train_loss: 1.1342800371348858	train_acc: 60.16
[2024-01-06 20:36:04,966][train.py][line:247][INFO] Val: ma_f1: 73.8	acc: 72.43	avg_f1: 74.48	ma_all_f1: 71.52	mi_all_f1: 72.43	favor_f1: 71.01	against_f1: 76.59	none_f1: 66.97
[2024-01-06 20:36:23,418][train.py][line:244][INFO] 63/161	train_loss: 1.2207296639680862	train_acc: 58.5
[2024-01-06 20:36:46,721][train.py][line:247][INFO] Val: ma_f1: 37.75	acc: 65.62	avg_f1: 52.66	ma_all_f1: 44.67	mi_all_f1: 65.62	favor_f1: 0.0	against_f1: 75.51	none_f1: 58.49
[2024-01-06 20:37:05,258][train.py][line:244][INFO] 95/161	train_loss: 1.2464374583214521	train_acc: 58.46
[2024-01-06 20:37:28,528][train.py][line:247][INFO] Val: ma_f1: 40.78	acc: 38.35	avg_f1: 40.65	ma_all_f1: 36.06	mi_all_f1: 38.35	favor_f1: 36.01	against_f1: 45.55	none_f1: 26.62
[2024-01-06 20:37:46,999][train.py][line:244][INFO] 127/161	train_loss: 1.2543387203477323	train_acc: 58.64
[2024-01-06 20:38:10,290][train.py][line:247][INFO] Val: ma_f1: 77.05	acc: 76.81	avg_f1: 78.05	ma_all_f1: 74.75	mi_all_f1: 76.81	favor_f1: 72.64	against_f1: 81.46	none_f1: 70.16
[2024-01-06 20:38:33,587][train.py][line:254][INFO] Test: ma_f1: 77.05	acc: 76.81	avg_f1: 78.05	ma_all_f1: 74.75	mi_all_f1: 76.81	favor_f1: 72.64	against_f1: 81.46	none_f1: 70.16
[2024-01-06 20:38:52,072][train.py][line:244][INFO] 159/161	train_loss: 1.2316727986559273	train_acc: 59.45
[2024-01-06 20:39:15,419][train.py][line:247][INFO] Val: ma_f1: 36.43	acc: 56.05	avg_f1: 46.25	ma_all_f1: 42.96	mi_all_f1: 56.05	favor_f1: 8.14	against_f1: 64.71	none_f1: 56.02
[2024-01-06 20:39:15,943][train.py][line:206][INFO] epoch: 2
[2024-01-06 20:39:34,438][train.py][line:244][INFO] 31/161	train_loss: 1.0224098367616534	train_acc: 62.5
[2024-01-06 20:39:57,783][train.py][line:247][INFO] Val: ma_f1: 74.69	acc: 75.28	avg_f1: 75.57	ma_all_f1: 73.83	mi_all_f1: 75.28	favor_f1: 70.48	against_f1: 78.9	none_f1: 72.11
[2024-01-06 20:40:16,280][train.py][line:244][INFO] 63/161	train_loss: 1.0112522593699396	train_acc: 64.55
[2024-01-06 20:40:39,609][train.py][line:247][INFO] Val: ma_f1: 57.27	acc: 61.34	avg_f1: 63.62	ma_all_f1: 40.42	mi_all_f1: 61.34	favor_f1: 40.0	against_f1: 74.54	none_f1: 6.72
[2024-01-06 20:40:58,064][train.py][line:244][INFO] 95/161	train_loss: 0.9891603027159969	train_acc: 65.3
[2024-01-06 20:41:21,440][train.py][line:247][INFO] Val: ma_f1: 78.12	acc: 78.13	avg_f1: 78.99	ma_all_f1: 76.6	mi_all_f1: 78.13	favor_f1: 74.41	against_f1: 81.84	none_f1: 73.57
[2024-01-06 20:41:44,776][train.py][line:254][INFO] Test: ma_f1: 78.12	acc: 78.13	avg_f1: 78.99	ma_all_f1: 76.6	mi_all_f1: 78.13	favor_f1: 74.41	against_f1: 81.84	none_f1: 73.57
[2024-01-06 20:42:03,334][train.py][line:244][INFO] 127/161	train_loss: 1.0975141450762749	train_acc: 64.16
[2024-01-06 20:42:26,607][train.py][line:247][INFO] Val: ma_f1: 50.13	acc: 59.72	avg_f1: 59.16	ma_all_f1: 34.95	mi_all_f1: 59.72	favor_f1: 26.34	against_f1: 73.92	none_f1: 4.58
[2024-01-06 20:42:45,003][train.py][line:244][INFO] 159/161	train_loss: 1.1182433776557446	train_acc: 63.91
[2024-01-06 20:43:08,126][train.py][line:247][INFO] Val: ma_f1: 77.03	acc: 75.79	avg_f1: 78.01	ma_all_f1: 73.09	mi_all_f1: 75.79	favor_f1: 72.96	against_f1: 81.11	none_f1: 65.21
[2024-01-06 20:43:08,645][train.py][line:206][INFO] epoch: 3
[2024-01-06 20:43:27,070][train.py][line:244][INFO] 31/161	train_loss: 1.1375693809241056	train_acc: 64.65
[2024-01-06 20:43:50,353][train.py][line:247][INFO] Val: ma_f1: 59.45	acc: 59.61	avg_f1: 58.72	ma_all_f1: 60.41	mi_all_f1: 59.61	favor_f1: 64.71	against_f1: 54.2	none_f1: 62.33
[2024-01-06 20:44:08,768][train.py][line:244][INFO] 63/161	train_loss: 1.0789245115593076	train_acc: 65.33
[2024-01-06 20:44:32,061][train.py][line:247][INFO] Val: ma_f1: 36.94	acc: 59.51	avg_f1: 51.86	ma_all_f1: 29.87	mi_all_f1: 59.51	favor_f1: 0.0	against_f1: 73.88	none_f1: 15.71
[2024-01-06 20:44:50,552][train.py][line:244][INFO] 95/161	train_loss: 1.1346965363870065	train_acc: 64.0
[2024-01-06 20:45:13,875][train.py][line:247][INFO] Val: ma_f1: 59.1	acc: 71.82	avg_f1: 65.5	ma_all_f1: 63.25	mi_all_f1: 71.82	favor_f1: 40.17	against_f1: 78.02	none_f1: 71.57
[2024-01-06 20:45:32,233][train.py][line:244][INFO] 127/161	train_loss: 1.2199095445685089	train_acc: 63.38
[2024-01-06 20:45:55,571][train.py][line:247][INFO] Val: ma_f1: 68.06	acc: 69.58	avg_f1: 68.76	ma_all_f1: 68.66	mi_all_f1: 69.58	favor_f1: 63.81	against_f1: 72.3	none_f1: 69.86
[2024-01-06 20:46:14,010][train.py][line:244][INFO] 159/161	train_loss: 1.212629351951182	train_acc: 63.83
[2024-01-06 20:46:37,327][train.py][line:247][INFO] Val: ma_f1: 74.58	acc: 75.38	avg_f1: 75.81	ma_all_f1: 73.15	mi_all_f1: 75.38	favor_f1: 68.87	against_f1: 80.3	none_f1: 70.27
[2024-01-06 20:46:37,854][train.py][line:206][INFO] epoch: 4
[2024-01-06 20:46:56,298][train.py][line:244][INFO] 31/161	train_loss: 0.9896011026576161	train_acc: 69.53
[2024-01-06 20:47:19,669][train.py][line:247][INFO] Val: ma_f1: 59.34	acc: 59.72	avg_f1: 58.68	ma_all_f1: 60.45	mi_all_f1: 59.72	favor_f1: 64.16	against_f1: 54.52	none_f1: 62.67
[2024-01-06 20:47:38,092][train.py][line:244][INFO] 63/161	train_loss: 1.0688485822174698	train_acc: 67.48
[2024-01-06 20:48:01,376][train.py][line:247][INFO] Val: ma_f1: 46.59	acc: 69.58	avg_f1: 57.75	ma_all_f1: 54.8	mi_all_f1: 69.58	favor_f1: 16.22	against_f1: 76.96	none_f1: 71.23
[2024-01-06 20:48:19,832][train.py][line:244][INFO] 95/161	train_loss: 0.9960338620779415	train_acc: 69.66
[2024-01-06 20:48:43,150][train.py][line:247][INFO] Val: ma_f1: 53.2	acc: 70.7	avg_f1: 61.85	ma_all_f1: 59.19	mi_all_f1: 70.7	favor_f1: 28.71	against_f1: 77.68	none_f1: 71.19
[2024-01-06 20:49:01,574][train.py][line:244][INFO] 127/161	train_loss: 0.9928647117922083	train_acc: 69.58
[2024-01-06 20:49:24,870][train.py][line:247][INFO] Val: ma_f1: 54.88	acc: 70.5	avg_f1: 62.74	ma_all_f1: 60.01	mi_all_f1: 70.5	favor_f1: 32.54	against_f1: 77.23	none_f1: 70.25
[2024-01-06 20:49:43,329][train.py][line:244][INFO] 159/161	train_loss: 1.0218240867368877	train_acc: 69.26
[2024-01-06 20:50:06,649][train.py][line:247][INFO] Val: ma_f1: 68.29	acc: 73.45	avg_f1: 71.7	ma_all_f1: 68.26	mi_all_f1: 73.45	favor_f1: 57.56	against_f1: 79.02	none_f1: 68.21
[2024-01-06 20:50:07,163][train.py][line:206][INFO] epoch: 5
[2024-01-06 20:50:25,518][train.py][line:244][INFO] 31/161	train_loss: 0.9757509692572057	train_acc: 69.34
[2024-01-06 20:50:48,880][train.py][line:247][INFO] Val: ma_f1: 64.93	acc: 68.46	avg_f1: 67.46	ma_all_f1: 65.11	mi_all_f1: 68.46	favor_f1: 56.2	against_f1: 73.66	none_f1: 65.46
[2024-01-06 20:51:07,455][train.py][line:244][INFO] 63/161	train_loss: 0.9102176807355136	train_acc: 70.61
[2024-01-06 20:51:30,793][train.py][line:247][INFO] Val: ma_f1: 54.24	acc: 67.85	avg_f1: 61.5	ma_all_f1: 58.13	mi_all_f1: 67.85	favor_f1: 33.02	against_f1: 75.47	none_f1: 65.92
[2024-01-06 20:51:49,139][train.py][line:244][INFO] 95/161	train_loss: 0.8544227085076272	train_acc: 72.14
[2024-01-06 20:52:12,452][train.py][line:247][INFO] Val: ma_f1: 56.04	acc: 58.09	avg_f1: 55.92	ma_all_f1: 58.18	mi_all_f1: 58.09	favor_f1: 57.02	against_f1: 55.06	none_f1: 62.44
[2024-01-06 20:52:30,804][train.py][line:244][INFO] 127/161	train_loss: 0.9077673590509221	train_acc: 71.48
[2024-01-06 20:52:54,140][train.py][line:247][INFO] Val: ma_f1: 69.25	acc: 72.23	avg_f1: 71.74	ma_all_f1: 68.59	mi_all_f1: 72.23	favor_f1: 60.61	against_f1: 77.9	none_f1: 67.26
[2024-01-06 20:53:12,700][train.py][line:244][INFO] 159/161	train_loss: 0.8678733091801405	train_acc: 71.91
[2024-01-06 20:53:36,004][train.py][line:247][INFO] Val: ma_f1: 67.29	acc: 68.26	avg_f1: 68.7	ma_all_f1: 66.47	mi_all_f1: 68.26	favor_f1: 62.12	against_f1: 72.47	none_f1: 64.82
[2024-01-06 20:53:36,523][train.py][line:206][INFO] epoch: 6
[2024-01-06 20:53:55,133][train.py][line:244][INFO] 31/161	train_loss: 0.8439114959910512	train_acc: 71.68
[2024-01-06 20:54:18,456][train.py][line:247][INFO] Val: ma_f1: 54.98	acc: 65.72	avg_f1: 62.83	ma_all_f1: 50.69	mi_all_f1: 65.72	favor_f1: 33.64	against_f1: 76.31	none_f1: 42.11
[2024-01-06 20:54:36,882][train.py][line:244][INFO] 63/161	train_loss: 0.8191725765354931	train_acc: 72.95
[2024-01-06 20:55:00,269][train.py][line:247][INFO] Val: ma_f1: 71.64	acc: 72.94	avg_f1: 73.31	ma_all_f1: 70.23	mi_all_f1: 72.94	favor_f1: 65.29	against_f1: 77.99	none_f1: 67.42
[2024-01-06 20:55:18,761][train.py][line:244][INFO] 95/161	train_loss: 0.946484625649949	train_acc: 72.33
[2024-01-06 20:55:42,098][train.py][line:247][INFO] Val: ma_f1: 46.89	acc: 67.24	avg_f1: 57.55	ma_all_f1: 52.74	mi_all_f1: 67.24	favor_f1: 18.18	against_f1: 75.59	none_f1: 64.44
[2024-01-06 20:56:00,487][train.py][line:244][INFO] 127/161	train_loss: 0.9176287283189595	train_acc: 73.14
[2024-01-06 20:56:23,823][train.py][line:247][INFO] Val: ma_f1: 63.19	acc: 67.14	avg_f1: 65.74	ma_all_f1: 63.74	mi_all_f1: 67.14	favor_f1: 54.23	against_f1: 72.16	none_f1: 64.82
[2024-01-06 20:56:42,177][train.py][line:244][INFO] 159/161	train_loss: 0.9112508065067232	train_acc: 73.75
[2024-01-06 20:57:05,484][train.py][line:247][INFO] Val: ma_f1: 69.69	acc: 72.63	avg_f1: 71.92	ma_all_f1: 69.24	mi_all_f1: 72.63	favor_f1: 61.68	against_f1: 77.7	none_f1: 68.35
[2024-01-06 20:57:06,000][train.py][line:206][INFO] epoch: 7
[2024-01-06 20:57:24,373][train.py][line:244][INFO] 31/161	train_loss: 0.5716438428498805	train_acc: 80.47
[2024-01-06 20:57:47,671][train.py][line:247][INFO] Val: ma_f1: 63.22	acc: 69.18	avg_f1: 66.93	ma_all_f1: 64.11	mi_all_f1: 69.18	favor_f1: 51.15	against_f1: 75.3	none_f1: 65.9
[2024-01-06 20:58:06,142][train.py][line:244][INFO] 63/161	train_loss: 0.5813713407842442	train_acc: 80.76
[2024-01-06 20:58:29,463][train.py][line:247][INFO] Val: ma_f1: 61.36	acc: 69.38	avg_f1: 66.07	ma_all_f1: 62.85	mi_all_f1: 69.38	favor_f1: 46.51	against_f1: 76.22	none_f1: 65.83
[2024-01-06 20:58:47,940][train.py][line:244][INFO] 95/161	train_loss: 0.5617996032815427	train_acc: 82.23
[2024-01-06 20:59:11,332][train.py][line:247][INFO] Val: ma_f1: 61.83	acc: 68.67	avg_f1: 65.74	ma_all_f1: 63.37	mi_all_f1: 68.67	favor_f1: 49.06	against_f1: 74.61	none_f1: 66.45
[2024-01-06 20:59:29,788][train.py][line:244][INFO] 127/161	train_loss: 0.5915907817543484	train_acc: 81.45
[2024-01-06 20:59:53,096][train.py][line:247][INFO] Val: ma_f1: 44.34	acc: 61.85	avg_f1: 53.2	ma_all_f1: 50.05	mi_all_f1: 61.85	favor_f1: 19.25	against_f1: 69.43	none_f1: 61.47
[2024-01-06 21:00:11,500][train.py][line:244][INFO] 159/161	train_loss: 0.6695095548871904	train_acc: 79.45
[2024-01-06 21:00:34,807][train.py][line:247][INFO] Val: ma_f1: 56.04	acc: 57.88	avg_f1: 55.96	ma_all_f1: 57.88	mi_all_f1: 57.88	favor_f1: 56.57	against_f1: 55.52	none_f1: 61.56
[2024-01-06 21:00:35,328][train.py][line:263][INFO] Best_test: epoch:2	ma_f1: 78.12	acc: 78.13	avg_f1: 78.99	ma_all_f1: 76.6	mi_all_f1: 78.13	favor_f1: 74.41	against_f1: 81.84	none_f1: 73.57
[2024-01-06 21:00:35,329][train.py][line:265][INFO] Best_val: epoch:2	ma_f1: 78.12	acc: 78.13	avg_f1: 78.99	ma_all_f1: 76.6	mi_all_f1: 78.13	favor_f1: 74.41	against_f1: 81.84	none_f1: 73.57
[2024-01-06 21:00:44,053][train.py][line:152][INFO] cuda memory allocated: 446163456
[2024-01-06 21:00:44,056][train.py][line:167][INFO] > n_trainable_params: 111255555, n_nontrainable_params: 0
[2024-01-06 21:00:44,056][train.py][line:168][INFO] > training arguments:
[2024-01-06 21:00:44,056][train.py][line:170][INFO] >>> model_name: bert_fol_text
[2024-01-06 21:00:44,056][train.py][line:170][INFO] >>> dataset: hc-
[2024-01-06 21:00:44,056][train.py][line:170][INFO] >>> optimizer: <class 'transformers.optimization.AdamW'>
[2024-01-06 21:00:44,056][train.py][line:170][INFO] >>> initializer: <function xavier_uniform_ at 0x7f9c3c8f4550>
[2024-01-06 21:00:44,056][train.py][line:170][INFO] >>> lr: 0.001
[2024-01-06 21:00:44,056][train.py][line:170][INFO] >>> bert_lr: 5e-06
[2024-01-06 21:00:44,056][train.py][line:170][INFO] >>> dropout: 0.2
[2024-01-06 21:00:44,057][train.py][line:170][INFO] >>> num_epoch: 20
[2024-01-06 21:00:44,057][train.py][line:170][INFO] >>> batch_size: 16
[2024-01-06 21:00:44,057][train.py][line:170][INFO] >>> log_step: -1
[2024-01-06 21:00:44,057][train.py][line:170][INFO] >>> pretrained_model_name: bert-base-uncased
[2024-01-06 21:00:44,057][train.py][line:170][INFO] >>> max_seq_len: 60
[2024-01-06 21:00:44,057][train.py][line:170][INFO] >>> polarities_dim: 3
[2024-01-06 21:00:44,057][train.py][line:170][INFO] >>> patience: 5
[2024-01-06 21:00:44,057][train.py][line:170][INFO] >>> device: cuda:0
[2024-01-06 21:00:44,057][train.py][line:170][INFO] >>> save_model: False
[2024-01-06 21:00:44,057][train.py][line:170][INFO] >>> seed: 2
[2024-01-06 21:00:44,057][train.py][line:170][INFO] >>> valset_ratio: 0.0
[2024-01-06 21:00:44,057][train.py][line:170][INFO] >>> embed_dim: 300
[2024-01-06 21:00:44,057][train.py][line:170][INFO] >>> hidden_dim: 300
[2024-01-06 21:00:44,057][train.py][line:170][INFO] >>> pid: 1
[2024-01-06 21:00:44,057][train.py][line:170][INFO] >>> tid: 1
[2024-01-06 21:00:44,057][train.py][line:170][INFO] >>> lid: 0
[2024-01-06 21:00:44,057][train.py][line:170][INFO] >>> llambda: 0.5
[2024-01-06 21:00:44,057][train.py][line:170][INFO] >>> use_prompt: True
[2024-01-06 21:00:44,057][train.py][line:170][INFO] >>> with_text: True
[2024-01-06 21:00:44,057][train.py][line:170][INFO] >>> model_class: <class 'models.bert_fol_text.BERT_FOL_T'>
[2024-01-06 21:00:44,057][train.py][line:170][INFO] >>> dataset_file: {'train': ['/home/dingdaijun/data_list/dingdaijun/LTN_merge/datasets/merge/dt/dt.csv', '/home/dingdaijun/data_list/dingdaijun/LTN_merge/datasets/merge/la/la.csv', '/home/dingdaijun/data_list/dingdaijun/LTN_merge/datasets/merge/fm/fm.csv'], 'test': '/home/dingdaijun/data_list/dingdaijun/LTN_merge/datasets/merge/hc/hc.csv'}
[2024-01-06 21:00:44,057][train.py][line:170][INFO] >>> inputs_cols: ['bert_fol_inputs', 'bert_fol_type', 'bert_fol_mask', 'bert_text_inputs', 'bert_text_type', 'bert_text_mask', 'mlm_labels']
[2024-01-06 21:00:44,061][train.py][line:206][INFO] epoch: 0
[2024-01-06 21:01:03,519][train.py][line:244][INFO] 31/161	train_loss: 3.6613222397863865	train_acc: 38.09
[2024-01-06 21:01:26,176][train.py][line:247][INFO] Val: ma_f1: 45.84	acc: 57.58	avg_f1: 56.02	ma_all_f1: 30.56	mi_all_f1: 57.58	favor_f1: 18.69	against_f1: 72.99	none_f1: 0.0
[2024-01-06 21:01:48,817][train.py][line:254][INFO] Test: ma_f1: 45.84	acc: 57.58	avg_f1: 56.02	ma_all_f1: 30.56	mi_all_f1: 57.58	favor_f1: 18.69	against_f1: 72.99	none_f1: 0.0
[2024-01-06 21:02:07,012][train.py][line:244][INFO] 63/161	train_loss: 2.546107075177133	train_acc: 40.14
[2024-01-06 21:02:29,703][train.py][line:247][INFO] Val: ma_f1: 38.05	acc: 68.26	avg_f1: 52.82	ma_all_f1: 48.75	mi_all_f1: 68.26	favor_f1: 0.0	against_f1: 76.11	none_f1: 70.13
[2024-01-06 21:02:47,849][train.py][line:244][INFO] 95/161	train_loss: 2.1794021582851806	train_acc: 43.82
[2024-01-06 21:03:10,528][train.py][line:247][INFO] Val: ma_f1: 69.12	acc: 64.5	avg_f1: 71.29	ma_all_f1: 48.8	mi_all_f1: 64.5	favor_f1: 62.42	against_f1: 75.82	none_f1: 8.15
[2024-01-06 21:03:33,208][train.py][line:254][INFO] Test: ma_f1: 69.12	acc: 64.5	avg_f1: 71.29	ma_all_f1: 48.8	mi_all_f1: 64.5	favor_f1: 62.42	against_f1: 75.82	none_f1: 8.15
[2024-01-06 21:03:51,332][train.py][line:244][INFO] 127/161	train_loss: 1.890770019032061	train_acc: 47.66
[2024-01-06 21:04:14,016][train.py][line:247][INFO] Val: ma_f1: 77.42	acc: 77.62	avg_f1: 78.5	ma_all_f1: 75.81	mi_all_f1: 77.62	favor_f1: 73.14	against_f1: 81.69	none_f1: 72.6
[2024-01-06 21:04:36,663][train.py][line:254][INFO] Test: ma_f1: 77.42	acc: 77.62	avg_f1: 78.5	ma_all_f1: 75.81	mi_all_f1: 77.62	favor_f1: 73.14	against_f1: 81.69	none_f1: 72.6
[2024-01-06 21:04:54,769][train.py][line:244][INFO] 159/161	train_loss: 1.6995347125455738	train_acc: 50.31
[2024-01-06 21:05:17,454][train.py][line:247][INFO] Val: ma_f1: 65.97	acc: 63.17	avg_f1: 65.44	ma_all_f1: 64.11	mi_all_f1: 63.17	favor_f1: 68.54	against_f1: 63.39	none_f1: 60.4
[2024-01-06 21:05:17,957][train.py][line:206][INFO] epoch: 1
[2024-01-06 21:05:36,111][train.py][line:244][INFO] 31/161	train_loss: 0.9347806954756379	train_acc: 63.09
[2024-01-06 21:05:58,837][train.py][line:247][INFO] Val: ma_f1: 75.52	acc: 76.2	avg_f1: 76.54	ma_all_f1: 74.57	mi_all_f1: 76.2	favor_f1: 70.73	against_f1: 80.32	none_f1: 72.66
[2024-01-06 21:06:16,947][train.py][line:244][INFO] 63/161	train_loss: 1.0964664830826223	train_acc: 60.06
[2024-01-06 21:06:39,581][train.py][line:247][INFO] Val: ma_f1: 76.59	acc: 75.38	avg_f1: 77.15	ma_all_f1: 74.47	mi_all_f1: 75.38	favor_f1: 74.22	against_f1: 78.96	none_f1: 70.24
[2024-01-06 21:06:57,596][train.py][line:244][INFO] 95/161	train_loss: 1.050836038775742	train_acc: 61.91
[2024-01-06 21:07:20,334][train.py][line:247][INFO] Val: ma_f1: 42.91	acc: 68.77	avg_f1: 55.81	ma_all_f1: 51.57	mi_all_f1: 68.77	favor_f1: 8.05	against_f1: 77.77	none_f1: 68.9
[2024-01-06 21:07:38,513][train.py][line:244][INFO] 127/161	train_loss: 1.032692783512175	train_acc: 62.5
[2024-01-06 21:08:01,224][train.py][line:247][INFO] Val: ma_f1: 76.2	acc: 71.21	avg_f1: 76.92	ma_all_f1: 64.21	mi_all_f1: 71.21	favor_f1: 73.49	against_f1: 78.91	none_f1: 40.24
[2024-01-06 21:08:19,427][train.py][line:244][INFO] 159/161	train_loss: 1.0529247419908643	train_acc: 62.73
[2024-01-06 21:08:42,088][train.py][line:247][INFO] Val: ma_f1: 45.2	acc: 55.04	avg_f1: 50.5	ma_all_f1: 48.18	mi_all_f1: 55.04	favor_f1: 28.28	against_f1: 62.11	none_f1: 54.14
[2024-01-06 21:08:42,601][train.py][line:206][INFO] epoch: 2
[2024-01-06 21:09:00,716][train.py][line:244][INFO] 31/161	train_loss: 0.8301499132066965	train_acc: 66.6
[2024-01-06 21:09:23,445][train.py][line:247][INFO] Val: ma_f1: 52.15	acc: 71.11	avg_f1: 61.59	ma_all_f1: 58.54	mi_all_f1: 71.11	favor_f1: 26.13	against_f1: 78.18	none_f1: 71.32
[2024-01-06 21:09:41,590][train.py][line:244][INFO] 63/161	train_loss: 0.9025703314691782	train_acc: 64.94
[2024-01-06 21:10:04,318][train.py][line:247][INFO] Val: ma_f1: 57.65	acc: 57.38	avg_f1: 58.14	ma_all_f1: 57.05	mi_all_f1: 57.38	favor_f1: 55.81	against_f1: 59.49	none_f1: 55.85
[2024-01-06 21:10:22,378][train.py][line:244][INFO] 95/161	train_loss: 0.9589913785457611	train_acc: 63.35
[2024-01-06 21:10:45,050][train.py][line:247][INFO] Val: ma_f1: 66.39	acc: 73.86	avg_f1: 70.58	ma_all_f1: 68.04	mi_all_f1: 73.86	favor_f1: 53.28	against_f1: 79.49	none_f1: 71.35
[2024-01-06 21:11:03,107][train.py][line:244][INFO] 127/161	train_loss: 0.9886664205696434	train_acc: 63.48
[2024-01-06 21:11:25,761][train.py][line:247][INFO] Val: ma_f1: 49.22	acc: 67.04	avg_f1: 58.48	ma_all_f1: 54.7	mi_all_f1: 67.04	favor_f1: 23.16	against_f1: 75.29	none_f1: 65.65
[2024-01-06 21:11:43,964][train.py][line:244][INFO] 159/161	train_loss: 0.9802314366213978	train_acc: 64.96
[2024-01-06 21:12:06,651][train.py][line:247][INFO] Val: ma_f1: 70.1	acc: 68.36	avg_f1: 70.76	ma_all_f1: 67.8	mi_all_f1: 68.36	favor_f1: 67.56	against_f1: 72.65	none_f1: 63.2
[2024-01-06 21:12:07,143][train.py][line:206][INFO] epoch: 3
[2024-01-06 21:12:25,231][train.py][line:244][INFO] 31/161	train_loss: 0.8229573955759406	train_acc: 72.27
[2024-01-06 21:12:47,959][train.py][line:247][INFO] Val: ma_f1: 77.43	acc: 77.82	avg_f1: 78.51	ma_all_f1: 76.05	mi_all_f1: 77.82	favor_f1: 73.03	against_f1: 81.82	none_f1: 73.29
[2024-01-06 21:13:10,624][train.py][line:254][INFO] Test: ma_f1: 77.43	acc: 77.82	avg_f1: 78.51	ma_all_f1: 76.05	mi_all_f1: 77.82	favor_f1: 73.03	against_f1: 81.82	none_f1: 73.29
[2024-01-06 21:13:28,695][train.py][line:244][INFO] 63/161	train_loss: 1.072505971416831	train_acc: 66.99
[2024-01-06 21:13:51,367][train.py][line:247][INFO] Val: ma_f1: 64.31	acc: 68.67	avg_f1: 68.6	ma_all_f1: 59.89	mi_all_f1: 68.67	favor_f1: 51.54	against_f1: 77.07	none_f1: 51.05
[2024-01-06 21:14:09,546][train.py][line:244][INFO] 95/161	train_loss: 1.1005809468527634	train_acc: 67.12
[2024-01-06 21:14:32,267][train.py][line:247][INFO] Val: ma_f1: 46.77	acc: 46.29	avg_f1: 44.26	ma_all_f1: 48.14	mi_all_f1: 46.29	favor_f1: 59.87	against_f1: 33.67	none_f1: 50.87
[2024-01-06 21:14:50,532][train.py][line:244][INFO] 127/161	train_loss: 1.1160584744066	train_acc: 66.06
[2024-01-06 21:15:13,192][train.py][line:247][INFO] Val: ma_f1: 70.72	acc: 71.31	avg_f1: 71.33	ma_all_f1: 70.46	mi_all_f1: 71.31	favor_f1: 67.64	against_f1: 73.81	none_f1: 69.93
[2024-01-06 21:15:31,367][train.py][line:244][INFO] 159/161	train_loss: 1.1597645683214068	train_acc: 65.16
[2024-01-06 21:15:53,999][train.py][line:247][INFO] Val: ma_f1: 52.49	acc: 61.44	avg_f1: 60.92	ma_all_f1: 39.14	mi_all_f1: 61.44	favor_f1: 30.24	against_f1: 74.73	none_f1: 12.45
[2024-01-06 21:15:54,507][train.py][line:206][INFO] epoch: 4
[2024-01-06 21:16:12,753][train.py][line:244][INFO] 31/161	train_loss: 0.9332652222365141	train_acc: 70.31
[2024-01-06 21:16:35,409][train.py][line:247][INFO] Val: ma_f1: 65.87	acc: 67.34	avg_f1: 68.03	ma_all_f1: 64.84	mi_all_f1: 67.34	favor_f1: 57.97	against_f1: 73.77	none_f1: 62.77
[2024-01-06 21:16:53,554][train.py][line:244][INFO] 63/161	train_loss: 0.9470685180276632	train_acc: 70.51
[2024-01-06 21:17:16,284][train.py][line:247][INFO] Val: ma_f1: 54.0	acc: 68.26	avg_f1: 61.53	ma_all_f1: 58.26	mi_all_f1: 68.26	favor_f1: 31.73	against_f1: 76.28	none_f1: 66.76
[2024-01-06 21:17:34,420][train.py][line:244][INFO] 95/161	train_loss: 0.9807698352572819	train_acc: 69.66
[2024-01-06 21:17:57,074][train.py][line:247][INFO] Val: ma_f1: 45.44	acc: 46.69	avg_f1: 44.19	ma_all_f1: 47.1	mi_all_f1: 46.69	favor_f1: 50.77	against_f1: 40.11	none_f1: 50.4
[2024-01-06 21:18:15,185][train.py][line:244][INFO] 127/161	train_loss: 0.9349416958866641	train_acc: 70.65
[2024-01-06 21:18:37,917][train.py][line:247][INFO] Val: ma_f1: 61.33	acc: 71.31	avg_f1: 66.38	ma_all_f1: 64.56	mi_all_f1: 71.31	favor_f1: 45.9	against_f1: 76.75	none_f1: 71.01
[2024-01-06 21:18:56,127][train.py][line:244][INFO] 159/161	train_loss: 0.9086406115442515	train_acc: 70.55
[2024-01-06 21:19:18,802][train.py][line:247][INFO] Val: ma_f1: 70.28	acc: 73.75	avg_f1: 72.69	ma_all_f1: 70.16	mi_all_f1: 73.75	favor_f1: 61.78	against_f1: 78.77	none_f1: 69.92
[2024-01-06 21:19:19,315][train.py][line:206][INFO] epoch: 5
[2024-01-06 21:19:37,376][train.py][line:244][INFO] 31/161	train_loss: 0.6248066830448806	train_acc: 78.32
[2024-01-06 21:20:00,002][train.py][line:247][INFO] Val: ma_f1: 57.73	acc: 61.65	avg_f1: 58.09	ma_all_f1: 61.81	mi_all_f1: 61.65	favor_f1: 54.41	against_f1: 61.04	none_f1: 69.96
[2024-01-06 21:20:18,135][train.py][line:244][INFO] 63/161	train_loss: 0.8040494241286069	train_acc: 74.02
[2024-01-06 21:20:40,805][train.py][line:247][INFO] Val: ma_f1: 61.51	acc: 68.67	avg_f1: 65.44	ma_all_f1: 63.46	mi_all_f1: 68.67	favor_f1: 48.61	against_f1: 74.42	none_f1: 67.35
[2024-01-06 21:20:58,885][train.py][line:244][INFO] 95/161	train_loss: 1.064089123935749	train_acc: 71.81
[2024-01-06 21:21:21,556][train.py][line:247][INFO] Val: ma_f1: 58.06	acc: 69.18	avg_f1: 64.7	ma_all_f1: 59.27	mi_all_f1: 69.18	favor_f1: 38.96	against_f1: 77.15	none_f1: 61.71
[2024-01-06 21:21:39,700][train.py][line:244][INFO] 127/161	train_loss: 1.2551842510001734	train_acc: 69.68
[2024-01-06 21:22:02,350][train.py][line:247][INFO] Val: ma_f1: 62.73	acc: 70.91	avg_f1: 67.36	ma_all_f1: 64.43	mi_all_f1: 70.91	favor_f1: 48.44	against_f1: 77.03	none_f1: 67.84
[2024-01-06 21:22:20,446][train.py][line:244][INFO] 159/161	train_loss: 1.163035540562123	train_acc: 70.86
[2024-01-06 21:22:43,085][train.py][line:247][INFO] Val: ma_f1: 42.14	acc: 66.84	avg_f1: 55.32	ma_all_f1: 48.43	mi_all_f1: 66.84	favor_f1: 8.19	against_f1: 76.09	none_f1: 61.01
[2024-01-06 21:22:43,591][train.py][line:206][INFO] epoch: 6
[2024-01-06 21:23:01,691][train.py][line:244][INFO] 31/161	train_loss: 0.5803262880071998	train_acc: 79.69
[2024-01-06 21:23:24,348][train.py][line:247][INFO] Val: ma_f1: 65.86	acc: 70.4	avg_f1: 69.78	ma_all_f1: 63.21	mi_all_f1: 70.4	favor_f1: 53.93	against_f1: 77.8	none_f1: 57.91
[2024-01-06 21:23:42,450][train.py][line:244][INFO] 63/161	train_loss: 0.6993542383424938	train_acc: 77.15
[2024-01-06 21:24:05,122][train.py][line:247][INFO] Val: ma_f1: 72.74	acc: 71.92	avg_f1: 74.13	ma_all_f1: 68.28	mi_all_f1: 71.92	favor_f1: 67.4	against_f1: 78.07	none_f1: 59.36
[2024-01-06 21:24:23,245][train.py][line:244][INFO] 95/161	train_loss: 0.8400012829030553	train_acc: 75.07
[2024-01-06 21:24:45,936][train.py][line:247][INFO] Val: ma_f1: 63.58	acc: 67.85	avg_f1: 66.5	ma_all_f1: 64.02	mi_all_f1: 67.85	favor_f1: 53.91	against_f1: 73.26	none_f1: 64.9
[2024-01-06 21:25:04,048][train.py][line:244][INFO] 127/161	train_loss: 0.9171895558247343	train_acc: 74.12
[2024-01-06 21:25:26,723][train.py][line:247][INFO] Val: ma_f1: 47.57	acc: 48.42	avg_f1: 46.46	ma_all_f1: 48.92	mi_all_f1: 48.42	favor_f1: 52.27	against_f1: 42.88	none_f1: 51.61
[2024-01-06 21:25:44,856][train.py][line:244][INFO] 159/161	train_loss: 0.8725310371024534	train_acc: 75.43
[2024-01-06 21:26:07,482][train.py][line:247][INFO] Val: ma_f1: 68.63	acc: 69.99	avg_f1: 70.91	ma_all_f1: 65.72	mi_all_f1: 69.99	favor_f1: 60.84	against_f1: 76.42	none_f1: 59.92
[2024-01-06 21:26:07,998][train.py][line:206][INFO] epoch: 7
[2024-01-06 21:26:26,213][train.py][line:244][INFO] 31/161	train_loss: 0.5408148756250739	train_acc: 82.03
[2024-01-06 21:26:48,855][train.py][line:247][INFO] Val: ma_f1: 54.01	acc: 66.12	avg_f1: 62.03	ma_all_f1: 52.76	mi_all_f1: 66.12	favor_f1: 32.08	against_f1: 75.95	none_f1: 50.26
[2024-01-06 21:27:06,991][train.py][line:244][INFO] 63/161	train_loss: 0.5595506760291755	train_acc: 81.64
[2024-01-06 21:27:29,665][train.py][line:247][INFO] Val: ma_f1: 58.25	acc: 60.02	avg_f1: 58.87	ma_all_f1: 59.37	mi_all_f1: 60.02	favor_f1: 53.14	against_f1: 63.37	none_f1: 61.6
[2024-01-06 21:27:47,871][train.py][line:244][INFO] 95/161	train_loss: 0.7080529029481113	train_acc: 79.69
[2024-01-06 21:28:10,501][train.py][line:247][INFO] Val: ma_f1: 45.45	acc: 45.78	avg_f1: 43.29	ma_all_f1: 47.12	mi_all_f1: 45.78	favor_f1: 55.75	against_f1: 35.14	none_f1: 50.46
[2024-01-06 21:28:28,775][train.py][line:244][INFO] 127/161	train_loss: 0.6958554856246337	train_acc: 79.64
[2024-01-06 21:28:51,387][train.py][line:247][INFO] Val: ma_f1: 65.37	acc: 69.68	avg_f1: 68.63	ma_all_f1: 64.91	mi_all_f1: 69.68	favor_f1: 54.81	against_f1: 75.92	none_f1: 64.0
[2024-01-06 21:29:09,502][train.py][line:244][INFO] 159/161	train_loss: 0.7067649688571691	train_acc: 79.69
[2024-01-06 21:29:32,190][train.py][line:247][INFO] Val: ma_f1: 68.24	acc: 69.48	avg_f1: 70.09	ma_all_f1: 66.95	mi_all_f1: 69.48	favor_f1: 61.64	against_f1: 74.83	none_f1: 64.36
[2024-01-06 21:29:32,688][train.py][line:206][INFO] epoch: 8
[2024-01-06 21:29:50,826][train.py][line:244][INFO] 31/161	train_loss: 0.4772313912399113	train_acc: 84.18
[2024-01-06 21:30:13,493][train.py][line:247][INFO] Val: ma_f1: 65.44	acc: 69.68	avg_f1: 68.52	ma_all_f1: 65.31	mi_all_f1: 69.68	favor_f1: 55.35	against_f1: 75.54	none_f1: 65.04
[2024-01-06 21:30:31,550][train.py][line:244][INFO] 63/161	train_loss: 0.5253311370324809	train_acc: 83.5
[2024-01-06 21:30:54,255][train.py][line:247][INFO] Val: ma_f1: 65.05	acc: 68.46	avg_f1: 67.64	ma_all_f1: 64.96	mi_all_f1: 68.46	favor_f1: 56.12	against_f1: 73.98	none_f1: 64.79
[2024-01-06 21:31:12,385][train.py][line:244][INFO] 95/161	train_loss: 0.5099509869663356	train_acc: 83.85
[2024-01-06 21:31:35,035][train.py][line:247][INFO] Val: ma_f1: 48.0	acc: 60.02	avg_f1: 54.18	ma_all_f1: 51.83	mi_all_f1: 60.02	favor_f1: 29.27	against_f1: 66.73	none_f1: 59.5
[2024-01-06 21:31:53,152][train.py][line:244][INFO] 127/161	train_loss: 0.5285002168820938	train_acc: 83.4
[2024-01-06 21:32:15,781][train.py][line:247][INFO] Val: ma_f1: 66.38	acc: 69.18	avg_f1: 68.64	ma_all_f1: 66.13	mi_all_f1: 69.18	favor_f1: 58.33	against_f1: 74.42	none_f1: 65.63
[2024-01-06 21:32:33,846][train.py][line:244][INFO] 159/161	train_loss: 0.5237238092871849	train_acc: 83.32
[2024-01-06 21:32:56,512][train.py][line:247][INFO] Val: ma_f1: 56.14	acc: 66.02	avg_f1: 61.35	ma_all_f1: 59.1	mi_all_f1: 66.02	favor_f1: 40.0	against_f1: 72.28	none_f1: 65.04
[2024-01-06 21:32:57,033][train.py][line:263][INFO] Best_test: epoch:3	ma_f1: 77.43	acc: 77.82	avg_f1: 78.51	ma_all_f1: 76.05	mi_all_f1: 77.82	favor_f1: 73.03	against_f1: 81.82	none_f1: 73.29
[2024-01-06 21:32:57,033][train.py][line:265][INFO] Best_val: epoch:3	ma_f1: 77.43	acc: 77.82	avg_f1: 78.51	ma_all_f1: 76.05	mi_all_f1: 77.82	favor_f1: 73.03	against_f1: 81.82	none_f1: 73.29
